<?xml version="1.0" encoding="UTF-8" standalone="no"?><?xml-stylesheet type="text/xsl" href="../lib/xsl/imclin.xsl"?><imclin><codechunk entrylabel="L0" exitlabel="L1"><frame FP="T0" RV="T1" argssize="0" depth="0" label="_f" locssize="0" size="16"/><stmt><imc instruction="LABEL(L0)"/></stmt><stmt><imc instruction="MOVE"><imc instruction="TEMP(2)"/><imc instruction="TEMP(0)"/></imc></stmt><stmt><imc instruction="MOVE"><imc instruction="TEMP(3)"/><imc instruction="CONST(8)"/></imc></stmt><stmt><imc instruction="MOVE"><imc instruction="TEMP(4)"/><imc instruction="MEM"><imc instruction="BINOP(ADD)"><imc instruction="TEMP(2)"/><imc instruction="TEMP(3)"/></imc></imc></imc></stmt><stmt><imc instruction="MOVE"><imc instruction="TEMP(5)"/><imc instruction="CONST(1)"/></imc></stmt><stmt><imc instruction="MOVE"><imc instruction="TEMP(6)"/><imc instruction="BINOP(ADD)"><imc instruction="TEMP(4)"/><imc instruction="TEMP(5)"/></imc></imc></stmt><stmt><imc instruction="MOVE"><imc instruction="TEMP(1)"/><imc instruction="TEMP(6)"/></imc></stmt><stmt><imc instruction="JUMP(L1)"/></stmt></codechunk></imclin>