<?xml version="1.0" encoding="UTF-8" standalone="no"?><?xml-stylesheet type="text/xsl" href="../lib/xsl/livean.xsl"?><livean><code entrylabel="L0" exitlabel="L1" tempsize="0"><frame FP="T0" RV="T1" argssize="0" depth="0" label="_f" locssize="0" size="16"/><instructions><instruction code="L0"><temps name="use"/><temps name="def"/><temps name="in"><temp name="T0"/></temps><temps name="out"><temp name="T0"/></temps></instruction><instruction code="SET T2,T0"><temps name="use"><temp name="T0"/></temps><temps name="def"><temp name="T2"/></temps><temps name="in"><temp name="T0"/></temps><temps name="out"><temp name="T2"/></temps></instruction><instruction code="SETL T3,8"><temps name="use"/><temps name="def"><temp name="T3"/></temps><temps name="in"><temp name="T2"/></temps><temps name="out"><temp name="T3"/><temp name="T2"/></temps></instruction><instruction code="ADD T4,T2,T3"><temps name="use"><temp name="T2"/><temp name="T3"/></temps><temps name="def"><temp name="T4"/></temps><temps name="in"><temp name="T3"/><temp name="T2"/></temps><temps name="out"><temp name="T4"/></temps></instruction><instruction code="LDO T4,T4,0"><temps name="use"><temp name="T4"/></temps><temps name="def"><temp name="T4"/></temps><temps name="in"><temp name="T4"/></temps><temps name="out"><temp name="T4"/></temps></instruction><instruction code="SETL T5,1"><temps name="use"/><temps name="def"><temp name="T5"/></temps><temps name="in"><temp name="T4"/></temps><temps name="out"><temp name="T4"/><temp name="T5"/></temps></instruction><instruction code="ADD T6,T4,T5"><temps name="use"><temp name="T4"/><temp name="T5"/></temps><temps name="def"><temp name="T6"/></temps><temps name="in"><temp name="T4"/><temp name="T5"/></temps><temps name="out"><temp name="T6"/></temps></instruction><instruction code="SET T1,T6"><temps name="use"><temp name="T6"/></temps><temps name="def"><temp name="T1"/></temps><temps name="in"><temp name="T6"/></temps><temps name="out"><temp name="T1"/></temps></instruction><instruction code="JMP L1"><temps name="use"/><temps name="def"/><temps name="in"><temp name="T1"/></temps><temps name="out"><temp name="T1"/></temps></instruction></instructions></code></livean>