<?xml version="1.0" encoding="UTF-8" standalone="no"?><?xml-stylesheet type="text/xsl" href="../lib/xsl/abstr.xsl"?><abstr><node id="8" label="{Decls}"><node id="7" label="FunDecl" lexeme="f"><node id="2" label="{Pars}"><node id="1" label="ParDecl" lexeme="i"><node id="0" label="AtomType" spec="INTEGER"><location begcolumn="9" begline="1" endcolumn="15" endline="1" loc="1.9 - 1.15"/></node><location begcolumn="7" begline="1" endcolumn="15" endline="1" loc="1.7 - 1.15"/></node><location begcolumn="7" begline="1" endcolumn="15" endline="1" loc="1.7 - 1.15"/></node><node id="3" label="AtomType" spec="INTEGER"><location begcolumn="18" begline="1" endcolumn="24" endline="1" loc="1.18 - 1.24"/></node><node id="6" label="BinExpr" spec="ADD"><node id="4" label="NameExpr" lexeme="i"><location begcolumn="28" begline="1" endcolumn="28" endline="1" loc="1.28 - 1.28"/></node><node id="5" label="AtomExpr" lexeme="1" spec="INTEGER"><location begcolumn="30" begline="1" endcolumn="30" endline="1" loc="1.30 - 1.30"/></node><location begcolumn="28" begline="1" endcolumn="30" endline="1" loc="1.28 - 1.30"/></node><location begcolumn="1" begline="1" endcolumn="30" endline="1" loc="1.1 - 1.30"/></node><location begcolumn="1" begline="1" endcolumn="30" endline="1" loc="1.1 - 1.30"/></node></abstr>