<?xml version="1.0" encoding="UTF-8" standalone="no"?><?xml-stylesheet type="text/xsl" href="../lib/xsl/imcgen.xsl"?><imcgen><node id="8" label="{Decls}"><node id="7" label="FunDecl" lexeme="f"><node id="2" label="{Pars}"><node id="1" label="ParDecl" lexeme="i"><node id="0" label="AtomType" spec="INTEGER"><location begcolumn="9" begline="1" endcolumn="15" endline="1" loc="1.9 - 1.15"/><isType><semtype type="INTEGER"/></isType></node><location begcolumn="7" begline="1" endcolumn="15" endline="1" loc="1.7 - 1.15"/><access offset="8" size="8"/></node><location begcolumn="7" begline="1" endcolumn="15" endline="1" loc="1.7 - 1.15"/></node><node id="3" label="AtomType" spec="INTEGER"><location begcolumn="18" begline="1" endcolumn="24" endline="1" loc="1.18 - 1.24"/><isType><semtype type="INTEGER"/></isType></node><node id="6" label="BinExpr" spec="ADD"><node id="4" label="NameExpr" lexeme="i"><location begcolumn="28" begline="1" endcolumn="28" endline="1" loc="1.28 - 1.28"/><declaredAt idx="1" location="1.7 - 1.15"/><ofType><semtype type="INTEGER"/></ofType><lvalue/><imcs><imc instruction="MEM"><imc instruction="BINOP(ADD)"><imc instruction="TEMP(0)"/><imc instruction="CONST(8)"/></imc></imc></imcs></node><node id="5" label="AtomExpr" lexeme="1" spec="INTEGER"><location begcolumn="30" begline="1" endcolumn="30" endline="1" loc="1.30 - 1.30"/><ofType><semtype type="INTEGER"/></ofType><imcs><imc instruction="CONST(1)"/></imcs></node><location begcolumn="28" begline="1" endcolumn="30" endline="1" loc="1.28 - 1.30"/><ofType><semtype type="INTEGER"/></ofType><imcs><imc instruction="BINOP(ADD)"><imc instruction="MEM"><imc instruction="BINOP(ADD)"><imc instruction="TEMP(0)"/><imc instruction="CONST(8)"/></imc></imc><imc instruction="CONST(1)"/></imc></imcs></node><location begcolumn="1" begline="1" endcolumn="30" endline="1" loc="1.1 - 1.30"/><frame FP="T0" RV="T1" argssize="0" depth="0" label="_f" locssize="0" size="16"/></node><location begcolumn="1" begline="1" endcolumn="30" endline="1" loc="1.1 - 1.30"/></node></imcgen>