<?xml version="1.0" encoding="UTF-8" standalone="no"?><?xml-stylesheet type="text/xsl" href="../lib/xsl/asmgen.xsl"?><asmgen><code entrylabel="L0" exitlabel="L1" tempsize="0"><frame FP="T0" RV="T1" argssize="0" depth="0" label="_f" locssize="0" size="16"/><instructions><instruction code="L0"/><instruction code="SET T2,T0"/><instruction code="SETL T3,8"/><instruction code="ADD T4,T2,T3"/><instruction code="LDO T4,T4,0"/><instruction code="SETL T5,1"/><instruction code="ADD T6,T4,T5"/><instruction code="SET T1,T6"/><instruction code="JMP L1"/></instructions></code></asmgen>