<?xml version="1.0" encoding="UTF-8" standalone="no"?><?xml-stylesheet type="text/xsl" href="../lib/xsl/synan.xsl"?><synan><nont label="source"><nont label="decl"><nont label="functionDeclaration"><term lexeme="fun" token="KEYWORD_FUN"><location begcolumn="1" begline="1" endcolumn="3" endline="1" loc="1.1 - 1.3"/></term><term lexeme="f" token="IDENTIFIER"><location begcolumn="5" begline="1" endcolumn="5" endline="1" loc="1.5 - 1.5"/></term><term lexeme="(" token="SYMBOL_LBR"><location begcolumn="6" begline="1" endcolumn="6" endline="1" loc="1.6 - 1.6"/></term><nont label="funcArgRepeat"><term lexeme="i" token="IDENTIFIER"><location begcolumn="7" begline="1" endcolumn="7" endline="1" loc="1.7 - 1.7"/></term><term lexeme=":" token="SYMBOL_COLON"><location begcolumn="8" begline="1" endcolumn="8" endline="1" loc="1.8 - 1.8"/></term><nont label="type"><nont label="atomicType"><term lexeme="integer" token="KEYWORD_INT"><location begcolumn="9" begline="1" endcolumn="15" endline="1" loc="1.9 - 1.15"/></term></nont></nont></nont><term lexeme=")" token="SYMBOL_RBR"><location begcolumn="16" begline="1" endcolumn="16" endline="1" loc="1.16 - 1.16"/></term><term lexeme=":" token="SYMBOL_COLON"><location begcolumn="17" begline="1" endcolumn="17" endline="1" loc="1.17 - 1.17"/></term><nont label="type"><nont label="atomicType"><term lexeme="integer" token="KEYWORD_INT"><location begcolumn="18" begline="1" endcolumn="24" endline="1" loc="1.18 - 1.24"/></term></nont></nont><term lexeme="=" token="SYMBOL_EQUALS"><location begcolumn="26" begline="1" endcolumn="26" endline="1" loc="1.26 - 1.26"/></term><nont label="expr"><nont label="disjunctionExpression"><nont label="conjunctionExpression"><nont label="relationalExpression"><nont label="additiveExpression"><nont label="multiplicativeExpression"><nont label="prefixExpression"><nont label="postfixExpression"><nont label="atomicExpression"><nont label="variableAccess"><term lexeme="i" token="IDENTIFIER"><location begcolumn="28" begline="1" endcolumn="28" endline="1" loc="1.28 - 1.28"/></term><nont label="functionCall"/></nont></nont></nont></nont></nont><nont label="addOps"><term lexeme="+" token="SYMBOL_PLUS"><location begcolumn="29" begline="1" endcolumn="29" endline="1" loc="1.29 - 1.29"/></term></nont><nont label="multiplicativeExpression"><nont label="prefixExpression"><nont label="postfixExpression"><nont label="atomicExpression"><nont label="constantExpression"><term lexeme="1" token="INTEGER"><location begcolumn="30" begline="1" endcolumn="30" endline="1" loc="1.30 - 1.30"/></term></nont></nont></nont></nont></nont></nont></nont></nont></nont></nont></nont></nont></nont></synan>