<?xml version="1.0" encoding="UTF-8" standalone="no"?><?xml-stylesheet type="text/xsl" href="../lib/xsl/abstr.xsl"?><abstr><node id="6" label="{Decls}"><node id="5" label="FunDecl" lexeme="f"><node id="1" label="AtomType" spec="INTEGER"><location begcolumn="9" begline="1" endcolumn="15" endline="1" loc="1.9 - 1.15"/></node><node id="4" label="BinExpr" spec="LTH"><node id="2" label="AtomExpr" lexeme="1" spec="INTEGER"><location begcolumn="17" begline="1" endcolumn="17" endline="1" loc="1.17 - 1.17"/></node><node id="3" label="AtomExpr" lexeme="2" spec="INTEGER"><location begcolumn="19" begline="1" endcolumn="19" endline="1" loc="1.19 - 1.19"/></node><location begcolumn="17" begline="1" endcolumn="19" endline="1" loc="1.17 - 1.19"/></node><location begcolumn="1" begline="1" endcolumn="19" endline="1" loc="1.1 - 1.19"/></node><location begcolumn="1" begline="1" endcolumn="19" endline="1" loc="1.1 - 1.19"/></node></abstr>