<?xml version="1.0" encoding="UTF-8" standalone="no"?><?xml-stylesheet type="text/xsl" href="../lib/xsl/synan.xsl"?><synan><nont label="source"><nont label="decl"><nont label="variableDeclaration"><term lexeme="var" token="KEYWORD_VAR"><location begcolumn="1" begline="1" endcolumn="3" endline="1" loc="1.1 - 1.3"/></term><term lexeme="i" token="IDENTIFIER"><location begcolumn="5" begline="1" endcolumn="5" endline="1" loc="1.5 - 1.5"/></term><term lexeme=":" token="SYMBOL_COLON"><location begcolumn="6" begline="1" endcolumn="6" endline="1" loc="1.6 - 1.6"/></term><nont label="type"><nont label="atomicType"><term lexeme="integer" token="KEYWORD_INT"><location begcolumn="7" begline="1" endcolumn="13" endline="1" loc="1.7 - 1.13"/></term></nont></nont></nont></nont><nont label="decl"><nont label="variableDeclaration"><term lexeme="var" token="KEYWORD_VAR"><location begcolumn="1" begline="2" endcolumn="3" endline="2" loc="2.1 - 2.3"/></term><term lexeme="p" token="IDENTIFIER"><location begcolumn="5" begline="2" endcolumn="5" endline="2" loc="2.5 - 2.5"/></term><term lexeme=":" token="SYMBOL_COLON"><location begcolumn="6" begline="2" endcolumn="6" endline="2" loc="2.6 - 2.6"/></term><nont label="type"><nont label="pointerType"><term lexeme="^" token="SYMBOL_PWR"><location begcolumn="7" begline="2" endcolumn="7" endline="2" loc="2.7 - 2.7"/></term><nont label="type"><nont label="atomicType"><term lexeme="integer" token="KEYWORD_INT"><location begcolumn="8" begline="2" endcolumn="14" endline="2" loc="2.8 - 2.14"/></term></nont></nont></nont></nont></nont></nont><nont label="decl"><nont label="functionDeclaration"><term lexeme="fun" token="KEYWORD_FUN"><location begcolumn="1" begline="3" endcolumn="3" endline="3" loc="3.1 - 3.3"/></term><term lexeme="f" token="IDENTIFIER"><location begcolumn="5" begline="3" endcolumn="5" endline="3" loc="3.5 - 3.5"/></term><term lexeme="(" token="SYMBOL_LBR"><location begcolumn="6" begline="3" endcolumn="6" endline="3" loc="3.6 - 3.6"/></term><nont label="funcArgRepeat"/><term lexeme=")" token="SYMBOL_RBR"><location begcolumn="7" begline="3" endcolumn="7" endline="3" loc="3.7 - 3.7"/></term><term lexeme=":" token="SYMBOL_COLON"><location begcolumn="8" begline="3" endcolumn="8" endline="3" loc="3.8 - 3.8"/></term><nont label="type"><nont label="atomicType"><term lexeme="integer" token="KEYWORD_INT"><location begcolumn="9" begline="3" endcolumn="15" endline="3" loc="3.9 - 3.15"/></term></nont></nont><term lexeme="=" token="SYMBOL_EQUALS"><location begcolumn="16" begline="3" endcolumn="16" endline="3" loc="3.16 - 3.16"/></term><nont label="expr"><nont label="disjunctionExpression"><nont label="conjunctionExpression"><nont label="relationalExpression"><nont label="additiveExpression"><nont label="multiplicativeExpression"><nont label="prefixExpression"><nont label="postfixExpression"><nont label="atomicExpression"><nont label="variableAccess"><term lexeme="i" token="IDENTIFIER"><location begcolumn="17" begline="3" endcolumn="17" endline="3" loc="3.17 - 3.17"/></term><nont label="functionCall"/></nont></nont></nont></nont></nont><nont label="addOps"><term lexeme="+" token="SYMBOL_PLUS"><location begcolumn="18" begline="3" endcolumn="18" endline="3" loc="3.18 - 3.18"/></term></nont><nont label="multiplicativeExpression"><nont label="prefixExpression"><nont label="postfixExpression"><nont label="atomicExpression"><nont label="variableAccess"><term lexeme="p" token="IDENTIFIER"><location begcolumn="19" begline="3" endcolumn="19" endline="3" loc="3.19 - 3.19"/></term><nont label="functionCall"/></nont></nont></nont></nont></nont></nont></nont></nont></nont></nont></nont></nont></nont></synan>