<?xml version="1.0" encoding="UTF-8" standalone="no"?><?xml-stylesheet type="text/xsl" href="../lib/xsl/seman.xsl"?><seman><node id="12" label="{Decls}"><node id="1" label="TypeDecl" lexeme="int"><node id="0" label="AtomType" spec="INTEGER"><location begcolumn="9" begline="1" endcolumn="15" endline="1" loc="1.9 - 1.15"/><isType><semtype type="INTEGER"/></isType></node><location begcolumn="1" begline="1" endcolumn="15" endline="1" loc="1.1 - 1.15"/><declaresType><semtype type="TYPE(int)"/></declaresType></node><node id="3" label="VarDecl" lexeme="i"><node id="2" label="TypeName" lexeme="int"><location begcolumn="7" begline="2" endcolumn="9" endline="2" loc="2.7 - 2.9"/><declaredAt idx="1" location="1.1 - 1.15"/><isType><semtype type="TYPE(int)"/></isType></node><location begcolumn="1" begline="2" endcolumn="9" endline="2" loc="2.1 - 2.9"/></node><node id="11" label="FunDecl" lexeme="inc"><node id="6" label="{Pars}"><node id="5" label="ParDecl" lexeme="i"><node id="4" label="TypeName" lexeme="int"><location begcolumn="11" begline="3" endcolumn="13" endline="3" loc="3.11 - 3.13"/><declaredAt idx="1" location="1.1 - 1.15"/><isType><semtype type="TYPE(int)"/></isType></node><location begcolumn="9" begline="3" endcolumn="13" endline="3" loc="3.9 - 3.13"/></node><location begcolumn="9" begline="3" endcolumn="13" endline="3" loc="3.9 - 3.13"/></node><node id="7" label="AtomType" spec="INTEGER"><location begcolumn="16" begline="3" endcolumn="22" endline="3" loc="3.16 - 3.22"/><isType><semtype type="INTEGER"/></isType></node><node id="10" label="BinExpr" spec="ADD"><node id="8" label="NameExpr" lexeme="i"><location begcolumn="24" begline="3" endcolumn="24" endline="3" loc="3.24 - 3.24"/><declaredAt idx="5" location="3.9 - 3.13"/><ofType><semtype type="INTEGER"/></ofType></node><node id="9" label="AtomExpr" lexeme="1" spec="INTEGER"><location begcolumn="26" begline="3" endcolumn="26" endline="3" loc="3.26 - 3.26"/><ofType><semtype type="INTEGER"/></ofType></node><location begcolumn="24" begline="3" endcolumn="26" endline="3" loc="3.24 - 3.26"/><ofType><semtype type="INTEGER"/></ofType></node><location begcolumn="1" begline="3" endcolumn="26" endline="3" loc="3.1 - 3.26"/></node><location begcolumn="1" begline="1" endcolumn="26" endline="3" loc="1.1 - 3.26"/></node></seman>