<?xml version="1.0" encoding="UTF-8" standalone="no"?><?xml-stylesheet type="text/xsl" href="../lib/xsl/abstr.xsl"?><abstr><node id="11" label="{Decls}"><node id="1" label="VarDecl" lexeme="i"><node id="0" label="AtomType" spec="INTEGER"><location begcolumn="7" begline="1" endcolumn="13" endline="1" loc="1.7 - 1.13"/></node><location begcolumn="1" begline="1" endcolumn="13" endline="1" loc="1.1 - 1.13"/></node><node id="4" label="VarDecl" lexeme="p"><node id="3" label="PtrType"><node id="2" label="AtomType" spec="INTEGER"><location begcolumn="8" begline="2" endcolumn="14" endline="2" loc="2.8 - 2.14"/></node><location begcolumn="7" begline="2" endcolumn="14" endline="2" loc="2.7 - 2.14"/></node><location begcolumn="1" begline="2" endcolumn="14" endline="2" loc="2.1 - 2.14"/></node><node id="10" label="FunDecl" lexeme="f"><node id="6" label="AtomType" spec="INTEGER"><location begcolumn="9" begline="3" endcolumn="15" endline="3" loc="3.9 - 3.15"/></node><node id="9" label="BinExpr" spec="ADD"><node id="7" label="NameExpr" lexeme="i"><location begcolumn="17" begline="3" endcolumn="17" endline="3" loc="3.17 - 3.17"/></node><node id="8" label="NameExpr" lexeme="p"><location begcolumn="19" begline="3" endcolumn="19" endline="3" loc="3.19 - 3.19"/></node><location begcolumn="17" begline="3" endcolumn="19" endline="3" loc="3.17 - 3.19"/></node><location begcolumn="1" begline="3" endcolumn="19" endline="3" loc="3.1 - 3.19"/></node><location begcolumn="1" begline="1" endcolumn="19" endline="3" loc="1.1 - 3.19"/></node></abstr>