<?xml version="1.0" encoding="UTF-8" standalone="no"?><?xml-stylesheet type="text/xsl" href="../lib/xsl/lexan.xsl"?><lexan><term lexeme="typ" token="KEYWORD_TYP"><location begcolumn="1" begline="1" endcolumn="3" endline="1" loc="1.1 - 1.3"/></term><term lexeme="int" token="IDENTIFIER"><location begcolumn="5" begline="1" endcolumn="7" endline="1" loc="1.5 - 1.7"/></term><term lexeme="=" token="SYMBOL_EQUALS"><location begcolumn="8" begline="1" endcolumn="8" endline="1" loc="1.8 - 1.8"/></term><term lexeme="integer" token="KEYWORD_INT"><location begcolumn="9" begline="1" endcolumn="15" endline="1" loc="1.9 - 1.15"/></term><term lexeme="var" token="KEYWORD_VAR"><location begcolumn="1" begline="2" endcolumn="3" endline="2" loc="2.1 - 2.3"/></term><term lexeme="i" token="IDENTIFIER"><location begcolumn="5" begline="2" endcolumn="5" endline="2" loc="2.5 - 2.5"/></term><term lexeme=":" token="SYMBOL_COLON"><location begcolumn="6" begline="2" endcolumn="6" endline="2" loc="2.6 - 2.6"/></term><term lexeme="int" token="IDENTIFIER"><location begcolumn="7" begline="2" endcolumn="9" endline="2" loc="2.7 - 2.9"/></term><term lexeme="fun" token="KEYWORD_FUN"><location begcolumn="1" begline="3" endcolumn="3" endline="3" loc="3.1 - 3.3"/></term><term lexeme="inc" token="IDENTIFIER"><location begcolumn="5" begline="3" endcolumn="7" endline="3" loc="3.5 - 3.7"/></term><term lexeme="(" token="SYMBOL_LBR"><location begcolumn="8" begline="3" endcolumn="8" endline="3" loc="3.8 - 3.8"/></term><term lexeme="i" token="IDENTIFIER"><location begcolumn="9" begline="3" endcolumn="9" endline="3" loc="3.9 - 3.9"/></term><term lexeme=":" token="SYMBOL_COLON"><location begcolumn="10" begline="3" endcolumn="10" endline="3" loc="3.10 - 3.10"/></term><term lexeme="int" token="IDENTIFIER"><location begcolumn="11" begline="3" endcolumn="13" endline="3" loc="3.11 - 3.13"/></term><term lexeme=")" token="SYMBOL_RBR"><location begcolumn="14" begline="3" endcolumn="14" endline="3" loc="3.14 - 3.14"/></term><term lexeme=":" token="SYMBOL_COLON"><location begcolumn="15" begline="3" endcolumn="15" endline="3" loc="3.15 - 3.15"/></term><term lexeme="integer" token="KEYWORD_INT"><location begcolumn="16" begline="3" endcolumn="22" endline="3" loc="3.16 - 3.22"/></term><term lexeme="=" token="SYMBOL_EQUALS"><location begcolumn="23" begline="3" endcolumn="23" endline="3" loc="3.23 - 3.23"/></term><term lexeme="i" token="IDENTIFIER"><location begcolumn="24" begline="3" endcolumn="24" endline="3" loc="3.24 - 3.24"/></term><term lexeme="+" token="SYMBOL_PLUS"><location begcolumn="25" begline="3" endcolumn="25" endline="3" loc="3.25 - 3.25"/></term><term lexeme="1" token="INTEGER"><location begcolumn="26" begline="3" endcolumn="26" endline="3" loc="3.26 - 3.26"/></term><term lexeme="" token="EOF"/></lexan>