<?xml version="1.0" encoding="UTF-8" standalone="no"?><?xml-stylesheet type="text/xsl" href="../lib/xsl/synan.xsl"?><synan><nont label="source"><nont label="decl"><nont label="functionDeclaration"><term lexeme="fun" token="KEYWORD_FUN"><location begcolumn="1" begline="1" endcolumn="3" endline="1" loc="1.1 - 1.3"/></term><term lexeme="f" token="IDENTIFIER"><location begcolumn="5" begline="1" endcolumn="5" endline="1" loc="1.5 - 1.5"/></term><term lexeme="(" token="SYMBOL_LBR"><location begcolumn="6" begline="1" endcolumn="6" endline="1" loc="1.6 - 1.6"/></term><nont label="funcArgRepeat"/><term lexeme=")" token="SYMBOL_RBR"><location begcolumn="7" begline="1" endcolumn="7" endline="1" loc="1.7 - 1.7"/></term><term lexeme=":" token="SYMBOL_COLON"><location begcolumn="8" begline="1" endcolumn="8" endline="1" loc="1.8 - 1.8"/></term><nont label="type"><nont label="atomicType"><term lexeme="integer" token="KEYWORD_INT"><location begcolumn="9" begline="1" endcolumn="15" endline="1" loc="1.9 - 1.15"/></term></nont></nont><term lexeme="=" token="SYMBOL_EQUALS"><location begcolumn="16" begline="1" endcolumn="16" endline="1" loc="1.16 - 1.16"/></term><nont label="expr"><nont label="disjunctionExpression"><nont label="conjunctionExpression"><nont label="relationalExpression"><nont label="additiveExpression"><nont label="multiplicativeExpression"><nont label="prefixExpression"><nont label="postfixExpression"><nont label="atomicExpression"><nont label="constantExpression"><term lexeme="1" token="INTEGER"><location begcolumn="17" begline="1" endcolumn="17" endline="1" loc="1.17 - 1.17"/></term></nont></nont></nont></nont></nont></nont><nont label="relOps"><term lexeme="&lt;" token="SYMBOL_LT"><location begcolumn="18" begline="1" endcolumn="18" endline="1" loc="1.18 - 1.18"/></term></nont><nont label="additiveExpression"><nont label="multiplicativeExpression"><nont label="prefixExpression"><nont label="postfixExpression"><nont label="atomicExpression"><nont label="constantExpression"><term lexeme="2" token="INTEGER"><location begcolumn="19" begline="1" endcolumn="19" endline="1" loc="1.19 - 1.19"/></term></nont></nont></nont></nont></nont></nont></nont></nont></nont></nont></nont></nont></nont></synan>