<?xml version="1.0" encoding="UTF-8" standalone="no"?><?xml-stylesheet type="text/xsl" href="../lib/xsl/seman.xsl"?><seman><node id="26" label="{Decls}"><node id="3" label="TypeDecl" lexeme="ints"><node id="2" label="ArrType"><node id="0" label="TypeName" lexeme="int"><location begcolumn="10" begline="1" endcolumn="12" endline="1" loc="1.10 - 1.12"/><declaredAt idx="5" location="2.1 - 2.15"/><isType><semtype type="TYPE(int)"/></isType></node><node id="1" label="AtomExpr" lexeme="10" spec="INTEGER"><location begcolumn="14" begline="1" endcolumn="15" endline="1" loc="1.14 - 1.15"/><ofType><semtype type="INTEGER"/></ofType></node><location begcolumn="10" begline="1" endcolumn="16" endline="1" loc="1.10 - 1.16"/><isType><semtype type="ARRAY[0]"><semtype type="TYPE(int)"/></semtype></isType></node><location begcolumn="1" begline="1" endcolumn="16" endline="1" loc="1.1 - 1.16"/><declaresType><semtype type="TYPE(ints)"/></declaresType></node><node id="5" label="TypeDecl" lexeme="int"><node id="4" label="AtomType" spec="INTEGER"><location begcolumn="9" begline="2" endcolumn="15" endline="2" loc="2.9 - 2.15"/><isType><semtype type="INTEGER"/></isType></node><location begcolumn="1" begline="2" endcolumn="15" endline="2" loc="2.1 - 2.15"/><declaresType><semtype type="TYPE(int)"/></declaresType></node><node id="25" label="FunDecl" lexeme="count"><node id="9" label="{Pars}"><node id="8" label="ParDecl" lexeme="a"><node id="7" label="PtrType"><node id="6" label="TypeName" lexeme="ints"><location begcolumn="14" begline="3" endcolumn="17" endline="3" loc="3.14 - 3.17"/><declaredAt idx="3" location="1.1 - 1.16"/><isType><semtype type="TYPE(ints)"/></isType></node><location begcolumn="13" begline="3" endcolumn="17" endline="3" loc="3.13 - 3.17"/><isType><semtype type="PTR"><semtype type="TYPE(ints)"/></semtype></isType></node><location begcolumn="11" begline="3" endcolumn="17" endline="3" loc="3.11 - 3.17"/></node><location begcolumn="11" begline="3" endcolumn="17" endline="3" loc="3.11 - 3.17"/></node><node id="10" label="TypeName" lexeme="int"><location begcolumn="20" begline="3" endcolumn="22" endline="3" loc="3.20 - 3.22"/><declaredAt idx="5" location="2.1 - 2.15"/><isType><semtype type="TYPE(int)"/></isType></node><node id="24" label="BinExpr" spec="ADD"><node id="19" label="BinExpr" spec="ADD"><node id="14" label="ArrExpr"><node id="12" label="SfxExpr" spec="PTR"><node id="11" label="NameExpr" lexeme="a"><location begcolumn="24" begline="3" endcolumn="24" endline="3" loc="3.24 - 3.24"/><declaredAt idx="8" location="3.11 - 3.17"/><ofType><semtype type="PTR"><semtype type="TYPE(ints)"/></semtype></ofType></node><location begcolumn="24" begline="3" endcolumn="25" endline="3" loc="3.24 - 3.25"/><ofType><semtype type="TYPE(ints)"/></ofType></node><node id="13" label="AtomExpr" lexeme="10" spec="INTEGER"><location begcolumn="27" begline="3" endcolumn="28" endline="3" loc="3.27 - 3.28"/><ofType><semtype type="INTEGER"/></ofType></node><location begcolumn="24" begline="3" endcolumn="29" endline="3" loc="3.24 - 3.29"/><ofType><semtype type="TYPE(int)"/></ofType></node><node id="18" label="ArrExpr"><node id="16" label="SfxExpr" spec="PTR"><node id="15" label="NameExpr" lexeme="a"><location begcolumn="31" begline="3" endcolumn="31" endline="3" loc="3.31 - 3.31"/><declaredAt idx="8" location="3.11 - 3.17"/><ofType><semtype type="PTR"><semtype type="TYPE(ints)"/></semtype></ofType></node><location begcolumn="31" begline="3" endcolumn="32" endline="3" loc="3.31 - 3.32"/><ofType><semtype type="TYPE(ints)"/></ofType></node><node id="17" label="AtomExpr" lexeme="20" spec="INTEGER"><location begcolumn="34" begline="3" endcolumn="35" endline="3" loc="3.34 - 3.35"/><ofType><semtype type="INTEGER"/></ofType></node><location begcolumn="31" begline="3" endcolumn="36" endline="3" loc="3.31 - 3.36"/><ofType><semtype type="TYPE(int)"/></ofType></node><location begcolumn="24" begline="3" endcolumn="36" endline="3" loc="3.24 - 3.36"/><ofType><semtype type="INTEGER"/></ofType></node><node id="23" label="ArrExpr"><node id="21" label="SfxExpr" spec="PTR"><node id="20" label="NameExpr" lexeme="a"><location begcolumn="38" begline="3" endcolumn="38" endline="3" loc="3.38 - 3.38"/><declaredAt idx="8" location="3.11 - 3.17"/><ofType><semtype type="PTR"><semtype type="TYPE(ints)"/></semtype></ofType></node><location begcolumn="38" begline="3" endcolumn="39" endline="3" loc="3.38 - 3.39"/><ofType><semtype type="TYPE(ints)"/></ofType></node><node id="22" label="AtomExpr" lexeme="30" spec="INTEGER"><location begcolumn="41" begline="3" endcolumn="42" endline="3" loc="3.41 - 3.42"/><ofType><semtype type="INTEGER"/></ofType></node><location begcolumn="38" begline="3" endcolumn="43" endline="3" loc="3.38 - 3.43"/><ofType><semtype type="TYPE(int)"/></ofType></node><location begcolumn="24" begline="3" endcolumn="43" endline="3" loc="3.24 - 3.43"/><ofType><semtype type="INTEGER"/></ofType></node><location begcolumn="1" begline="3" endcolumn="43" endline="3" loc="3.1 - 3.43"/></node><location begcolumn="1" begline="1" endcolumn="43" endline="3" loc="1.1 - 3.43"/></node></seman>