<?xml version="1.0" encoding="UTF-8" standalone="no"?><?xml-stylesheet type="text/xsl" href="../lib/xsl/synan.xsl"?><synan><nont label="source"><nont label="decl"><nont label="typeDeclaration"><term lexeme="typ" token="KEYWORD_TYP"><location begcolumn="1" begline="1" endcolumn="3" endline="1" loc="1.1 - 1.3"/></term><term lexeme="int" token="IDENTIFIER"><location begcolumn="5" begline="1" endcolumn="7" endline="1" loc="1.5 - 1.7"/></term><term lexeme="=" token="SYMBOL_EQUALS"><location begcolumn="8" begline="1" endcolumn="8" endline="1" loc="1.8 - 1.8"/></term><nont label="type"><nont label="atomicType"><term lexeme="integer" token="KEYWORD_INT"><location begcolumn="9" begline="1" endcolumn="15" endline="1" loc="1.9 - 1.15"/></term></nont></nont></nont></nont><nont label="decl"><nont label="variableDeclaration"><term lexeme="var" token="KEYWORD_VAR"><location begcolumn="1" begline="2" endcolumn="3" endline="2" loc="2.1 - 2.3"/></term><term lexeme="i" token="IDENTIFIER"><location begcolumn="5" begline="2" endcolumn="5" endline="2" loc="2.5 - 2.5"/></term><term lexeme=":" token="SYMBOL_COLON"><location begcolumn="6" begline="2" endcolumn="6" endline="2" loc="2.6 - 2.6"/></term><nont label="type"><nont label="atomicType"><term lexeme="char" token="KEYWORD_CHAR"><location begcolumn="7" begline="2" endcolumn="10" endline="2" loc="2.7 - 2.10"/></term></nont></nont></nont></nont><nont label="decl"><nont label="functionDeclaration"><term lexeme="fun" token="KEYWORD_FUN"><location begcolumn="1" begline="3" endcolumn="3" endline="3" loc="3.1 - 3.3"/></term><term lexeme="f" token="IDENTIFIER"><location begcolumn="5" begline="3" endcolumn="5" endline="3" loc="3.5 - 3.5"/></term><term lexeme="(" token="SYMBOL_LBR"><location begcolumn="6" begline="3" endcolumn="6" endline="3" loc="3.6 - 3.6"/></term><nont label="funcArgRepeat"><term lexeme="i" token="IDENTIFIER"><location begcolumn="7" begline="3" endcolumn="7" endline="3" loc="3.7 - 3.7"/></term><term lexeme=":" token="SYMBOL_COLON"><location begcolumn="8" begline="3" endcolumn="8" endline="3" loc="3.8 - 3.8"/></term><nont label="type"><nont label="namedType"><term lexeme="int" token="IDENTIFIER"><location begcolumn="9" begline="3" endcolumn="11" endline="3" loc="3.9 - 3.11"/></term></nont></nont></nont><term lexeme=")" token="SYMBOL_RBR"><location begcolumn="12" begline="3" endcolumn="12" endline="3" loc="3.12 - 3.12"/></term><term lexeme=":" token="SYMBOL_COLON"><location begcolumn="13" begline="3" endcolumn="13" endline="3" loc="3.13 - 3.13"/></term><nont label="type"><nont label="namedType"><term lexeme="int" token="IDENTIFIER"><location begcolumn="14" begline="3" endcolumn="16" endline="3" loc="3.14 - 3.16"/></term></nont></nont><term lexeme="=" token="SYMBOL_EQUALS"><location begcolumn="17" begline="3" endcolumn="17" endline="3" loc="3.17 - 3.17"/></term><nont label="expr"><nont label="expr"><nont label="disjunctionExpression"><nont label="conjunctionExpression"><nont label="relationalExpression"><nont label="additiveExpression"><nont label="multiplicativeExpression"><nont label="prefixExpression"><nont label="postfixExpression"><nont label="atomicExpression"><nont label="variableAccess"><term lexeme="i" token="IDENTIFIER"><location begcolumn="18" begline="3" endcolumn="18" endline="3" loc="3.18 - 3.18"/></term><nont label="functionCall"/></nont></nont></nont></nont></nont><nont label="addOps"><term lexeme="+" token="SYMBOL_PLUS"><location begcolumn="19" begline="3" endcolumn="19" endline="3" loc="3.19 - 3.19"/></term></nont><nont label="multiplicativeExpression"><nont label="prefixExpression"><nont label="postfixExpression"><nont label="atomicExpression"><nont label="variableAccess"><term lexeme="c" token="IDENTIFIER"><location begcolumn="20" begline="3" endcolumn="20" endline="3" loc="3.20 - 3.20"/></term><nont label="functionCall"/></nont></nont></nont></nont></nont></nont></nont></nont></nont></nont><term lexeme="where" token="KEYWORD_WHERE"><location begcolumn="22" begline="3" endcolumn="26" endline="3" loc="3.22 - 3.26"/></term><term lexeme="{" token="SYMBOL_LCBR"><location begcolumn="28" begline="3" endcolumn="28" endline="3" loc="3.28 - 3.28"/></term><nont label="decl"><nont label="variableDeclaration"><term lexeme="var" token="KEYWORD_VAR"><location begcolumn="30" begline="3" endcolumn="32" endline="3" loc="3.30 - 3.32"/></term><term lexeme="c" token="IDENTIFIER"><location begcolumn="34" begline="3" endcolumn="34" endline="3" loc="3.34 - 3.34"/></term><term lexeme=":" token="SYMBOL_COLON"><location begcolumn="35" begline="3" endcolumn="35" endline="3" loc="3.35 - 3.35"/></term><nont label="type"><nont label="atomicType"><term lexeme="char" token="KEYWORD_CHAR"><location begcolumn="36" begline="3" endcolumn="39" endline="3" loc="3.36 - 3.39"/></term></nont></nont></nont></nont><term lexeme="}" token="SYMBOL_RCBR"><location begcolumn="41" begline="3" endcolumn="41" endline="3" loc="3.41 - 3.41"/></term></nont></nont></nont></nont></synan>