<?xml version="1.0" encoding="UTF-8" standalone="no"?><?xml-stylesheet type="text/xsl" href="../lib/xsl/abstr.xsl"?><abstr><node id="16" label="{Decls}"><node id="1" label="TypeDecl" lexeme="int"><node id="0" label="AtomType" spec="INTEGER"><location begcolumn="9" begline="1" endcolumn="15" endline="1" loc="1.9 - 1.15"/></node><location begcolumn="1" begline="1" endcolumn="15" endline="1" loc="1.1 - 1.15"/></node><node id="3" label="VarDecl" lexeme="i"><node id="2" label="AtomType" spec="CHAR"><location begcolumn="7" begline="2" endcolumn="10" endline="2" loc="2.7 - 2.10"/></node><location begcolumn="1" begline="2" endcolumn="10" endline="2" loc="2.1 - 2.10"/></node><node id="15" label="FunDecl" lexeme="f"><node id="6" label="{Pars}"><node id="5" label="ParDecl" lexeme="i"><node id="4" label="TypeName" lexeme="int"><location begcolumn="9" begline="3" endcolumn="11" endline="3" loc="3.9 - 3.11"/></node><location begcolumn="7" begline="3" endcolumn="11" endline="3" loc="3.7 - 3.11"/></node><location begcolumn="7" begline="3" endcolumn="11" endline="3" loc="3.7 - 3.11"/></node><node id="7" label="TypeName" lexeme="int"><location begcolumn="14" begline="3" endcolumn="16" endline="3" loc="3.14 - 3.16"/></node><node id="14" label="WhereExpr"><node id="10" label="BinExpr" spec="ADD"><node id="8" label="NameExpr" lexeme="i"><location begcolumn="18" begline="3" endcolumn="18" endline="3" loc="3.18 - 3.18"/></node><node id="9" label="NameExpr" lexeme="c"><location begcolumn="20" begline="3" endcolumn="20" endline="3" loc="3.20 - 3.20"/></node><location begcolumn="18" begline="3" endcolumn="20" endline="3" loc="3.18 - 3.20"/></node><node id="13" label="{Decls}"><node id="12" label="VarDecl" lexeme="c"><node id="11" label="AtomType" spec="CHAR"><location begcolumn="36" begline="3" endcolumn="39" endline="3" loc="3.36 - 3.39"/></node><location begcolumn="30" begline="3" endcolumn="39" endline="3" loc="3.30 - 3.39"/></node><location begcolumn="30" begline="3" endcolumn="39" endline="3" loc="3.30 - 3.39"/></node><location begcolumn="18" begline="3" endcolumn="41" endline="3" loc="3.18 - 3.41"/></node><location begcolumn="1" begline="3" endcolumn="41" endline="3" loc="3.1 - 3.41"/></node><location begcolumn="1" begline="1" endcolumn="41" endline="3" loc="1.1 - 3.41"/></node></abstr>