<?xml version="1.0" encoding="UTF-8" standalone="no"?><?xml-stylesheet type="text/xsl" href="../lib/xsl/seman.xsl"?><seman><node id="30" label="{Decls}"><node id="1" label="TypeDecl" lexeme="int"><node id="0" label="AtomType" spec="INTEGER"><location begcolumn="9" begline="1" endcolumn="15" endline="1" loc="1.9 - 1.15"/><isType><semtype type="INTEGER"/></isType></node><location begcolumn="1" begline="1" endcolumn="15" endline="1" loc="1.1 - 1.15"/><declaresType><semtype type="TYPE(int)"/></declaresType></node><node id="15" label="FunDecl" lexeme="f"><node id="4" label="{Pars}"><node id="3" label="ParDecl" lexeme="i"><node id="2" label="TypeName" lexeme="int"><location begcolumn="9" begline="2" endcolumn="11" endline="2" loc="2.9 - 2.11"/><declaredAt idx="1" location="1.1 - 1.15"/><isType><semtype type="TYPE(int)"/></isType></node><location begcolumn="7" begline="2" endcolumn="11" endline="2" loc="2.7 - 2.11"/></node><location begcolumn="7" begline="2" endcolumn="11" endline="2" loc="2.7 - 2.11"/></node><node id="5" label="TypeName" lexeme="int"><location begcolumn="14" begline="2" endcolumn="16" endline="2" loc="2.14 - 2.16"/><declaredAt idx="1" location="1.1 - 1.15"/><isType><semtype type="TYPE(int)"/></isType></node><node id="14" label="BinExpr" spec="ADD"><node id="10" label="BinExpr" spec="ADD"><node id="6" label="NameExpr" lexeme="i"><location begcolumn="18" begline="2" endcolumn="18" endline="2" loc="2.18 - 2.18"/><declaredAt idx="3" location="2.7 - 2.11"/><ofType><semtype type="INTEGER"/></ofType></node><node id="9" label="CallExpr" lexeme="f"><node id="8" label="{CallArgs}"><node id="7" label="NameExpr" lexeme="i"><location begcolumn="22" begline="2" endcolumn="22" endline="2" loc="2.22 - 2.22"/><declaredAt idx="3" location="2.7 - 2.11"/><ofType><semtype type="INTEGER"/></ofType></node><location begcolumn="22" begline="2" endcolumn="22" endline="2" loc="2.22 - 2.22"/></node><location begcolumn="20" begline="2" endcolumn="23" endline="2" loc="2.20 - 2.23"/><declaredAt idx="15" location="2.1 - 2.28"/><ofType><semtype type="INTEGER"/></ofType></node><location begcolumn="18" begline="2" endcolumn="23" endline="2" loc="2.18 - 2.23"/><ofType><semtype type="INTEGER"/></ofType></node><node id="13" label="CallExpr" lexeme="g"><node id="12" label="{CallArgs}"><node id="11" label="NameExpr" lexeme="i"><location begcolumn="27" begline="2" endcolumn="27" endline="2" loc="2.27 - 2.27"/><declaredAt idx="3" location="2.7 - 2.11"/><ofType><semtype type="INTEGER"/></ofType></node><location begcolumn="27" begline="2" endcolumn="27" endline="2" loc="2.27 - 2.27"/></node><location begcolumn="25" begline="2" endcolumn="28" endline="2" loc="2.25 - 2.28"/><declaredAt idx="29" location="3.1 - 3.28"/><ofType><semtype type="INTEGER"/></ofType></node><location begcolumn="18" begline="2" endcolumn="28" endline="2" loc="2.18 - 2.28"/><ofType><semtype type="INTEGER"/></ofType></node><location begcolumn="1" begline="2" endcolumn="28" endline="2" loc="2.1 - 2.28"/></node><node id="29" label="FunDecl" lexeme="g"><node id="18" label="{Pars}"><node id="17" label="ParDecl" lexeme="j"><node id="16" label="TypeName" lexeme="int"><location begcolumn="9" begline="3" endcolumn="11" endline="3" loc="3.9 - 3.11"/><declaredAt idx="1" location="1.1 - 1.15"/><isType><semtype type="TYPE(int)"/></isType></node><location begcolumn="7" begline="3" endcolumn="11" endline="3" loc="3.7 - 3.11"/></node><location begcolumn="7" begline="3" endcolumn="11" endline="3" loc="3.7 - 3.11"/></node><node id="19" label="TypeName" lexeme="int"><location begcolumn="14" begline="3" endcolumn="16" endline="3" loc="3.14 - 3.16"/><declaredAt idx="1" location="1.1 - 1.15"/><isType><semtype type="TYPE(int)"/></isType></node><node id="28" label="BinExpr" spec="ADD"><node id="24" label="BinExpr" spec="ADD"><node id="20" label="NameExpr" lexeme="j"><location begcolumn="18" begline="3" endcolumn="18" endline="3" loc="3.18 - 3.18"/><declaredAt idx="17" location="3.7 - 3.11"/><ofType><semtype type="INTEGER"/></ofType></node><node id="23" label="CallExpr" lexeme="f"><node id="22" label="{CallArgs}"><node id="21" label="NameExpr" lexeme="j"><location begcolumn="22" begline="3" endcolumn="22" endline="3" loc="3.22 - 3.22"/><declaredAt idx="17" location="3.7 - 3.11"/><ofType><semtype type="INTEGER"/></ofType></node><location begcolumn="22" begline="3" endcolumn="22" endline="3" loc="3.22 - 3.22"/></node><location begcolumn="20" begline="3" endcolumn="23" endline="3" loc="3.20 - 3.23"/><declaredAt idx="15" location="2.1 - 2.28"/><ofType><semtype type="INTEGER"/></ofType></node><location begcolumn="18" begline="3" endcolumn="23" endline="3" loc="3.18 - 3.23"/><ofType><semtype type="INTEGER"/></ofType></node><node id="27" label="CallExpr" lexeme="f"><node id="26" label="{CallArgs}"><node id="25" label="NameExpr" lexeme="j"><location begcolumn="27" begline="3" endcolumn="27" endline="3" loc="3.27 - 3.27"/><declaredAt idx="17" location="3.7 - 3.11"/><ofType><semtype type="INTEGER"/></ofType></node><location begcolumn="27" begline="3" endcolumn="27" endline="3" loc="3.27 - 3.27"/></node><location begcolumn="25" begline="3" endcolumn="28" endline="3" loc="3.25 - 3.28"/><declaredAt idx="15" location="2.1 - 2.28"/><ofType><semtype type="INTEGER"/></ofType></node><location begcolumn="18" begline="3" endcolumn="28" endline="3" loc="3.18 - 3.28"/><ofType><semtype type="INTEGER"/></ofType></node><location begcolumn="1" begline="3" endcolumn="28" endline="3" loc="3.1 - 3.28"/></node><location begcolumn="1" begline="1" endcolumn="28" endline="3" loc="1.1 - 3.28"/></node></seman>