<?xml version="1.0" encoding="UTF-8" standalone="no"?><?xml-stylesheet type="text/xsl" href="../lib/xsl/lexan.xsl"?><lexan><term lexeme="typ" token="KEYWORD_TYP"><location begcolumn="1" begline="1" endcolumn="3" endline="1" loc="1.1 - 1.3"/></term><term lexeme="int" token="IDENTIFIER"><location begcolumn="5" begline="1" endcolumn="7" endline="1" loc="1.5 - 1.7"/></term><term lexeme="=" token="SYMBOL_EQUALS"><location begcolumn="8" begline="1" endcolumn="8" endline="1" loc="1.8 - 1.8"/></term><term lexeme="integer" token="KEYWORD_INT"><location begcolumn="9" begline="1" endcolumn="15" endline="1" loc="1.9 - 1.15"/></term><term lexeme="fun" token="KEYWORD_FUN"><location begcolumn="1" begline="2" endcolumn="3" endline="2" loc="2.1 - 2.3"/></term><term lexeme="f" token="IDENTIFIER"><location begcolumn="5" begline="2" endcolumn="5" endline="2" loc="2.5 - 2.5"/></term><term lexeme="(" token="SYMBOL_LBR"><location begcolumn="6" begline="2" endcolumn="6" endline="2" loc="2.6 - 2.6"/></term><term lexeme="i" token="IDENTIFIER"><location begcolumn="7" begline="2" endcolumn="7" endline="2" loc="2.7 - 2.7"/></term><term lexeme=":" token="SYMBOL_COLON"><location begcolumn="8" begline="2" endcolumn="8" endline="2" loc="2.8 - 2.8"/></term><term lexeme="int" token="IDENTIFIER"><location begcolumn="9" begline="2" endcolumn="11" endline="2" loc="2.9 - 2.11"/></term><term lexeme=")" token="SYMBOL_RBR"><location begcolumn="12" begline="2" endcolumn="12" endline="2" loc="2.12 - 2.12"/></term><term lexeme=":" token="SYMBOL_COLON"><location begcolumn="13" begline="2" endcolumn="13" endline="2" loc="2.13 - 2.13"/></term><term lexeme="int" token="IDENTIFIER"><location begcolumn="14" begline="2" endcolumn="16" endline="2" loc="2.14 - 2.16"/></term><term lexeme="=" token="SYMBOL_EQUALS"><location begcolumn="17" begline="2" endcolumn="17" endline="2" loc="2.17 - 2.17"/></term><term lexeme="i" token="IDENTIFIER"><location begcolumn="18" begline="2" endcolumn="18" endline="2" loc="2.18 - 2.18"/></term><term lexeme="+" token="SYMBOL_PLUS"><location begcolumn="19" begline="2" endcolumn="19" endline="2" loc="2.19 - 2.19"/></term><term lexeme="f" token="IDENTIFIER"><location begcolumn="20" begline="2" endcolumn="20" endline="2" loc="2.20 - 2.20"/></term><term lexeme="(" token="SYMBOL_LBR"><location begcolumn="21" begline="2" endcolumn="21" endline="2" loc="2.21 - 2.21"/></term><term lexeme="i" token="IDENTIFIER"><location begcolumn="22" begline="2" endcolumn="22" endline="2" loc="2.22 - 2.22"/></term><term lexeme=")" token="SYMBOL_RBR"><location begcolumn="23" begline="2" endcolumn="23" endline="2" loc="2.23 - 2.23"/></term><term lexeme="+" token="SYMBOL_PLUS"><location begcolumn="24" begline="2" endcolumn="24" endline="2" loc="2.24 - 2.24"/></term><term lexeme="g" token="IDENTIFIER"><location begcolumn="25" begline="2" endcolumn="25" endline="2" loc="2.25 - 2.25"/></term><term lexeme="(" token="SYMBOL_LBR"><location begcolumn="26" begline="2" endcolumn="26" endline="2" loc="2.26 - 2.26"/></term><term lexeme="i" token="IDENTIFIER"><location begcolumn="27" begline="2" endcolumn="27" endline="2" loc="2.27 - 2.27"/></term><term lexeme=")" token="SYMBOL_RBR"><location begcolumn="28" begline="2" endcolumn="28" endline="2" loc="2.28 - 2.28"/></term><term lexeme="fun" token="KEYWORD_FUN"><location begcolumn="1" begline="3" endcolumn="3" endline="3" loc="3.1 - 3.3"/></term><term lexeme="g" token="IDENTIFIER"><location begcolumn="5" begline="3" endcolumn="5" endline="3" loc="3.5 - 3.5"/></term><term lexeme="(" token="SYMBOL_LBR"><location begcolumn="6" begline="3" endcolumn="6" endline="3" loc="3.6 - 3.6"/></term><term lexeme="j" token="IDENTIFIER"><location begcolumn="7" begline="3" endcolumn="7" endline="3" loc="3.7 - 3.7"/></term><term lexeme=":" token="SYMBOL_COLON"><location begcolumn="8" begline="3" endcolumn="8" endline="3" loc="3.8 - 3.8"/></term><term lexeme="int" token="IDENTIFIER"><location begcolumn="9" begline="3" endcolumn="11" endline="3" loc="3.9 - 3.11"/></term><term lexeme=")" token="SYMBOL_RBR"><location begcolumn="12" begline="3" endcolumn="12" endline="3" loc="3.12 - 3.12"/></term><term lexeme=":" token="SYMBOL_COLON"><location begcolumn="13" begline="3" endcolumn="13" endline="3" loc="3.13 - 3.13"/></term><term lexeme="int" token="IDENTIFIER"><location begcolumn="14" begline="3" endcolumn="16" endline="3" loc="3.14 - 3.16"/></term><term lexeme="=" token="SYMBOL_EQUALS"><location begcolumn="17" begline="3" endcolumn="17" endline="3" loc="3.17 - 3.17"/></term><term lexeme="j" token="IDENTIFIER"><location begcolumn="18" begline="3" endcolumn="18" endline="3" loc="3.18 - 3.18"/></term><term lexeme="+" token="SYMBOL_PLUS"><location begcolumn="19" begline="3" endcolumn="19" endline="3" loc="3.19 - 3.19"/></term><term lexeme="f" token="IDENTIFIER"><location begcolumn="20" begline="3" endcolumn="20" endline="3" loc="3.20 - 3.20"/></term><term lexeme="(" token="SYMBOL_LBR"><location begcolumn="21" begline="3" endcolumn="21" endline="3" loc="3.21 - 3.21"/></term><term lexeme="j" token="IDENTIFIER"><location begcolumn="22" begline="3" endcolumn="22" endline="3" loc="3.22 - 3.22"/></term><term lexeme=")" token="SYMBOL_RBR"><location begcolumn="23" begline="3" endcolumn="23" endline="3" loc="3.23 - 3.23"/></term><term lexeme="+" token="SYMBOL_PLUS"><location begcolumn="24" begline="3" endcolumn="24" endline="3" loc="3.24 - 3.24"/></term><term lexeme="f" token="IDENTIFIER"><location begcolumn="25" begline="3" endcolumn="25" endline="3" loc="3.25 - 3.25"/></term><term lexeme="(" token="SYMBOL_LBR"><location begcolumn="26" begline="3" endcolumn="26" endline="3" loc="3.26 - 3.26"/></term><term lexeme="j" token="IDENTIFIER"><location begcolumn="27" begline="3" endcolumn="27" endline="3" loc="3.27 - 3.27"/></term><term lexeme=")" token="SYMBOL_RBR"><location begcolumn="28" begline="3" endcolumn="28" endline="3" loc="3.28 - 3.28"/></term><term lexeme="" token="EOF"/></lexan>