<?xml version="1.0" encoding="UTF-8" standalone="no"?><?xml-stylesheet type="text/xsl" href="../lib/xsl/synan.xsl"?><synan><nont label="source"><nont label="decl"><nont label="typeDeclaration"><term lexeme="typ" token="KEYWORD_TYP"><location begcolumn="1" begline="1" endcolumn="3" endline="1" loc="1.1 - 1.3"/></term><term lexeme="ints" token="IDENTIFIER"><location begcolumn="5" begline="1" endcolumn="8" endline="1" loc="1.5 - 1.8"/></term><term lexeme="=" token="SYMBOL_EQUALS"><location begcolumn="9" begline="1" endcolumn="9" endline="1" loc="1.9 - 1.9"/></term><nont label="type"><nont label="type"><nont label="namedType"><term lexeme="int" token="IDENTIFIER"><location begcolumn="10" begline="1" endcolumn="12" endline="1" loc="1.10 - 1.12"/></term></nont></nont><term lexeme="[" token="SYMBOL_LSBR"><location begcolumn="13" begline="1" endcolumn="13" endline="1" loc="1.13 - 1.13"/></term><nont label="expr"><nont label="disjunctionExpression"><nont label="conjunctionExpression"><nont label="relationalExpression"><nont label="additiveExpression"><nont label="multiplicativeExpression"><nont label="prefixExpression"><nont label="postfixExpression"><nont label="atomicExpression"><nont label="constantExpression"><term lexeme="10" token="INTEGER"><location begcolumn="14" begline="1" endcolumn="15" endline="1" loc="1.14 - 1.15"/></term></nont></nont></nont></nont></nont></nont></nont></nont></nont></nont><term lexeme="]" token="SYMBOL_RSBR"><location begcolumn="16" begline="1" endcolumn="16" endline="1" loc="1.16 - 1.16"/></term></nont></nont></nont><nont label="decl"><nont label="typeDeclaration"><term lexeme="typ" token="KEYWORD_TYP"><location begcolumn="1" begline="2" endcolumn="3" endline="2" loc="2.1 - 2.3"/></term><term lexeme="int" token="IDENTIFIER"><location begcolumn="5" begline="2" endcolumn="7" endline="2" loc="2.5 - 2.7"/></term><term lexeme="=" token="SYMBOL_EQUALS"><location begcolumn="8" begline="2" endcolumn="8" endline="2" loc="2.8 - 2.8"/></term><nont label="type"><nont label="atomicType"><term lexeme="integer" token="KEYWORD_INT"><location begcolumn="9" begline="2" endcolumn="15" endline="2" loc="2.9 - 2.15"/></term></nont></nont></nont></nont><nont label="decl"><nont label="functionDeclaration"><term lexeme="fun" token="KEYWORD_FUN"><location begcolumn="1" begline="3" endcolumn="3" endline="3" loc="3.1 - 3.3"/></term><term lexeme="count" token="IDENTIFIER"><location begcolumn="5" begline="3" endcolumn="9" endline="3" loc="3.5 - 3.9"/></term><term lexeme="(" token="SYMBOL_LBR"><location begcolumn="10" begline="3" endcolumn="10" endline="3" loc="3.10 - 3.10"/></term><nont label="funcArgRepeat"><term lexeme="a" token="IDENTIFIER"><location begcolumn="11" begline="3" endcolumn="11" endline="3" loc="3.11 - 3.11"/></term><term lexeme=":" token="SYMBOL_COLON"><location begcolumn="12" begline="3" endcolumn="12" endline="3" loc="3.12 - 3.12"/></term><nont label="type"><nont label="pointerType"><term lexeme="^" token="SYMBOL_PWR"><location begcolumn="13" begline="3" endcolumn="13" endline="3" loc="3.13 - 3.13"/></term><nont label="type"><nont label="namedType"><term lexeme="ints" token="IDENTIFIER"><location begcolumn="14" begline="3" endcolumn="17" endline="3" loc="3.14 - 3.17"/></term></nont></nont></nont></nont></nont><term lexeme=")" token="SYMBOL_RBR"><location begcolumn="18" begline="3" endcolumn="18" endline="3" loc="3.18 - 3.18"/></term><term lexeme=":" token="SYMBOL_COLON"><location begcolumn="19" begline="3" endcolumn="19" endline="3" loc="3.19 - 3.19"/></term><nont label="type"><nont label="namedType"><term lexeme="int" token="IDENTIFIER"><location begcolumn="20" begline="3" endcolumn="22" endline="3" loc="3.20 - 3.22"/></term></nont></nont><term lexeme="=" token="SYMBOL_EQUALS"><location begcolumn="23" begline="3" endcolumn="23" endline="3" loc="3.23 - 3.23"/></term><nont label="expr"><nont label="disjunctionExpression"><nont label="conjunctionExpression"><nont label="relationalExpression"><nont label="additiveExpression"><nont label="multiplicativeExpression"><nont label="prefixExpression"><nont label="postfixExpression"><nont label="atomicExpression"><nont label="variableAccess"><term lexeme="a" token="IDENTIFIER"><location begcolumn="24" begline="3" endcolumn="24" endline="3" loc="3.24 - 3.24"/></term><nont label="functionCall"/></nont></nont><term lexeme="^" token="SYMBOL_PWR"><location begcolumn="25" begline="3" endcolumn="25" endline="3" loc="3.25 - 3.25"/></term><term lexeme="[" token="SYMBOL_LSBR"><location begcolumn="26" begline="3" endcolumn="26" endline="3" loc="3.26 - 3.26"/></term><nont label="expr"><nont label="disjunctionExpression"><nont label="conjunctionExpression"><nont label="relationalExpression"><nont label="additiveExpression"><nont label="multiplicativeExpression"><nont label="prefixExpression"><nont label="postfixExpression"><nont label="atomicExpression"><nont label="constantExpression"><term lexeme="10" token="INTEGER"><location begcolumn="27" begline="3" endcolumn="28" endline="3" loc="3.27 - 3.28"/></term></nont></nont></nont></nont></nont></nont></nont></nont></nont></nont><term lexeme="]" token="SYMBOL_RSBR"><location begcolumn="29" begline="3" endcolumn="29" endline="3" loc="3.29 - 3.29"/></term></nont></nont></nont><nont label="addOps"><term lexeme="+" token="SYMBOL_PLUS"><location begcolumn="30" begline="3" endcolumn="30" endline="3" loc="3.30 - 3.30"/></term></nont><nont label="multiplicativeExpression"><nont label="prefixExpression"><nont label="postfixExpression"><nont label="atomicExpression"><nont label="variableAccess"><term lexeme="a" token="IDENTIFIER"><location begcolumn="31" begline="3" endcolumn="31" endline="3" loc="3.31 - 3.31"/></term><nont label="functionCall"/></nont></nont><term lexeme="^" token="SYMBOL_PWR"><location begcolumn="32" begline="3" endcolumn="32" endline="3" loc="3.32 - 3.32"/></term><term lexeme="[" token="SYMBOL_LSBR"><location begcolumn="33" begline="3" endcolumn="33" endline="3" loc="3.33 - 3.33"/></term><nont label="expr"><nont label="disjunctionExpression"><nont label="conjunctionExpression"><nont label="relationalExpression"><nont label="additiveExpression"><nont label="multiplicativeExpression"><nont label="prefixExpression"><nont label="postfixExpression"><nont label="atomicExpression"><nont label="constantExpression"><term lexeme="20" token="INTEGER"><location begcolumn="34" begline="3" endcolumn="35" endline="3" loc="3.34 - 3.35"/></term></nont></nont></nont></nont></nont></nont></nont></nont></nont></nont><term lexeme="]" token="SYMBOL_RSBR"><location begcolumn="36" begline="3" endcolumn="36" endline="3" loc="3.36 - 3.36"/></term></nont></nont></nont><nont label="addOps"><term lexeme="+" token="SYMBOL_PLUS"><location begcolumn="37" begline="3" endcolumn="37" endline="3" loc="3.37 - 3.37"/></term></nont><nont label="multiplicativeExpression"><nont label="prefixExpression"><nont label="postfixExpression"><nont label="atomicExpression"><nont label="variableAccess"><term lexeme="a" token="IDENTIFIER"><location begcolumn="38" begline="3" endcolumn="38" endline="3" loc="3.38 - 3.38"/></term><nont label="functionCall"/></nont></nont><term lexeme="^" token="SYMBOL_PWR"><location begcolumn="39" begline="3" endcolumn="39" endline="3" loc="3.39 - 3.39"/></term><term lexeme="[" token="SYMBOL_LSBR"><location begcolumn="40" begline="3" endcolumn="40" endline="3" loc="3.40 - 3.40"/></term><nont label="expr"><nont label="disjunctionExpression"><nont label="conjunctionExpression"><nont label="relationalExpression"><nont label="additiveExpression"><nont label="multiplicativeExpression"><nont label="prefixExpression"><nont label="postfixExpression"><nont label="atomicExpression"><nont label="constantExpression"><term lexeme="30" token="INTEGER"><location begcolumn="41" begline="3" endcolumn="42" endline="3" loc="3.41 - 3.42"/></term></nont></nont></nont></nont></nont></nont></nont></nont></nont></nont><term lexeme="]" token="SYMBOL_RSBR"><location begcolumn="43" begline="3" endcolumn="43" endline="3" loc="3.43 - 3.43"/></term></nont></nont></nont></nont></nont></nont></nont></nont></nont></nont></nont></synan>