<?xml version="1.0" encoding="UTF-8" standalone="no"?><?xml-stylesheet type="text/xsl" href="../lib/xsl/lexan.xsl"?><lexan><term lexeme="var" token="KEYWORD_VAR"><location begcolumn="1" begline="1" endcolumn="3" endline="1" loc="1.1 - 1.3"/></term><term lexeme="i" token="IDENTIFIER"><location begcolumn="5" begline="1" endcolumn="5" endline="1" loc="1.5 - 1.5"/></term><term lexeme=":" token="SYMBOL_COLON"><location begcolumn="6" begline="1" endcolumn="6" endline="1" loc="1.6 - 1.6"/></term><term lexeme="integer" token="KEYWORD_INT"><location begcolumn="7" begline="1" endcolumn="13" endline="1" loc="1.7 - 1.13"/></term><term lexeme="fun" token="KEYWORD_FUN"><location begcolumn="1" begline="2" endcolumn="3" endline="2" loc="2.1 - 2.3"/></term><term lexeme="f" token="IDENTIFIER"><location begcolumn="5" begline="2" endcolumn="5" endline="2" loc="2.5 - 2.5"/></term><term lexeme="(" token="SYMBOL_LBR"><location begcolumn="6" begline="2" endcolumn="6" endline="2" loc="2.6 - 2.6"/></term><term lexeme="i" token="IDENTIFIER"><location begcolumn="7" begline="2" endcolumn="7" endline="2" loc="2.7 - 2.7"/></term><term lexeme=":" token="SYMBOL_COLON"><location begcolumn="8" begline="2" endcolumn="8" endline="2" loc="2.8 - 2.8"/></term><term lexeme="integer" token="KEYWORD_INT"><location begcolumn="9" begline="2" endcolumn="15" endline="2" loc="2.9 - 2.15"/></term><term lexeme="," token="SYMBOL_COMMA"><location begcolumn="16" begline="2" endcolumn="16" endline="2" loc="2.16 - 2.16"/></term><term lexeme="j" token="IDENTIFIER"><location begcolumn="17" begline="2" endcolumn="17" endline="2" loc="2.17 - 2.17"/></term><term lexeme=":" token="SYMBOL_COLON"><location begcolumn="18" begline="2" endcolumn="18" endline="2" loc="2.18 - 2.18"/></term><term lexeme="integer" token="KEYWORD_INT"><location begcolumn="19" begline="2" endcolumn="25" endline="2" loc="2.19 - 2.25"/></term><term lexeme=")" token="SYMBOL_RBR"><location begcolumn="26" begline="2" endcolumn="26" endline="2" loc="2.26 - 2.26"/></term><term lexeme=":" token="SYMBOL_COLON"><location begcolumn="27" begline="2" endcolumn="27" endline="2" loc="2.27 - 2.27"/></term><term lexeme="integer" token="KEYWORD_INT"><location begcolumn="28" begline="2" endcolumn="34" endline="2" loc="2.28 - 2.34"/></term><term lexeme="=" token="SYMBOL_EQUALS"><location begcolumn="35" begline="2" endcolumn="35" endline="2" loc="2.35 - 2.35"/></term><term lexeme="i" token="IDENTIFIER"><location begcolumn="36" begline="2" endcolumn="36" endline="2" loc="2.36 - 2.36"/></term><term lexeme="+" token="SYMBOL_PLUS"><location begcolumn="37" begline="2" endcolumn="37" endline="2" loc="2.37 - 2.37"/></term><term lexeme="j" token="IDENTIFIER"><location begcolumn="38" begline="2" endcolumn="38" endline="2" loc="2.38 - 2.38"/></term><term lexeme="+" token="SYMBOL_PLUS"><location begcolumn="39" begline="2" endcolumn="39" endline="2" loc="2.39 - 2.39"/></term><term lexeme="k1" token="IDENTIFIER"><location begcolumn="40" begline="2" endcolumn="41" endline="2" loc="2.40 - 2.41"/></term><term lexeme="+" token="SYMBOL_PLUS"><location begcolumn="42" begline="2" endcolumn="42" endline="2" loc="2.42 - 2.42"/></term><term lexeme="a" token="IDENTIFIER"><location begcolumn="43" begline="2" endcolumn="43" endline="2" loc="2.43 - 2.43"/></term><term lexeme="[" token="SYMBOL_LSBR"><location begcolumn="44" begline="2" endcolumn="44" endline="2" loc="2.44 - 2.44"/></term><term lexeme="0" token="INTEGER"><location begcolumn="45" begline="2" endcolumn="45" endline="2" loc="2.45 - 2.45"/></term><term lexeme="]" token="SYMBOL_RSBR"><location begcolumn="46" begline="2" endcolumn="46" endline="2" loc="2.46 - 2.46"/></term><term lexeme="+" token="SYMBOL_PLUS"><location begcolumn="47" begline="2" endcolumn="47" endline="2" loc="2.47 - 2.47"/></term><term lexeme="k2" token="IDENTIFIER"><location begcolumn="48" begline="2" endcolumn="49" endline="2" loc="2.48 - 2.49"/></term><term lexeme="where" token="KEYWORD_WHERE"><location begcolumn="5" begline="3" endcolumn="9" endline="3" loc="3.5 - 3.9"/></term><term lexeme="{" token="SYMBOL_LCBR"><location begcolumn="11" begline="3" endcolumn="11" endline="3" loc="3.11 - 3.11"/></term><term lexeme="var" token="KEYWORD_VAR"><location begcolumn="11" begline="4" endcolumn="13" endline="4" loc="4.11 - 4.13"/></term><term lexeme="k1" token="IDENTIFIER"><location begcolumn="15" begline="4" endcolumn="16" endline="4" loc="4.15 - 4.16"/></term><term lexeme=":" token="SYMBOL_COLON"><location begcolumn="17" begline="4" endcolumn="17" endline="4" loc="4.17 - 4.17"/></term><term lexeme="integer" token="KEYWORD_INT"><location begcolumn="18" begline="4" endcolumn="24" endline="4" loc="4.18 - 4.24"/></term><term lexeme="var" token="KEYWORD_VAR"><location begcolumn="4" begline="5" endcolumn="6" endline="5" loc="5.4 - 5.6"/></term><term lexeme="a" token="IDENTIFIER"><location begcolumn="8" begline="5" endcolumn="8" endline="5" loc="5.8 - 5.8"/></term><term lexeme=":" token="SYMBOL_COLON"><location begcolumn="9" begline="5" endcolumn="9" endline="5" loc="5.9 - 5.9"/></term><term lexeme="integer" token="KEYWORD_INT"><location begcolumn="10" begline="5" endcolumn="16" endline="5" loc="5.10 - 5.16"/></term><term lexeme="[" token="SYMBOL_LSBR"><location begcolumn="17" begline="5" endcolumn="17" endline="5" loc="5.17 - 5.17"/></term><term lexeme="10" token="INTEGER"><location begcolumn="18" begline="5" endcolumn="19" endline="5" loc="5.18 - 5.19"/></term><term lexeme="]" token="SYMBOL_RSBR"><location begcolumn="20" begline="5" endcolumn="20" endline="5" loc="5.20 - 5.20"/></term><term lexeme="var" token="KEYWORD_VAR"><location begcolumn="4" begline="6" endcolumn="6" endline="6" loc="6.4 - 6.6"/></term><term lexeme="k2" token="IDENTIFIER"><location begcolumn="8" begline="6" endcolumn="9" endline="6" loc="6.8 - 6.9"/></term><term lexeme=":" token="SYMBOL_COLON"><location begcolumn="10" begline="6" endcolumn="10" endline="6" loc="6.10 - 6.10"/></term><term lexeme="integer" token="KEYWORD_INT"><location begcolumn="11" begline="6" endcolumn="17" endline="6" loc="6.11 - 6.17"/></term><term lexeme="}" token="SYMBOL_RCBR"><location begcolumn="5" begline="7" endcolumn="5" endline="7" loc="7.5 - 7.5"/></term><term lexeme="" token="EOF"/></lexan>