<?xml version="1.0" encoding="UTF-8" standalone="no"?><?xml-stylesheet type="text/xsl" href="../lib/xsl/lexan.xsl"?><lexan><term lexeme="fun" token="KEYWORD_FUN"><location begcolumn="1" begline="1" endcolumn="3" endline="1" loc="1.1 - 1.3"/></term><term lexeme="f1" token="IDENTIFIER"><location begcolumn="5" begline="1" endcolumn="6" endline="1" loc="1.5 - 1.6"/></term><term lexeme="(" token="SYMBOL_LBR"><location begcolumn="7" begline="1" endcolumn="7" endline="1" loc="1.7 - 1.7"/></term><term lexeme="i1" token="IDENTIFIER"><location begcolumn="8" begline="1" endcolumn="9" endline="1" loc="1.8 - 1.9"/></term><term lexeme=":" token="SYMBOL_COLON"><location begcolumn="10" begline="1" endcolumn="10" endline="1" loc="1.10 - 1.10"/></term><term lexeme="integer" token="KEYWORD_INT"><location begcolumn="11" begline="1" endcolumn="17" endline="1" loc="1.11 - 1.17"/></term><term lexeme=")" token="SYMBOL_RBR"><location begcolumn="18" begline="1" endcolumn="18" endline="1" loc="1.18 - 1.18"/></term><term lexeme=":" token="SYMBOL_COLON"><location begcolumn="19" begline="1" endcolumn="19" endline="1" loc="1.19 - 1.19"/></term><term lexeme="integer" token="KEYWORD_INT"><location begcolumn="20" begline="1" endcolumn="26" endline="1" loc="1.20 - 1.26"/></term><term lexeme="=" token="SYMBOL_EQUALS"><location begcolumn="28" begline="1" endcolumn="28" endline="1" loc="1.28 - 1.28"/></term><term lexeme="i1" token="IDENTIFIER"><location begcolumn="30" begline="1" endcolumn="31" endline="1" loc="1.30 - 1.31"/></term><term lexeme="+" token="SYMBOL_PLUS"><location begcolumn="32" begline="1" endcolumn="32" endline="1" loc="1.32 - 1.32"/></term><term lexeme="f1" token="IDENTIFIER"><location begcolumn="33" begline="1" endcolumn="34" endline="1" loc="1.33 - 1.34"/></term><term lexeme="(" token="SYMBOL_LBR"><location begcolumn="35" begline="1" endcolumn="35" endline="1" loc="1.35 - 1.35"/></term><term lexeme="i1" token="IDENTIFIER"><location begcolumn="36" begline="1" endcolumn="37" endline="1" loc="1.36 - 1.37"/></term><term lexeme=")" token="SYMBOL_RBR"><location begcolumn="38" begline="1" endcolumn="38" endline="1" loc="1.38 - 1.38"/></term><term lexeme="+" token="SYMBOL_PLUS"><location begcolumn="39" begline="1" endcolumn="39" endline="1" loc="1.39 - 1.39"/></term><term lexeme="f2" token="IDENTIFIER"><location begcolumn="40" begline="1" endcolumn="41" endline="1" loc="1.40 - 1.41"/></term><term lexeme="(" token="SYMBOL_LBR"><location begcolumn="42" begline="1" endcolumn="42" endline="1" loc="1.42 - 1.42"/></term><term lexeme="i2" token="IDENTIFIER"><location begcolumn="43" begline="1" endcolumn="44" endline="1" loc="1.43 - 1.44"/></term><term lexeme=")" token="SYMBOL_RBR"><location begcolumn="45" begline="1" endcolumn="45" endline="1" loc="1.45 - 1.45"/></term><term lexeme="where" token="KEYWORD_WHERE"><location begcolumn="5" begline="2" endcolumn="9" endline="2" loc="2.5 - 2.9"/></term><term lexeme="{" token="SYMBOL_LCBR"><location begcolumn="11" begline="2" endcolumn="11" endline="2" loc="2.11 - 2.11"/></term><term lexeme="var" token="KEYWORD_VAR"><location begcolumn="8" begline="3" endcolumn="10" endline="3" loc="3.8 - 3.10"/></term><term lexeme="i2" token="IDENTIFIER"><location begcolumn="12" begline="3" endcolumn="13" endline="3" loc="3.12 - 3.13"/></term><term lexeme=":" token="SYMBOL_COLON"><location begcolumn="14" begline="3" endcolumn="14" endline="3" loc="3.14 - 3.14"/></term><term lexeme="integer" token="KEYWORD_INT"><location begcolumn="15" begline="3" endcolumn="21" endline="3" loc="3.15 - 3.21"/></term><term lexeme="fun" token="KEYWORD_FUN"><location begcolumn="4" begline="4" endcolumn="6" endline="4" loc="4.4 - 4.6"/></term><term lexeme="f2" token="IDENTIFIER"><location begcolumn="8" begline="4" endcolumn="9" endline="4" loc="4.8 - 4.9"/></term><term lexeme="(" token="SYMBOL_LBR"><location begcolumn="10" begline="4" endcolumn="10" endline="4" loc="4.10 - 4.10"/></term><term lexeme="i2" token="IDENTIFIER"><location begcolumn="11" begline="4" endcolumn="12" endline="4" loc="4.11 - 4.12"/></term><term lexeme=":" token="SYMBOL_COLON"><location begcolumn="13" begline="4" endcolumn="13" endline="4" loc="4.13 - 4.13"/></term><term lexeme="integer" token="KEYWORD_INT"><location begcolumn="14" begline="4" endcolumn="20" endline="4" loc="4.14 - 4.20"/></term><term lexeme=")" token="SYMBOL_RBR"><location begcolumn="21" begline="4" endcolumn="21" endline="4" loc="4.21 - 4.21"/></term><term lexeme=":" token="SYMBOL_COLON"><location begcolumn="22" begline="4" endcolumn="22" endline="4" loc="4.22 - 4.22"/></term><term lexeme="integer" token="KEYWORD_INT"><location begcolumn="23" begline="4" endcolumn="29" endline="4" loc="4.23 - 4.29"/></term><term lexeme="=" token="SYMBOL_EQUALS"><location begcolumn="31" begline="4" endcolumn="31" endline="4" loc="4.31 - 4.31"/></term><term lexeme="i1" token="IDENTIFIER"><location begcolumn="33" begline="4" endcolumn="34" endline="4" loc="4.33 - 4.34"/></term><term lexeme="+" token="SYMBOL_PLUS"><location begcolumn="35" begline="4" endcolumn="35" endline="4" loc="4.35 - 4.35"/></term><term lexeme="i2" token="IDENTIFIER"><location begcolumn="36" begline="4" endcolumn="37" endline="4" loc="4.36 - 4.37"/></term><term lexeme="+" token="SYMBOL_PLUS"><location begcolumn="38" begline="4" endcolumn="38" endline="4" loc="4.38 - 4.38"/></term><term lexeme="f1" token="IDENTIFIER"><location begcolumn="39" begline="4" endcolumn="40" endline="4" loc="4.39 - 4.40"/></term><term lexeme="(" token="SYMBOL_LBR"><location begcolumn="41" begline="4" endcolumn="41" endline="4" loc="4.41 - 4.41"/></term><term lexeme="i1" token="IDENTIFIER"><location begcolumn="42" begline="4" endcolumn="43" endline="4" loc="4.42 - 4.43"/></term><term lexeme=")" token="SYMBOL_RBR"><location begcolumn="44" begline="4" endcolumn="44" endline="4" loc="4.44 - 4.44"/></term><term lexeme="+" token="SYMBOL_PLUS"><location begcolumn="45" begline="4" endcolumn="45" endline="4" loc="4.45 - 4.45"/></term><term lexeme="f2" token="IDENTIFIER"><location begcolumn="46" begline="4" endcolumn="47" endline="4" loc="4.46 - 4.47"/></term><term lexeme="(" token="SYMBOL_LBR"><location begcolumn="48" begline="4" endcolumn="48" endline="4" loc="4.48 - 4.48"/></term><term lexeme="i2" token="IDENTIFIER"><location begcolumn="49" begline="4" endcolumn="50" endline="4" loc="4.49 - 4.50"/></term><term lexeme=")" token="SYMBOL_RBR"><location begcolumn="51" begline="4" endcolumn="51" endline="4" loc="4.51 - 4.51"/></term><term lexeme="+" token="SYMBOL_PLUS"><location begcolumn="52" begline="4" endcolumn="52" endline="4" loc="4.52 - 4.52"/></term><term lexeme="f3" token="IDENTIFIER"><location begcolumn="53" begline="4" endcolumn="54" endline="4" loc="4.53 - 4.54"/></term><term lexeme="(" token="SYMBOL_LBR"><location begcolumn="55" begline="4" endcolumn="55" endline="4" loc="4.55 - 4.55"/></term><term lexeme="i2" token="IDENTIFIER"><location begcolumn="56" begline="4" endcolumn="57" endline="4" loc="4.56 - 4.57"/></term><term lexeme=")" token="SYMBOL_RBR"><location begcolumn="58" begline="4" endcolumn="58" endline="4" loc="4.58 - 4.58"/></term><term lexeme="where" token="KEYWORD_WHERE"><location begcolumn="4" begline="5" endcolumn="8" endline="5" loc="5.4 - 5.8"/></term><term lexeme="{" token="SYMBOL_LCBR"><location begcolumn="10" begline="5" endcolumn="10" endline="5" loc="5.10 - 5.10"/></term><term lexeme="var" token="KEYWORD_VAR"><location begcolumn="5" begline="6" endcolumn="7" endline="6" loc="6.5 - 6.7"/></term><term lexeme="i3" token="IDENTIFIER"><location begcolumn="9" begline="6" endcolumn="10" endline="6" loc="6.9 - 6.10"/></term><term lexeme=":" token="SYMBOL_COLON"><location begcolumn="11" begline="6" endcolumn="11" endline="6" loc="6.11 - 6.11"/></term><term lexeme="integer" token="KEYWORD_INT"><location begcolumn="12" begline="6" endcolumn="18" endline="6" loc="6.12 - 6.18"/></term><term lexeme="fun" token="KEYWORD_FUN"><location begcolumn="3" begline="7" endcolumn="5" endline="7" loc="7.3 - 7.5"/></term><term lexeme="f3" token="IDENTIFIER"><location begcolumn="7" begline="7" endcolumn="8" endline="7" loc="7.7 - 7.8"/></term><term lexeme="(" token="SYMBOL_LBR"><location begcolumn="9" begline="7" endcolumn="9" endline="7" loc="7.9 - 7.9"/></term><term lexeme="i3" token="IDENTIFIER"><location begcolumn="10" begline="7" endcolumn="11" endline="7" loc="7.10 - 7.11"/></term><term lexeme=":" token="SYMBOL_COLON"><location begcolumn="12" begline="7" endcolumn="12" endline="7" loc="7.12 - 7.12"/></term><term lexeme="integer" token="KEYWORD_INT"><location begcolumn="13" begline="7" endcolumn="19" endline="7" loc="7.13 - 7.19"/></term><term lexeme=")" token="SYMBOL_RBR"><location begcolumn="20" begline="7" endcolumn="20" endline="7" loc="7.20 - 7.20"/></term><term lexeme=":" token="SYMBOL_COLON"><location begcolumn="21" begline="7" endcolumn="21" endline="7" loc="7.21 - 7.21"/></term><term lexeme="integer" token="KEYWORD_INT"><location begcolumn="22" begline="7" endcolumn="28" endline="7" loc="7.22 - 7.28"/></term><term lexeme="=" token="SYMBOL_EQUALS"><location begcolumn="30" begline="7" endcolumn="30" endline="7" loc="7.30 - 7.30"/></term><term lexeme="i1" token="IDENTIFIER"><location begcolumn="32" begline="7" endcolumn="33" endline="7" loc="7.32 - 7.33"/></term><term lexeme="+" token="SYMBOL_PLUS"><location begcolumn="34" begline="7" endcolumn="34" endline="7" loc="7.34 - 7.34"/></term><term lexeme="i2" token="IDENTIFIER"><location begcolumn="35" begline="7" endcolumn="36" endline="7" loc="7.35 - 7.36"/></term><term lexeme="+" token="SYMBOL_PLUS"><location begcolumn="37" begline="7" endcolumn="37" endline="7" loc="7.37 - 7.37"/></term><term lexeme="i3" token="IDENTIFIER"><location begcolumn="38" begline="7" endcolumn="39" endline="7" loc="7.38 - 7.39"/></term><term lexeme="+" token="SYMBOL_PLUS"><location begcolumn="40" begline="7" endcolumn="40" endline="7" loc="7.40 - 7.40"/></term><term lexeme="f1" token="IDENTIFIER"><location begcolumn="41" begline="7" endcolumn="42" endline="7" loc="7.41 - 7.42"/></term><term lexeme="(" token="SYMBOL_LBR"><location begcolumn="43" begline="7" endcolumn="43" endline="7" loc="7.43 - 7.43"/></term><term lexeme="i1" token="IDENTIFIER"><location begcolumn="44" begline="7" endcolumn="45" endline="7" loc="7.44 - 7.45"/></term><term lexeme=")" token="SYMBOL_RBR"><location begcolumn="46" begline="7" endcolumn="46" endline="7" loc="7.46 - 7.46"/></term><term lexeme="+" token="SYMBOL_PLUS"><location begcolumn="47" begline="7" endcolumn="47" endline="7" loc="7.47 - 7.47"/></term><term lexeme="f2" token="IDENTIFIER"><location begcolumn="48" begline="7" endcolumn="49" endline="7" loc="7.48 - 7.49"/></term><term lexeme="(" token="SYMBOL_LBR"><location begcolumn="50" begline="7" endcolumn="50" endline="7" loc="7.50 - 7.50"/></term><term lexeme="i2" token="IDENTIFIER"><location begcolumn="51" begline="7" endcolumn="52" endline="7" loc="7.51 - 7.52"/></term><term lexeme=")" token="SYMBOL_RBR"><location begcolumn="53" begline="7" endcolumn="53" endline="7" loc="7.53 - 7.53"/></term><term lexeme="+" token="SYMBOL_PLUS"><location begcolumn="54" begline="7" endcolumn="54" endline="7" loc="7.54 - 7.54"/></term><term lexeme="f3" token="IDENTIFIER"><location begcolumn="55" begline="7" endcolumn="56" endline="7" loc="7.55 - 7.56"/></term><term lexeme="(" token="SYMBOL_LBR"><location begcolumn="57" begline="7" endcolumn="57" endline="7" loc="7.57 - 7.57"/></term><term lexeme="i3" token="IDENTIFIER"><location begcolumn="58" begline="7" endcolumn="59" endline="7" loc="7.58 - 7.59"/></term><term lexeme=")" token="SYMBOL_RBR"><location begcolumn="60" begline="7" endcolumn="60" endline="7" loc="7.60 - 7.60"/></term><term lexeme="}" token="SYMBOL_RCBR"><location begcolumn="4" begline="8" endcolumn="4" endline="8" loc="8.4 - 8.4"/></term><term lexeme="}" token="SYMBOL_RCBR"><location begcolumn="5" begline="9" endcolumn="5" endline="9" loc="9.5 - 9.5"/></term><term lexeme="" token="EOF"/></lexan>