<?xml version="1.0" encoding="UTF-8" standalone="no"?><?xml-stylesheet type="text/xsl" href="../lib/xsl/asmgen.xsl"?><asmgen><code entrylabel="L52" exitlabel="L53" tempsize="0"><frame FP="T0" RV="T1" argssize="0" depth="0" label="_exit" locssize="0" size="16"/><instructions><instruction code="L52"/><instruction code="SETL T18,0"/><instruction code="SET T1,T18"/><instruction code="JMP L53"/></instructions></code><code entrylabel="L54" exitlabel="L55" tempsize="0"><frame FP="T2" RV="T3" argssize="0" depth="0" label="_putChar" locssize="0" size="16"/><instructions><instruction code="L54"/><instruction code="SETL T19,0"/><instruction code="SET T3,T19"/><instruction code="JMP L55"/></instructions></code><code entrylabel="L56" exitlabel="L57" tempsize="0"><frame FP="T4" RV="T5" argssize="0" depth="0" label="_getChar" locssize="0" size="16"/><instructions><instruction code="L56"/><instruction code="SETL T20,0"/><instruction code="SETL T21,256"/><instruction code="DIV T22,T20,T21"/><instruction code="GET T22,rR"/><instruction code="SET T5,T22"/><instruction code="JMP L57"/></instructions></code><code entrylabel="L58" exitlabel="L59" tempsize="0"><frame FP="T6" RV="T7" argssize="16" depth="1" label="L0" locssize="0" size="32"/><instructions><instruction code="L58"/><instruction code="SET T23,T6"/><instruction code="SETL T24,8"/><instruction code="ADD T25,T23,T24"/><instruction code="LDO T25,T25,0"/><instruction code="SETL T26,0"/><instruction code="CMP T463,T25,T26"/><instruction code="ZSZ T462,T463,1"/><instruction code="BNZ T462,L10"/><instruction code="L60"/><instruction code="SET T27,T6"/><instruction code="SETL T28,8"/><instruction code="ADD T29,T27,T28"/><instruction code="LDO T29,T29,0"/><instruction code="SETL T30,10"/><instruction code="DIV T469,T29,T30"/><instruction code="STO T469,$254,8"/><instruction code="LDO T469,T6,0"/><instruction code="STO T469,$254,0"/><instruction code="PUSHJ $100,L0"/><instruction code="LDO T469,$254,0"/><instruction code="LDO T31,T6,0"/><instruction code="LDO T31,T31,0"/><instruction code="SET T32,T6"/><instruction code="SETL T33,8"/><instruction code="ADD T34,T32,T33"/><instruction code="LDO T34,T34,0"/><instruction code="SETL T35,10"/><instruction code="DIV T36,T34,T35"/><instruction code="GET T36,rR"/><instruction code="SETL T37,48"/><instruction code="ADD T38,T36,T37"/><instruction code="SETL T39,256"/><instruction code="DIV T40,T38,T39"/><instruction code="GET T40,rR"/><instruction code="STO T40,$254,8"/><instruction code="STO T31,$254,0"/><instruction code="PUSHJ $100,_putChar"/><instruction code="LDO T41,$254,0"/><instruction code="JMP L12"/><instruction code="L10"/><instruction code="SETL T483,0"/><instruction code="JMP L12"/><instruction code="L11"/><instruction code="SET T27,T6"/><instruction code="SETL T28,8"/><instruction code="ADD T29,T27,T28"/><instruction code="LDO T29,T29,0"/><instruction code="SETL T30,10"/><instruction code="DIV T489,T29,T30"/><instruction code="STO T489,$254,8"/><instruction code="LDO T489,T6,0"/><instruction code="STO T489,$254,0"/><instruction code="PUSHJ $100,L0"/><instruction code="LDO T489,$254,0"/><instruction code="LDO T31,T6,0"/><instruction code="LDO T31,T31,0"/><instruction code="SET T32,T6"/><instruction code="SETL T33,8"/><instruction code="ADD T34,T32,T33"/><instruction code="LDO T34,T34,0"/><instruction code="SETL T35,10"/><instruction code="DIV T36,T34,T35"/><instruction code="GET T36,rR"/><instruction code="SETL T37,48"/><instruction code="ADD T38,T36,T37"/><instruction code="SETL T39,256"/><instruction code="DIV T40,T38,T39"/><instruction code="GET T40,rR"/><instruction code="STO T40,$254,8"/><instruction code="STO T31,$254,0"/><instruction code="PUSHJ $100,_putChar"/><instruction code="LDO T41,$254,0"/><instruction code="JMP L12"/><instruction code="L12"/><instruction code="SETL T42,0"/><instruction code="SET T7,T42"/><instruction code="JMP L59"/></instructions></code><code entrylabel="L61" exitlabel="L62" tempsize="0"><frame FP="T8" RV="T9" argssize="16" depth="0" label="_putInteger" locssize="0" size="32"/><instructions><instruction code="L61"/><instruction code="SET T43,T8"/><instruction code="SETL T44,8"/><instruction code="ADD T45,T43,T44"/><instruction code="LDO T45,T45,0"/><instruction code="SETL T46,0"/><instruction code="CMP T512,T45,T46"/><instruction code="ZSN T511,T512,1"/><instruction code="BNZ T511,L4"/><instruction code="L63"/><instruction code="SETL T513,0"/><instruction code="JMP L6"/><instruction code="L4"/><instruction code="SETL T514,45"/><instruction code="STO T514,$254,8"/><instruction code="LDO T514,T8,0"/><instruction code="STO T514,$254,0"/><instruction code="PUSHJ $100,_putChar"/><instruction code="LDO T514,$254,0"/><instruction code="SET T47,T8"/><instruction code="SETL T48,8"/><instruction code="ADD T49,T47,T48"/><instruction code="SET T50,T8"/><instruction code="SETL T51,8"/><instruction code="ADD T52,T50,T51"/><instruction code="LDO T52,T52,0"/><instruction code="NEG T52,T52"/><instruction code="STO T52,T49,0"/><instruction code="SETL T525,0"/><instruction code="JMP L6"/><instruction code="L5"/><instruction code="SETL T526,0"/><instruction code="JMP L6"/><instruction code="L6"/><instruction code="SET T53,T8"/><instruction code="SETL T54,8"/><instruction code="ADD T55,T53,T54"/><instruction code="LDO T55,T55,0"/><instruction code="SETL T56,0"/><instruction code="CMP T533,T55,T56"/><instruction code="ZSZ T532,T533,1"/><instruction code="BNZ T532,L7"/><instruction code="L64"/><instruction code="SET T57,T8"/><instruction code="SETL T58,8"/><instruction code="ADD T537,T57,T58"/><instruction code="LDO T537,T537,0"/><instruction code="STO T537,$254,8"/><instruction code="STO T8,$254,0"/><instruction code="PUSHJ $100,L0"/><instruction code="LDO T537,$254,0"/><instruction code="JMP L9"/><instruction code="L7"/><instruction code="SETL T538,48"/><instruction code="STO T538,$254,8"/><instruction code="LDO T538,T8,0"/><instruction code="STO T538,$254,0"/><instruction code="PUSHJ $100,_putChar"/><instruction code="LDO T538,$254,0"/><instruction code="JMP L9"/><instruction code="L8"/><instruction code="SET T57,T8"/><instruction code="SETL T58,8"/><instruction code="ADD T542,T57,T58"/><instruction code="LDO T542,T542,0"/><instruction code="STO T542,$254,8"/><instruction code="STO T8,$254,0"/><instruction code="PUSHJ $100,L0"/><instruction code="LDO T542,$254,0"/><instruction code="JMP L9"/><instruction code="L9"/><instruction code="SETL T59,0"/><instruction code="SET T9,T59"/><instruction code="JMP L62"/></instructions></code><code entrylabel="L65" exitlabel="L66" tempsize="0"><frame FP="T10" RV="T11" argssize="8" depth="0" label="_getInteger" locssize="24" size="48"/><instructions><instruction code="L65"/><instruction code="SET T60,T10"/><instruction code="SETL T61,8"/><instruction code="NEG  T61,T61"/><instruction code="ADD T62,T60,T61"/><instruction code="SETL T63,1"/><instruction code="STO T63,T62,0"/><instruction code="SET T64,T10"/><instruction code="SETL T65,16"/><instruction code="NEG  T65,T65"/><instruction code="ADD T66,T64,T65"/><instruction code="SETL T67,0"/><instruction code="STO T67,T66,0"/><instruction code="SET T68,T10"/><instruction code="SETL T69,24"/><instruction code="NEG  T69,T69"/><instruction code="ADD T70,T68,T69"/><instruction code="LDO T71,T10,0"/><instruction code="STO T71,$254,0"/><instruction code="PUSHJ $100,_getChar"/><instruction code="LDO T72,$254,0"/><instruction code="SET T73,T72"/><instruction code="STO T73,T70,0"/><instruction code="SET T74,T10"/><instruction code="SETL T75,24"/><instruction code="NEG  T75,T75"/><instruction code="ADD T76,T74,T75"/><instruction code="LDO T76,T76,0"/><instruction code="SETL T77,43"/><instruction code="CMP T576,T76,T77"/><instruction code="ZSZ T575,T576,1"/><instruction code="BNZ T575,L19"/><instruction code="L67"/><instruction code="SET T86,T10"/><instruction code="SETL T87,24"/><instruction code="NEG  T87,T87"/><instruction code="ADD T88,T86,T87"/><instruction code="LDO T88,T88,0"/><instruction code="SETL T89,45"/><instruction code="CMP T583,T88,T89"/><instruction code="ZSZ T582,T583,1"/><instruction code="BNZ T582,L16"/><instruction code="L19"/><instruction code="SET T78,T10"/><instruction code="SETL T79,8"/><instruction code="NEG  T79,T79"/><instruction code="ADD T80,T78,T79"/><instruction code="SETL T81,1"/><instruction code="STO T81,T80,0"/><instruction code="SET T82,T10"/><instruction code="SETL T83,24"/><instruction code="NEG  T83,T83"/><instruction code="ADD T84,T82,T83"/><instruction code="SETL T85,48"/><instruction code="STO T85,T84,0"/><instruction code="SETL T598,0"/><instruction code="JMP L21"/><instruction code="L20"/><instruction code="SET T86,T10"/><instruction code="SETL T87,24"/><instruction code="NEG  T87,T87"/><instruction code="ADD T88,T86,T87"/><instruction code="LDO T88,T88,0"/><instruction code="SETL T89,45"/><instruction code="CMP T605,T88,T89"/><instruction code="ZSZ T604,T605,1"/><instruction code="BNZ T604,L16"/><instruction code="L68"/><instruction code="SET T98,T10"/><instruction code="SETL T99,24"/><instruction code="NEG  T99,T99"/><instruction code="ADD T100,T98,T99"/><instruction code="LDO T100,T100,0"/><instruction code="SETL T101,48"/><instruction code="CMP T612,T100,T101"/><instruction code="ZSN T102,T612,1"/><instruction code="SET T103,T10"/><instruction code="SETL T104,24"/><instruction code="NEG  T104,T104"/><instruction code="ADD T105,T103,T104"/><instruction code="LDO T105,T105,0"/><instruction code="SETL T106,57"/><instruction code="CMP T619,T105,T106"/><instruction code="ZSP T107,T619,1"/><instruction code="OR T620,T102,T107"/><instruction code="BNZ T620,L13"/><instruction code="L16"/><instruction code="SET T90,T10"/><instruction code="SETL T91,8"/><instruction code="NEG  T91,T91"/><instruction code="ADD T92,T90,T91"/><instruction code="SETL T93,1"/><instruction code="NEG T93,T93"/><instruction code="STO T93,T92,0"/><instruction code="SET T94,T10"/><instruction code="SETL T95,24"/><instruction code="NEG  T95,T95"/><instruction code="ADD T96,T94,T95"/><instruction code="SETL T97,48"/><instruction code="STO T97,T96,0"/><instruction code="SETL T635,0"/><instruction code="JMP L18"/><instruction code="L17"/><instruction code="SET T98,T10"/><instruction code="SETL T99,24"/><instruction code="NEG  T99,T99"/><instruction code="ADD T100,T98,T99"/><instruction code="LDO T100,T100,0"/><instruction code="SETL T101,48"/><instruction code="CMP T642,T100,T101"/><instruction code="ZSN T102,T642,1"/><instruction code="SET T103,T10"/><instruction code="SETL T104,24"/><instruction code="NEG  T104,T104"/><instruction code="ADD T105,T103,T104"/><instruction code="LDO T105,T105,0"/><instruction code="SETL T106,57"/><instruction code="CMP T649,T105,T106"/><instruction code="ZSP T107,T649,1"/><instruction code="OR T650,T102,T107"/><instruction code="BNZ T650,L13"/><instruction code="L69"/><instruction code="SETL T651,0"/><instruction code="JMP L15"/><instruction code="L13"/><instruction code="LDO T652,T10,0"/><instruction code="STO T652,$254,0"/><instruction code="PUSHJ $100,_exit"/><instruction code="LDO T652,$254,0"/><instruction code="JMP L15"/><instruction code="L14"/><instruction code="SETL T653,0"/><instruction code="JMP L15"/><instruction code="L15"/><instruction code="JMP L18"/><instruction code="L18"/><instruction code="JMP L21"/><instruction code="L21"/><instruction code="JMP L22"/><instruction code="L22"/><instruction code="SETL T108,48"/><instruction code="SET T109,T10"/><instruction code="SETL T110,24"/><instruction code="NEG  T110,T110"/><instruction code="ADD T111,T109,T110"/><instruction code="LDO T111,T111,0"/><instruction code="CMP T660,T108,T111"/><instruction code="ZSNP T112,T660,1"/><instruction code="SET T113,T10"/><instruction code="SETL T114,24"/><instruction code="NEG  T114,T114"/><instruction code="ADD T115,T113,T114"/><instruction code="LDO T115,T115,0"/><instruction code="SETL T116,57"/><instruction code="CMP T667,T115,T116"/><instruction code="ZSNP T117,T667,1"/><instruction code="AND T668,T112,T117"/><instruction code="BNZ T668,L23"/><instruction code="L70"/><instruction code="SET T138,T10"/><instruction code="SETL T139,24"/><instruction code="NEG  T139,T139"/><instruction code="ADD T140,T138,T139"/><instruction code="LDO T140,T140,0"/><instruction code="SETL T141,10"/><instruction code="SETL T142,256"/><instruction code="DIV T143,T141,T142"/><instruction code="GET T143,rR"/><instruction code="CMP T677,T140,T143"/><instruction code="ZSNZ T676,T677,1"/><instruction code="BNZ T676,L25"/><instruction code="L23"/><instruction code="SET T118,T10"/><instruction code="SETL T119,16"/><instruction code="NEG  T119,T119"/><instruction code="ADD T120,T118,T119"/><instruction code="SET T121,T10"/><instruction code="SETL T122,16"/><instruction code="NEG  T122,T122"/><instruction code="ADD T123,T121,T122"/><instruction code="LDO T123,T123,0"/><instruction code="SETL T124,10"/><instruction code="MUL T125,T123,T124"/><instruction code="SET T126,T10"/><instruction code="SETL T127,24"/><instruction code="NEG  T127,T127"/><instruction code="ADD T128,T126,T127"/><instruction code="LDO T128,T128,0"/><instruction code="SETL T129,48"/><instruction code="SUB T130,T128,T129"/><instruction code="ADD T131,T125,T130"/><instruction code="STO T131,T120,0"/><instruction code="SET T132,T10"/><instruction code="SETL T133,24"/><instruction code="NEG  T133,T133"/><instruction code="ADD T134,T132,T133"/><instruction code="LDO T135,T10,0"/><instruction code="STO T135,$254,0"/><instruction code="PUSHJ $100,_getChar"/><instruction code="LDO T136,$254,0"/><instruction code="SET T137,T136"/><instruction code="STO T137,T134,0"/><instruction code="SETL T707,0"/><instruction code="JMP L22"/><instruction code="L24"/><instruction code="SET T138,T10"/><instruction code="SETL T139,24"/><instruction code="NEG  T139,T139"/><instruction code="ADD T140,T138,T139"/><instruction code="LDO T140,T140,0"/><instruction code="SETL T141,10"/><instruction code="SETL T142,256"/><instruction code="DIV T143,T141,T142"/><instruction code="GET T143,rR"/><instruction code="CMP T716,T140,T143"/><instruction code="ZSNZ T715,T716,1"/><instruction code="BNZ T715,L25"/><instruction code="L71"/><instruction code="SETL T717,0"/><instruction code="JMP L27"/><instruction code="L25"/><instruction code="LDO T718,T10,0"/><instruction code="STO T718,$254,0"/><instruction code="PUSHJ $100,_exit"/><instruction code="LDO T718,$254,0"/><instruction code="JMP L27"/><instruction code="L26"/><instruction code="SETL T719,0"/><instruction code="JMP L27"/><instruction code="L27"/><instruction code="SET T144,T10"/><instruction code="SETL T145,8"/><instruction code="NEG  T145,T145"/><instruction code="ADD T146,T144,T145"/><instruction code="LDO T146,T146,0"/><instruction code="SET T147,T10"/><instruction code="SETL T148,16"/><instruction code="NEG  T148,T148"/><instruction code="ADD T149,T147,T148"/><instruction code="LDO T149,T149,0"/><instruction code="MUL T150,T146,T149"/><instruction code="SET T11,T150"/><instruction code="JMP L66"/></instructions></code><code entrylabel="L72" exitlabel="L73" tempsize="0"><frame FP="T12" RV="T13" argssize="16" depth="0" label="_putString" locssize="8" size="40"/><instructions><instruction code="L72"/><instruction code="SET T151,T12"/><instruction code="SETL T152,8"/><instruction code="NEG  T152,T152"/><instruction code="ADD T153,T151,T152"/><instruction code="SETL T154,0"/><instruction code="STO T154,T153,0"/><instruction code="JMP L28"/><instruction code="L28"/><instruction code="SET T155,T12"/><instruction code="SETL T156,8"/><instruction code="ADD T157,T155,T156"/><instruction code="LDO T157,T157,0"/><instruction code="SET T158,T12"/><instruction code="SETL T159,8"/><instruction code="NEG  T159,T159"/><instruction code="ADD T160,T158,T159"/><instruction code="LDO T160,T160,0"/><instruction code="SETL T161,8"/><instruction code="MUL T162,T160,T161"/><instruction code="ADD T163,T157,T162"/><instruction code="LDO T163,T163,0"/><instruction code="SETL T164,0"/><instruction code="SETL T165,256"/><instruction code="DIV T166,T164,T165"/><instruction code="GET T166,rR"/><instruction code="CMP T753,T163,T166"/><instruction code="ZSNZ T752,T753,1"/><instruction code="BNZ T752,L29"/><instruction code="L74"/><instruction code="SETL T183,0"/><instruction code="SET T13,T183"/><instruction code="JMP L73"/><instruction code="L29"/><instruction code="SET T167,T12"/><instruction code="SETL T168,8"/><instruction code="ADD T169,T167,T168"/><instruction code="LDO T169,T169,0"/><instruction code="SET T170,T12"/><instruction code="SETL T171,8"/><instruction code="NEG  T171,T171"/><instruction code="ADD T172,T170,T171"/><instruction code="LDO T172,T172,0"/><instruction code="SETL T173,8"/><instruction code="MUL T174,T172,T173"/><instruction code="ADD T767,T169,T174"/><instruction code="LDO T767,T767,0"/><instruction code="STO T767,$254,8"/><instruction code="LDO T767,T12,0"/><instruction code="STO T767,$254,0"/><instruction code="PUSHJ $100,_putChar"/><instruction code="LDO T767,$254,0"/><instruction code="SET T175,T12"/><instruction code="SETL T176,8"/><instruction code="NEG  T176,T176"/><instruction code="ADD T177,T175,T176"/><instruction code="SET T178,T12"/><instruction code="SETL T179,8"/><instruction code="NEG  T179,T179"/><instruction code="ADD T180,T178,T179"/><instruction code="LDO T180,T180,0"/><instruction code="SETL T181,1"/><instruction code="ADD T182,T180,T181"/><instruction code="STO T182,T177,0"/><instruction code="SETL T780,0"/><instruction code="JMP L28"/><instruction code="L30"/><instruction code="SETL T183,0"/><instruction code="SET T13,T183"/><instruction code="JMP L73"/></instructions></code><code entrylabel="L75" exitlabel="L76" tempsize="0"><frame FP="T14" RV="T15" argssize="16" depth="1" label="L3" locssize="40" size="72"/><instructions><instruction code="L75"/><instruction code="SET T184,T14"/><instruction code="SETL T185,8"/><instruction code="ADD T186,T184,T185"/><instruction code="LDO T186,T186,0"/><instruction code="LDO T187,T14,0"/><instruction code="SETL T188,8"/><instruction code="NEG  T188,T188"/><instruction code="ADD T189,T187,T188"/><instruction code="LDO T189,T189,0"/><instruction code="CMP T792,T186,T189"/><instruction code="ZSZ T791,T792,1"/><instruction code="BNZ T791,L49"/><instruction code="L77"/><instruction code="SET T258,T14"/><instruction code="SETL T259,40"/><instruction code="NEG  T259,T259"/><instruction code="ADD T260,T258,T259"/><instruction code="SETL T261,0"/><instruction code="STO T261,T260,0"/><instruction code="SET T262,T14"/><instruction code="SETL T263,24"/><instruction code="NEG  T263,T263"/><instruction code="ADD T264,T262,T263"/><instruction code="SETL T265,0"/><instruction code="STO T265,T264,0"/><instruction code="JMP L46"/><instruction code="L49"/><instruction code="LDA T807,L2"/><instruction code="STO T807,$254,8"/><instruction code="LDO T807,T14,0"/><instruction code="LDO T807,T807,0"/><instruction code="STO T807,$254,0"/><instruction code="PUSHJ $100,_putString"/><instruction code="LDO T807,$254,0"/><instruction code="SETL T190,10"/><instruction code="SETL T191,256"/><instruction code="DIV T810,T190,T191"/><instruction code="GET T810,rR"/><instruction code="STO T810,$254,8"/><instruction code="LDO T810,T14,0"/><instruction code="LDO T810,T810,0"/><instruction code="STO T810,$254,0"/><instruction code="PUSHJ $100,_putChar"/><instruction code="LDO T810,$254,0"/><instruction code="SET T192,T14"/><instruction code="SETL T193,24"/><instruction code="NEG  T193,T193"/><instruction code="ADD T194,T192,T193"/><instruction code="SETL T195,0"/><instruction code="STO T195,T194,0"/><instruction code="JMP L37"/><instruction code="L37"/><instruction code="SET T196,T14"/><instruction code="SETL T197,24"/><instruction code="NEG  T197,T197"/><instruction code="ADD T198,T196,T197"/><instruction code="LDO T198,T198,0"/><instruction code="LDO T199,T14,0"/><instruction code="SETL T200,8"/><instruction code="NEG  T200,T200"/><instruction code="ADD T201,T199,T200"/><instruction code="LDO T201,T201,0"/><instruction code="CMP T826,T198,T201"/><instruction code="ZSN T825,T826,1"/><instruction code="BNZ T825,L38"/><instruction code="L78"/><instruction code="SETL T252,10"/><instruction code="SETL T253,256"/><instruction code="DIV T829,T252,T253"/><instruction code="GET T829,rR"/><instruction code="STO T829,$254,8"/><instruction code="LDO T829,T14,0"/><instruction code="LDO T829,T829,0"/><instruction code="STO T829,$254,0"/><instruction code="PUSHJ $100,_putChar"/><instruction code="LDO T829,$254,0"/><instruction code="SET T254,T14"/><instruction code="SETL T255,40"/><instruction code="NEG  T255,T255"/><instruction code="ADD T256,T254,T255"/><instruction code="SETL T257,1"/><instruction code="STO T257,T256,0"/><instruction code="SETL T837,0"/><instruction code="JMP L51"/><instruction code="L38"/><instruction code="SET T202,T14"/><instruction code="SETL T203,8"/><instruction code="ADD T204,T202,T203"/><instruction code="SETL T205,0"/><instruction code="STO T205,T204,0"/><instruction code="JMP L34"/><instruction code="L34"/><instruction code="SET T206,T14"/><instruction code="SETL T207,8"/><instruction code="ADD T208,T206,T207"/><instruction code="LDO T208,T208,0"/><instruction code="LDO T209,T14,0"/><instruction code="SETL T210,8"/><instruction code="NEG  T210,T210"/><instruction code="ADD T211,T209,T210"/><instruction code="LDO T211,T211,0"/><instruction code="CMP T853,T208,T211"/><instruction code="ZSN T852,T853,1"/><instruction code="BNZ T852,L35"/><instruction code="L79"/><instruction code="SETL T242,10"/><instruction code="SETL T243,256"/><instruction code="DIV T856,T242,T243"/><instruction code="GET T856,rR"/><instruction code="STO T856,$254,8"/><instruction code="LDO T856,T14,0"/><instruction code="LDO T856,T856,0"/><instruction code="STO T856,$254,0"/><instruction code="PUSHJ $100,_putChar"/><instruction code="LDO T856,$254,0"/><instruction code="SET T244,T14"/><instruction code="SETL T245,24"/><instruction code="NEG  T245,T245"/><instruction code="ADD T246,T244,T245"/><instruction code="SET T247,T14"/><instruction code="SETL T248,24"/><instruction code="NEG  T248,T248"/><instruction code="ADD T249,T247,T248"/><instruction code="LDO T249,T249,0"/><instruction code="SETL T250,1"/><instruction code="ADD T251,T249,T250"/><instruction code="STO T251,T246,0"/><instruction code="SETL T869,0"/><instruction code="JMP L37"/><instruction code="L35"/><instruction code="LDO T212,T14,0"/><instruction code="SETL T213,264"/><instruction code="NEG  T213,T213"/><instruction code="ADD T214,T212,T213"/><instruction code="SET T215,T14"/><instruction code="SETL T216,8"/><instruction code="ADD T217,T215,T216"/><instruction code="LDO T217,T217,0"/><instruction code="SETL T218,8"/><instruction code="MUL T219,T217,T218"/><instruction code="ADD T220,T214,T219"/><instruction code="LDO T220,T220,0"/><instruction code="SET T221,T14"/><instruction code="SETL T222,24"/><instruction code="NEG  T222,T222"/><instruction code="ADD T223,T221,T222"/><instruction code="LDO T223,T223,0"/><instruction code="CMP T885,T220,T223"/><instruction code="ZSZ T884,T885,1"/><instruction code="BNZ T884,L31"/><instruction code="L80"/><instruction code="SET T228,T14"/><instruction code="SETL T229,8"/><instruction code="NEG  T229,T229"/><instruction code="ADD T230,T228,T229"/><instruction code="SETL T231,46"/><instruction code="STO T231,T230,0"/><instruction code="JMP L33"/><instruction code="L31"/><instruction code="SET T224,T14"/><instruction code="SETL T225,8"/><instruction code="NEG  T225,T225"/><instruction code="ADD T226,T224,T225"/><instruction code="SETL T227,79"/><instruction code="STO T227,T226,0"/><instruction code="JMP L33"/><instruction code="L32"/><instruction code="SET T228,T14"/><instruction code="SETL T229,8"/><instruction code="NEG  T229,T229"/><instruction code="ADD T230,T228,T229"/><instruction code="SETL T231,46"/><instruction code="STO T231,T230,0"/><instruction code="JMP L33"/><instruction code="L33"/><instruction code="SET T232,T14"/><instruction code="SETL T233,8"/><instruction code="NEG  T233,T233"/><instruction code="ADD T910,T232,T233"/><instruction code="LDO T910,T910,0"/><instruction code="STO T910,$254,8"/><instruction code="LDO T910,T14,0"/><instruction code="LDO T910,T910,0"/><instruction code="STO T910,$254,0"/><instruction code="PUSHJ $100,_putChar"/><instruction code="LDO T910,$254,0"/><instruction code="SET T234,T14"/><instruction code="SETL T235,8"/><instruction code="ADD T236,T234,T235"/><instruction code="SET T237,T14"/><instruction code="SETL T238,8"/><instruction code="ADD T239,T237,T238"/><instruction code="LDO T239,T239,0"/><instruction code="SETL T240,1"/><instruction code="ADD T241,T239,T240"/><instruction code="STO T241,T236,0"/><instruction code="SETL T923,0"/><instruction code="JMP L34"/><instruction code="L36"/><instruction code="SETL T242,10"/><instruction code="SETL T243,256"/><instruction code="DIV T926,T242,T243"/><instruction code="GET T926,rR"/><instruction code="STO T926,$254,8"/><instruction code="LDO T926,T14,0"/><instruction code="LDO T926,T926,0"/><instruction code="STO T926,$254,0"/><instruction code="PUSHJ $100,_putChar"/><instruction code="LDO T926,$254,0"/><instruction code="SET T244,T14"/><instruction code="SETL T245,24"/><instruction code="NEG  T245,T245"/><instruction code="ADD T246,T244,T245"/><instruction code="SET T247,T14"/><instruction code="SETL T248,24"/><instruction code="NEG  T248,T248"/><instruction code="ADD T249,T247,T248"/><instruction code="LDO T249,T249,0"/><instruction code="SETL T250,1"/><instruction code="ADD T251,T249,T250"/><instruction code="STO T251,T246,0"/><instruction code="SETL T939,0"/><instruction code="JMP L37"/><instruction code="L39"/><instruction code="SETL T252,10"/><instruction code="SETL T253,256"/><instruction code="DIV T942,T252,T253"/><instruction code="GET T942,rR"/><instruction code="STO T942,$254,8"/><instruction code="LDO T942,T14,0"/><instruction code="LDO T942,T942,0"/><instruction code="STO T942,$254,0"/><instruction code="PUSHJ $100,_putChar"/><instruction code="LDO T942,$254,0"/><instruction code="SET T254,T14"/><instruction code="SETL T255,40"/><instruction code="NEG  T255,T255"/><instruction code="ADD T256,T254,T255"/><instruction code="SETL T257,1"/><instruction code="STO T257,T256,0"/><instruction code="SETL T950,0"/><instruction code="JMP L51"/><instruction code="L50"/><instruction code="SET T258,T14"/><instruction code="SETL T259,40"/><instruction code="NEG  T259,T259"/><instruction code="ADD T260,T258,T259"/><instruction code="SETL T261,0"/><instruction code="STO T261,T260,0"/><instruction code="SET T262,T14"/><instruction code="SETL T263,24"/><instruction code="NEG  T263,T263"/><instruction code="ADD T264,T262,T263"/><instruction code="SETL T265,0"/><instruction code="STO T265,T264,0"/><instruction code="JMP L46"/><instruction code="L46"/><instruction code="SET T266,T14"/><instruction code="SETL T267,24"/><instruction code="NEG  T267,T267"/><instruction code="ADD T268,T266,T267"/><instruction code="LDO T268,T268,0"/><instruction code="LDO T269,T14,0"/><instruction code="SETL T270,8"/><instruction code="NEG  T270,T270"/><instruction code="ADD T271,T269,T270"/><instruction code="LDO T271,T271,0"/><instruction code="CMP T973,T268,T271"/><instruction code="ZSN T972,T973,1"/><instruction code="BNZ T972,L47"/><instruction code="L81"/><instruction code="SETL T974,0"/><instruction code="JMP L51"/><instruction code="L47"/><instruction code="LDO T272,T14,0"/><instruction code="SETL T273,264"/><instruction code="NEG  T273,T273"/><instruction code="ADD T274,T272,T273"/><instruction code="SET T275,T14"/><instruction code="SETL T276,8"/><instruction code="ADD T277,T275,T276"/><instruction code="LDO T277,T277,0"/><instruction code="SETL T278,8"/><instruction code="MUL T279,T277,T278"/><instruction code="ADD T280,T274,T279"/><instruction code="SET T281,T14"/><instruction code="SETL T282,24"/><instruction code="NEG  T282,T282"/><instruction code="ADD T283,T281,T282"/><instruction code="LDO T283,T283,0"/><instruction code="STO T283,T280,0"/><instruction code="SET T284,T14"/><instruction code="SETL T285,32"/><instruction code="NEG  T285,T285"/><instruction code="ADD T286,T284,T285"/><instruction code="SETL T287,1"/><instruction code="STO T287,T286,0"/><instruction code="SET T288,T14"/><instruction code="SETL T289,16"/><instruction code="NEG  T289,T289"/><instruction code="ADD T290,T288,T289"/><instruction code="SETL T291,0"/><instruction code="STO T291,T290,0"/><instruction code="JMP L40"/><instruction code="L40"/><instruction code="SET T292,T14"/><instruction code="SETL T293,16"/><instruction code="NEG  T293,T293"/><instruction code="ADD T294,T292,T293"/><instruction code="LDO T294,T294,0"/><instruction code="SET T295,T14"/><instruction code="SETL T296,8"/><instruction code="ADD T297,T295,T296"/><instruction code="LDO T297,T297,0"/><instruction code="CMP T1014,T294,T297"/><instruction code="ZSN T1013,T1014,1"/><instruction code="BNZ T1013,L41"/><instruction code="L82"/><instruction code="SETL T1015,0"/><instruction code="SET T400,T14"/><instruction code="SETL T401,32"/><instruction code="NEG  T401,T401"/><instruction code="ADD T1019,T400,T401"/><instruction code="LDO T1019,T1019,0"/><instruction code="BNZ T1019,L43"/><instruction code="L41"/><instruction code="SET T298,T14"/><instruction code="SETL T299,32"/><instruction code="NEG  T299,T299"/><instruction code="ADD T300,T298,T299"/><instruction code="SET T301,T14"/><instruction code="SETL T302,32"/><instruction code="NEG  T302,T302"/><instruction code="ADD T303,T301,T302"/><instruction code="LDO T303,T303,0"/><instruction code="LDO T304,T14,0"/><instruction code="SETL T305,264"/><instruction code="NEG  T305,T305"/><instruction code="ADD T306,T304,T305"/><instruction code="SET T307,T14"/><instruction code="SETL T308,16"/><instruction code="NEG  T308,T308"/><instruction code="ADD T309,T307,T308"/><instruction code="LDO T309,T309,0"/><instruction code="SETL T310,8"/><instruction code="MUL T311,T309,T310"/><instruction code="ADD T312,T306,T311"/><instruction code="LDO T312,T312,0"/><instruction code="LDO T313,T14,0"/><instruction code="SETL T314,264"/><instruction code="NEG  T314,T314"/><instruction code="ADD T315,T313,T314"/><instruction code="SET T316,T14"/><instruction code="SETL T317,8"/><instruction code="ADD T318,T316,T317"/><instruction code="LDO T318,T318,0"/><instruction code="SETL T319,8"/><instruction code="MUL T320,T318,T319"/><instruction code="ADD T321,T315,T320"/><instruction code="LDO T321,T321,0"/><instruction code="CMP T1049,T312,T321"/><instruction code="ZSNZ T322,T1049,1"/><instruction code="AND T323,T303,T322"/><instruction code="STO T323,T300,0"/><instruction code="SET T324,T14"/><instruction code="SETL T325,32"/><instruction code="NEG  T325,T325"/><instruction code="ADD T326,T324,T325"/><instruction code="SET T327,T14"/><instruction code="SETL T328,32"/><instruction code="NEG  T328,T328"/><instruction code="ADD T329,T327,T328"/><instruction code="LDO T329,T329,0"/><instruction code="LDO T330,T14,0"/><instruction code="SETL T331,264"/><instruction code="NEG  T331,T331"/><instruction code="ADD T332,T330,T331"/><instruction code="SET T333,T14"/><instruction code="SETL T334,16"/><instruction code="NEG  T334,T334"/><instruction code="ADD T335,T333,T334"/><instruction code="LDO T335,T335,0"/><instruction code="SETL T336,8"/><instruction code="MUL T337,T335,T336"/><instruction code="ADD T338,T332,T337"/><instruction code="LDO T338,T338,0"/><instruction code="LDO T339,T14,0"/><instruction code="SETL T340,264"/><instruction code="NEG  T340,T340"/><instruction code="ADD T341,T339,T340"/><instruction code="SET T342,T14"/><instruction code="SETL T343,8"/><instruction code="ADD T344,T342,T343"/><instruction code="LDO T344,T344,0"/><instruction code="SETL T345,8"/><instruction code="MUL T346,T344,T345"/><instruction code="ADD T347,T341,T346"/><instruction code="LDO T347,T347,0"/><instruction code="SUB T348,T338,T347"/><instruction code="SET T349,T14"/><instruction code="SETL T350,16"/><instruction code="NEG  T350,T350"/><instruction code="ADD T351,T349,T350"/><instruction code="LDO T351,T351,0"/><instruction code="SET T352,T14"/><instruction code="SETL T353,8"/><instruction code="ADD T354,T352,T353"/><instruction code="LDO T354,T354,0"/><instruction code="SUB T355,T351,T354"/><instruction code="CMP T1092,T348,T355"/><instruction code="ZSNZ T356,T1092,1"/><instruction code="AND T357,T329,T356"/><instruction code="STO T357,T326,0"/><instruction code="SET T358,T14"/><instruction code="SETL T359,32"/><instruction code="NEG  T359,T359"/><instruction code="ADD T360,T358,T359"/><instruction code="SET T361,T14"/><instruction code="SETL T362,32"/><instruction code="NEG  T362,T362"/><instruction code="ADD T363,T361,T362"/><instruction code="LDO T363,T363,0"/><instruction code="LDO T364,T14,0"/><instruction code="SETL T365,264"/><instruction code="NEG  T365,T365"/><instruction code="ADD T366,T364,T365"/><instruction code="SET T367,T14"/><instruction code="SETL T368,16"/><instruction code="NEG  T368,T368"/><instruction code="ADD T369,T367,T368"/><instruction code="LDO T369,T369,0"/><instruction code="SETL T370,8"/><instruction code="MUL T371,T369,T370"/><instruction code="ADD T372,T366,T371"/><instruction code="LDO T372,T372,0"/><instruction code="LDO T373,T14,0"/><instruction code="SETL T374,264"/><instruction code="NEG  T374,T374"/><instruction code="ADD T375,T373,T374"/><instruction code="SET T376,T14"/><instruction code="SETL T377,8"/><instruction code="ADD T378,T376,T377"/><instruction code="LDO T378,T378,0"/><instruction code="SETL T379,8"/><instruction code="MUL T380,T378,T379"/><instruction code="ADD T381,T375,T380"/><instruction code="LDO T381,T381,0"/><instruction code="SUB T382,T372,T381"/><instruction code="SET T383,T14"/><instruction code="SETL T384,8"/><instruction code="ADD T385,T383,T384"/><instruction code="LDO T385,T385,0"/><instruction code="SET T386,T14"/><instruction code="SETL T387,16"/><instruction code="NEG  T387,T387"/><instruction code="ADD T388,T386,T387"/><instruction code="LDO T388,T388,0"/><instruction code="SUB T389,T385,T388"/><instruction code="CMP T1135,T382,T389"/><instruction code="ZSNZ T390,T1135,1"/><instruction code="AND T391,T363,T390"/><instruction code="STO T391,T360,0"/><instruction code="SET T392,T14"/><instruction code="SETL T393,16"/><instruction code="NEG  T393,T393"/><instruction code="ADD T394,T392,T393"/><instruction code="SET T395,T14"/><instruction code="SETL T396,16"/><instruction code="NEG  T396,T396"/><instruction code="ADD T397,T395,T396"/><instruction code="LDO T397,T397,0"/><instruction code="SETL T398,1"/><instruction code="ADD T399,T397,T398"/><instruction code="STO T399,T394,0"/><instruction code="SETL T1151,0"/><instruction code="JMP L40"/><instruction code="L42"/><instruction code="SETL T1152,0"/><instruction code="SET T400,T14"/><instruction code="SETL T401,32"/><instruction code="NEG  T401,T401"/><instruction code="ADD T1156,T400,T401"/><instruction code="LDO T1156,T1156,0"/><instruction code="BNZ T1156,L43"/><instruction code="L83"/><instruction code="SETL T1157,0"/><instruction code="JMP L45"/><instruction code="L43"/><instruction code="SET T402,T14"/><instruction code="SETL T403,40"/><instruction code="NEG  T403,T403"/><instruction code="ADD T404,T402,T403"/><instruction code="SET T405,T14"/><instruction code="SETL T406,40"/><instruction code="NEG  T406,T406"/><instruction code="ADD T407,T405,T406"/><instruction code="LDO T407,T407,0"/><instruction code="LDO T408,T14,0"/><instruction code="SET T409,T14"/><instruction code="SETL T410,8"/><instruction code="ADD T411,T409,T410"/><instruction code="LDO T411,T411,0"/><instruction code="SETL T412,1"/><instruction code="ADD T413,T411,T412"/><instruction code="STO T413,$254,8"/><instruction code="STO T408,$254,0"/><instruction code="PUSHJ $100,L3"/><instruction code="LDO T414,$254,0"/><instruction code="SET T415,T414"/><instruction code="ADD T416,T407,T415"/><instruction code="STO T416,T404,0"/><instruction code="JMP L45"/><instruction code="L44"/><instruction code="SETL T1179,0"/><instruction code="JMP L45"/><instruction code="L45"/><instruction code="SET T417,T14"/><instruction code="SETL T418,24"/><instruction code="NEG  T418,T418"/><instruction code="ADD T419,T417,T418"/><instruction code="SET T420,T14"/><instruction code="SETL T421,24"/><instruction code="NEG  T421,T421"/><instruction code="ADD T422,T420,T421"/><instruction code="LDO T422,T422,0"/><instruction code="SETL T423,1"/><instruction code="ADD T424,T422,T423"/><instruction code="STO T424,T419,0"/><instruction code="SETL T1192,0"/><instruction code="JMP L46"/><instruction code="L48"/><instruction code="SETL T1193,0"/><instruction code="JMP L51"/><instruction code="L51"/><instruction code="SET T425,T14"/><instruction code="SETL T426,40"/><instruction code="NEG  T426,T426"/><instruction code="ADD T427,T425,T426"/><instruction code="LDO T427,T427,0"/><instruction code="SET T15,T427"/><instruction code="JMP L76"/></instructions></code><code entrylabel="L84" exitlabel="L85" tempsize="0"><frame FP="T16" RV="T17" argssize="16" depth="0" label="_main" locssize="264" size="296"/><instructions><instruction code="L84"/><instruction code="SET T428,T16"/><instruction code="SETL T429,8"/><instruction code="NEG  T429,T429"/><instruction code="ADD T430,T428,T429"/><instruction code="SETL T431,8"/><instruction code="STO T431,T430,0"/><instruction code="SET T432,T16"/><instruction code="SETL T433,8"/><instruction code="NEG  T433,T433"/><instruction code="ADD T434,T432,T433"/><instruction code="SET T435,T16"/><instruction code="SETL T436,0"/><instruction code="STO T436,$254,8"/><instruction code="STO T435,$254,0"/><instruction code="PUSHJ $100,L3"/><instruction code="LDO T437,$254,0"/><instruction code="SET T438,T437"/><instruction code="STO T438,T434,0"/><instruction code="LDA T1219,L1"/><instruction code="STO T1219,$254,8"/><instruction code="LDO T1219,T16,0"/><instruction code="STO T1219,$254,0"/><instruction code="PUSHJ $100,_putString"/><instruction code="LDO T1219,$254,0"/><instruction code="SET T439,T16"/><instruction code="SETL T440,8"/><instruction code="NEG  T440,T440"/><instruction code="ADD T1223,T439,T440"/><instruction code="LDO T1223,T1223,0"/><instruction code="STO T1223,$254,8"/><instruction code="LDO T1223,T16,0"/><instruction code="STO T1223,$254,0"/><instruction code="PUSHJ $100,_putInteger"/><instruction code="LDO T1223,$254,0"/><instruction code="SETL T441,10"/><instruction code="SETL T442,256"/><instruction code="DIV T1226,T441,T442"/><instruction code="GET T1226,rR"/><instruction code="STO T1226,$254,8"/><instruction code="LDO T1226,T16,0"/><instruction code="STO T1226,$254,0"/><instruction code="PUSHJ $100,_putChar"/><instruction code="LDO T1226,$254,0"/><instruction code="SETL T443,10"/><instruction code="SETL T444,256"/><instruction code="DIV T1229,T443,T444"/><instruction code="GET T1229,rR"/><instruction code="STO T1229,$254,8"/><instruction code="LDO T1229,T16,0"/><instruction code="STO T1229,$254,0"/><instruction code="PUSHJ $100,_putChar"/><instruction code="LDO T1229,$254,0"/><instruction code="SETL T445,0"/><instruction code="SET T17,T445"/><instruction code="JMP L85"/></instructions></code></asmgen>