<?xml version="1.0" encoding="UTF-8" standalone="no"?><?xml-stylesheet type="text/xsl" href="../lib/xsl/regall.xsl"?><regall><code entrylabel="L52" exitlabel="L53" tempsize="0"><frame FP="T0" RV="T1" argssize="0" depth="0" label="_exit" locssize="0" size="16"/><instructions><instruction code="L52"><temps name="use"/><temps name="def"/><temps name="in"/><temps name="out"/></instruction><instruction code="SETL $0,0"><temps name="use"/><temps name="def"><temp name="T18"/></temps><temps name="in"/><temps name="out"><temp name="T18"/></temps></instruction><instruction code="SET $0,$0"><temps name="use"><temp name="T18"/></temps><temps name="def"><temp name="T1"/></temps><temps name="in"><temp name="T18"/></temps><temps name="out"><temp name="T1"/></temps></instruction><instruction code="JMP L53"><temps name="use"/><temps name="def"/><temps name="in"><temp name="T1"/></temps><temps name="out"><temp name="T1"/></temps></instruction></instructions></code><code entrylabel="L54" exitlabel="L55" tempsize="0"><frame FP="T2" RV="T3" argssize="0" depth="0" label="_putChar" locssize="0" size="16"/><instructions><instruction code="L54"><temps name="use"/><temps name="def"/><temps name="in"/><temps name="out"/></instruction><instruction code="SETL $0,0"><temps name="use"/><temps name="def"><temp name="T19"/></temps><temps name="in"/><temps name="out"><temp name="T19"/></temps></instruction><instruction code="SET $0,$0"><temps name="use"><temp name="T19"/></temps><temps name="def"><temp name="T3"/></temps><temps name="in"><temp name="T19"/></temps><temps name="out"><temp name="T3"/></temps></instruction><instruction code="JMP L55"><temps name="use"/><temps name="def"/><temps name="in"><temp name="T3"/></temps><temps name="out"><temp name="T3"/></temps></instruction></instructions></code><code entrylabel="L56" exitlabel="L57" tempsize="0"><frame FP="T4" RV="T5" argssize="0" depth="0" label="_getChar" locssize="0" size="16"/><instructions><instruction code="L56"><temps name="use"/><temps name="def"/><temps name="in"/><temps name="out"/></instruction><instruction code="SETL $0,0"><temps name="use"/><temps name="def"><temp name="T20"/></temps><temps name="in"/><temps name="out"><temp name="T20"/></temps></instruction><instruction code="SETL $1,256"><temps name="use"/><temps name="def"><temp name="T21"/></temps><temps name="in"><temp name="T20"/></temps><temps name="out"><temp name="T21"/><temp name="T20"/></temps></instruction><instruction code="DIV $0,$0,$1"><temps name="use"><temp name="T20"/><temp name="T21"/></temps><temps name="def"><temp name="T22"/></temps><temps name="in"><temp name="T21"/><temp name="T20"/></temps><temps name="out"/></instruction><instruction code="GET $0,rR"><temps name="use"/><temps name="def"><temp name="T22"/></temps><temps name="in"/><temps name="out"><temp name="T22"/></temps></instruction><instruction code="SET $0,$0"><temps name="use"><temp name="T22"/></temps><temps name="def"><temp name="T5"/></temps><temps name="in"><temp name="T22"/></temps><temps name="out"><temp name="T5"/></temps></instruction><instruction code="JMP L57"><temps name="use"/><temps name="def"/><temps name="in"><temp name="T5"/></temps><temps name="out"><temp name="T5"/></temps></instruction></instructions></code><code entrylabel="L58" exitlabel="L59" tempsize="0"><frame FP="T6" RV="T7" argssize="16" depth="1" label="L0" locssize="0" size="32"/><instructions><instruction code="L58"><temps name="use"/><temps name="def"/><temps name="in"><temp name="T6"/></temps><temps name="out"><temp name="T6"/></temps></instruction><instruction code="SET $1,$253"><temps name="use"><temp name="T6"/></temps><temps name="def"><temp name="T23"/></temps><temps name="in"><temp name="T6"/></temps><temps name="out"><temp name="T6"/><temp name="T23"/></temps></instruction><instruction code="SETL $0,8"><temps name="use"/><temps name="def"><temp name="T24"/></temps><temps name="in"><temp name="T6"/><temp name="T23"/></temps><temps name="out"><temp name="T6"/><temp name="T23"/><temp name="T24"/></temps></instruction><instruction code="ADD $0,$1,$0"><temps name="use"><temp name="T23"/><temp name="T24"/></temps><temps name="def"><temp name="T25"/></temps><temps name="in"><temp name="T6"/><temp name="T23"/><temp name="T24"/></temps><temps name="out"><temp name="T25"/><temp name="T6"/></temps></instruction><instruction code="LDO $0,$0,0"><temps name="use"><temp name="T25"/></temps><temps name="def"><temp name="T25"/></temps><temps name="in"><temp name="T25"/><temp name="T6"/></temps><temps name="out"><temp name="T25"/><temp name="T6"/></temps></instruction><instruction code="SETL $1,0"><temps name="use"/><temps name="def"><temp name="T26"/></temps><temps name="in"><temp name="T25"/><temp name="T6"/></temps><temps name="out"><temp name="T25"/><temp name="T26"/><temp name="T6"/></temps></instruction><instruction code="CMP $0,$0,$1"><temps name="use"><temp name="T25"/><temp name="T26"/></temps><temps name="def"><temp name="T463"/></temps><temps name="in"><temp name="T25"/><temp name="T26"/><temp name="T6"/></temps><temps name="out"><temp name="T6"/><temp name="T463"/></temps></instruction><instruction code="ZSZ $0,$0,1"><temps name="use"><temp name="T463"/></temps><temps name="def"><temp name="T462"/></temps><temps name="in"><temp name="T6"/><temp name="T463"/></temps><temps name="out"><temp name="T462"/><temp name="T6"/></temps></instruction><instruction code="BNZ $0,L10"><temps name="use"><temp name="T462"/></temps><temps name="def"/><temps name="in"><temp name="T462"/><temp name="T6"/></temps><temps name="out"><temp name="T6"/></temps></instruction><instruction code="L60"><temps name="use"/><temps name="def"/><temps name="in"><temp name="T6"/></temps><temps name="out"><temp name="T6"/></temps></instruction><instruction code="SET $1,$253"><temps name="use"><temp name="T6"/></temps><temps name="def"><temp name="T27"/></temps><temps name="in"><temp name="T6"/></temps><temps name="out"><temp name="T27"/><temp name="T6"/></temps></instruction><instruction code="SETL $0,8"><temps name="use"/><temps name="def"><temp name="T28"/></temps><temps name="in"><temp name="T27"/><temp name="T6"/></temps><temps name="out"><temp name="T27"/><temp name="T28"/><temp name="T6"/></temps></instruction><instruction code="ADD $0,$1,$0"><temps name="use"><temp name="T27"/><temp name="T28"/></temps><temps name="def"><temp name="T29"/></temps><temps name="in"><temp name="T27"/><temp name="T28"/><temp name="T6"/></temps><temps name="out"><temp name="T29"/><temp name="T6"/></temps></instruction><instruction code="LDO $0,$0,0"><temps name="use"><temp name="T29"/></temps><temps name="def"><temp name="T29"/></temps><temps name="in"><temp name="T29"/><temp name="T6"/></temps><temps name="out"><temp name="T29"/><temp name="T6"/></temps></instruction><instruction code="SETL $1,10"><temps name="use"/><temps name="def"><temp name="T30"/></temps><temps name="in"><temp name="T29"/><temp name="T6"/></temps><temps name="out"><temp name="T29"/><temp name="T6"/><temp name="T30"/></temps></instruction><instruction code="DIV $0,$0,$1"><temps name="use"><temp name="T29"/><temp name="T30"/></temps><temps name="def"><temp name="T469"/></temps><temps name="in"><temp name="T29"/><temp name="T6"/><temp name="T30"/></temps><temps name="out"><temp name="T6"/><temp name="T469"/></temps></instruction><instruction code="STO $0,$254,8"><temps name="use"><temp name="T469"/></temps><temps name="def"/><temps name="in"><temp name="T6"/><temp name="T469"/></temps><temps name="out"><temp name="T6"/></temps></instruction><instruction code="LDO $0,$253,0"><temps name="use"><temp name="T6"/></temps><temps name="def"><temp name="T469"/></temps><temps name="in"><temp name="T6"/></temps><temps name="out"><temp name="T6"/><temp name="T469"/></temps></instruction><instruction code="STO $0,$254,0"><temps name="use"><temp name="T469"/></temps><temps name="def"/><temps name="in"><temp name="T6"/><temp name="T469"/></temps><temps name="out"><temp name="T6"/></temps></instruction><instruction code="PUSHJ $100,L0"><temps name="use"/><temps name="def"/><temps name="in"><temp name="T6"/></temps><temps name="out"><temp name="T6"/></temps></instruction><instruction code="LDO $0,$254,0"><temps name="use"/><temps name="def"><temp name="T469"/></temps><temps name="in"><temp name="T6"/></temps><temps name="out"><temp name="T6"/></temps></instruction><instruction code="LDO $2,$253,0"><temps name="use"><temp name="T6"/></temps><temps name="def"><temp name="T31"/></temps><temps name="in"><temp name="T6"/></temps><temps name="out"><temp name="T6"/><temp name="T31"/></temps></instruction><instruction code="LDO $2,$2,0"><temps name="use"><temp name="T31"/></temps><temps name="def"><temp name="T31"/></temps><temps name="in"><temp name="T6"/><temp name="T31"/></temps><temps name="out"><temp name="T6"/><temp name="T31"/></temps></instruction><instruction code="SET $1,$253"><temps name="use"><temp name="T6"/></temps><temps name="def"><temp name="T32"/></temps><temps name="in"><temp name="T6"/><temp name="T31"/></temps><temps name="out"><temp name="T6"/><temp name="T31"/><temp name="T32"/></temps></instruction><instruction code="SETL $0,8"><temps name="use"/><temps name="def"><temp name="T33"/></temps><temps name="in"><temp name="T6"/><temp name="T31"/><temp name="T32"/></temps><temps name="out"><temp name="T6"/><temp name="T33"/><temp name="T31"/><temp name="T32"/></temps></instruction><instruction code="ADD $0,$1,$0"><temps name="use"><temp name="T32"/><temp name="T33"/></temps><temps name="def"><temp name="T34"/></temps><temps name="in"><temp name="T6"/><temp name="T33"/><temp name="T31"/><temp name="T32"/></temps><temps name="out"><temp name="T34"/><temp name="T6"/><temp name="T31"/></temps></instruction><instruction code="LDO $0,$0,0"><temps name="use"><temp name="T34"/></temps><temps name="def"><temp name="T34"/></temps><temps name="in"><temp name="T34"/><temp name="T6"/><temp name="T31"/></temps><temps name="out"><temp name="T34"/><temp name="T6"/><temp name="T31"/></temps></instruction><instruction code="SETL $1,10"><temps name="use"/><temps name="def"><temp name="T35"/></temps><temps name="in"><temp name="T34"/><temp name="T6"/><temp name="T31"/></temps><temps name="out"><temp name="T34"/><temp name="T6"/><temp name="T31"/><temp name="T35"/></temps></instruction><instruction code="DIV $0,$0,$1"><temps name="use"><temp name="T34"/><temp name="T35"/></temps><temps name="def"><temp name="T36"/></temps><temps name="in"><temp name="T34"/><temp name="T6"/><temp name="T31"/><temp name="T35"/></temps><temps name="out"><temp name="T6"/><temp name="T31"/></temps></instruction><instruction code="GET $0,rR"><temps name="use"/><temps name="def"><temp name="T36"/></temps><temps name="in"><temp name="T6"/><temp name="T31"/></temps><temps name="out"><temp name="T36"/><temp name="T6"/><temp name="T31"/></temps></instruction><instruction code="SETL $1,48"><temps name="use"/><temps name="def"><temp name="T37"/></temps><temps name="in"><temp name="T36"/><temp name="T6"/><temp name="T31"/></temps><temps name="out"><temp name="T36"/><temp name="T6"/><temp name="T31"/><temp name="T37"/></temps></instruction><instruction code="ADD $1,$0,$1"><temps name="use"><temp name="T36"/><temp name="T37"/></temps><temps name="def"><temp name="T38"/></temps><temps name="in"><temp name="T36"/><temp name="T6"/><temp name="T31"/><temp name="T37"/></temps><temps name="out"><temp name="T38"/><temp name="T6"/><temp name="T31"/></temps></instruction><instruction code="SETL $0,256"><temps name="use"/><temps name="def"><temp name="T39"/></temps><temps name="in"><temp name="T38"/><temp name="T6"/><temp name="T31"/></temps><temps name="out"><temp name="T38"/><temp name="T6"/><temp name="T31"/><temp name="T39"/></temps></instruction><instruction code="DIV $0,$1,$0"><temps name="use"><temp name="T38"/><temp name="T39"/></temps><temps name="def"><temp name="T40"/></temps><temps name="in"><temp name="T38"/><temp name="T6"/><temp name="T31"/><temp name="T39"/></temps><temps name="out"><temp name="T6"/><temp name="T31"/></temps></instruction><instruction code="GET $0,rR"><temps name="use"/><temps name="def"><temp name="T40"/></temps><temps name="in"><temp name="T6"/><temp name="T31"/></temps><temps name="out"><temp name="T40"/><temp name="T6"/><temp name="T31"/></temps></instruction><instruction code="STO $0,$254,8"><temps name="use"><temp name="T40"/></temps><temps name="def"/><temps name="in"><temp name="T40"/><temp name="T6"/><temp name="T31"/></temps><temps name="out"><temp name="T6"/><temp name="T31"/></temps></instruction><instruction code="STO $2,$254,0"><temps name="use"><temp name="T31"/></temps><temps name="def"/><temps name="in"><temp name="T6"/><temp name="T31"/></temps><temps name="out"><temp name="T6"/></temps></instruction><instruction code="PUSHJ $100,_putChar"><temps name="use"/><temps name="def"/><temps name="in"><temp name="T6"/></temps><temps name="out"><temp name="T6"/></temps></instruction><instruction code="LDO $0,$254,0"><temps name="use"/><temps name="def"><temp name="T41"/></temps><temps name="in"><temp name="T6"/></temps><temps name="out"><temp name="T6"/></temps></instruction><instruction code="JMP L12"><temps name="use"/><temps name="def"/><temps name="in"><temp name="T6"/></temps><temps name="out"><temp name="T6"/></temps></instruction><instruction code="L10"><temps name="use"/><temps name="def"/><temps name="in"><temp name="T6"/></temps><temps name="out"><temp name="T6"/></temps></instruction><instruction code="SETL $0,0"><temps name="use"/><temps name="def"><temp name="T483"/></temps><temps name="in"><temp name="T6"/></temps><temps name="out"><temp name="T6"/></temps></instruction><instruction code="JMP L12"><temps name="use"/><temps name="def"/><temps name="in"><temp name="T6"/></temps><temps name="out"><temp name="T6"/></temps></instruction><instruction code="L11"><temps name="use"/><temps name="def"/><temps name="in"><temp name="T6"/></temps><temps name="out"><temp name="T6"/></temps></instruction><instruction code="SET $1,$253"><temps name="use"><temp name="T6"/></temps><temps name="def"><temp name="T27"/></temps><temps name="in"><temp name="T6"/></temps><temps name="out"><temp name="T27"/><temp name="T6"/></temps></instruction><instruction code="SETL $0,8"><temps name="use"/><temps name="def"><temp name="T28"/></temps><temps name="in"><temp name="T27"/><temp name="T6"/></temps><temps name="out"><temp name="T27"/><temp name="T28"/><temp name="T6"/></temps></instruction><instruction code="ADD $0,$1,$0"><temps name="use"><temp name="T27"/><temp name="T28"/></temps><temps name="def"><temp name="T29"/></temps><temps name="in"><temp name="T27"/><temp name="T28"/><temp name="T6"/></temps><temps name="out"><temp name="T29"/><temp name="T6"/></temps></instruction><instruction code="LDO $0,$0,0"><temps name="use"><temp name="T29"/></temps><temps name="def"><temp name="T29"/></temps><temps name="in"><temp name="T29"/><temp name="T6"/></temps><temps name="out"><temp name="T29"/><temp name="T6"/></temps></instruction><instruction code="SETL $1,10"><temps name="use"/><temps name="def"><temp name="T30"/></temps><temps name="in"><temp name="T29"/><temp name="T6"/></temps><temps name="out"><temp name="T29"/><temp name="T6"/><temp name="T30"/></temps></instruction><instruction code="DIV $0,$0,$1"><temps name="use"><temp name="T29"/><temp name="T30"/></temps><temps name="def"><temp name="T489"/></temps><temps name="in"><temp name="T29"/><temp name="T6"/><temp name="T30"/></temps><temps name="out"><temp name="T6"/><temp name="T489"/></temps></instruction><instruction code="STO $0,$254,8"><temps name="use"><temp name="T489"/></temps><temps name="def"/><temps name="in"><temp name="T6"/><temp name="T489"/></temps><temps name="out"><temp name="T6"/></temps></instruction><instruction code="LDO $0,$253,0"><temps name="use"><temp name="T6"/></temps><temps name="def"><temp name="T489"/></temps><temps name="in"><temp name="T6"/></temps><temps name="out"><temp name="T6"/><temp name="T489"/></temps></instruction><instruction code="STO $0,$254,0"><temps name="use"><temp name="T489"/></temps><temps name="def"/><temps name="in"><temp name="T6"/><temp name="T489"/></temps><temps name="out"><temp name="T6"/></temps></instruction><instruction code="PUSHJ $100,L0"><temps name="use"/><temps name="def"/><temps name="in"><temp name="T6"/></temps><temps name="out"><temp name="T6"/></temps></instruction><instruction code="LDO $0,$254,0"><temps name="use"/><temps name="def"><temp name="T489"/></temps><temps name="in"><temp name="T6"/></temps><temps name="out"><temp name="T6"/></temps></instruction><instruction code="LDO $2,$253,0"><temps name="use"><temp name="T6"/></temps><temps name="def"><temp name="T31"/></temps><temps name="in"><temp name="T6"/></temps><temps name="out"><temp name="T6"/><temp name="T31"/></temps></instruction><instruction code="LDO $2,$2,0"><temps name="use"><temp name="T31"/></temps><temps name="def"><temp name="T31"/></temps><temps name="in"><temp name="T6"/><temp name="T31"/></temps><temps name="out"><temp name="T6"/><temp name="T31"/></temps></instruction><instruction code="SET $1,$253"><temps name="use"><temp name="T6"/></temps><temps name="def"><temp name="T32"/></temps><temps name="in"><temp name="T6"/><temp name="T31"/></temps><temps name="out"><temp name="T31"/><temp name="T32"/></temps></instruction><instruction code="SETL $0,8"><temps name="use"/><temps name="def"><temp name="T33"/></temps><temps name="in"><temp name="T31"/><temp name="T32"/></temps><temps name="out"><temp name="T33"/><temp name="T31"/><temp name="T32"/></temps></instruction><instruction code="ADD $0,$1,$0"><temps name="use"><temp name="T32"/><temp name="T33"/></temps><temps name="def"><temp name="T34"/></temps><temps name="in"><temp name="T33"/><temp name="T31"/><temp name="T32"/></temps><temps name="out"><temp name="T34"/><temp name="T31"/></temps></instruction><instruction code="LDO $0,$0,0"><temps name="use"><temp name="T34"/></temps><temps name="def"><temp name="T34"/></temps><temps name="in"><temp name="T34"/><temp name="T31"/></temps><temps name="out"><temp name="T34"/><temp name="T31"/></temps></instruction><instruction code="SETL $1,10"><temps name="use"/><temps name="def"><temp name="T35"/></temps><temps name="in"><temp name="T34"/><temp name="T31"/></temps><temps name="out"><temp name="T34"/><temp name="T31"/><temp name="T35"/></temps></instruction><instruction code="DIV $0,$0,$1"><temps name="use"><temp name="T34"/><temp name="T35"/></temps><temps name="def"><temp name="T36"/></temps><temps name="in"><temp name="T34"/><temp name="T31"/><temp name="T35"/></temps><temps name="out"><temp name="T31"/></temps></instruction><instruction code="GET $0,rR"><temps name="use"/><temps name="def"><temp name="T36"/></temps><temps name="in"><temp name="T31"/></temps><temps name="out"><temp name="T36"/><temp name="T31"/></temps></instruction><instruction code="SETL $1,48"><temps name="use"/><temps name="def"><temp name="T37"/></temps><temps name="in"><temp name="T36"/><temp name="T31"/></temps><temps name="out"><temp name="T36"/><temp name="T31"/><temp name="T37"/></temps></instruction><instruction code="ADD $1,$0,$1"><temps name="use"><temp name="T36"/><temp name="T37"/></temps><temps name="def"><temp name="T38"/></temps><temps name="in"><temp name="T36"/><temp name="T31"/><temp name="T37"/></temps><temps name="out"><temp name="T38"/><temp name="T31"/></temps></instruction><instruction code="SETL $0,256"><temps name="use"/><temps name="def"><temp name="T39"/></temps><temps name="in"><temp name="T38"/><temp name="T31"/></temps><temps name="out"><temp name="T38"/><temp name="T31"/><temp name="T39"/></temps></instruction><instruction code="DIV $0,$1,$0"><temps name="use"><temp name="T38"/><temp name="T39"/></temps><temps name="def"><temp name="T40"/></temps><temps name="in"><temp name="T38"/><temp name="T31"/><temp name="T39"/></temps><temps name="out"><temp name="T31"/></temps></instruction><instruction code="GET $0,rR"><temps name="use"/><temps name="def"><temp name="T40"/></temps><temps name="in"><temp name="T31"/></temps><temps name="out"><temp name="T40"/><temp name="T31"/></temps></instruction><instruction code="STO $0,$254,8"><temps name="use"><temp name="T40"/></temps><temps name="def"/><temps name="in"><temp name="T40"/><temp name="T31"/></temps><temps name="out"><temp name="T31"/></temps></instruction><instruction code="STO $2,$254,0"><temps name="use"><temp name="T31"/></temps><temps name="def"/><temps name="in"><temp name="T31"/></temps><temps name="out"/></instruction><instruction code="PUSHJ $100,_putChar"><temps name="use"/><temps name="def"/><temps name="in"/><temps name="out"/></instruction><instruction code="LDO $0,$254,0"><temps name="use"/><temps name="def"><temp name="T41"/></temps><temps name="in"/><temps name="out"/></instruction><instruction code="JMP L12"><temps name="use"/><temps name="def"/><temps name="in"/><temps name="out"/></instruction><instruction code="L12"><temps name="use"/><temps name="def"/><temps name="in"/><temps name="out"/></instruction><instruction code="SETL $0,0"><temps name="use"/><temps name="def"><temp name="T42"/></temps><temps name="in"/><temps name="out"><temp name="T42"/></temps></instruction><instruction code="SET $0,$0"><temps name="use"><temp name="T42"/></temps><temps name="def"><temp name="T7"/></temps><temps name="in"><temp name="T42"/></temps><temps name="out"><temp name="T7"/></temps></instruction><instruction code="JMP L59"><temps name="use"/><temps name="def"/><temps name="in"><temp name="T7"/></temps><temps name="out"><temp name="T7"/></temps></instruction></instructions></code><code entrylabel="L61" exitlabel="L62" tempsize="0"><frame FP="T8" RV="T9" argssize="16" depth="0" label="_putInteger" locssize="0" size="32"/><instructions><instruction code="L61"><temps name="use"/><temps name="def"/><temps name="in"><temp name="T8"/></temps><temps name="out"><temp name="T8"/></temps></instruction><instruction code="SET $0,$253"><temps name="use"><temp name="T8"/></temps><temps name="def"><temp name="T43"/></temps><temps name="in"><temp name="T8"/></temps><temps name="out"><temp name="T43"/><temp name="T8"/></temps></instruction><instruction code="SETL $1,8"><temps name="use"/><temps name="def"><temp name="T44"/></temps><temps name="in"><temp name="T43"/><temp name="T8"/></temps><temps name="out"><temp name="T43"/><temp name="T44"/><temp name="T8"/></temps></instruction><instruction code="ADD $0,$0,$1"><temps name="use"><temp name="T43"/><temp name="T44"/></temps><temps name="def"><temp name="T45"/></temps><temps name="in"><temp name="T43"/><temp name="T44"/><temp name="T8"/></temps><temps name="out"><temp name="T8"/><temp name="T45"/></temps></instruction><instruction code="LDO $0,$0,0"><temps name="use"><temp name="T45"/></temps><temps name="def"><temp name="T45"/></temps><temps name="in"><temp name="T8"/><temp name="T45"/></temps><temps name="out"><temp name="T8"/><temp name="T45"/></temps></instruction><instruction code="SETL $1,0"><temps name="use"/><temps name="def"><temp name="T46"/></temps><temps name="in"><temp name="T8"/><temp name="T45"/></temps><temps name="out"><temp name="T46"/><temp name="T8"/><temp name="T45"/></temps></instruction><instruction code="CMP $0,$0,$1"><temps name="use"><temp name="T45"/><temp name="T46"/></temps><temps name="def"><temp name="T512"/></temps><temps name="in"><temp name="T46"/><temp name="T8"/><temp name="T45"/></temps><temps name="out"><temp name="T8"/><temp name="T512"/></temps></instruction><instruction code="ZSN $0,$0,1"><temps name="use"><temp name="T512"/></temps><temps name="def"><temp name="T511"/></temps><temps name="in"><temp name="T8"/><temp name="T512"/></temps><temps name="out"><temp name="T8"/><temp name="T511"/></temps></instruction><instruction code="BNZ $0,L4"><temps name="use"><temp name="T511"/></temps><temps name="def"/><temps name="in"><temp name="T8"/><temp name="T511"/></temps><temps name="out"><temp name="T8"/></temps></instruction><instruction code="L63"><temps name="use"/><temps name="def"/><temps name="in"><temp name="T8"/></temps><temps name="out"><temp name="T8"/></temps></instruction><instruction code="SETL $0,0"><temps name="use"/><temps name="def"><temp name="T513"/></temps><temps name="in"><temp name="T8"/></temps><temps name="out"><temp name="T8"/></temps></instruction><instruction code="JMP L6"><temps name="use"/><temps name="def"/><temps name="in"><temp name="T8"/></temps><temps name="out"><temp name="T8"/></temps></instruction><instruction code="L4"><temps name="use"/><temps name="def"/><temps name="in"><temp name="T8"/></temps><temps name="out"><temp name="T8"/></temps></instruction><instruction code="SETL $0,45"><temps name="use"/><temps name="def"><temp name="T514"/></temps><temps name="in"><temp name="T8"/></temps><temps name="out"><temp name="T8"/><temp name="T514"/></temps></instruction><instruction code="STO $0,$254,8"><temps name="use"><temp name="T514"/></temps><temps name="def"/><temps name="in"><temp name="T8"/><temp name="T514"/></temps><temps name="out"><temp name="T8"/></temps></instruction><instruction code="LDO $0,$253,0"><temps name="use"><temp name="T8"/></temps><temps name="def"><temp name="T514"/></temps><temps name="in"><temp name="T8"/></temps><temps name="out"><temp name="T8"/><temp name="T514"/></temps></instruction><instruction code="STO $0,$254,0"><temps name="use"><temp name="T514"/></temps><temps name="def"/><temps name="in"><temp name="T8"/><temp name="T514"/></temps><temps name="out"><temp name="T8"/></temps></instruction><instruction code="PUSHJ $100,_putChar"><temps name="use"/><temps name="def"/><temps name="in"><temp name="T8"/></temps><temps name="out"><temp name="T8"/></temps></instruction><instruction code="LDO $0,$254,0"><temps name="use"/><temps name="def"><temp name="T514"/></temps><temps name="in"><temp name="T8"/></temps><temps name="out"><temp name="T8"/></temps></instruction><instruction code="SET $1,$253"><temps name="use"><temp name="T8"/></temps><temps name="def"><temp name="T47"/></temps><temps name="in"><temp name="T8"/></temps><temps name="out"><temp name="T8"/><temp name="T47"/></temps></instruction><instruction code="SETL $0,8"><temps name="use"/><temps name="def"><temp name="T48"/></temps><temps name="in"><temp name="T8"/><temp name="T47"/></temps><temps name="out"><temp name="T48"/><temp name="T8"/><temp name="T47"/></temps></instruction><instruction code="ADD $1,$1,$0"><temps name="use"><temp name="T47"/><temp name="T48"/></temps><temps name="def"><temp name="T49"/></temps><temps name="in"><temp name="T48"/><temp name="T8"/><temp name="T47"/></temps><temps name="out"><temp name="T49"/><temp name="T8"/></temps></instruction><instruction code="SET $2,$253"><temps name="use"><temp name="T8"/></temps><temps name="def"><temp name="T50"/></temps><temps name="in"><temp name="T49"/><temp name="T8"/></temps><temps name="out"><temp name="T50"/><temp name="T49"/><temp name="T8"/></temps></instruction><instruction code="SETL $0,8"><temps name="use"/><temps name="def"><temp name="T51"/></temps><temps name="in"><temp name="T50"/><temp name="T49"/><temp name="T8"/></temps><temps name="out"><temp name="T50"/><temp name="T51"/><temp name="T49"/><temp name="T8"/></temps></instruction><instruction code="ADD $0,$2,$0"><temps name="use"><temp name="T50"/><temp name="T51"/></temps><temps name="def"><temp name="T52"/></temps><temps name="in"><temp name="T50"/><temp name="T51"/><temp name="T49"/><temp name="T8"/></temps><temps name="out"><temp name="T49"/><temp name="T8"/><temp name="T52"/></temps></instruction><instruction code="LDO $0,$0,0"><temps name="use"><temp name="T52"/></temps><temps name="def"><temp name="T52"/></temps><temps name="in"><temp name="T49"/><temp name="T8"/><temp name="T52"/></temps><temps name="out"><temp name="T49"/><temp name="T8"/><temp name="T52"/></temps></instruction><instruction code="NEG $0,$0"><temps name="use"><temp name="T52"/></temps><temps name="def"><temp name="T52"/></temps><temps name="in"><temp name="T49"/><temp name="T8"/><temp name="T52"/></temps><temps name="out"><temp name="T49"/><temp name="T8"/><temp name="T52"/></temps></instruction><instruction code="STO $0,$1,0"><temps name="use"><temp name="T52"/><temp name="T49"/></temps><temps name="def"/><temps name="in"><temp name="T49"/><temp name="T8"/><temp name="T52"/></temps><temps name="out"><temp name="T8"/></temps></instruction><instruction code="SETL $0,0"><temps name="use"/><temps name="def"><temp name="T525"/></temps><temps name="in"><temp name="T8"/></temps><temps name="out"><temp name="T8"/></temps></instruction><instruction code="JMP L6"><temps name="use"/><temps name="def"/><temps name="in"><temp name="T8"/></temps><temps name="out"><temp name="T8"/></temps></instruction><instruction code="L5"><temps name="use"/><temps name="def"/><temps name="in"><temp name="T8"/></temps><temps name="out"><temp name="T8"/></temps></instruction><instruction code="SETL $0,0"><temps name="use"/><temps name="def"><temp name="T526"/></temps><temps name="in"><temp name="T8"/></temps><temps name="out"><temp name="T8"/></temps></instruction><instruction code="JMP L6"><temps name="use"/><temps name="def"/><temps name="in"><temp name="T8"/></temps><temps name="out"><temp name="T8"/></temps></instruction><instruction code="L6"><temps name="use"/><temps name="def"/><temps name="in"><temp name="T8"/></temps><temps name="out"><temp name="T8"/></temps></instruction><instruction code="SET $0,$253"><temps name="use"><temp name="T8"/></temps><temps name="def"><temp name="T53"/></temps><temps name="in"><temp name="T8"/></temps><temps name="out"><temp name="T8"/><temp name="T53"/></temps></instruction><instruction code="SETL $1,8"><temps name="use"/><temps name="def"><temp name="T54"/></temps><temps name="in"><temp name="T8"/><temp name="T53"/></temps><temps name="out"><temp name="T54"/><temp name="T8"/><temp name="T53"/></temps></instruction><instruction code="ADD $1,$0,$1"><temps name="use"><temp name="T53"/><temp name="T54"/></temps><temps name="def"><temp name="T55"/></temps><temps name="in"><temp name="T54"/><temp name="T8"/><temp name="T53"/></temps><temps name="out"><temp name="T55"/><temp name="T8"/></temps></instruction><instruction code="LDO $1,$1,0"><temps name="use"><temp name="T55"/></temps><temps name="def"><temp name="T55"/></temps><temps name="in"><temp name="T55"/><temp name="T8"/></temps><temps name="out"><temp name="T55"/><temp name="T8"/></temps></instruction><instruction code="SETL $0,0"><temps name="use"/><temps name="def"><temp name="T56"/></temps><temps name="in"><temp name="T55"/><temp name="T8"/></temps><temps name="out"><temp name="T55"/><temp name="T8"/><temp name="T56"/></temps></instruction><instruction code="CMP $0,$1,$0"><temps name="use"><temp name="T55"/><temp name="T56"/></temps><temps name="def"><temp name="T533"/></temps><temps name="in"><temp name="T55"/><temp name="T8"/><temp name="T56"/></temps><temps name="out"><temp name="T533"/><temp name="T8"/></temps></instruction><instruction code="ZSZ $0,$0,1"><temps name="use"><temp name="T533"/></temps><temps name="def"><temp name="T532"/></temps><temps name="in"><temp name="T533"/><temp name="T8"/></temps><temps name="out"><temp name="T8"/><temp name="T532"/></temps></instruction><instruction code="BNZ $0,L7"><temps name="use"><temp name="T532"/></temps><temps name="def"/><temps name="in"><temp name="T8"/><temp name="T532"/></temps><temps name="out"><temp name="T8"/></temps></instruction><instruction code="L64"><temps name="use"/><temps name="def"/><temps name="in"><temp name="T8"/></temps><temps name="out"><temp name="T8"/></temps></instruction><instruction code="SET $0,$253"><temps name="use"><temp name="T8"/></temps><temps name="def"><temp name="T57"/></temps><temps name="in"><temp name="T8"/></temps><temps name="out"><temp name="T57"/><temp name="T8"/></temps></instruction><instruction code="SETL $1,8"><temps name="use"/><temps name="def"><temp name="T58"/></temps><temps name="in"><temp name="T57"/><temp name="T8"/></temps><temps name="out"><temp name="T57"/><temp name="T8"/><temp name="T58"/></temps></instruction><instruction code="ADD $0,$0,$1"><temps name="use"><temp name="T57"/><temp name="T58"/></temps><temps name="def"><temp name="T537"/></temps><temps name="in"><temp name="T57"/><temp name="T8"/><temp name="T58"/></temps><temps name="out"><temp name="T8"/><temp name="T537"/></temps></instruction><instruction code="LDO $0,$0,0"><temps name="use"><temp name="T537"/></temps><temps name="def"><temp name="T537"/></temps><temps name="in"><temp name="T8"/><temp name="T537"/></temps><temps name="out"><temp name="T8"/><temp name="T537"/></temps></instruction><instruction code="STO $0,$254,8"><temps name="use"><temp name="T537"/></temps><temps name="def"/><temps name="in"><temp name="T8"/><temp name="T537"/></temps><temps name="out"><temp name="T8"/></temps></instruction><instruction code="STO $253,$254,0"><temps name="use"><temp name="T8"/></temps><temps name="def"/><temps name="in"><temp name="T8"/></temps><temps name="out"><temp name="T8"/></temps></instruction><instruction code="PUSHJ $100,L0"><temps name="use"/><temps name="def"/><temps name="in"><temp name="T8"/></temps><temps name="out"><temp name="T8"/></temps></instruction><instruction code="LDO $0,$254,0"><temps name="use"/><temps name="def"><temp name="T537"/></temps><temps name="in"><temp name="T8"/></temps><temps name="out"><temp name="T8"/></temps></instruction><instruction code="JMP L9"><temps name="use"/><temps name="def"/><temps name="in"><temp name="T8"/></temps><temps name="out"><temp name="T8"/></temps></instruction><instruction code="L7"><temps name="use"/><temps name="def"/><temps name="in"><temp name="T8"/></temps><temps name="out"><temp name="T8"/></temps></instruction><instruction code="SETL $0,48"><temps name="use"/><temps name="def"><temp name="T538"/></temps><temps name="in"><temp name="T8"/></temps><temps name="out"><temp name="T8"/><temp name="T538"/></temps></instruction><instruction code="STO $0,$254,8"><temps name="use"><temp name="T538"/></temps><temps name="def"/><temps name="in"><temp name="T8"/><temp name="T538"/></temps><temps name="out"><temp name="T8"/></temps></instruction><instruction code="LDO $0,$253,0"><temps name="use"><temp name="T8"/></temps><temps name="def"><temp name="T538"/></temps><temps name="in"><temp name="T8"/></temps><temps name="out"><temp name="T8"/><temp name="T538"/></temps></instruction><instruction code="STO $0,$254,0"><temps name="use"><temp name="T538"/></temps><temps name="def"/><temps name="in"><temp name="T8"/><temp name="T538"/></temps><temps name="out"><temp name="T8"/></temps></instruction><instruction code="PUSHJ $100,_putChar"><temps name="use"/><temps name="def"/><temps name="in"><temp name="T8"/></temps><temps name="out"><temp name="T8"/></temps></instruction><instruction code="LDO $0,$254,0"><temps name="use"/><temps name="def"><temp name="T538"/></temps><temps name="in"><temp name="T8"/></temps><temps name="out"><temp name="T8"/></temps></instruction><instruction code="JMP L9"><temps name="use"/><temps name="def"/><temps name="in"><temp name="T8"/></temps><temps name="out"><temp name="T8"/></temps></instruction><instruction code="L8"><temps name="use"/><temps name="def"/><temps name="in"><temp name="T8"/></temps><temps name="out"><temp name="T8"/></temps></instruction><instruction code="SET $0,$253"><temps name="use"><temp name="T8"/></temps><temps name="def"><temp name="T57"/></temps><temps name="in"><temp name="T8"/></temps><temps name="out"><temp name="T57"/><temp name="T8"/></temps></instruction><instruction code="SETL $1,8"><temps name="use"/><temps name="def"><temp name="T58"/></temps><temps name="in"><temp name="T57"/><temp name="T8"/></temps><temps name="out"><temp name="T57"/><temp name="T8"/><temp name="T58"/></temps></instruction><instruction code="ADD $0,$0,$1"><temps name="use"><temp name="T57"/><temp name="T58"/></temps><temps name="def"><temp name="T542"/></temps><temps name="in"><temp name="T57"/><temp name="T8"/><temp name="T58"/></temps><temps name="out"><temp name="T8"/><temp name="T542"/></temps></instruction><instruction code="LDO $0,$0,0"><temps name="use"><temp name="T542"/></temps><temps name="def"><temp name="T542"/></temps><temps name="in"><temp name="T8"/><temp name="T542"/></temps><temps name="out"><temp name="T8"/><temp name="T542"/></temps></instruction><instruction code="STO $0,$254,8"><temps name="use"><temp name="T542"/></temps><temps name="def"/><temps name="in"><temp name="T8"/><temp name="T542"/></temps><temps name="out"><temp name="T8"/></temps></instruction><instruction code="STO $253,$254,0"><temps name="use"><temp name="T8"/></temps><temps name="def"/><temps name="in"><temp name="T8"/></temps><temps name="out"/></instruction><instruction code="PUSHJ $100,L0"><temps name="use"/><temps name="def"/><temps name="in"/><temps name="out"/></instruction><instruction code="LDO $0,$254,0"><temps name="use"/><temps name="def"><temp name="T542"/></temps><temps name="in"/><temps name="out"/></instruction><instruction code="JMP L9"><temps name="use"/><temps name="def"/><temps name="in"/><temps name="out"/></instruction><instruction code="L9"><temps name="use"/><temps name="def"/><temps name="in"/><temps name="out"/></instruction><instruction code="SETL $0,0"><temps name="use"/><temps name="def"><temp name="T59"/></temps><temps name="in"/><temps name="out"><temp name="T59"/></temps></instruction><instruction code="SET $0,$0"><temps name="use"><temp name="T59"/></temps><temps name="def"><temp name="T9"/></temps><temps name="in"><temp name="T59"/></temps><temps name="out"><temp name="T9"/></temps></instruction><instruction code="JMP L62"><temps name="use"/><temps name="def"/><temps name="in"><temp name="T9"/></temps><temps name="out"><temp name="T9"/></temps></instruction></instructions></code><code entrylabel="L65" exitlabel="L66" tempsize="0"><frame FP="T10" RV="T11" argssize="8" depth="0" label="_getInteger" locssize="24" size="48"/><instructions><instruction code="L65"><temps name="use"/><temps name="def"/><temps name="in"><temp name="T10"/></temps><temps name="out"><temp name="T10"/></temps></instruction><instruction code="SET $0,$253"><temps name="use"><temp name="T10"/></temps><temps name="def"><temp name="T60"/></temps><temps name="in"><temp name="T10"/></temps><temps name="out"><temp name="T10"/><temp name="T60"/></temps></instruction><instruction code="SETL $1,8"><temps name="use"/><temps name="def"><temp name="T61"/></temps><temps name="in"><temp name="T10"/><temp name="T60"/></temps><temps name="out"><temp name="T10"/><temp name="T61"/><temp name="T60"/></temps></instruction><instruction code="NEG  $1,$1"><temps name="use"><temp name="T61"/></temps><temps name="def"><temp name="T61"/></temps><temps name="in"><temp name="T10"/><temp name="T61"/><temp name="T60"/></temps><temps name="out"><temp name="T10"/><temp name="T61"/><temp name="T60"/></temps></instruction><instruction code="ADD $1,$0,$1"><temps name="use"><temp name="T60"/><temp name="T61"/></temps><temps name="def"><temp name="T62"/></temps><temps name="in"><temp name="T10"/><temp name="T61"/><temp name="T60"/></temps><temps name="out"><temp name="T10"/><temp name="T62"/></temps></instruction><instruction code="SETL $0,1"><temps name="use"/><temps name="def"><temp name="T63"/></temps><temps name="in"><temp name="T10"/><temp name="T62"/></temps><temps name="out"><temp name="T10"/><temp name="T63"/><temp name="T62"/></temps></instruction><instruction code="STO $0,$1,0"><temps name="use"><temp name="T63"/><temp name="T62"/></temps><temps name="def"/><temps name="in"><temp name="T10"/><temp name="T63"/><temp name="T62"/></temps><temps name="out"><temp name="T10"/></temps></instruction><instruction code="SET $0,$253"><temps name="use"><temp name="T10"/></temps><temps name="def"><temp name="T64"/></temps><temps name="in"><temp name="T10"/></temps><temps name="out"><temp name="T10"/><temp name="T64"/></temps></instruction><instruction code="SETL $1,16"><temps name="use"/><temps name="def"><temp name="T65"/></temps><temps name="in"><temp name="T10"/><temp name="T64"/></temps><temps name="out"><temp name="T10"/><temp name="T65"/><temp name="T64"/></temps></instruction><instruction code="NEG  $1,$1"><temps name="use"><temp name="T65"/></temps><temps name="def"><temp name="T65"/></temps><temps name="in"><temp name="T10"/><temp name="T65"/><temp name="T64"/></temps><temps name="out"><temp name="T10"/><temp name="T65"/><temp name="T64"/></temps></instruction><instruction code="ADD $1,$0,$1"><temps name="use"><temp name="T64"/><temp name="T65"/></temps><temps name="def"><temp name="T66"/></temps><temps name="in"><temp name="T10"/><temp name="T65"/><temp name="T64"/></temps><temps name="out"><temp name="T10"/><temp name="T66"/></temps></instruction><instruction code="SETL $0,0"><temps name="use"/><temps name="def"><temp name="T67"/></temps><temps name="in"><temp name="T10"/><temp name="T66"/></temps><temps name="out"><temp name="T10"/><temp name="T67"/><temp name="T66"/></temps></instruction><instruction code="STO $0,$1,0"><temps name="use"><temp name="T67"/><temp name="T66"/></temps><temps name="def"/><temps name="in"><temp name="T10"/><temp name="T67"/><temp name="T66"/></temps><temps name="out"><temp name="T10"/></temps></instruction><instruction code="SET $1,$253"><temps name="use"><temp name="T10"/></temps><temps name="def"><temp name="T68"/></temps><temps name="in"><temp name="T10"/></temps><temps name="out"><temp name="T10"/><temp name="T68"/></temps></instruction><instruction code="SETL $0,24"><temps name="use"/><temps name="def"><temp name="T69"/></temps><temps name="in"><temp name="T10"/><temp name="T68"/></temps><temps name="out"><temp name="T10"/><temp name="T69"/><temp name="T68"/></temps></instruction><instruction code="NEG  $0,$0"><temps name="use"><temp name="T69"/></temps><temps name="def"><temp name="T69"/></temps><temps name="in"><temp name="T10"/><temp name="T69"/><temp name="T68"/></temps><temps name="out"><temp name="T10"/><temp name="T69"/><temp name="T68"/></temps></instruction><instruction code="ADD $0,$1,$0"><temps name="use"><temp name="T68"/><temp name="T69"/></temps><temps name="def"><temp name="T70"/></temps><temps name="in"><temp name="T10"/><temp name="T69"/><temp name="T68"/></temps><temps name="out"><temp name="T10"/><temp name="T70"/></temps></instruction><instruction code="LDO $1,$253,0"><temps name="use"><temp name="T10"/></temps><temps name="def"><temp name="T71"/></temps><temps name="in"><temp name="T10"/><temp name="T70"/></temps><temps name="out"><temp name="T10"/><temp name="T71"/><temp name="T70"/></temps></instruction><instruction code="STO $1,$254,0"><temps name="use"><temp name="T71"/></temps><temps name="def"/><temps name="in"><temp name="T10"/><temp name="T71"/><temp name="T70"/></temps><temps name="out"><temp name="T10"/><temp name="T70"/></temps></instruction><instruction code="PUSHJ $100,_getChar"><temps name="use"/><temps name="def"/><temps name="in"><temp name="T10"/><temp name="T70"/></temps><temps name="out"><temp name="T10"/><temp name="T70"/></temps></instruction><instruction code="LDO $1,$254,0"><temps name="use"/><temps name="def"><temp name="T72"/></temps><temps name="in"><temp name="T10"/><temp name="T70"/></temps><temps name="out"><temp name="T10"/><temp name="T70"/><temp name="T72"/></temps></instruction><instruction code="SET $1,$1"><temps name="use"><temp name="T72"/></temps><temps name="def"><temp name="T73"/></temps><temps name="in"><temp name="T10"/><temp name="T70"/><temp name="T72"/></temps><temps name="out"><temp name="T10"/><temp name="T73"/><temp name="T70"/></temps></instruction><instruction code="STO $1,$0,0"><temps name="use"><temp name="T73"/><temp name="T70"/></temps><temps name="def"/><temps name="in"><temp name="T10"/><temp name="T73"/><temp name="T70"/></temps><temps name="out"><temp name="T10"/></temps></instruction><instruction code="SET $0,$253"><temps name="use"><temp name="T10"/></temps><temps name="def"><temp name="T74"/></temps><temps name="in"><temp name="T10"/></temps><temps name="out"><temp name="T10"/><temp name="T74"/></temps></instruction><instruction code="SETL $1,24"><temps name="use"/><temps name="def"><temp name="T75"/></temps><temps name="in"><temp name="T10"/><temp name="T74"/></temps><temps name="out"><temp name="T10"/><temp name="T75"/><temp name="T74"/></temps></instruction><instruction code="NEG  $1,$1"><temps name="use"><temp name="T75"/></temps><temps name="def"><temp name="T75"/></temps><temps name="in"><temp name="T10"/><temp name="T75"/><temp name="T74"/></temps><temps name="out"><temp name="T10"/><temp name="T75"/><temp name="T74"/></temps></instruction><instruction code="ADD $1,$0,$1"><temps name="use"><temp name="T74"/><temp name="T75"/></temps><temps name="def"><temp name="T76"/></temps><temps name="in"><temp name="T10"/><temp name="T75"/><temp name="T74"/></temps><temps name="out"><temp name="T10"/><temp name="T76"/></temps></instruction><instruction code="LDO $1,$1,0"><temps name="use"><temp name="T76"/></temps><temps name="def"><temp name="T76"/></temps><temps name="in"><temp name="T10"/><temp name="T76"/></temps><temps name="out"><temp name="T10"/><temp name="T76"/></temps></instruction><instruction code="SETL $0,43"><temps name="use"/><temps name="def"><temp name="T77"/></temps><temps name="in"><temp name="T10"/><temp name="T76"/></temps><temps name="out"><temp name="T10"/><temp name="T76"/><temp name="T77"/></temps></instruction><instruction code="CMP $0,$1,$0"><temps name="use"><temp name="T76"/><temp name="T77"/></temps><temps name="def"><temp name="T576"/></temps><temps name="in"><temp name="T10"/><temp name="T76"/><temp name="T77"/></temps><temps name="out"><temp name="T10"/><temp name="T576"/></temps></instruction><instruction code="ZSZ $0,$0,1"><temps name="use"><temp name="T576"/></temps><temps name="def"><temp name="T575"/></temps><temps name="in"><temp name="T10"/><temp name="T576"/></temps><temps name="out"><temp name="T10"/><temp name="T575"/></temps></instruction><instruction code="BNZ $0,L19"><temps name="use"><temp name="T575"/></temps><temps name="def"/><temps name="in"><temp name="T10"/><temp name="T575"/></temps><temps name="out"><temp name="T10"/></temps></instruction><instruction code="L67"><temps name="use"/><temps name="def"/><temps name="in"><temp name="T10"/></temps><temps name="out"><temp name="T10"/></temps></instruction><instruction code="SET $0,$253"><temps name="use"><temp name="T10"/></temps><temps name="def"><temp name="T86"/></temps><temps name="in"><temp name="T10"/></temps><temps name="out"><temp name="T10"/><temp name="T86"/></temps></instruction><instruction code="SETL $1,24"><temps name="use"/><temps name="def"><temp name="T87"/></temps><temps name="in"><temp name="T10"/><temp name="T86"/></temps><temps name="out"><temp name="T10"/><temp name="T87"/><temp name="T86"/></temps></instruction><instruction code="NEG  $1,$1"><temps name="use"><temp name="T87"/></temps><temps name="def"><temp name="T87"/></temps><temps name="in"><temp name="T10"/><temp name="T87"/><temp name="T86"/></temps><temps name="out"><temp name="T10"/><temp name="T87"/><temp name="T86"/></temps></instruction><instruction code="ADD $1,$0,$1"><temps name="use"><temp name="T86"/><temp name="T87"/></temps><temps name="def"><temp name="T88"/></temps><temps name="in"><temp name="T10"/><temp name="T87"/><temp name="T86"/></temps><temps name="out"><temp name="T10"/><temp name="T88"/></temps></instruction><instruction code="LDO $1,$1,0"><temps name="use"><temp name="T88"/></temps><temps name="def"><temp name="T88"/></temps><temps name="in"><temp name="T10"/><temp name="T88"/></temps><temps name="out"><temp name="T10"/><temp name="T88"/></temps></instruction><instruction code="SETL $0,45"><temps name="use"/><temps name="def"><temp name="T89"/></temps><temps name="in"><temp name="T10"/><temp name="T88"/></temps><temps name="out"><temp name="T10"/><temp name="T88"/><temp name="T89"/></temps></instruction><instruction code="CMP $0,$1,$0"><temps name="use"><temp name="T88"/><temp name="T89"/></temps><temps name="def"><temp name="T583"/></temps><temps name="in"><temp name="T10"/><temp name="T88"/><temp name="T89"/></temps><temps name="out"><temp name="T10"/><temp name="T583"/></temps></instruction><instruction code="ZSZ $0,$0,1"><temps name="use"><temp name="T583"/></temps><temps name="def"><temp name="T582"/></temps><temps name="in"><temp name="T10"/><temp name="T583"/></temps><temps name="out"><temp name="T10"/><temp name="T582"/></temps></instruction><instruction code="BNZ $0,L16"><temps name="use"><temp name="T582"/></temps><temps name="def"/><temps name="in"><temp name="T10"/><temp name="T582"/></temps><temps name="out"><temp name="T10"/></temps></instruction><instruction code="L19"><temps name="use"/><temps name="def"/><temps name="in"><temp name="T10"/></temps><temps name="out"><temp name="T10"/></temps></instruction><instruction code="SET $1,$253"><temps name="use"><temp name="T10"/></temps><temps name="def"><temp name="T78"/></temps><temps name="in"><temp name="T10"/></temps><temps name="out"><temp name="T10"/><temp name="T78"/></temps></instruction><instruction code="SETL $0,8"><temps name="use"/><temps name="def"><temp name="T79"/></temps><temps name="in"><temp name="T10"/><temp name="T78"/></temps><temps name="out"><temp name="T10"/><temp name="T78"/><temp name="T79"/></temps></instruction><instruction code="NEG  $0,$0"><temps name="use"><temp name="T79"/></temps><temps name="def"><temp name="T79"/></temps><temps name="in"><temp name="T10"/><temp name="T78"/><temp name="T79"/></temps><temps name="out"><temp name="T10"/><temp name="T78"/><temp name="T79"/></temps></instruction><instruction code="ADD $1,$1,$0"><temps name="use"><temp name="T78"/><temp name="T79"/></temps><temps name="def"><temp name="T80"/></temps><temps name="in"><temp name="T10"/><temp name="T78"/><temp name="T79"/></temps><temps name="out"><temp name="T10"/><temp name="T80"/></temps></instruction><instruction code="SETL $0,1"><temps name="use"/><temps name="def"><temp name="T81"/></temps><temps name="in"><temp name="T10"/><temp name="T80"/></temps><temps name="out"><temp name="T10"/><temp name="T80"/><temp name="T81"/></temps></instruction><instruction code="STO $0,$1,0"><temps name="use"><temp name="T81"/><temp name="T80"/></temps><temps name="def"/><temps name="in"><temp name="T10"/><temp name="T80"/><temp name="T81"/></temps><temps name="out"><temp name="T10"/></temps></instruction><instruction code="SET $0,$253"><temps name="use"><temp name="T10"/></temps><temps name="def"><temp name="T82"/></temps><temps name="in"><temp name="T10"/></temps><temps name="out"><temp name="T10"/><temp name="T82"/></temps></instruction><instruction code="SETL $1,24"><temps name="use"/><temps name="def"><temp name="T83"/></temps><temps name="in"><temp name="T10"/><temp name="T82"/></temps><temps name="out"><temp name="T10"/><temp name="T83"/><temp name="T82"/></temps></instruction><instruction code="NEG  $1,$1"><temps name="use"><temp name="T83"/></temps><temps name="def"><temp name="T83"/></temps><temps name="in"><temp name="T10"/><temp name="T83"/><temp name="T82"/></temps><temps name="out"><temp name="T10"/><temp name="T83"/><temp name="T82"/></temps></instruction><instruction code="ADD $0,$0,$1"><temps name="use"><temp name="T82"/><temp name="T83"/></temps><temps name="def"><temp name="T84"/></temps><temps name="in"><temp name="T10"/><temp name="T83"/><temp name="T82"/></temps><temps name="out"><temp name="T10"/><temp name="T84"/></temps></instruction><instruction code="SETL $1,48"><temps name="use"/><temps name="def"><temp name="T85"/></temps><temps name="in"><temp name="T10"/><temp name="T84"/></temps><temps name="out"><temp name="T10"/><temp name="T85"/><temp name="T84"/></temps></instruction><instruction code="STO $1,$0,0"><temps name="use"><temp name="T85"/><temp name="T84"/></temps><temps name="def"/><temps name="in"><temp name="T10"/><temp name="T85"/><temp name="T84"/></temps><temps name="out"><temp name="T10"/></temps></instruction><instruction code="SETL $0,0"><temps name="use"/><temps name="def"><temp name="T598"/></temps><temps name="in"><temp name="T10"/></temps><temps name="out"><temp name="T10"/></temps></instruction><instruction code="JMP L21"><temps name="use"/><temps name="def"/><temps name="in"><temp name="T10"/></temps><temps name="out"><temp name="T10"/></temps></instruction><instruction code="L20"><temps name="use"/><temps name="def"/><temps name="in"><temp name="T10"/></temps><temps name="out"><temp name="T10"/></temps></instruction><instruction code="SET $0,$253"><temps name="use"><temp name="T10"/></temps><temps name="def"><temp name="T86"/></temps><temps name="in"><temp name="T10"/></temps><temps name="out"><temp name="T10"/><temp name="T86"/></temps></instruction><instruction code="SETL $1,24"><temps name="use"/><temps name="def"><temp name="T87"/></temps><temps name="in"><temp name="T10"/><temp name="T86"/></temps><temps name="out"><temp name="T10"/><temp name="T87"/><temp name="T86"/></temps></instruction><instruction code="NEG  $1,$1"><temps name="use"><temp name="T87"/></temps><temps name="def"><temp name="T87"/></temps><temps name="in"><temp name="T10"/><temp name="T87"/><temp name="T86"/></temps><temps name="out"><temp name="T10"/><temp name="T87"/><temp name="T86"/></temps></instruction><instruction code="ADD $1,$0,$1"><temps name="use"><temp name="T86"/><temp name="T87"/></temps><temps name="def"><temp name="T88"/></temps><temps name="in"><temp name="T10"/><temp name="T87"/><temp name="T86"/></temps><temps name="out"><temp name="T10"/><temp name="T88"/></temps></instruction><instruction code="LDO $1,$1,0"><temps name="use"><temp name="T88"/></temps><temps name="def"><temp name="T88"/></temps><temps name="in"><temp name="T10"/><temp name="T88"/></temps><temps name="out"><temp name="T10"/><temp name="T88"/></temps></instruction><instruction code="SETL $0,45"><temps name="use"/><temps name="def"><temp name="T89"/></temps><temps name="in"><temp name="T10"/><temp name="T88"/></temps><temps name="out"><temp name="T10"/><temp name="T88"/><temp name="T89"/></temps></instruction><instruction code="CMP $0,$1,$0"><temps name="use"><temp name="T88"/><temp name="T89"/></temps><temps name="def"><temp name="T605"/></temps><temps name="in"><temp name="T10"/><temp name="T88"/><temp name="T89"/></temps><temps name="out"><temp name="T10"/><temp name="T605"/></temps></instruction><instruction code="ZSZ $0,$0,1"><temps name="use"><temp name="T605"/></temps><temps name="def"><temp name="T604"/></temps><temps name="in"><temp name="T10"/><temp name="T605"/></temps><temps name="out"><temp name="T10"/><temp name="T604"/></temps></instruction><instruction code="BNZ $0,L16"><temps name="use"><temp name="T604"/></temps><temps name="def"/><temps name="in"><temp name="T10"/><temp name="T604"/></temps><temps name="out"><temp name="T10"/></temps></instruction><instruction code="L68"><temps name="use"/><temps name="def"/><temps name="in"><temp name="T10"/></temps><temps name="out"><temp name="T10"/></temps></instruction><instruction code="SET $1,$253"><temps name="use"><temp name="T10"/></temps><temps name="def"><temp name="T98"/></temps><temps name="in"><temp name="T10"/></temps><temps name="out"><temp name="T10"/><temp name="T98"/></temps></instruction><instruction code="SETL $0,24"><temps name="use"/><temps name="def"><temp name="T99"/></temps><temps name="in"><temp name="T10"/><temp name="T98"/></temps><temps name="out"><temp name="T10"/><temp name="T98"/><temp name="T99"/></temps></instruction><instruction code="NEG  $0,$0"><temps name="use"><temp name="T99"/></temps><temps name="def"><temp name="T99"/></temps><temps name="in"><temp name="T10"/><temp name="T98"/><temp name="T99"/></temps><temps name="out"><temp name="T10"/><temp name="T98"/><temp name="T99"/></temps></instruction><instruction code="ADD $0,$1,$0"><temps name="use"><temp name="T98"/><temp name="T99"/></temps><temps name="def"><temp name="T100"/></temps><temps name="in"><temp name="T10"/><temp name="T98"/><temp name="T99"/></temps><temps name="out"><temp name="T10"/><temp name="T100"/></temps></instruction><instruction code="LDO $0,$0,0"><temps name="use"><temp name="T100"/></temps><temps name="def"><temp name="T100"/></temps><temps name="in"><temp name="T10"/><temp name="T100"/></temps><temps name="out"><temp name="T10"/><temp name="T100"/></temps></instruction><instruction code="SETL $1,48"><temps name="use"/><temps name="def"><temp name="T101"/></temps><temps name="in"><temp name="T10"/><temp name="T100"/></temps><temps name="out"><temp name="T10"/><temp name="T101"/><temp name="T100"/></temps></instruction><instruction code="CMP $0,$0,$1"><temps name="use"><temp name="T100"/><temp name="T101"/></temps><temps name="def"><temp name="T612"/></temps><temps name="in"><temp name="T10"/><temp name="T101"/><temp name="T100"/></temps><temps name="out"><temp name="T10"/><temp name="T612"/></temps></instruction><instruction code="ZSN $2,$0,1"><temps name="use"><temp name="T612"/></temps><temps name="def"><temp name="T102"/></temps><temps name="in"><temp name="T10"/><temp name="T612"/></temps><temps name="out"><temp name="T10"/><temp name="T102"/></temps></instruction><instruction code="SET $1,$253"><temps name="use"><temp name="T10"/></temps><temps name="def"><temp name="T103"/></temps><temps name="in"><temp name="T10"/><temp name="T102"/></temps><temps name="out"><temp name="T10"/><temp name="T102"/><temp name="T103"/></temps></instruction><instruction code="SETL $0,24"><temps name="use"/><temps name="def"><temp name="T104"/></temps><temps name="in"><temp name="T10"/><temp name="T102"/><temp name="T103"/></temps><temps name="out"><temp name="T10"/><temp name="T102"/><temp name="T104"/><temp name="T103"/></temps></instruction><instruction code="NEG  $0,$0"><temps name="use"><temp name="T104"/></temps><temps name="def"><temp name="T104"/></temps><temps name="in"><temp name="T10"/><temp name="T102"/><temp name="T104"/><temp name="T103"/></temps><temps name="out"><temp name="T10"/><temp name="T102"/><temp name="T103"/><temp name="T104"/></temps></instruction><instruction code="ADD $0,$1,$0"><temps name="use"><temp name="T103"/><temp name="T104"/></temps><temps name="def"><temp name="T105"/></temps><temps name="in"><temp name="T10"/><temp name="T102"/><temp name="T103"/><temp name="T104"/></temps><temps name="out"><temp name="T10"/><temp name="T105"/><temp name="T102"/></temps></instruction><instruction code="LDO $0,$0,0"><temps name="use"><temp name="T105"/></temps><temps name="def"><temp name="T105"/></temps><temps name="in"><temp name="T10"/><temp name="T105"/><temp name="T102"/></temps><temps name="out"><temp name="T10"/><temp name="T105"/><temp name="T102"/></temps></instruction><instruction code="SETL $1,57"><temps name="use"/><temps name="def"><temp name="T106"/></temps><temps name="in"><temp name="T10"/><temp name="T105"/><temp name="T102"/></temps><temps name="out"><temp name="T10"/><temp name="T105"/><temp name="T102"/><temp name="T106"/></temps></instruction><instruction code="CMP $0,$0,$1"><temps name="use"><temp name="T105"/><temp name="T106"/></temps><temps name="def"><temp name="T619"/></temps><temps name="in"><temp name="T10"/><temp name="T105"/><temp name="T102"/><temp name="T106"/></temps><temps name="out"><temp name="T10"/><temp name="T102"/><temp name="T619"/></temps></instruction><instruction code="ZSP $0,$0,1"><temps name="use"><temp name="T619"/></temps><temps name="def"><temp name="T107"/></temps><temps name="in"><temp name="T10"/><temp name="T102"/><temp name="T619"/></temps><temps name="out"><temp name="T10"/><temp name="T107"/><temp name="T102"/></temps></instruction><instruction code="OR $0,$2,$0"><temps name="use"><temp name="T102"/><temp name="T107"/></temps><temps name="def"><temp name="T620"/></temps><temps name="in"><temp name="T10"/><temp name="T107"/><temp name="T102"/></temps><temps name="out"><temp name="T10"/><temp name="T620"/></temps></instruction><instruction code="BNZ $0,L13"><temps name="use"><temp name="T620"/></temps><temps name="def"/><temps name="in"><temp name="T10"/><temp name="T620"/></temps><temps name="out"><temp name="T10"/></temps></instruction><instruction code="L16"><temps name="use"/><temps name="def"/><temps name="in"><temp name="T10"/></temps><temps name="out"><temp name="T10"/></temps></instruction><instruction code="SET $1,$253"><temps name="use"><temp name="T10"/></temps><temps name="def"><temp name="T90"/></temps><temps name="in"><temp name="T10"/></temps><temps name="out"><temp name="T10"/><temp name="T90"/></temps></instruction><instruction code="SETL $0,8"><temps name="use"/><temps name="def"><temp name="T91"/></temps><temps name="in"><temp name="T10"/><temp name="T90"/></temps><temps name="out"><temp name="T10"/><temp name="T90"/><temp name="T91"/></temps></instruction><instruction code="NEG  $0,$0"><temps name="use"><temp name="T91"/></temps><temps name="def"><temp name="T91"/></temps><temps name="in"><temp name="T10"/><temp name="T90"/><temp name="T91"/></temps><temps name="out"><temp name="T10"/><temp name="T90"/><temp name="T91"/></temps></instruction><instruction code="ADD $0,$1,$0"><temps name="use"><temp name="T90"/><temp name="T91"/></temps><temps name="def"><temp name="T92"/></temps><temps name="in"><temp name="T10"/><temp name="T90"/><temp name="T91"/></temps><temps name="out"><temp name="T10"/><temp name="T92"/></temps></instruction><instruction code="SETL $1,1"><temps name="use"/><temps name="def"><temp name="T93"/></temps><temps name="in"><temp name="T10"/><temp name="T92"/></temps><temps name="out"><temp name="T10"/><temp name="T93"/><temp name="T92"/></temps></instruction><instruction code="NEG $1,$1"><temps name="use"><temp name="T93"/></temps><temps name="def"><temp name="T93"/></temps><temps name="in"><temp name="T10"/><temp name="T93"/><temp name="T92"/></temps><temps name="out"><temp name="T10"/><temp name="T93"/><temp name="T92"/></temps></instruction><instruction code="STO $1,$0,0"><temps name="use"><temp name="T93"/><temp name="T92"/></temps><temps name="def"/><temps name="in"><temp name="T10"/><temp name="T93"/><temp name="T92"/></temps><temps name="out"><temp name="T10"/></temps></instruction><instruction code="SET $1,$253"><temps name="use"><temp name="T10"/></temps><temps name="def"><temp name="T94"/></temps><temps name="in"><temp name="T10"/></temps><temps name="out"><temp name="T10"/><temp name="T94"/></temps></instruction><instruction code="SETL $0,24"><temps name="use"/><temps name="def"><temp name="T95"/></temps><temps name="in"><temp name="T10"/><temp name="T94"/></temps><temps name="out"><temp name="T10"/><temp name="T95"/><temp name="T94"/></temps></instruction><instruction code="NEG  $0,$0"><temps name="use"><temp name="T95"/></temps><temps name="def"><temp name="T95"/></temps><temps name="in"><temp name="T10"/><temp name="T95"/><temp name="T94"/></temps><temps name="out"><temp name="T10"/><temp name="T95"/><temp name="T94"/></temps></instruction><instruction code="ADD $1,$1,$0"><temps name="use"><temp name="T94"/><temp name="T95"/></temps><temps name="def"><temp name="T96"/></temps><temps name="in"><temp name="T10"/><temp name="T95"/><temp name="T94"/></temps><temps name="out"><temp name="T10"/><temp name="T96"/></temps></instruction><instruction code="SETL $0,48"><temps name="use"/><temps name="def"><temp name="T97"/></temps><temps name="in"><temp name="T10"/><temp name="T96"/></temps><temps name="out"><temp name="T10"/><temp name="T97"/><temp name="T96"/></temps></instruction><instruction code="STO $0,$1,0"><temps name="use"><temp name="T97"/><temp name="T96"/></temps><temps name="def"/><temps name="in"><temp name="T10"/><temp name="T97"/><temp name="T96"/></temps><temps name="out"><temp name="T10"/></temps></instruction><instruction code="SETL $0,0"><temps name="use"/><temps name="def"><temp name="T635"/></temps><temps name="in"><temp name="T10"/></temps><temps name="out"><temp name="T10"/></temps></instruction><instruction code="JMP L18"><temps name="use"/><temps name="def"/><temps name="in"><temp name="T10"/></temps><temps name="out"><temp name="T10"/></temps></instruction><instruction code="L17"><temps name="use"/><temps name="def"/><temps name="in"><temp name="T10"/></temps><temps name="out"><temp name="T10"/></temps></instruction><instruction code="SET $1,$253"><temps name="use"><temp name="T10"/></temps><temps name="def"><temp name="T98"/></temps><temps name="in"><temp name="T10"/></temps><temps name="out"><temp name="T10"/><temp name="T98"/></temps></instruction><instruction code="SETL $0,24"><temps name="use"/><temps name="def"><temp name="T99"/></temps><temps name="in"><temp name="T10"/><temp name="T98"/></temps><temps name="out"><temp name="T10"/><temp name="T98"/><temp name="T99"/></temps></instruction><instruction code="NEG  $0,$0"><temps name="use"><temp name="T99"/></temps><temps name="def"><temp name="T99"/></temps><temps name="in"><temp name="T10"/><temp name="T98"/><temp name="T99"/></temps><temps name="out"><temp name="T10"/><temp name="T98"/><temp name="T99"/></temps></instruction><instruction code="ADD $0,$1,$0"><temps name="use"><temp name="T98"/><temp name="T99"/></temps><temps name="def"><temp name="T100"/></temps><temps name="in"><temp name="T10"/><temp name="T98"/><temp name="T99"/></temps><temps name="out"><temp name="T10"/><temp name="T100"/></temps></instruction><instruction code="LDO $0,$0,0"><temps name="use"><temp name="T100"/></temps><temps name="def"><temp name="T100"/></temps><temps name="in"><temp name="T10"/><temp name="T100"/></temps><temps name="out"><temp name="T10"/><temp name="T100"/></temps></instruction><instruction code="SETL $1,48"><temps name="use"/><temps name="def"><temp name="T101"/></temps><temps name="in"><temp name="T10"/><temp name="T100"/></temps><temps name="out"><temp name="T10"/><temp name="T101"/><temp name="T100"/></temps></instruction><instruction code="CMP $0,$0,$1"><temps name="use"><temp name="T100"/><temp name="T101"/></temps><temps name="def"><temp name="T642"/></temps><temps name="in"><temp name="T10"/><temp name="T101"/><temp name="T100"/></temps><temps name="out"><temp name="T10"/><temp name="T642"/></temps></instruction><instruction code="ZSN $2,$0,1"><temps name="use"><temp name="T642"/></temps><temps name="def"><temp name="T102"/></temps><temps name="in"><temp name="T10"/><temp name="T642"/></temps><temps name="out"><temp name="T10"/><temp name="T102"/></temps></instruction><instruction code="SET $1,$253"><temps name="use"><temp name="T10"/></temps><temps name="def"><temp name="T103"/></temps><temps name="in"><temp name="T10"/><temp name="T102"/></temps><temps name="out"><temp name="T10"/><temp name="T102"/><temp name="T103"/></temps></instruction><instruction code="SETL $0,24"><temps name="use"/><temps name="def"><temp name="T104"/></temps><temps name="in"><temp name="T10"/><temp name="T102"/><temp name="T103"/></temps><temps name="out"><temp name="T10"/><temp name="T102"/><temp name="T104"/><temp name="T103"/></temps></instruction><instruction code="NEG  $0,$0"><temps name="use"><temp name="T104"/></temps><temps name="def"><temp name="T104"/></temps><temps name="in"><temp name="T10"/><temp name="T102"/><temp name="T104"/><temp name="T103"/></temps><temps name="out"><temp name="T10"/><temp name="T102"/><temp name="T103"/><temp name="T104"/></temps></instruction><instruction code="ADD $0,$1,$0"><temps name="use"><temp name="T103"/><temp name="T104"/></temps><temps name="def"><temp name="T105"/></temps><temps name="in"><temp name="T10"/><temp name="T102"/><temp name="T103"/><temp name="T104"/></temps><temps name="out"><temp name="T10"/><temp name="T105"/><temp name="T102"/></temps></instruction><instruction code="LDO $0,$0,0"><temps name="use"><temp name="T105"/></temps><temps name="def"><temp name="T105"/></temps><temps name="in"><temp name="T10"/><temp name="T105"/><temp name="T102"/></temps><temps name="out"><temp name="T10"/><temp name="T105"/><temp name="T102"/></temps></instruction><instruction code="SETL $1,57"><temps name="use"/><temps name="def"><temp name="T106"/></temps><temps name="in"><temp name="T10"/><temp name="T105"/><temp name="T102"/></temps><temps name="out"><temp name="T10"/><temp name="T105"/><temp name="T102"/><temp name="T106"/></temps></instruction><instruction code="CMP $0,$0,$1"><temps name="use"><temp name="T105"/><temp name="T106"/></temps><temps name="def"><temp name="T649"/></temps><temps name="in"><temp name="T10"/><temp name="T105"/><temp name="T102"/><temp name="T106"/></temps><temps name="out"><temp name="T10"/><temp name="T649"/><temp name="T102"/></temps></instruction><instruction code="ZSP $0,$0,1"><temps name="use"><temp name="T649"/></temps><temps name="def"><temp name="T107"/></temps><temps name="in"><temp name="T10"/><temp name="T649"/><temp name="T102"/></temps><temps name="out"><temp name="T10"/><temp name="T107"/><temp name="T102"/></temps></instruction><instruction code="OR $0,$2,$0"><temps name="use"><temp name="T102"/><temp name="T107"/></temps><temps name="def"><temp name="T650"/></temps><temps name="in"><temp name="T10"/><temp name="T107"/><temp name="T102"/></temps><temps name="out"><temp name="T10"/><temp name="T650"/></temps></instruction><instruction code="BNZ $0,L13"><temps name="use"><temp name="T650"/></temps><temps name="def"/><temps name="in"><temp name="T10"/><temp name="T650"/></temps><temps name="out"><temp name="T10"/></temps></instruction><instruction code="L69"><temps name="use"/><temps name="def"/><temps name="in"><temp name="T10"/></temps><temps name="out"><temp name="T10"/></temps></instruction><instruction code="SETL $0,0"><temps name="use"/><temps name="def"><temp name="T651"/></temps><temps name="in"><temp name="T10"/></temps><temps name="out"><temp name="T10"/></temps></instruction><instruction code="JMP L15"><temps name="use"/><temps name="def"/><temps name="in"><temp name="T10"/></temps><temps name="out"><temp name="T10"/></temps></instruction><instruction code="L13"><temps name="use"/><temps name="def"/><temps name="in"><temp name="T10"/></temps><temps name="out"><temp name="T10"/></temps></instruction><instruction code="LDO $0,$253,0"><temps name="use"><temp name="T10"/></temps><temps name="def"><temp name="T652"/></temps><temps name="in"><temp name="T10"/></temps><temps name="out"><temp name="T10"/><temp name="T652"/></temps></instruction><instruction code="STO $0,$254,0"><temps name="use"><temp name="T652"/></temps><temps name="def"/><temps name="in"><temp name="T10"/><temp name="T652"/></temps><temps name="out"><temp name="T10"/></temps></instruction><instruction code="PUSHJ $100,_exit"><temps name="use"/><temps name="def"/><temps name="in"><temp name="T10"/></temps><temps name="out"><temp name="T10"/></temps></instruction><instruction code="LDO $0,$254,0"><temps name="use"/><temps name="def"><temp name="T652"/></temps><temps name="in"><temp name="T10"/></temps><temps name="out"><temp name="T10"/></temps></instruction><instruction code="JMP L15"><temps name="use"/><temps name="def"/><temps name="in"><temp name="T10"/></temps><temps name="out"><temp name="T10"/></temps></instruction><instruction code="L14"><temps name="use"/><temps name="def"/><temps name="in"><temp name="T10"/></temps><temps name="out"><temp name="T10"/></temps></instruction><instruction code="SETL $0,0"><temps name="use"/><temps name="def"><temp name="T653"/></temps><temps name="in"><temp name="T10"/></temps><temps name="out"><temp name="T10"/></temps></instruction><instruction code="JMP L15"><temps name="use"/><temps name="def"/><temps name="in"><temp name="T10"/></temps><temps name="out"><temp name="T10"/></temps></instruction><instruction code="L15"><temps name="use"/><temps name="def"/><temps name="in"><temp name="T10"/></temps><temps name="out"><temp name="T10"/></temps></instruction><instruction code="JMP L18"><temps name="use"/><temps name="def"/><temps name="in"><temp name="T10"/></temps><temps name="out"><temp name="T10"/></temps></instruction><instruction code="L18"><temps name="use"/><temps name="def"/><temps name="in"><temp name="T10"/></temps><temps name="out"><temp name="T10"/></temps></instruction><instruction code="JMP L21"><temps name="use"/><temps name="def"/><temps name="in"><temp name="T10"/></temps><temps name="out"><temp name="T10"/></temps></instruction><instruction code="L21"><temps name="use"/><temps name="def"/><temps name="in"><temp name="T10"/></temps><temps name="out"><temp name="T10"/></temps></instruction><instruction code="JMP L22"><temps name="use"/><temps name="def"/><temps name="in"><temp name="T10"/></temps><temps name="out"><temp name="T10"/></temps></instruction><instruction code="L22"><temps name="use"/><temps name="def"/><temps name="in"><temp name="T10"/></temps><temps name="out"><temp name="T10"/></temps></instruction><instruction code="SETL $1,48"><temps name="use"/><temps name="def"><temp name="T108"/></temps><temps name="in"><temp name="T10"/></temps><temps name="out"><temp name="T10"/><temp name="T108"/></temps></instruction><instruction code="SET $0,$253"><temps name="use"><temp name="T10"/></temps><temps name="def"><temp name="T109"/></temps><temps name="in"><temp name="T10"/><temp name="T108"/></temps><temps name="out"><temp name="T108"/><temp name="T10"/><temp name="T109"/></temps></instruction><instruction code="SETL $2,24"><temps name="use"/><temps name="def"><temp name="T110"/></temps><temps name="in"><temp name="T108"/><temp name="T10"/><temp name="T109"/></temps><temps name="out"><temp name="T108"/><temp name="T10"/><temp name="T110"/><temp name="T109"/></temps></instruction><instruction code="NEG  $2,$2"><temps name="use"><temp name="T110"/></temps><temps name="def"><temp name="T110"/></temps><temps name="in"><temp name="T108"/><temp name="T10"/><temp name="T110"/><temp name="T109"/></temps><temps name="out"><temp name="T108"/><temp name="T10"/><temp name="T110"/><temp name="T109"/></temps></instruction><instruction code="ADD $0,$0,$2"><temps name="use"><temp name="T109"/><temp name="T110"/></temps><temps name="def"><temp name="T111"/></temps><temps name="in"><temp name="T108"/><temp name="T10"/><temp name="T110"/><temp name="T109"/></temps><temps name="out"><temp name="T108"/><temp name="T10"/><temp name="T111"/></temps></instruction><instruction code="LDO $0,$0,0"><temps name="use"><temp name="T111"/></temps><temps name="def"><temp name="T111"/></temps><temps name="in"><temp name="T108"/><temp name="T10"/><temp name="T111"/></temps><temps name="out"><temp name="T108"/><temp name="T10"/><temp name="T111"/></temps></instruction><instruction code="CMP $0,$1,$0"><temps name="use"><temp name="T108"/><temp name="T111"/></temps><temps name="def"><temp name="T660"/></temps><temps name="in"><temp name="T108"/><temp name="T10"/><temp name="T111"/></temps><temps name="out"><temp name="T10"/><temp name="T660"/></temps></instruction><instruction code="ZSNP $1,$0,1"><temps name="use"><temp name="T660"/></temps><temps name="def"><temp name="T112"/></temps><temps name="in"><temp name="T10"/><temp name="T660"/></temps><temps name="out"><temp name="T10"/><temp name="T112"/></temps></instruction><instruction code="SET $2,$253"><temps name="use"><temp name="T10"/></temps><temps name="def"><temp name="T113"/></temps><temps name="in"><temp name="T10"/><temp name="T112"/></temps><temps name="out"><temp name="T10"/><temp name="T112"/><temp name="T113"/></temps></instruction><instruction code="SETL $0,24"><temps name="use"/><temps name="def"><temp name="T114"/></temps><temps name="in"><temp name="T10"/><temp name="T112"/><temp name="T113"/></temps><temps name="out"><temp name="T10"/><temp name="T114"/><temp name="T112"/><temp name="T113"/></temps></instruction><instruction code="NEG  $0,$0"><temps name="use"><temp name="T114"/></temps><temps name="def"><temp name="T114"/></temps><temps name="in"><temp name="T10"/><temp name="T114"/><temp name="T112"/><temp name="T113"/></temps><temps name="out"><temp name="T10"/><temp name="T114"/><temp name="T112"/><temp name="T113"/></temps></instruction><instruction code="ADD $0,$2,$0"><temps name="use"><temp name="T113"/><temp name="T114"/></temps><temps name="def"><temp name="T115"/></temps><temps name="in"><temp name="T10"/><temp name="T114"/><temp name="T112"/><temp name="T113"/></temps><temps name="out"><temp name="T10"/><temp name="T115"/><temp name="T112"/></temps></instruction><instruction code="LDO $0,$0,0"><temps name="use"><temp name="T115"/></temps><temps name="def"><temp name="T115"/></temps><temps name="in"><temp name="T10"/><temp name="T115"/><temp name="T112"/></temps><temps name="out"><temp name="T10"/><temp name="T115"/><temp name="T112"/></temps></instruction><instruction code="SETL $2,57"><temps name="use"/><temps name="def"><temp name="T116"/></temps><temps name="in"><temp name="T10"/><temp name="T115"/><temp name="T112"/></temps><temps name="out"><temp name="T10"/><temp name="T115"/><temp name="T112"/><temp name="T116"/></temps></instruction><instruction code="CMP $0,$0,$2"><temps name="use"><temp name="T115"/><temp name="T116"/></temps><temps name="def"><temp name="T667"/></temps><temps name="in"><temp name="T10"/><temp name="T115"/><temp name="T112"/><temp name="T116"/></temps><temps name="out"><temp name="T10"/><temp name="T667"/><temp name="T112"/></temps></instruction><instruction code="ZSNP $0,$0,1"><temps name="use"><temp name="T667"/></temps><temps name="def"><temp name="T117"/></temps><temps name="in"><temp name="T10"/><temp name="T667"/><temp name="T112"/></temps><temps name="out"><temp name="T117"/><temp name="T10"/><temp name="T112"/></temps></instruction><instruction code="AND $0,$1,$0"><temps name="use"><temp name="T112"/><temp name="T117"/></temps><temps name="def"><temp name="T668"/></temps><temps name="in"><temp name="T117"/><temp name="T10"/><temp name="T112"/></temps><temps name="out"><temp name="T10"/><temp name="T668"/></temps></instruction><instruction code="BNZ $0,L23"><temps name="use"><temp name="T668"/></temps><temps name="def"/><temps name="in"><temp name="T10"/><temp name="T668"/></temps><temps name="out"><temp name="T10"/></temps></instruction><instruction code="L70"><temps name="use"/><temps name="def"/><temps name="in"><temp name="T10"/></temps><temps name="out"><temp name="T10"/></temps></instruction><instruction code="SET $1,$253"><temps name="use"><temp name="T10"/></temps><temps name="def"><temp name="T138"/></temps><temps name="in"><temp name="T10"/></temps><temps name="out"><temp name="T10"/><temp name="T138"/></temps></instruction><instruction code="SETL $0,24"><temps name="use"/><temps name="def"><temp name="T139"/></temps><temps name="in"><temp name="T10"/><temp name="T138"/></temps><temps name="out"><temp name="T10"/><temp name="T139"/><temp name="T138"/></temps></instruction><instruction code="NEG  $0,$0"><temps name="use"><temp name="T139"/></temps><temps name="def"><temp name="T139"/></temps><temps name="in"><temp name="T10"/><temp name="T139"/><temp name="T138"/></temps><temps name="out"><temp name="T10"/><temp name="T138"/><temp name="T139"/></temps></instruction><instruction code="ADD $0,$1,$0"><temps name="use"><temp name="T138"/><temp name="T139"/></temps><temps name="def"><temp name="T140"/></temps><temps name="in"><temp name="T10"/><temp name="T138"/><temp name="T139"/></temps><temps name="out"><temp name="T10"/><temp name="T140"/></temps></instruction><instruction code="LDO $0,$0,0"><temps name="use"><temp name="T140"/></temps><temps name="def"><temp name="T140"/></temps><temps name="in"><temp name="T10"/><temp name="T140"/></temps><temps name="out"><temp name="T10"/><temp name="T140"/></temps></instruction><instruction code="SETL $2,10"><temps name="use"/><temps name="def"><temp name="T141"/></temps><temps name="in"><temp name="T10"/><temp name="T140"/></temps><temps name="out"><temp name="T10"/><temp name="T140"/><temp name="T141"/></temps></instruction><instruction code="SETL $1,256"><temps name="use"/><temps name="def"><temp name="T142"/></temps><temps name="in"><temp name="T10"/><temp name="T140"/><temp name="T141"/></temps><temps name="out"><temp name="T10"/><temp name="T140"/><temp name="T141"/><temp name="T142"/></temps></instruction><instruction code="DIV $1,$2,$1"><temps name="use"><temp name="T141"/><temp name="T142"/></temps><temps name="def"><temp name="T143"/></temps><temps name="in"><temp name="T10"/><temp name="T140"/><temp name="T141"/><temp name="T142"/></temps><temps name="out"><temp name="T10"/><temp name="T140"/></temps></instruction><instruction code="GET $1,rR"><temps name="use"/><temps name="def"><temp name="T143"/></temps><temps name="in"><temp name="T10"/><temp name="T140"/></temps><temps name="out"><temp name="T10"/><temp name="T143"/><temp name="T140"/></temps></instruction><instruction code="CMP $0,$0,$1"><temps name="use"><temp name="T140"/><temp name="T143"/></temps><temps name="def"><temp name="T677"/></temps><temps name="in"><temp name="T10"/><temp name="T143"/><temp name="T140"/></temps><temps name="out"><temp name="T10"/><temp name="T677"/></temps></instruction><instruction code="ZSNZ $0,$0,1"><temps name="use"><temp name="T677"/></temps><temps name="def"><temp name="T676"/></temps><temps name="in"><temp name="T10"/><temp name="T677"/></temps><temps name="out"><temp name="T10"/><temp name="T676"/></temps></instruction><instruction code="BNZ $0,L25"><temps name="use"><temp name="T676"/></temps><temps name="def"/><temps name="in"><temp name="T10"/><temp name="T676"/></temps><temps name="out"><temp name="T10"/></temps></instruction><instruction code="L23"><temps name="use"/><temps name="def"/><temps name="in"><temp name="T10"/></temps><temps name="out"><temp name="T10"/></temps></instruction><instruction code="SET $1,$253"><temps name="use"><temp name="T10"/></temps><temps name="def"><temp name="T118"/></temps><temps name="in"><temp name="T10"/></temps><temps name="out"><temp name="T10"/><temp name="T118"/></temps></instruction><instruction code="SETL $0,16"><temps name="use"/><temps name="def"><temp name="T119"/></temps><temps name="in"><temp name="T10"/><temp name="T118"/></temps><temps name="out"><temp name="T10"/><temp name="T119"/><temp name="T118"/></temps></instruction><instruction code="NEG  $0,$0"><temps name="use"><temp name="T119"/></temps><temps name="def"><temp name="T119"/></temps><temps name="in"><temp name="T10"/><temp name="T119"/><temp name="T118"/></temps><temps name="out"><temp name="T10"/><temp name="T119"/><temp name="T118"/></temps></instruction><instruction code="ADD $2,$1,$0"><temps name="use"><temp name="T118"/><temp name="T119"/></temps><temps name="def"><temp name="T120"/></temps><temps name="in"><temp name="T10"/><temp name="T119"/><temp name="T118"/></temps><temps name="out"><temp name="T10"/><temp name="T120"/></temps></instruction><instruction code="SET $1,$253"><temps name="use"><temp name="T10"/></temps><temps name="def"><temp name="T121"/></temps><temps name="in"><temp name="T10"/><temp name="T120"/></temps><temps name="out"><temp name="T10"/><temp name="T120"/><temp name="T121"/></temps></instruction><instruction code="SETL $0,16"><temps name="use"/><temps name="def"><temp name="T122"/></temps><temps name="in"><temp name="T10"/><temp name="T120"/><temp name="T121"/></temps><temps name="out"><temp name="T122"/><temp name="T10"/><temp name="T120"/><temp name="T121"/></temps></instruction><instruction code="NEG  $0,$0"><temps name="use"><temp name="T122"/></temps><temps name="def"><temp name="T122"/></temps><temps name="in"><temp name="T122"/><temp name="T10"/><temp name="T120"/><temp name="T121"/></temps><temps name="out"><temp name="T122"/><temp name="T10"/><temp name="T120"/><temp name="T121"/></temps></instruction><instruction code="ADD $0,$1,$0"><temps name="use"><temp name="T121"/><temp name="T122"/></temps><temps name="def"><temp name="T123"/></temps><temps name="in"><temp name="T122"/><temp name="T10"/><temp name="T120"/><temp name="T121"/></temps><temps name="out"><temp name="T10"/><temp name="T120"/><temp name="T123"/></temps></instruction><instruction code="LDO $0,$0,0"><temps name="use"><temp name="T123"/></temps><temps name="def"><temp name="T123"/></temps><temps name="in"><temp name="T10"/><temp name="T120"/><temp name="T123"/></temps><temps name="out"><temp name="T10"/><temp name="T120"/><temp name="T123"/></temps></instruction><instruction code="SETL $1,10"><temps name="use"/><temps name="def"><temp name="T124"/></temps><temps name="in"><temp name="T10"/><temp name="T120"/><temp name="T123"/></temps><temps name="out"><temp name="T10"/><temp name="T120"/><temp name="T123"/><temp name="T124"/></temps></instruction><instruction code="MUL $3,$0,$1"><temps name="use"><temp name="T123"/><temp name="T124"/></temps><temps name="def"><temp name="T125"/></temps><temps name="in"><temp name="T10"/><temp name="T120"/><temp name="T123"/><temp name="T124"/></temps><temps name="out"><temp name="T10"/><temp name="T125"/><temp name="T120"/></temps></instruction><instruction code="SET $1,$253"><temps name="use"><temp name="T10"/></temps><temps name="def"><temp name="T126"/></temps><temps name="in"><temp name="T10"/><temp name="T125"/><temp name="T120"/></temps><temps name="out"><temp name="T10"/><temp name="T125"/><temp name="T120"/><temp name="T126"/></temps></instruction><instruction code="SETL $0,24"><temps name="use"/><temps name="def"><temp name="T127"/></temps><temps name="in"><temp name="T10"/><temp name="T125"/><temp name="T120"/><temp name="T126"/></temps><temps name="out"><temp name="T10"/><temp name="T127"/><temp name="T125"/><temp name="T120"/><temp name="T126"/></temps></instruction><instruction code="NEG  $0,$0"><temps name="use"><temp name="T127"/></temps><temps name="def"><temp name="T127"/></temps><temps name="in"><temp name="T10"/><temp name="T127"/><temp name="T125"/><temp name="T120"/><temp name="T126"/></temps><temps name="out"><temp name="T10"/><temp name="T127"/><temp name="T125"/><temp name="T120"/><temp name="T126"/></temps></instruction><instruction code="ADD $1,$1,$0"><temps name="use"><temp name="T126"/><temp name="T127"/></temps><temps name="def"><temp name="T128"/></temps><temps name="in"><temp name="T10"/><temp name="T127"/><temp name="T125"/><temp name="T120"/><temp name="T126"/></temps><temps name="out"><temp name="T10"/><temp name="T125"/><temp name="T120"/><temp name="T128"/></temps></instruction><instruction code="LDO $1,$1,0"><temps name="use"><temp name="T128"/></temps><temps name="def"><temp name="T128"/></temps><temps name="in"><temp name="T10"/><temp name="T125"/><temp name="T120"/><temp name="T128"/></temps><temps name="out"><temp name="T10"/><temp name="T125"/><temp name="T120"/><temp name="T128"/></temps></instruction><instruction code="SETL $0,48"><temps name="use"/><temps name="def"><temp name="T129"/></temps><temps name="in"><temp name="T10"/><temp name="T125"/><temp name="T120"/><temp name="T128"/></temps><temps name="out"><temp name="T10"/><temp name="T125"/><temp name="T120"/><temp name="T128"/><temp name="T129"/></temps></instruction><instruction code="SUB $0,$1,$0"><temps name="use"><temp name="T128"/><temp name="T129"/></temps><temps name="def"><temp name="T130"/></temps><temps name="in"><temp name="T10"/><temp name="T125"/><temp name="T120"/><temp name="T128"/><temp name="T129"/></temps><temps name="out"><temp name="T10"/><temp name="T125"/><temp name="T120"/><temp name="T130"/></temps></instruction><instruction code="ADD $0,$3,$0"><temps name="use"><temp name="T125"/><temp name="T130"/></temps><temps name="def"><temp name="T131"/></temps><temps name="in"><temp name="T10"/><temp name="T125"/><temp name="T120"/><temp name="T130"/></temps><temps name="out"><temp name="T10"/><temp name="T120"/><temp name="T131"/></temps></instruction><instruction code="STO $0,$2,0"><temps name="use"><temp name="T131"/><temp name="T120"/></temps><temps name="def"/><temps name="in"><temp name="T10"/><temp name="T120"/><temp name="T131"/></temps><temps name="out"><temp name="T10"/></temps></instruction><instruction code="SET $1,$253"><temps name="use"><temp name="T10"/></temps><temps name="def"><temp name="T132"/></temps><temps name="in"><temp name="T10"/></temps><temps name="out"><temp name="T10"/><temp name="T132"/></temps></instruction><instruction code="SETL $0,24"><temps name="use"/><temps name="def"><temp name="T133"/></temps><temps name="in"><temp name="T10"/><temp name="T132"/></temps><temps name="out"><temp name="T10"/><temp name="T132"/><temp name="T133"/></temps></instruction><instruction code="NEG  $0,$0"><temps name="use"><temp name="T133"/></temps><temps name="def"><temp name="T133"/></temps><temps name="in"><temp name="T10"/><temp name="T132"/><temp name="T133"/></temps><temps name="out"><temp name="T10"/><temp name="T132"/><temp name="T133"/></temps></instruction><instruction code="ADD $1,$1,$0"><temps name="use"><temp name="T132"/><temp name="T133"/></temps><temps name="def"><temp name="T134"/></temps><temps name="in"><temp name="T10"/><temp name="T132"/><temp name="T133"/></temps><temps name="out"><temp name="T10"/><temp name="T134"/></temps></instruction><instruction code="LDO $0,$253,0"><temps name="use"><temp name="T10"/></temps><temps name="def"><temp name="T135"/></temps><temps name="in"><temp name="T10"/><temp name="T134"/></temps><temps name="out"><temp name="T10"/><temp name="T135"/><temp name="T134"/></temps></instruction><instruction code="STO $0,$254,0"><temps name="use"><temp name="T135"/></temps><temps name="def"/><temps name="in"><temp name="T10"/><temp name="T135"/><temp name="T134"/></temps><temps name="out"><temp name="T10"/><temp name="T134"/></temps></instruction><instruction code="PUSHJ $100,_getChar"><temps name="use"/><temps name="def"/><temps name="in"><temp name="T10"/><temp name="T134"/></temps><temps name="out"><temp name="T10"/><temp name="T134"/></temps></instruction><instruction code="LDO $0,$254,0"><temps name="use"/><temps name="def"><temp name="T136"/></temps><temps name="in"><temp name="T10"/><temp name="T134"/></temps><temps name="out"><temp name="T10"/><temp name="T136"/><temp name="T134"/></temps></instruction><instruction code="SET $0,$0"><temps name="use"><temp name="T136"/></temps><temps name="def"><temp name="T137"/></temps><temps name="in"><temp name="T10"/><temp name="T136"/><temp name="T134"/></temps><temps name="out"><temp name="T10"/><temp name="T137"/><temp name="T134"/></temps></instruction><instruction code="STO $0,$1,0"><temps name="use"><temp name="T137"/><temp name="T134"/></temps><temps name="def"/><temps name="in"><temp name="T10"/><temp name="T137"/><temp name="T134"/></temps><temps name="out"><temp name="T10"/></temps></instruction><instruction code="SETL $0,0"><temps name="use"/><temps name="def"><temp name="T707"/></temps><temps name="in"><temp name="T10"/></temps><temps name="out"><temp name="T10"/></temps></instruction><instruction code="JMP L22"><temps name="use"/><temps name="def"/><temps name="in"><temp name="T10"/></temps><temps name="out"><temp name="T10"/></temps></instruction><instruction code="L24"><temps name="use"/><temps name="def"/><temps name="in"><temp name="T10"/></temps><temps name="out"><temp name="T10"/></temps></instruction><instruction code="SET $1,$253"><temps name="use"><temp name="T10"/></temps><temps name="def"><temp name="T138"/></temps><temps name="in"><temp name="T10"/></temps><temps name="out"><temp name="T10"/><temp name="T138"/></temps></instruction><instruction code="SETL $0,24"><temps name="use"/><temps name="def"><temp name="T139"/></temps><temps name="in"><temp name="T10"/><temp name="T138"/></temps><temps name="out"><temp name="T10"/><temp name="T139"/><temp name="T138"/></temps></instruction><instruction code="NEG  $0,$0"><temps name="use"><temp name="T139"/></temps><temps name="def"><temp name="T139"/></temps><temps name="in"><temp name="T10"/><temp name="T139"/><temp name="T138"/></temps><temps name="out"><temp name="T10"/><temp name="T138"/><temp name="T139"/></temps></instruction><instruction code="ADD $0,$1,$0"><temps name="use"><temp name="T138"/><temp name="T139"/></temps><temps name="def"><temp name="T140"/></temps><temps name="in"><temp name="T10"/><temp name="T138"/><temp name="T139"/></temps><temps name="out"><temp name="T10"/><temp name="T140"/></temps></instruction><instruction code="LDO $0,$0,0"><temps name="use"><temp name="T140"/></temps><temps name="def"><temp name="T140"/></temps><temps name="in"><temp name="T10"/><temp name="T140"/></temps><temps name="out"><temp name="T10"/><temp name="T140"/></temps></instruction><instruction code="SETL $2,10"><temps name="use"/><temps name="def"><temp name="T141"/></temps><temps name="in"><temp name="T10"/><temp name="T140"/></temps><temps name="out"><temp name="T10"/><temp name="T140"/><temp name="T141"/></temps></instruction><instruction code="SETL $1,256"><temps name="use"/><temps name="def"><temp name="T142"/></temps><temps name="in"><temp name="T10"/><temp name="T140"/><temp name="T141"/></temps><temps name="out"><temp name="T10"/><temp name="T140"/><temp name="T141"/><temp name="T142"/></temps></instruction><instruction code="DIV $1,$2,$1"><temps name="use"><temp name="T141"/><temp name="T142"/></temps><temps name="def"><temp name="T143"/></temps><temps name="in"><temp name="T10"/><temp name="T140"/><temp name="T141"/><temp name="T142"/></temps><temps name="out"><temp name="T10"/><temp name="T140"/></temps></instruction><instruction code="GET $1,rR"><temps name="use"/><temps name="def"><temp name="T143"/></temps><temps name="in"><temp name="T10"/><temp name="T140"/></temps><temps name="out"><temp name="T10"/><temp name="T143"/><temp name="T140"/></temps></instruction><instruction code="CMP $0,$0,$1"><temps name="use"><temp name="T140"/><temp name="T143"/></temps><temps name="def"><temp name="T716"/></temps><temps name="in"><temp name="T10"/><temp name="T143"/><temp name="T140"/></temps><temps name="out"><temp name="T10"/><temp name="T716"/></temps></instruction><instruction code="ZSNZ $0,$0,1"><temps name="use"><temp name="T716"/></temps><temps name="def"><temp name="T715"/></temps><temps name="in"><temp name="T10"/><temp name="T716"/></temps><temps name="out"><temp name="T10"/><temp name="T715"/></temps></instruction><instruction code="BNZ $0,L25"><temps name="use"><temp name="T715"/></temps><temps name="def"/><temps name="in"><temp name="T10"/><temp name="T715"/></temps><temps name="out"><temp name="T10"/></temps></instruction><instruction code="L71"><temps name="use"/><temps name="def"/><temps name="in"><temp name="T10"/></temps><temps name="out"><temp name="T10"/></temps></instruction><instruction code="SETL $0,0"><temps name="use"/><temps name="def"><temp name="T717"/></temps><temps name="in"><temp name="T10"/></temps><temps name="out"><temp name="T10"/></temps></instruction><instruction code="JMP L27"><temps name="use"/><temps name="def"/><temps name="in"><temp name="T10"/></temps><temps name="out"><temp name="T10"/></temps></instruction><instruction code="L25"><temps name="use"/><temps name="def"/><temps name="in"><temp name="T10"/></temps><temps name="out"><temp name="T10"/></temps></instruction><instruction code="LDO $0,$253,0"><temps name="use"><temp name="T10"/></temps><temps name="def"><temp name="T718"/></temps><temps name="in"><temp name="T10"/></temps><temps name="out"><temp name="T10"/><temp name="T718"/></temps></instruction><instruction code="STO $0,$254,0"><temps name="use"><temp name="T718"/></temps><temps name="def"/><temps name="in"><temp name="T10"/><temp name="T718"/></temps><temps name="out"><temp name="T10"/></temps></instruction><instruction code="PUSHJ $100,_exit"><temps name="use"/><temps name="def"/><temps name="in"><temp name="T10"/></temps><temps name="out"><temp name="T10"/></temps></instruction><instruction code="LDO $0,$254,0"><temps name="use"/><temps name="def"><temp name="T718"/></temps><temps name="in"><temp name="T10"/></temps><temps name="out"><temp name="T10"/></temps></instruction><instruction code="JMP L27"><temps name="use"/><temps name="def"/><temps name="in"><temp name="T10"/></temps><temps name="out"><temp name="T10"/></temps></instruction><instruction code="L26"><temps name="use"/><temps name="def"/><temps name="in"><temp name="T10"/></temps><temps name="out"><temp name="T10"/></temps></instruction><instruction code="SETL $0,0"><temps name="use"/><temps name="def"><temp name="T719"/></temps><temps name="in"><temp name="T10"/></temps><temps name="out"><temp name="T10"/></temps></instruction><instruction code="JMP L27"><temps name="use"/><temps name="def"/><temps name="in"><temp name="T10"/></temps><temps name="out"><temp name="T10"/></temps></instruction><instruction code="L27"><temps name="use"/><temps name="def"/><temps name="in"><temp name="T10"/></temps><temps name="out"><temp name="T10"/></temps></instruction><instruction code="SET $1,$253"><temps name="use"><temp name="T10"/></temps><temps name="def"><temp name="T144"/></temps><temps name="in"><temp name="T10"/></temps><temps name="out"><temp name="T10"/><temp name="T144"/></temps></instruction><instruction code="SETL $0,8"><temps name="use"/><temps name="def"><temp name="T145"/></temps><temps name="in"><temp name="T10"/><temp name="T144"/></temps><temps name="out"><temp name="T10"/><temp name="T145"/><temp name="T144"/></temps></instruction><instruction code="NEG  $0,$0"><temps name="use"><temp name="T145"/></temps><temps name="def"><temp name="T145"/></temps><temps name="in"><temp name="T10"/><temp name="T145"/><temp name="T144"/></temps><temps name="out"><temp name="T10"/><temp name="T145"/><temp name="T144"/></temps></instruction><instruction code="ADD $0,$1,$0"><temps name="use"><temp name="T144"/><temp name="T145"/></temps><temps name="def"><temp name="T146"/></temps><temps name="in"><temp name="T10"/><temp name="T145"/><temp name="T144"/></temps><temps name="out"><temp name="T10"/><temp name="T146"/></temps></instruction><instruction code="LDO $0,$0,0"><temps name="use"><temp name="T146"/></temps><temps name="def"><temp name="T146"/></temps><temps name="in"><temp name="T10"/><temp name="T146"/></temps><temps name="out"><temp name="T10"/><temp name="T146"/></temps></instruction><instruction code="SET $1,$253"><temps name="use"><temp name="T10"/></temps><temps name="def"><temp name="T147"/></temps><temps name="in"><temp name="T10"/><temp name="T146"/></temps><temps name="out"><temp name="T147"/><temp name="T146"/></temps></instruction><instruction code="SETL $2,16"><temps name="use"/><temps name="def"><temp name="T148"/></temps><temps name="in"><temp name="T147"/><temp name="T146"/></temps><temps name="out"><temp name="T147"/><temp name="T148"/><temp name="T146"/></temps></instruction><instruction code="NEG  $2,$2"><temps name="use"><temp name="T148"/></temps><temps name="def"><temp name="T148"/></temps><temps name="in"><temp name="T147"/><temp name="T148"/><temp name="T146"/></temps><temps name="out"><temp name="T147"/><temp name="T148"/><temp name="T146"/></temps></instruction><instruction code="ADD $1,$1,$2"><temps name="use"><temp name="T147"/><temp name="T148"/></temps><temps name="def"><temp name="T149"/></temps><temps name="in"><temp name="T147"/><temp name="T148"/><temp name="T146"/></temps><temps name="out"><temp name="T149"/><temp name="T146"/></temps></instruction><instruction code="LDO $1,$1,0"><temps name="use"><temp name="T149"/></temps><temps name="def"><temp name="T149"/></temps><temps name="in"><temp name="T149"/><temp name="T146"/></temps><temps name="out"><temp name="T149"/><temp name="T146"/></temps></instruction><instruction code="MUL $0,$0,$1"><temps name="use"><temp name="T146"/><temp name="T149"/></temps><temps name="def"><temp name="T150"/></temps><temps name="in"><temp name="T149"/><temp name="T146"/></temps><temps name="out"><temp name="T150"/></temps></instruction><instruction code="SET $0,$0"><temps name="use"><temp name="T150"/></temps><temps name="def"><temp name="T11"/></temps><temps name="in"><temp name="T150"/></temps><temps name="out"><temp name="T11"/></temps></instruction><instruction code="JMP L66"><temps name="use"/><temps name="def"/><temps name="in"><temp name="T11"/></temps><temps name="out"><temp name="T11"/></temps></instruction></instructions></code><code entrylabel="L72" exitlabel="L73" tempsize="0"><frame FP="T12" RV="T13" argssize="16" depth="0" label="_putString" locssize="8" size="40"/><instructions><instruction code="L72"><temps name="use"/><temps name="def"/><temps name="in"><temp name="T12"/></temps><temps name="out"><temp name="T12"/></temps></instruction><instruction code="SET $1,$253"><temps name="use"><temp name="T12"/></temps><temps name="def"><temp name="T151"/></temps><temps name="in"><temp name="T12"/></temps><temps name="out"><temp name="T12"/><temp name="T151"/></temps></instruction><instruction code="SETL $0,8"><temps name="use"/><temps name="def"><temp name="T152"/></temps><temps name="in"><temp name="T12"/><temp name="T151"/></temps><temps name="out"><temp name="T152"/><temp name="T12"/><temp name="T151"/></temps></instruction><instruction code="NEG  $0,$0"><temps name="use"><temp name="T152"/></temps><temps name="def"><temp name="T152"/></temps><temps name="in"><temp name="T152"/><temp name="T12"/><temp name="T151"/></temps><temps name="out"><temp name="T152"/><temp name="T12"/><temp name="T151"/></temps></instruction><instruction code="ADD $1,$1,$0"><temps name="use"><temp name="T151"/><temp name="T152"/></temps><temps name="def"><temp name="T153"/></temps><temps name="in"><temp name="T152"/><temp name="T12"/><temp name="T151"/></temps><temps name="out"><temp name="T153"/><temp name="T12"/></temps></instruction><instruction code="SETL $0,0"><temps name="use"/><temps name="def"><temp name="T154"/></temps><temps name="in"><temp name="T153"/><temp name="T12"/></temps><temps name="out"><temp name="T153"/><temp name="T12"/><temp name="T154"/></temps></instruction><instruction code="STO $0,$1,0"><temps name="use"><temp name="T154"/><temp name="T153"/></temps><temps name="def"/><temps name="in"><temp name="T153"/><temp name="T12"/><temp name="T154"/></temps><temps name="out"><temp name="T12"/></temps></instruction><instruction code="JMP L28"><temps name="use"/><temps name="def"/><temps name="in"><temp name="T12"/></temps><temps name="out"><temp name="T12"/></temps></instruction><instruction code="L28"><temps name="use"/><temps name="def"/><temps name="in"><temp name="T12"/></temps><temps name="out"><temp name="T12"/></temps></instruction><instruction code="SET $1,$253"><temps name="use"><temp name="T12"/></temps><temps name="def"><temp name="T155"/></temps><temps name="in"><temp name="T12"/></temps><temps name="out"><temp name="T12"/><temp name="T155"/></temps></instruction><instruction code="SETL $0,8"><temps name="use"/><temps name="def"><temp name="T156"/></temps><temps name="in"><temp name="T12"/><temp name="T155"/></temps><temps name="out"><temp name="T12"/><temp name="T156"/><temp name="T155"/></temps></instruction><instruction code="ADD $1,$1,$0"><temps name="use"><temp name="T155"/><temp name="T156"/></temps><temps name="def"><temp name="T157"/></temps><temps name="in"><temp name="T12"/><temp name="T156"/><temp name="T155"/></temps><temps name="out"><temp name="T12"/><temp name="T157"/></temps></instruction><instruction code="LDO $1,$1,0"><temps name="use"><temp name="T157"/></temps><temps name="def"><temp name="T157"/></temps><temps name="in"><temp name="T12"/><temp name="T157"/></temps><temps name="out"><temp name="T12"/><temp name="T157"/></temps></instruction><instruction code="SET $2,$253"><temps name="use"><temp name="T12"/></temps><temps name="def"><temp name="T158"/></temps><temps name="in"><temp name="T12"/><temp name="T157"/></temps><temps name="out"><temp name="T12"/><temp name="T157"/><temp name="T158"/></temps></instruction><instruction code="SETL $0,8"><temps name="use"/><temps name="def"><temp name="T159"/></temps><temps name="in"><temp name="T12"/><temp name="T157"/><temp name="T158"/></temps><temps name="out"><temp name="T12"/><temp name="T157"/><temp name="T159"/><temp name="T158"/></temps></instruction><instruction code="NEG  $0,$0"><temps name="use"><temp name="T159"/></temps><temps name="def"><temp name="T159"/></temps><temps name="in"><temp name="T12"/><temp name="T157"/><temp name="T159"/><temp name="T158"/></temps><temps name="out"><temp name="T12"/><temp name="T157"/><temp name="T158"/><temp name="T159"/></temps></instruction><instruction code="ADD $0,$2,$0"><temps name="use"><temp name="T158"/><temp name="T159"/></temps><temps name="def"><temp name="T160"/></temps><temps name="in"><temp name="T12"/><temp name="T157"/><temp name="T158"/><temp name="T159"/></temps><temps name="out"><temp name="T12"/><temp name="T160"/><temp name="T157"/></temps></instruction><instruction code="LDO $0,$0,0"><temps name="use"><temp name="T160"/></temps><temps name="def"><temp name="T160"/></temps><temps name="in"><temp name="T12"/><temp name="T160"/><temp name="T157"/></temps><temps name="out"><temp name="T12"/><temp name="T160"/><temp name="T157"/></temps></instruction><instruction code="SETL $2,8"><temps name="use"/><temps name="def"><temp name="T161"/></temps><temps name="in"><temp name="T12"/><temp name="T160"/><temp name="T157"/></temps><temps name="out"><temp name="T161"/><temp name="T12"/><temp name="T160"/><temp name="T157"/></temps></instruction><instruction code="MUL $0,$0,$2"><temps name="use"><temp name="T160"/><temp name="T161"/></temps><temps name="def"><temp name="T162"/></temps><temps name="in"><temp name="T161"/><temp name="T12"/><temp name="T160"/><temp name="T157"/></temps><temps name="out"><temp name="T12"/><temp name="T157"/><temp name="T162"/></temps></instruction><instruction code="ADD $2,$1,$0"><temps name="use"><temp name="T157"/><temp name="T162"/></temps><temps name="def"><temp name="T163"/></temps><temps name="in"><temp name="T12"/><temp name="T157"/><temp name="T162"/></temps><temps name="out"><temp name="T12"/><temp name="T163"/></temps></instruction><instruction code="LDO $2,$2,0"><temps name="use"><temp name="T163"/></temps><temps name="def"><temp name="T163"/></temps><temps name="in"><temp name="T12"/><temp name="T163"/></temps><temps name="out"><temp name="T12"/><temp name="T163"/></temps></instruction><instruction code="SETL $1,0"><temps name="use"/><temps name="def"><temp name="T164"/></temps><temps name="in"><temp name="T12"/><temp name="T163"/></temps><temps name="out"><temp name="T12"/><temp name="T164"/><temp name="T163"/></temps></instruction><instruction code="SETL $0,256"><temps name="use"/><temps name="def"><temp name="T165"/></temps><temps name="in"><temp name="T12"/><temp name="T164"/><temp name="T163"/></temps><temps name="out"><temp name="T165"/><temp name="T12"/><temp name="T164"/><temp name="T163"/></temps></instruction><instruction code="DIV $0,$1,$0"><temps name="use"><temp name="T164"/><temp name="T165"/></temps><temps name="def"><temp name="T166"/></temps><temps name="in"><temp name="T165"/><temp name="T12"/><temp name="T164"/><temp name="T163"/></temps><temps name="out"><temp name="T12"/><temp name="T163"/></temps></instruction><instruction code="GET $0,rR"><temps name="use"/><temps name="def"><temp name="T166"/></temps><temps name="in"><temp name="T12"/><temp name="T163"/></temps><temps name="out"><temp name="T12"/><temp name="T166"/><temp name="T163"/></temps></instruction><instruction code="CMP $0,$2,$0"><temps name="use"><temp name="T163"/><temp name="T166"/></temps><temps name="def"><temp name="T753"/></temps><temps name="in"><temp name="T12"/><temp name="T166"/><temp name="T163"/></temps><temps name="out"><temp name="T753"/><temp name="T12"/></temps></instruction><instruction code="ZSNZ $0,$0,1"><temps name="use"><temp name="T753"/></temps><temps name="def"><temp name="T752"/></temps><temps name="in"><temp name="T753"/><temp name="T12"/></temps><temps name="out"><temp name="T752"/><temp name="T12"/></temps></instruction><instruction code="BNZ $0,L29"><temps name="use"><temp name="T752"/></temps><temps name="def"/><temps name="in"><temp name="T752"/><temp name="T12"/></temps><temps name="out"><temp name="T12"/></temps></instruction><instruction code="L74"><temps name="use"/><temps name="def"/><temps name="in"><temp name="T12"/></temps><temps name="out"><temp name="T12"/></temps></instruction><instruction code="SETL $0,0"><temps name="use"/><temps name="def"><temp name="T183"/></temps><temps name="in"><temp name="T12"/></temps><temps name="out"><temp name="T12"/><temp name="T183"/></temps></instruction><instruction code="SET $0,$0"><temps name="use"><temp name="T183"/></temps><temps name="def"><temp name="T13"/></temps><temps name="in"><temp name="T12"/><temp name="T183"/></temps><temps name="out"><temp name="T12"/><temp name="T13"/></temps></instruction><instruction code="JMP L73"><temps name="use"/><temps name="def"/><temps name="in"><temp name="T12"/><temp name="T13"/></temps><temps name="out"><temp name="T12"/><temp name="T13"/></temps></instruction><instruction code="L29"><temps name="use"/><temps name="def"/><temps name="in"><temp name="T12"/></temps><temps name="out"><temp name="T12"/></temps></instruction><instruction code="SET $0,$253"><temps name="use"><temp name="T12"/></temps><temps name="def"><temp name="T167"/></temps><temps name="in"><temp name="T12"/></temps><temps name="out"><temp name="T12"/><temp name="T167"/></temps></instruction><instruction code="SETL $1,8"><temps name="use"/><temps name="def"><temp name="T168"/></temps><temps name="in"><temp name="T12"/><temp name="T167"/></temps><temps name="out"><temp name="T168"/><temp name="T12"/><temp name="T167"/></temps></instruction><instruction code="ADD $1,$0,$1"><temps name="use"><temp name="T167"/><temp name="T168"/></temps><temps name="def"><temp name="T169"/></temps><temps name="in"><temp name="T168"/><temp name="T12"/><temp name="T167"/></temps><temps name="out"><temp name="T12"/><temp name="T169"/></temps></instruction><instruction code="LDO $1,$1,0"><temps name="use"><temp name="T169"/></temps><temps name="def"><temp name="T169"/></temps><temps name="in"><temp name="T12"/><temp name="T169"/></temps><temps name="out"><temp name="T12"/><temp name="T169"/></temps></instruction><instruction code="SET $2,$253"><temps name="use"><temp name="T12"/></temps><temps name="def"><temp name="T170"/></temps><temps name="in"><temp name="T12"/><temp name="T169"/></temps><temps name="out"><temp name="T170"/><temp name="T12"/><temp name="T169"/></temps></instruction><instruction code="SETL $0,8"><temps name="use"/><temps name="def"><temp name="T171"/></temps><temps name="in"><temp name="T170"/><temp name="T12"/><temp name="T169"/></temps><temps name="out"><temp name="T170"/><temp name="T12"/><temp name="T169"/><temp name="T171"/></temps></instruction><instruction code="NEG  $0,$0"><temps name="use"><temp name="T171"/></temps><temps name="def"><temp name="T171"/></temps><temps name="in"><temp name="T170"/><temp name="T12"/><temp name="T169"/><temp name="T171"/></temps><temps name="out"><temp name="T170"/><temp name="T12"/><temp name="T169"/><temp name="T171"/></temps></instruction><instruction code="ADD $2,$2,$0"><temps name="use"><temp name="T170"/><temp name="T171"/></temps><temps name="def"><temp name="T172"/></temps><temps name="in"><temp name="T170"/><temp name="T12"/><temp name="T169"/><temp name="T171"/></temps><temps name="out"><temp name="T12"/><temp name="T169"/><temp name="T172"/></temps></instruction><instruction code="LDO $2,$2,0"><temps name="use"><temp name="T172"/></temps><temps name="def"><temp name="T172"/></temps><temps name="in"><temp name="T12"/><temp name="T169"/><temp name="T172"/></temps><temps name="out"><temp name="T12"/><temp name="T169"/><temp name="T172"/></temps></instruction><instruction code="SETL $0,8"><temps name="use"/><temps name="def"><temp name="T173"/></temps><temps name="in"><temp name="T12"/><temp name="T169"/><temp name="T172"/></temps><temps name="out"><temp name="T173"/><temp name="T12"/><temp name="T169"/><temp name="T172"/></temps></instruction><instruction code="MUL $0,$2,$0"><temps name="use"><temp name="T172"/><temp name="T173"/></temps><temps name="def"><temp name="T174"/></temps><temps name="in"><temp name="T173"/><temp name="T12"/><temp name="T169"/><temp name="T172"/></temps><temps name="out"><temp name="T174"/><temp name="T12"/><temp name="T169"/></temps></instruction><instruction code="ADD $0,$1,$0"><temps name="use"><temp name="T169"/><temp name="T174"/></temps><temps name="def"><temp name="T767"/></temps><temps name="in"><temp name="T174"/><temp name="T12"/><temp name="T169"/></temps><temps name="out"><temp name="T12"/><temp name="T767"/></temps></instruction><instruction code="LDO $0,$0,0"><temps name="use"><temp name="T767"/></temps><temps name="def"><temp name="T767"/></temps><temps name="in"><temp name="T12"/><temp name="T767"/></temps><temps name="out"><temp name="T12"/><temp name="T767"/></temps></instruction><instruction code="STO $0,$254,8"><temps name="use"><temp name="T767"/></temps><temps name="def"/><temps name="in"><temp name="T12"/><temp name="T767"/></temps><temps name="out"><temp name="T12"/></temps></instruction><instruction code="LDO $0,$253,0"><temps name="use"><temp name="T12"/></temps><temps name="def"><temp name="T767"/></temps><temps name="in"><temp name="T12"/></temps><temps name="out"><temp name="T12"/><temp name="T767"/></temps></instruction><instruction code="STO $0,$254,0"><temps name="use"><temp name="T767"/></temps><temps name="def"/><temps name="in"><temp name="T12"/><temp name="T767"/></temps><temps name="out"><temp name="T12"/></temps></instruction><instruction code="PUSHJ $100,_putChar"><temps name="use"/><temps name="def"/><temps name="in"><temp name="T12"/></temps><temps name="out"><temp name="T12"/></temps></instruction><instruction code="LDO $0,$254,0"><temps name="use"/><temps name="def"><temp name="T767"/></temps><temps name="in"><temp name="T12"/></temps><temps name="out"><temp name="T12"/></temps></instruction><instruction code="SET $0,$253"><temps name="use"><temp name="T12"/></temps><temps name="def"><temp name="T175"/></temps><temps name="in"><temp name="T12"/></temps><temps name="out"><temp name="T12"/><temp name="T175"/></temps></instruction><instruction code="SETL $1,8"><temps name="use"/><temps name="def"><temp name="T176"/></temps><temps name="in"><temp name="T12"/><temp name="T175"/></temps><temps name="out"><temp name="T176"/><temp name="T12"/><temp name="T175"/></temps></instruction><instruction code="NEG  $1,$1"><temps name="use"><temp name="T176"/></temps><temps name="def"><temp name="T176"/></temps><temps name="in"><temp name="T176"/><temp name="T12"/><temp name="T175"/></temps><temps name="out"><temp name="T176"/><temp name="T12"/><temp name="T175"/></temps></instruction><instruction code="ADD $1,$0,$1"><temps name="use"><temp name="T175"/><temp name="T176"/></temps><temps name="def"><temp name="T177"/></temps><temps name="in"><temp name="T176"/><temp name="T12"/><temp name="T175"/></temps><temps name="out"><temp name="T177"/><temp name="T12"/></temps></instruction><instruction code="SET $2,$253"><temps name="use"><temp name="T12"/></temps><temps name="def"><temp name="T178"/></temps><temps name="in"><temp name="T177"/><temp name="T12"/></temps><temps name="out"><temp name="T177"/><temp name="T12"/><temp name="T178"/></temps></instruction><instruction code="SETL $0,8"><temps name="use"/><temps name="def"><temp name="T179"/></temps><temps name="in"><temp name="T177"/><temp name="T12"/><temp name="T178"/></temps><temps name="out"><temp name="T177"/><temp name="T179"/><temp name="T12"/><temp name="T178"/></temps></instruction><instruction code="NEG  $0,$0"><temps name="use"><temp name="T179"/></temps><temps name="def"><temp name="T179"/></temps><temps name="in"><temp name="T177"/><temp name="T179"/><temp name="T12"/><temp name="T178"/></temps><temps name="out"><temp name="T177"/><temp name="T179"/><temp name="T12"/><temp name="T178"/></temps></instruction><instruction code="ADD $2,$2,$0"><temps name="use"><temp name="T178"/><temp name="T179"/></temps><temps name="def"><temp name="T180"/></temps><temps name="in"><temp name="T177"/><temp name="T179"/><temp name="T12"/><temp name="T178"/></temps><temps name="out"><temp name="T177"/><temp name="T12"/><temp name="T180"/></temps></instruction><instruction code="LDO $2,$2,0"><temps name="use"><temp name="T180"/></temps><temps name="def"><temp name="T180"/></temps><temps name="in"><temp name="T177"/><temp name="T12"/><temp name="T180"/></temps><temps name="out"><temp name="T177"/><temp name="T12"/><temp name="T180"/></temps></instruction><instruction code="SETL $0,1"><temps name="use"/><temps name="def"><temp name="T181"/></temps><temps name="in"><temp name="T177"/><temp name="T12"/><temp name="T180"/></temps><temps name="out"><temp name="T177"/><temp name="T12"/><temp name="T181"/><temp name="T180"/></temps></instruction><instruction code="ADD $0,$2,$0"><temps name="use"><temp name="T180"/><temp name="T181"/></temps><temps name="def"><temp name="T182"/></temps><temps name="in"><temp name="T177"/><temp name="T12"/><temp name="T181"/><temp name="T180"/></temps><temps name="out"><temp name="T182"/><temp name="T177"/><temp name="T12"/></temps></instruction><instruction code="STO $0,$1,0"><temps name="use"><temp name="T182"/><temp name="T177"/></temps><temps name="def"/><temps name="in"><temp name="T182"/><temp name="T177"/><temp name="T12"/></temps><temps name="out"><temp name="T12"/></temps></instruction><instruction code="SETL $0,0"><temps name="use"/><temps name="def"><temp name="T780"/></temps><temps name="in"><temp name="T12"/></temps><temps name="out"><temp name="T12"/></temps></instruction><instruction code="JMP L28"><temps name="use"/><temps name="def"/><temps name="in"><temp name="T12"/></temps><temps name="out"><temp name="T12"/></temps></instruction><instruction code="L30"><temps name="use"/><temps name="def"/><temps name="in"/><temps name="out"/></instruction><instruction code="SETL $0,0"><temps name="use"/><temps name="def"><temp name="T183"/></temps><temps name="in"/><temps name="out"><temp name="T183"/></temps></instruction><instruction code="SET $0,$0"><temps name="use"><temp name="T183"/></temps><temps name="def"><temp name="T13"/></temps><temps name="in"><temp name="T183"/></temps><temps name="out"><temp name="T13"/></temps></instruction><instruction code="JMP L73"><temps name="use"/><temps name="def"/><temps name="in"><temp name="T13"/></temps><temps name="out"><temp name="T13"/></temps></instruction></instructions></code><code entrylabel="L75" exitlabel="L76" tempsize="0"><frame FP="T14" RV="T15" argssize="16" depth="1" label="L3" locssize="40" size="72"/><instructions><instruction code="L75"><temps name="use"/><temps name="def"/><temps name="in"><temp name="T14"/></temps><temps name="out"><temp name="T14"/></temps></instruction><instruction code="SET $0,$253"><temps name="use"><temp name="T14"/></temps><temps name="def"><temp name="T184"/></temps><temps name="in"><temp name="T14"/></temps><temps name="out"><temp name="T14"/><temp name="T184"/></temps></instruction><instruction code="SETL $1,8"><temps name="use"/><temps name="def"><temp name="T185"/></temps><temps name="in"><temp name="T14"/><temp name="T184"/></temps><temps name="out"><temp name="T185"/><temp name="T14"/><temp name="T184"/></temps></instruction><instruction code="ADD $2,$0,$1"><temps name="use"><temp name="T184"/><temp name="T185"/></temps><temps name="def"><temp name="T186"/></temps><temps name="in"><temp name="T185"/><temp name="T14"/><temp name="T184"/></temps><temps name="out"><temp name="T186"/><temp name="T14"/></temps></instruction><instruction code="LDO $2,$2,0"><temps name="use"><temp name="T186"/></temps><temps name="def"><temp name="T186"/></temps><temps name="in"><temp name="T186"/><temp name="T14"/></temps><temps name="out"><temp name="T186"/><temp name="T14"/></temps></instruction><instruction code="LDO $1,$253,0"><temps name="use"><temp name="T14"/></temps><temps name="def"><temp name="T187"/></temps><temps name="in"><temp name="T186"/><temp name="T14"/></temps><temps name="out"><temp name="T186"/><temp name="T187"/><temp name="T14"/></temps></instruction><instruction code="SETL $0,8"><temps name="use"/><temps name="def"><temp name="T188"/></temps><temps name="in"><temp name="T186"/><temp name="T187"/><temp name="T14"/></temps><temps name="out"><temp name="T188"/><temp name="T186"/><temp name="T187"/><temp name="T14"/></temps></instruction><instruction code="NEG  $0,$0"><temps name="use"><temp name="T188"/></temps><temps name="def"><temp name="T188"/></temps><temps name="in"><temp name="T188"/><temp name="T186"/><temp name="T187"/><temp name="T14"/></temps><temps name="out"><temp name="T188"/><temp name="T186"/><temp name="T187"/><temp name="T14"/></temps></instruction><instruction code="ADD $0,$1,$0"><temps name="use"><temp name="T187"/><temp name="T188"/></temps><temps name="def"><temp name="T189"/></temps><temps name="in"><temp name="T188"/><temp name="T186"/><temp name="T187"/><temp name="T14"/></temps><temps name="out"><temp name="T186"/><temp name="T14"/><temp name="T189"/></temps></instruction><instruction code="LDO $0,$0,0"><temps name="use"><temp name="T189"/></temps><temps name="def"><temp name="T189"/></temps><temps name="in"><temp name="T186"/><temp name="T14"/><temp name="T189"/></temps><temps name="out"><temp name="T186"/><temp name="T14"/><temp name="T189"/></temps></instruction><instruction code="CMP $0,$2,$0"><temps name="use"><temp name="T186"/><temp name="T189"/></temps><temps name="def"><temp name="T792"/></temps><temps name="in"><temp name="T186"/><temp name="T14"/><temp name="T189"/></temps><temps name="out"><temp name="T792"/><temp name="T14"/></temps></instruction><instruction code="ZSZ $0,$0,1"><temps name="use"><temp name="T792"/></temps><temps name="def"><temp name="T791"/></temps><temps name="in"><temp name="T792"/><temp name="T14"/></temps><temps name="out"><temp name="T14"/><temp name="T791"/></temps></instruction><instruction code="BNZ $0,L49"><temps name="use"><temp name="T791"/></temps><temps name="def"/><temps name="in"><temp name="T14"/><temp name="T791"/></temps><temps name="out"><temp name="T14"/></temps></instruction><instruction code="L77"><temps name="use"/><temps name="def"/><temps name="in"><temp name="T14"/></temps><temps name="out"><temp name="T14"/></temps></instruction><instruction code="SET $0,$253"><temps name="use"><temp name="T14"/></temps><temps name="def"><temp name="T258"/></temps><temps name="in"><temp name="T14"/></temps><temps name="out"><temp name="T14"/><temp name="T258"/></temps></instruction><instruction code="SETL $1,40"><temps name="use"/><temps name="def"><temp name="T259"/></temps><temps name="in"><temp name="T14"/><temp name="T258"/></temps><temps name="out"><temp name="T259"/><temp name="T14"/><temp name="T258"/></temps></instruction><instruction code="NEG  $1,$1"><temps name="use"><temp name="T259"/></temps><temps name="def"><temp name="T259"/></temps><temps name="in"><temp name="T259"/><temp name="T14"/><temp name="T258"/></temps><temps name="out"><temp name="T259"/><temp name="T14"/><temp name="T258"/></temps></instruction><instruction code="ADD $0,$0,$1"><temps name="use"><temp name="T258"/><temp name="T259"/></temps><temps name="def"><temp name="T260"/></temps><temps name="in"><temp name="T259"/><temp name="T14"/><temp name="T258"/></temps><temps name="out"><temp name="T14"/><temp name="T260"/></temps></instruction><instruction code="SETL $1,0"><temps name="use"/><temps name="def"><temp name="T261"/></temps><temps name="in"><temp name="T14"/><temp name="T260"/></temps><temps name="out"><temp name="T261"/><temp name="T14"/><temp name="T260"/></temps></instruction><instruction code="STO $1,$0,0"><temps name="use"><temp name="T261"/><temp name="T260"/></temps><temps name="def"/><temps name="in"><temp name="T261"/><temp name="T14"/><temp name="T260"/></temps><temps name="out"><temp name="T14"/></temps></instruction><instruction code="SET $0,$253"><temps name="use"><temp name="T14"/></temps><temps name="def"><temp name="T262"/></temps><temps name="in"><temp name="T14"/></temps><temps name="out"><temp name="T262"/><temp name="T14"/></temps></instruction><instruction code="SETL $1,24"><temps name="use"/><temps name="def"><temp name="T263"/></temps><temps name="in"><temp name="T262"/><temp name="T14"/></temps><temps name="out"><temp name="T262"/><temp name="T14"/><temp name="T263"/></temps></instruction><instruction code="NEG  $1,$1"><temps name="use"><temp name="T263"/></temps><temps name="def"><temp name="T263"/></temps><temps name="in"><temp name="T262"/><temp name="T14"/><temp name="T263"/></temps><temps name="out"><temp name="T262"/><temp name="T14"/><temp name="T263"/></temps></instruction><instruction code="ADD $1,$0,$1"><temps name="use"><temp name="T262"/><temp name="T263"/></temps><temps name="def"><temp name="T264"/></temps><temps name="in"><temp name="T262"/><temp name="T14"/><temp name="T263"/></temps><temps name="out"><temp name="T264"/><temp name="T14"/></temps></instruction><instruction code="SETL $0,0"><temps name="use"/><temps name="def"><temp name="T265"/></temps><temps name="in"><temp name="T264"/><temp name="T14"/></temps><temps name="out"><temp name="T264"/><temp name="T265"/><temp name="T14"/></temps></instruction><instruction code="STO $0,$1,0"><temps name="use"><temp name="T265"/><temp name="T264"/></temps><temps name="def"/><temps name="in"><temp name="T264"/><temp name="T265"/><temp name="T14"/></temps><temps name="out"><temp name="T14"/></temps></instruction><instruction code="JMP L46"><temps name="use"/><temps name="def"/><temps name="in"><temp name="T14"/></temps><temps name="out"><temp name="T14"/></temps></instruction><instruction code="L49"><temps name="use"/><temps name="def"/><temps name="in"><temp name="T14"/></temps><temps name="out"><temp name="T14"/></temps></instruction><instruction code="LDA $0,L2"><temps name="use"/><temps name="def"><temp name="T807"/></temps><temps name="in"><temp name="T14"/></temps><temps name="out"><temp name="T807"/><temp name="T14"/></temps></instruction><instruction code="STO $0,$254,8"><temps name="use"><temp name="T807"/></temps><temps name="def"/><temps name="in"><temp name="T807"/><temp name="T14"/></temps><temps name="out"><temp name="T14"/></temps></instruction><instruction code="LDO $0,$253,0"><temps name="use"><temp name="T14"/></temps><temps name="def"><temp name="T807"/></temps><temps name="in"><temp name="T14"/></temps><temps name="out"><temp name="T807"/><temp name="T14"/></temps></instruction><instruction code="LDO $0,$0,0"><temps name="use"><temp name="T807"/></temps><temps name="def"><temp name="T807"/></temps><temps name="in"><temp name="T807"/><temp name="T14"/></temps><temps name="out"><temp name="T807"/><temp name="T14"/></temps></instruction><instruction code="STO $0,$254,0"><temps name="use"><temp name="T807"/></temps><temps name="def"/><temps name="in"><temp name="T807"/><temp name="T14"/></temps><temps name="out"><temp name="T14"/></temps></instruction><instruction code="PUSHJ $100,_putString"><temps name="use"/><temps name="def"/><temps name="in"><temp name="T14"/></temps><temps name="out"><temp name="T14"/></temps></instruction><instruction code="LDO $0,$254,0"><temps name="use"/><temps name="def"><temp name="T807"/></temps><temps name="in"><temp name="T14"/></temps><temps name="out"><temp name="T14"/></temps></instruction><instruction code="SETL $1,10"><temps name="use"/><temps name="def"><temp name="T190"/></temps><temps name="in"><temp name="T14"/></temps><temps name="out"><temp name="T190"/><temp name="T14"/></temps></instruction><instruction code="SETL $0,256"><temps name="use"/><temps name="def"><temp name="T191"/></temps><temps name="in"><temp name="T190"/><temp name="T14"/></temps><temps name="out"><temp name="T190"/><temp name="T14"/><temp name="T191"/></temps></instruction><instruction code="DIV $0,$1,$0"><temps name="use"><temp name="T190"/><temp name="T191"/></temps><temps name="def"><temp name="T810"/></temps><temps name="in"><temp name="T190"/><temp name="T14"/><temp name="T191"/></temps><temps name="out"><temp name="T14"/></temps></instruction><instruction code="GET $0,rR"><temps name="use"/><temps name="def"><temp name="T810"/></temps><temps name="in"><temp name="T14"/></temps><temps name="out"><temp name="T810"/><temp name="T14"/></temps></instruction><instruction code="STO $0,$254,8"><temps name="use"><temp name="T810"/></temps><temps name="def"/><temps name="in"><temp name="T810"/><temp name="T14"/></temps><temps name="out"><temp name="T14"/></temps></instruction><instruction code="LDO $0,$253,0"><temps name="use"><temp name="T14"/></temps><temps name="def"><temp name="T810"/></temps><temps name="in"><temp name="T14"/></temps><temps name="out"><temp name="T810"/><temp name="T14"/></temps></instruction><instruction code="LDO $0,$0,0"><temps name="use"><temp name="T810"/></temps><temps name="def"><temp name="T810"/></temps><temps name="in"><temp name="T810"/><temp name="T14"/></temps><temps name="out"><temp name="T810"/><temp name="T14"/></temps></instruction><instruction code="STO $0,$254,0"><temps name="use"><temp name="T810"/></temps><temps name="def"/><temps name="in"><temp name="T810"/><temp name="T14"/></temps><temps name="out"><temp name="T14"/></temps></instruction><instruction code="PUSHJ $100,_putChar"><temps name="use"/><temps name="def"/><temps name="in"><temp name="T14"/></temps><temps name="out"><temp name="T14"/></temps></instruction><instruction code="LDO $0,$254,0"><temps name="use"/><temps name="def"><temp name="T810"/></temps><temps name="in"><temp name="T14"/></temps><temps name="out"><temp name="T14"/></temps></instruction><instruction code="SET $1,$253"><temps name="use"><temp name="T14"/></temps><temps name="def"><temp name="T192"/></temps><temps name="in"><temp name="T14"/></temps><temps name="out"><temp name="T192"/><temp name="T14"/></temps></instruction><instruction code="SETL $0,24"><temps name="use"/><temps name="def"><temp name="T193"/></temps><temps name="in"><temp name="T192"/><temp name="T14"/></temps><temps name="out"><temp name="T192"/><temp name="T193"/><temp name="T14"/></temps></instruction><instruction code="NEG  $0,$0"><temps name="use"><temp name="T193"/></temps><temps name="def"><temp name="T193"/></temps><temps name="in"><temp name="T192"/><temp name="T193"/><temp name="T14"/></temps><temps name="out"><temp name="T192"/><temp name="T193"/><temp name="T14"/></temps></instruction><instruction code="ADD $0,$1,$0"><temps name="use"><temp name="T192"/><temp name="T193"/></temps><temps name="def"><temp name="T194"/></temps><temps name="in"><temp name="T192"/><temp name="T193"/><temp name="T14"/></temps><temps name="out"><temp name="T194"/><temp name="T14"/></temps></instruction><instruction code="SETL $1,0"><temps name="use"/><temps name="def"><temp name="T195"/></temps><temps name="in"><temp name="T194"/><temp name="T14"/></temps><temps name="out"><temp name="T194"/><temp name="T14"/><temp name="T195"/></temps></instruction><instruction code="STO $1,$0,0"><temps name="use"><temp name="T195"/><temp name="T194"/></temps><temps name="def"/><temps name="in"><temp name="T194"/><temp name="T14"/><temp name="T195"/></temps><temps name="out"><temp name="T14"/></temps></instruction><instruction code="JMP L37"><temps name="use"/><temps name="def"/><temps name="in"><temp name="T14"/></temps><temps name="out"><temp name="T14"/></temps></instruction><instruction code="L37"><temps name="use"/><temps name="def"/><temps name="in"><temp name="T14"/></temps><temps name="out"><temp name="T14"/></temps></instruction><instruction code="SET $0,$253"><temps name="use"><temp name="T14"/></temps><temps name="def"><temp name="T196"/></temps><temps name="in"><temp name="T14"/></temps><temps name="out"><temp name="T196"/><temp name="T14"/></temps></instruction><instruction code="SETL $1,24"><temps name="use"/><temps name="def"><temp name="T197"/></temps><temps name="in"><temp name="T196"/><temp name="T14"/></temps><temps name="out"><temp name="T196"/><temp name="T197"/><temp name="T14"/></temps></instruction><instruction code="NEG  $1,$1"><temps name="use"><temp name="T197"/></temps><temps name="def"><temp name="T197"/></temps><temps name="in"><temp name="T196"/><temp name="T197"/><temp name="T14"/></temps><temps name="out"><temp name="T196"/><temp name="T197"/><temp name="T14"/></temps></instruction><instruction code="ADD $2,$0,$1"><temps name="use"><temp name="T196"/><temp name="T197"/></temps><temps name="def"><temp name="T198"/></temps><temps name="in"><temp name="T196"/><temp name="T197"/><temp name="T14"/></temps><temps name="out"><temp name="T198"/><temp name="T14"/></temps></instruction><instruction code="LDO $2,$2,0"><temps name="use"><temp name="T198"/></temps><temps name="def"><temp name="T198"/></temps><temps name="in"><temp name="T198"/><temp name="T14"/></temps><temps name="out"><temp name="T198"/><temp name="T14"/></temps></instruction><instruction code="LDO $0,$253,0"><temps name="use"><temp name="T14"/></temps><temps name="def"><temp name="T199"/></temps><temps name="in"><temp name="T198"/><temp name="T14"/></temps><temps name="out"><temp name="T198"/><temp name="T199"/><temp name="T14"/></temps></instruction><instruction code="SETL $1,8"><temps name="use"/><temps name="def"><temp name="T200"/></temps><temps name="in"><temp name="T198"/><temp name="T199"/><temp name="T14"/></temps><temps name="out"><temp name="T198"/><temp name="T199"/><temp name="T200"/><temp name="T14"/></temps></instruction><instruction code="NEG  $1,$1"><temps name="use"><temp name="T200"/></temps><temps name="def"><temp name="T200"/></temps><temps name="in"><temp name="T198"/><temp name="T199"/><temp name="T200"/><temp name="T14"/></temps><temps name="out"><temp name="T198"/><temp name="T199"/><temp name="T200"/><temp name="T14"/></temps></instruction><instruction code="ADD $0,$0,$1"><temps name="use"><temp name="T199"/><temp name="T200"/></temps><temps name="def"><temp name="T201"/></temps><temps name="in"><temp name="T198"/><temp name="T199"/><temp name="T200"/><temp name="T14"/></temps><temps name="out"><temp name="T198"/><temp name="T14"/><temp name="T201"/></temps></instruction><instruction code="LDO $0,$0,0"><temps name="use"><temp name="T201"/></temps><temps name="def"><temp name="T201"/></temps><temps name="in"><temp name="T198"/><temp name="T14"/><temp name="T201"/></temps><temps name="out"><temp name="T198"/><temp name="T14"/><temp name="T201"/></temps></instruction><instruction code="CMP $0,$2,$0"><temps name="use"><temp name="T198"/><temp name="T201"/></temps><temps name="def"><temp name="T826"/></temps><temps name="in"><temp name="T198"/><temp name="T14"/><temp name="T201"/></temps><temps name="out"><temp name="T14"/><temp name="T826"/></temps></instruction><instruction code="ZSN $0,$0,1"><temps name="use"><temp name="T826"/></temps><temps name="def"><temp name="T825"/></temps><temps name="in"><temp name="T14"/><temp name="T826"/></temps><temps name="out"><temp name="T825"/><temp name="T14"/></temps></instruction><instruction code="BNZ $0,L38"><temps name="use"><temp name="T825"/></temps><temps name="def"/><temps name="in"><temp name="T825"/><temp name="T14"/></temps><temps name="out"><temp name="T14"/></temps></instruction><instruction code="L78"><temps name="use"/><temps name="def"/><temps name="in"><temp name="T14"/></temps><temps name="out"><temp name="T14"/></temps></instruction><instruction code="SETL $1,10"><temps name="use"/><temps name="def"><temp name="T252"/></temps><temps name="in"><temp name="T14"/></temps><temps name="out"><temp name="T252"/><temp name="T14"/></temps></instruction><instruction code="SETL $0,256"><temps name="use"/><temps name="def"><temp name="T253"/></temps><temps name="in"><temp name="T252"/><temp name="T14"/></temps><temps name="out"><temp name="T253"/><temp name="T252"/><temp name="T14"/></temps></instruction><instruction code="DIV $0,$1,$0"><temps name="use"><temp name="T252"/><temp name="T253"/></temps><temps name="def"><temp name="T829"/></temps><temps name="in"><temp name="T253"/><temp name="T252"/><temp name="T14"/></temps><temps name="out"><temp name="T14"/></temps></instruction><instruction code="GET $0,rR"><temps name="use"/><temps name="def"><temp name="T829"/></temps><temps name="in"><temp name="T14"/></temps><temps name="out"><temp name="T829"/><temp name="T14"/></temps></instruction><instruction code="STO $0,$254,8"><temps name="use"><temp name="T829"/></temps><temps name="def"/><temps name="in"><temp name="T829"/><temp name="T14"/></temps><temps name="out"><temp name="T14"/></temps></instruction><instruction code="LDO $0,$253,0"><temps name="use"><temp name="T14"/></temps><temps name="def"><temp name="T829"/></temps><temps name="in"><temp name="T14"/></temps><temps name="out"><temp name="T829"/><temp name="T14"/></temps></instruction><instruction code="LDO $0,$0,0"><temps name="use"><temp name="T829"/></temps><temps name="def"><temp name="T829"/></temps><temps name="in"><temp name="T829"/><temp name="T14"/></temps><temps name="out"><temp name="T829"/><temp name="T14"/></temps></instruction><instruction code="STO $0,$254,0"><temps name="use"><temp name="T829"/></temps><temps name="def"/><temps name="in"><temp name="T829"/><temp name="T14"/></temps><temps name="out"><temp name="T14"/></temps></instruction><instruction code="PUSHJ $100,_putChar"><temps name="use"/><temps name="def"/><temps name="in"><temp name="T14"/></temps><temps name="out"><temp name="T14"/></temps></instruction><instruction code="LDO $0,$254,0"><temps name="use"/><temps name="def"><temp name="T829"/></temps><temps name="in"><temp name="T14"/></temps><temps name="out"><temp name="T14"/></temps></instruction><instruction code="SET $0,$253"><temps name="use"><temp name="T14"/></temps><temps name="def"><temp name="T254"/></temps><temps name="in"><temp name="T14"/></temps><temps name="out"><temp name="T254"/><temp name="T14"/></temps></instruction><instruction code="SETL $1,40"><temps name="use"/><temps name="def"><temp name="T255"/></temps><temps name="in"><temp name="T254"/><temp name="T14"/></temps><temps name="out"><temp name="T255"/><temp name="T254"/><temp name="T14"/></temps></instruction><instruction code="NEG  $1,$1"><temps name="use"><temp name="T255"/></temps><temps name="def"><temp name="T255"/></temps><temps name="in"><temp name="T255"/><temp name="T254"/><temp name="T14"/></temps><temps name="out"><temp name="T255"/><temp name="T254"/><temp name="T14"/></temps></instruction><instruction code="ADD $0,$0,$1"><temps name="use"><temp name="T254"/><temp name="T255"/></temps><temps name="def"><temp name="T256"/></temps><temps name="in"><temp name="T255"/><temp name="T254"/><temp name="T14"/></temps><temps name="out"><temp name="T256"/><temp name="T14"/></temps></instruction><instruction code="SETL $1,1"><temps name="use"/><temps name="def"><temp name="T257"/></temps><temps name="in"><temp name="T256"/><temp name="T14"/></temps><temps name="out"><temp name="T257"/><temp name="T256"/><temp name="T14"/></temps></instruction><instruction code="STO $1,$0,0"><temps name="use"><temp name="T257"/><temp name="T256"/></temps><temps name="def"/><temps name="in"><temp name="T257"/><temp name="T256"/><temp name="T14"/></temps><temps name="out"><temp name="T14"/></temps></instruction><instruction code="SETL $0,0"><temps name="use"/><temps name="def"><temp name="T837"/></temps><temps name="in"><temp name="T14"/></temps><temps name="out"><temp name="T14"/></temps></instruction><instruction code="JMP L51"><temps name="use"/><temps name="def"/><temps name="in"><temp name="T14"/></temps><temps name="out"><temp name="T14"/></temps></instruction><instruction code="L38"><temps name="use"/><temps name="def"/><temps name="in"><temp name="T14"/></temps><temps name="out"><temp name="T14"/></temps></instruction><instruction code="SET $0,$253"><temps name="use"><temp name="T14"/></temps><temps name="def"><temp name="T202"/></temps><temps name="in"><temp name="T14"/></temps><temps name="out"><temp name="T202"/><temp name="T14"/></temps></instruction><instruction code="SETL $1,8"><temps name="use"/><temps name="def"><temp name="T203"/></temps><temps name="in"><temp name="T202"/><temp name="T14"/></temps><temps name="out"><temp name="T202"/><temp name="T14"/><temp name="T203"/></temps></instruction><instruction code="ADD $0,$0,$1"><temps name="use"><temp name="T202"/><temp name="T203"/></temps><temps name="def"><temp name="T204"/></temps><temps name="in"><temp name="T202"/><temp name="T14"/><temp name="T203"/></temps><temps name="out"><temp name="T14"/><temp name="T204"/></temps></instruction><instruction code="SETL $1,0"><temps name="use"/><temps name="def"><temp name="T205"/></temps><temps name="in"><temp name="T14"/><temp name="T204"/></temps><temps name="out"><temp name="T205"/><temp name="T14"/><temp name="T204"/></temps></instruction><instruction code="STO $1,$0,0"><temps name="use"><temp name="T205"/><temp name="T204"/></temps><temps name="def"/><temps name="in"><temp name="T205"/><temp name="T14"/><temp name="T204"/></temps><temps name="out"><temp name="T14"/></temps></instruction><instruction code="JMP L34"><temps name="use"/><temps name="def"/><temps name="in"><temp name="T14"/></temps><temps name="out"><temp name="T14"/></temps></instruction><instruction code="L34"><temps name="use"/><temps name="def"/><temps name="in"><temp name="T14"/></temps><temps name="out"><temp name="T14"/></temps></instruction><instruction code="SET $0,$253"><temps name="use"><temp name="T14"/></temps><temps name="def"><temp name="T206"/></temps><temps name="in"><temp name="T14"/></temps><temps name="out"><temp name="T206"/><temp name="T14"/></temps></instruction><instruction code="SETL $1,8"><temps name="use"/><temps name="def"><temp name="T207"/></temps><temps name="in"><temp name="T206"/><temp name="T14"/></temps><temps name="out"><temp name="T206"/><temp name="T207"/><temp name="T14"/></temps></instruction><instruction code="ADD $2,$0,$1"><temps name="use"><temp name="T206"/><temp name="T207"/></temps><temps name="def"><temp name="T208"/></temps><temps name="in"><temp name="T206"/><temp name="T207"/><temp name="T14"/></temps><temps name="out"><temp name="T208"/><temp name="T14"/></temps></instruction><instruction code="LDO $2,$2,0"><temps name="use"><temp name="T208"/></temps><temps name="def"><temp name="T208"/></temps><temps name="in"><temp name="T208"/><temp name="T14"/></temps><temps name="out"><temp name="T208"/><temp name="T14"/></temps></instruction><instruction code="LDO $1,$253,0"><temps name="use"><temp name="T14"/></temps><temps name="def"><temp name="T209"/></temps><temps name="in"><temp name="T208"/><temp name="T14"/></temps><temps name="out"><temp name="T208"/><temp name="T209"/><temp name="T14"/></temps></instruction><instruction code="SETL $0,8"><temps name="use"/><temps name="def"><temp name="T210"/></temps><temps name="in"><temp name="T208"/><temp name="T209"/><temp name="T14"/></temps><temps name="out"><temp name="T208"/><temp name="T209"/><temp name="T14"/><temp name="T210"/></temps></instruction><instruction code="NEG  $0,$0"><temps name="use"><temp name="T210"/></temps><temps name="def"><temp name="T210"/></temps><temps name="in"><temp name="T208"/><temp name="T209"/><temp name="T14"/><temp name="T210"/></temps><temps name="out"><temp name="T208"/><temp name="T209"/><temp name="T14"/><temp name="T210"/></temps></instruction><instruction code="ADD $0,$1,$0"><temps name="use"><temp name="T209"/><temp name="T210"/></temps><temps name="def"><temp name="T211"/></temps><temps name="in"><temp name="T208"/><temp name="T209"/><temp name="T14"/><temp name="T210"/></temps><temps name="out"><temp name="T208"/><temp name="T211"/><temp name="T14"/></temps></instruction><instruction code="LDO $0,$0,0"><temps name="use"><temp name="T211"/></temps><temps name="def"><temp name="T211"/></temps><temps name="in"><temp name="T208"/><temp name="T211"/><temp name="T14"/></temps><temps name="out"><temp name="T208"/><temp name="T211"/><temp name="T14"/></temps></instruction><instruction code="CMP $0,$2,$0"><temps name="use"><temp name="T208"/><temp name="T211"/></temps><temps name="def"><temp name="T853"/></temps><temps name="in"><temp name="T208"/><temp name="T211"/><temp name="T14"/></temps><temps name="out"><temp name="T853"/><temp name="T14"/></temps></instruction><instruction code="ZSN $0,$0,1"><temps name="use"><temp name="T853"/></temps><temps name="def"><temp name="T852"/></temps><temps name="in"><temp name="T853"/><temp name="T14"/></temps><temps name="out"><temp name="T852"/><temp name="T14"/></temps></instruction><instruction code="BNZ $0,L35"><temps name="use"><temp name="T852"/></temps><temps name="def"/><temps name="in"><temp name="T852"/><temp name="T14"/></temps><temps name="out"><temp name="T14"/></temps></instruction><instruction code="L79"><temps name="use"/><temps name="def"/><temps name="in"><temp name="T14"/></temps><temps name="out"><temp name="T14"/></temps></instruction><instruction code="SETL $0,10"><temps name="use"/><temps name="def"><temp name="T242"/></temps><temps name="in"><temp name="T14"/></temps><temps name="out"><temp name="T14"/><temp name="T242"/></temps></instruction><instruction code="SETL $1,256"><temps name="use"/><temps name="def"><temp name="T243"/></temps><temps name="in"><temp name="T14"/><temp name="T242"/></temps><temps name="out"><temp name="T14"/><temp name="T242"/><temp name="T243"/></temps></instruction><instruction code="DIV $0,$0,$1"><temps name="use"><temp name="T242"/><temp name="T243"/></temps><temps name="def"><temp name="T856"/></temps><temps name="in"><temp name="T14"/><temp name="T242"/><temp name="T243"/></temps><temps name="out"><temp name="T14"/></temps></instruction><instruction code="GET $0,rR"><temps name="use"/><temps name="def"><temp name="T856"/></temps><temps name="in"><temp name="T14"/></temps><temps name="out"><temp name="T14"/><temp name="T856"/></temps></instruction><instruction code="STO $0,$254,8"><temps name="use"><temp name="T856"/></temps><temps name="def"/><temps name="in"><temp name="T14"/><temp name="T856"/></temps><temps name="out"><temp name="T14"/></temps></instruction><instruction code="LDO $0,$253,0"><temps name="use"><temp name="T14"/></temps><temps name="def"><temp name="T856"/></temps><temps name="in"><temp name="T14"/></temps><temps name="out"><temp name="T14"/><temp name="T856"/></temps></instruction><instruction code="LDO $0,$0,0"><temps name="use"><temp name="T856"/></temps><temps name="def"><temp name="T856"/></temps><temps name="in"><temp name="T14"/><temp name="T856"/></temps><temps name="out"><temp name="T14"/><temp name="T856"/></temps></instruction><instruction code="STO $0,$254,0"><temps name="use"><temp name="T856"/></temps><temps name="def"/><temps name="in"><temp name="T14"/><temp name="T856"/></temps><temps name="out"><temp name="T14"/></temps></instruction><instruction code="PUSHJ $100,_putChar"><temps name="use"/><temps name="def"/><temps name="in"><temp name="T14"/></temps><temps name="out"><temp name="T14"/></temps></instruction><instruction code="LDO $0,$254,0"><temps name="use"/><temps name="def"><temp name="T856"/></temps><temps name="in"><temp name="T14"/></temps><temps name="out"><temp name="T14"/></temps></instruction><instruction code="SET $1,$253"><temps name="use"><temp name="T14"/></temps><temps name="def"><temp name="T244"/></temps><temps name="in"><temp name="T14"/></temps><temps name="out"><temp name="T244"/><temp name="T14"/></temps></instruction><instruction code="SETL $0,24"><temps name="use"/><temps name="def"><temp name="T245"/></temps><temps name="in"><temp name="T244"/><temp name="T14"/></temps><temps name="out"><temp name="T244"/><temp name="T14"/><temp name="T245"/></temps></instruction><instruction code="NEG  $0,$0"><temps name="use"><temp name="T245"/></temps><temps name="def"><temp name="T245"/></temps><temps name="in"><temp name="T244"/><temp name="T14"/><temp name="T245"/></temps><temps name="out"><temp name="T244"/><temp name="T14"/><temp name="T245"/></temps></instruction><instruction code="ADD $0,$1,$0"><temps name="use"><temp name="T244"/><temp name="T245"/></temps><temps name="def"><temp name="T246"/></temps><temps name="in"><temp name="T244"/><temp name="T14"/><temp name="T245"/></temps><temps name="out"><temp name="T246"/><temp name="T14"/></temps></instruction><instruction code="SET $1,$253"><temps name="use"><temp name="T14"/></temps><temps name="def"><temp name="T247"/></temps><temps name="in"><temp name="T246"/><temp name="T14"/></temps><temps name="out"><temp name="T246"/><temp name="T247"/><temp name="T14"/></temps></instruction><instruction code="SETL $2,24"><temps name="use"/><temps name="def"><temp name="T248"/></temps><temps name="in"><temp name="T246"/><temp name="T247"/><temp name="T14"/></temps><temps name="out"><temp name="T246"/><temp name="T247"/><temp name="T14"/><temp name="T248"/></temps></instruction><instruction code="NEG  $2,$2"><temps name="use"><temp name="T248"/></temps><temps name="def"><temp name="T248"/></temps><temps name="in"><temp name="T246"/><temp name="T247"/><temp name="T14"/><temp name="T248"/></temps><temps name="out"><temp name="T246"/><temp name="T247"/><temp name="T14"/><temp name="T248"/></temps></instruction><instruction code="ADD $2,$1,$2"><temps name="use"><temp name="T247"/><temp name="T248"/></temps><temps name="def"><temp name="T249"/></temps><temps name="in"><temp name="T246"/><temp name="T247"/><temp name="T14"/><temp name="T248"/></temps><temps name="out"><temp name="T246"/><temp name="T14"/><temp name="T249"/></temps></instruction><instruction code="LDO $2,$2,0"><temps name="use"><temp name="T249"/></temps><temps name="def"><temp name="T249"/></temps><temps name="in"><temp name="T246"/><temp name="T14"/><temp name="T249"/></temps><temps name="out"><temp name="T246"/><temp name="T14"/><temp name="T249"/></temps></instruction><instruction code="SETL $1,1"><temps name="use"/><temps name="def"><temp name="T250"/></temps><temps name="in"><temp name="T246"/><temp name="T14"/><temp name="T249"/></temps><temps name="out"><temp name="T250"/><temp name="T246"/><temp name="T14"/><temp name="T249"/></temps></instruction><instruction code="ADD $1,$2,$1"><temps name="use"><temp name="T249"/><temp name="T250"/></temps><temps name="def"><temp name="T251"/></temps><temps name="in"><temp name="T250"/><temp name="T246"/><temp name="T14"/><temp name="T249"/></temps><temps name="out"><temp name="T246"/><temp name="T14"/><temp name="T251"/></temps></instruction><instruction code="STO $1,$0,0"><temps name="use"><temp name="T251"/><temp name="T246"/></temps><temps name="def"/><temps name="in"><temp name="T246"/><temp name="T14"/><temp name="T251"/></temps><temps name="out"><temp name="T14"/></temps></instruction><instruction code="SETL $0,0"><temps name="use"/><temps name="def"><temp name="T869"/></temps><temps name="in"><temp name="T14"/></temps><temps name="out"><temp name="T14"/></temps></instruction><instruction code="JMP L37"><temps name="use"/><temps name="def"/><temps name="in"><temp name="T14"/></temps><temps name="out"><temp name="T14"/></temps></instruction><instruction code="L35"><temps name="use"/><temps name="def"/><temps name="in"><temp name="T14"/></temps><temps name="out"><temp name="T14"/></temps></instruction><instruction code="LDO $0,$253,0"><temps name="use"><temp name="T14"/></temps><temps name="def"><temp name="T212"/></temps><temps name="in"><temp name="T14"/></temps><temps name="out"><temp name="T212"/><temp name="T14"/></temps></instruction><instruction code="SETL $1,264"><temps name="use"/><temps name="def"><temp name="T213"/></temps><temps name="in"><temp name="T212"/><temp name="T14"/></temps><temps name="out"><temp name="T212"/><temp name="T213"/><temp name="T14"/></temps></instruction><instruction code="NEG  $1,$1"><temps name="use"><temp name="T213"/></temps><temps name="def"><temp name="T213"/></temps><temps name="in"><temp name="T212"/><temp name="T213"/><temp name="T14"/></temps><temps name="out"><temp name="T212"/><temp name="T213"/><temp name="T14"/></temps></instruction><instruction code="ADD $1,$0,$1"><temps name="use"><temp name="T212"/><temp name="T213"/></temps><temps name="def"><temp name="T214"/></temps><temps name="in"><temp name="T212"/><temp name="T213"/><temp name="T14"/></temps><temps name="out"><temp name="T14"/><temp name="T214"/></temps></instruction><instruction code="SET $2,$253"><temps name="use"><temp name="T14"/></temps><temps name="def"><temp name="T215"/></temps><temps name="in"><temp name="T14"/><temp name="T214"/></temps><temps name="out"><temp name="T215"/><temp name="T14"/><temp name="T214"/></temps></instruction><instruction code="SETL $0,8"><temps name="use"/><temps name="def"><temp name="T216"/></temps><temps name="in"><temp name="T215"/><temp name="T14"/><temp name="T214"/></temps><temps name="out"><temp name="T215"/><temp name="T14"/><temp name="T216"/><temp name="T214"/></temps></instruction><instruction code="ADD $0,$2,$0"><temps name="use"><temp name="T215"/><temp name="T216"/></temps><temps name="def"><temp name="T217"/></temps><temps name="in"><temp name="T215"/><temp name="T14"/><temp name="T216"/><temp name="T214"/></temps><temps name="out"><temp name="T217"/><temp name="T14"/><temp name="T214"/></temps></instruction><instruction code="LDO $0,$0,0"><temps name="use"><temp name="T217"/></temps><temps name="def"><temp name="T217"/></temps><temps name="in"><temp name="T217"/><temp name="T14"/><temp name="T214"/></temps><temps name="out"><temp name="T217"/><temp name="T14"/><temp name="T214"/></temps></instruction><instruction code="SETL $2,8"><temps name="use"/><temps name="def"><temp name="T218"/></temps><temps name="in"><temp name="T217"/><temp name="T14"/><temp name="T214"/></temps><temps name="out"><temp name="T217"/><temp name="T14"/><temp name="T214"/><temp name="T218"/></temps></instruction><instruction code="MUL $0,$0,$2"><temps name="use"><temp name="T217"/><temp name="T218"/></temps><temps name="def"><temp name="T219"/></temps><temps name="in"><temp name="T217"/><temp name="T14"/><temp name="T214"/><temp name="T218"/></temps><temps name="out"><temp name="T14"/><temp name="T219"/><temp name="T214"/></temps></instruction><instruction code="ADD $2,$1,$0"><temps name="use"><temp name="T214"/><temp name="T219"/></temps><temps name="def"><temp name="T220"/></temps><temps name="in"><temp name="T14"/><temp name="T219"/><temp name="T214"/></temps><temps name="out"><temp name="T14"/><temp name="T220"/></temps></instruction><instruction code="LDO $2,$2,0"><temps name="use"><temp name="T220"/></temps><temps name="def"><temp name="T220"/></temps><temps name="in"><temp name="T14"/><temp name="T220"/></temps><temps name="out"><temp name="T14"/><temp name="T220"/></temps></instruction><instruction code="SET $0,$253"><temps name="use"><temp name="T14"/></temps><temps name="def"><temp name="T221"/></temps><temps name="in"><temp name="T14"/><temp name="T220"/></temps><temps name="out"><temp name="T14"/><temp name="T220"/><temp name="T221"/></temps></instruction><instruction code="SETL $1,24"><temps name="use"/><temps name="def"><temp name="T222"/></temps><temps name="in"><temp name="T14"/><temp name="T220"/><temp name="T221"/></temps><temps name="out"><temp name="T222"/><temp name="T14"/><temp name="T220"/><temp name="T221"/></temps></instruction><instruction code="NEG  $1,$1"><temps name="use"><temp name="T222"/></temps><temps name="def"><temp name="T222"/></temps><temps name="in"><temp name="T222"/><temp name="T14"/><temp name="T220"/><temp name="T221"/></temps><temps name="out"><temp name="T222"/><temp name="T14"/><temp name="T220"/><temp name="T221"/></temps></instruction><instruction code="ADD $0,$0,$1"><temps name="use"><temp name="T221"/><temp name="T222"/></temps><temps name="def"><temp name="T223"/></temps><temps name="in"><temp name="T222"/><temp name="T14"/><temp name="T220"/><temp name="T221"/></temps><temps name="out"><temp name="T14"/><temp name="T220"/><temp name="T223"/></temps></instruction><instruction code="LDO $0,$0,0"><temps name="use"><temp name="T223"/></temps><temps name="def"><temp name="T223"/></temps><temps name="in"><temp name="T14"/><temp name="T220"/><temp name="T223"/></temps><temps name="out"><temp name="T14"/><temp name="T220"/><temp name="T223"/></temps></instruction><instruction code="CMP $0,$2,$0"><temps name="use"><temp name="T220"/><temp name="T223"/></temps><temps name="def"><temp name="T885"/></temps><temps name="in"><temp name="T14"/><temp name="T220"/><temp name="T223"/></temps><temps name="out"><temp name="T885"/><temp name="T14"/></temps></instruction><instruction code="ZSZ $0,$0,1"><temps name="use"><temp name="T885"/></temps><temps name="def"><temp name="T884"/></temps><temps name="in"><temp name="T885"/><temp name="T14"/></temps><temps name="out"><temp name="T884"/><temp name="T14"/></temps></instruction><instruction code="BNZ $0,L31"><temps name="use"><temp name="T884"/></temps><temps name="def"/><temps name="in"><temp name="T884"/><temp name="T14"/></temps><temps name="out"><temp name="T14"/></temps></instruction><instruction code="L80"><temps name="use"/><temps name="def"/><temps name="in"><temp name="T14"/></temps><temps name="out"><temp name="T14"/></temps></instruction><instruction code="SET $1,$253"><temps name="use"><temp name="T14"/></temps><temps name="def"><temp name="T228"/></temps><temps name="in"><temp name="T14"/></temps><temps name="out"><temp name="T14"/><temp name="T228"/></temps></instruction><instruction code="SETL $0,8"><temps name="use"/><temps name="def"><temp name="T229"/></temps><temps name="in"><temp name="T14"/><temp name="T228"/></temps><temps name="out"><temp name="T229"/><temp name="T14"/><temp name="T228"/></temps></instruction><instruction code="NEG  $0,$0"><temps name="use"><temp name="T229"/></temps><temps name="def"><temp name="T229"/></temps><temps name="in"><temp name="T229"/><temp name="T14"/><temp name="T228"/></temps><temps name="out"><temp name="T229"/><temp name="T14"/><temp name="T228"/></temps></instruction><instruction code="ADD $0,$1,$0"><temps name="use"><temp name="T228"/><temp name="T229"/></temps><temps name="def"><temp name="T230"/></temps><temps name="in"><temp name="T229"/><temp name="T14"/><temp name="T228"/></temps><temps name="out"><temp name="T14"/><temp name="T230"/></temps></instruction><instruction code="SETL $1,46"><temps name="use"/><temps name="def"><temp name="T231"/></temps><temps name="in"><temp name="T14"/><temp name="T230"/></temps><temps name="out"><temp name="T231"/><temp name="T14"/><temp name="T230"/></temps></instruction><instruction code="STO $1,$0,0"><temps name="use"><temp name="T231"/><temp name="T230"/></temps><temps name="def"/><temps name="in"><temp name="T231"/><temp name="T14"/><temp name="T230"/></temps><temps name="out"><temp name="T14"/></temps></instruction><instruction code="JMP L33"><temps name="use"/><temps name="def"/><temps name="in"><temp name="T14"/></temps><temps name="out"><temp name="T14"/></temps></instruction><instruction code="L31"><temps name="use"/><temps name="def"/><temps name="in"><temp name="T14"/></temps><temps name="out"><temp name="T14"/></temps></instruction><instruction code="SET $1,$253"><temps name="use"><temp name="T14"/></temps><temps name="def"><temp name="T224"/></temps><temps name="in"><temp name="T14"/></temps><temps name="out"><temp name="T14"/><temp name="T224"/></temps></instruction><instruction code="SETL $0,8"><temps name="use"/><temps name="def"><temp name="T225"/></temps><temps name="in"><temp name="T14"/><temp name="T224"/></temps><temps name="out"><temp name="T14"/><temp name="T225"/><temp name="T224"/></temps></instruction><instruction code="NEG  $0,$0"><temps name="use"><temp name="T225"/></temps><temps name="def"><temp name="T225"/></temps><temps name="in"><temp name="T14"/><temp name="T225"/><temp name="T224"/></temps><temps name="out"><temp name="T14"/><temp name="T224"/><temp name="T225"/></temps></instruction><instruction code="ADD $0,$1,$0"><temps name="use"><temp name="T224"/><temp name="T225"/></temps><temps name="def"><temp name="T226"/></temps><temps name="in"><temp name="T14"/><temp name="T224"/><temp name="T225"/></temps><temps name="out"><temp name="T226"/><temp name="T14"/></temps></instruction><instruction code="SETL $1,79"><temps name="use"/><temps name="def"><temp name="T227"/></temps><temps name="in"><temp name="T226"/><temp name="T14"/></temps><temps name="out"><temp name="T226"/><temp name="T14"/><temp name="T227"/></temps></instruction><instruction code="STO $1,$0,0"><temps name="use"><temp name="T227"/><temp name="T226"/></temps><temps name="def"/><temps name="in"><temp name="T226"/><temp name="T14"/><temp name="T227"/></temps><temps name="out"><temp name="T14"/></temps></instruction><instruction code="JMP L33"><temps name="use"/><temps name="def"/><temps name="in"><temp name="T14"/></temps><temps name="out"><temp name="T14"/></temps></instruction><instruction code="L32"><temps name="use"/><temps name="def"/><temps name="in"><temp name="T14"/></temps><temps name="out"><temp name="T14"/></temps></instruction><instruction code="SET $1,$253"><temps name="use"><temp name="T14"/></temps><temps name="def"><temp name="T228"/></temps><temps name="in"><temp name="T14"/></temps><temps name="out"><temp name="T14"/><temp name="T228"/></temps></instruction><instruction code="SETL $0,8"><temps name="use"/><temps name="def"><temp name="T229"/></temps><temps name="in"><temp name="T14"/><temp name="T228"/></temps><temps name="out"><temp name="T229"/><temp name="T14"/><temp name="T228"/></temps></instruction><instruction code="NEG  $0,$0"><temps name="use"><temp name="T229"/></temps><temps name="def"><temp name="T229"/></temps><temps name="in"><temp name="T229"/><temp name="T14"/><temp name="T228"/></temps><temps name="out"><temp name="T229"/><temp name="T14"/><temp name="T228"/></temps></instruction><instruction code="ADD $0,$1,$0"><temps name="use"><temp name="T228"/><temp name="T229"/></temps><temps name="def"><temp name="T230"/></temps><temps name="in"><temp name="T229"/><temp name="T14"/><temp name="T228"/></temps><temps name="out"><temp name="T14"/><temp name="T230"/></temps></instruction><instruction code="SETL $1,46"><temps name="use"/><temps name="def"><temp name="T231"/></temps><temps name="in"><temp name="T14"/><temp name="T230"/></temps><temps name="out"><temp name="T231"/><temp name="T14"/><temp name="T230"/></temps></instruction><instruction code="STO $1,$0,0"><temps name="use"><temp name="T231"/><temp name="T230"/></temps><temps name="def"/><temps name="in"><temp name="T231"/><temp name="T14"/><temp name="T230"/></temps><temps name="out"><temp name="T14"/></temps></instruction><instruction code="JMP L33"><temps name="use"/><temps name="def"/><temps name="in"><temp name="T14"/></temps><temps name="out"><temp name="T14"/></temps></instruction><instruction code="L33"><temps name="use"/><temps name="def"/><temps name="in"><temp name="T14"/></temps><temps name="out"><temp name="T14"/></temps></instruction><instruction code="SET $1,$253"><temps name="use"><temp name="T14"/></temps><temps name="def"><temp name="T232"/></temps><temps name="in"><temp name="T14"/></temps><temps name="out"><temp name="T232"/><temp name="T14"/></temps></instruction><instruction code="SETL $0,8"><temps name="use"/><temps name="def"><temp name="T233"/></temps><temps name="in"><temp name="T232"/><temp name="T14"/></temps><temps name="out"><temp name="T232"/><temp name="T14"/><temp name="T233"/></temps></instruction><instruction code="NEG  $0,$0"><temps name="use"><temp name="T233"/></temps><temps name="def"><temp name="T233"/></temps><temps name="in"><temp name="T232"/><temp name="T14"/><temp name="T233"/></temps><temps name="out"><temp name="T232"/><temp name="T14"/><temp name="T233"/></temps></instruction><instruction code="ADD $0,$1,$0"><temps name="use"><temp name="T232"/><temp name="T233"/></temps><temps name="def"><temp name="T910"/></temps><temps name="in"><temp name="T232"/><temp name="T14"/><temp name="T233"/></temps><temps name="out"><temp name="T910"/><temp name="T14"/></temps></instruction><instruction code="LDO $0,$0,0"><temps name="use"><temp name="T910"/></temps><temps name="def"><temp name="T910"/></temps><temps name="in"><temp name="T910"/><temp name="T14"/></temps><temps name="out"><temp name="T910"/><temp name="T14"/></temps></instruction><instruction code="STO $0,$254,8"><temps name="use"><temp name="T910"/></temps><temps name="def"/><temps name="in"><temp name="T910"/><temp name="T14"/></temps><temps name="out"><temp name="T14"/></temps></instruction><instruction code="LDO $0,$253,0"><temps name="use"><temp name="T14"/></temps><temps name="def"><temp name="T910"/></temps><temps name="in"><temp name="T14"/></temps><temps name="out"><temp name="T910"/><temp name="T14"/></temps></instruction><instruction code="LDO $0,$0,0"><temps name="use"><temp name="T910"/></temps><temps name="def"><temp name="T910"/></temps><temps name="in"><temp name="T910"/><temp name="T14"/></temps><temps name="out"><temp name="T910"/><temp name="T14"/></temps></instruction><instruction code="STO $0,$254,0"><temps name="use"><temp name="T910"/></temps><temps name="def"/><temps name="in"><temp name="T910"/><temp name="T14"/></temps><temps name="out"><temp name="T14"/></temps></instruction><instruction code="PUSHJ $100,_putChar"><temps name="use"/><temps name="def"/><temps name="in"><temp name="T14"/></temps><temps name="out"><temp name="T14"/></temps></instruction><instruction code="LDO $0,$254,0"><temps name="use"/><temps name="def"><temp name="T910"/></temps><temps name="in"><temp name="T14"/></temps><temps name="out"><temp name="T14"/></temps></instruction><instruction code="SET $0,$253"><temps name="use"><temp name="T14"/></temps><temps name="def"><temp name="T234"/></temps><temps name="in"><temp name="T14"/></temps><temps name="out"><temp name="T14"/><temp name="T234"/></temps></instruction><instruction code="SETL $1,8"><temps name="use"/><temps name="def"><temp name="T235"/></temps><temps name="in"><temp name="T14"/><temp name="T234"/></temps><temps name="out"><temp name="T235"/><temp name="T14"/><temp name="T234"/></temps></instruction><instruction code="ADD $0,$0,$1"><temps name="use"><temp name="T234"/><temp name="T235"/></temps><temps name="def"><temp name="T236"/></temps><temps name="in"><temp name="T235"/><temp name="T14"/><temp name="T234"/></temps><temps name="out"><temp name="T14"/><temp name="T236"/></temps></instruction><instruction code="SET $1,$253"><temps name="use"><temp name="T14"/></temps><temps name="def"><temp name="T237"/></temps><temps name="in"><temp name="T14"/><temp name="T236"/></temps><temps name="out"><temp name="T14"/><temp name="T236"/><temp name="T237"/></temps></instruction><instruction code="SETL $2,8"><temps name="use"/><temps name="def"><temp name="T238"/></temps><temps name="in"><temp name="T14"/><temp name="T236"/><temp name="T237"/></temps><temps name="out"><temp name="T238"/><temp name="T14"/><temp name="T236"/><temp name="T237"/></temps></instruction><instruction code="ADD $1,$1,$2"><temps name="use"><temp name="T237"/><temp name="T238"/></temps><temps name="def"><temp name="T239"/></temps><temps name="in"><temp name="T238"/><temp name="T14"/><temp name="T236"/><temp name="T237"/></temps><temps name="out"><temp name="T14"/><temp name="T236"/><temp name="T239"/></temps></instruction><instruction code="LDO $1,$1,0"><temps name="use"><temp name="T239"/></temps><temps name="def"><temp name="T239"/></temps><temps name="in"><temp name="T14"/><temp name="T236"/><temp name="T239"/></temps><temps name="out"><temp name="T14"/><temp name="T236"/><temp name="T239"/></temps></instruction><instruction code="SETL $2,1"><temps name="use"/><temps name="def"><temp name="T240"/></temps><temps name="in"><temp name="T14"/><temp name="T236"/><temp name="T239"/></temps><temps name="out"><temp name="T240"/><temp name="T14"/><temp name="T236"/><temp name="T239"/></temps></instruction><instruction code="ADD $1,$1,$2"><temps name="use"><temp name="T239"/><temp name="T240"/></temps><temps name="def"><temp name="T241"/></temps><temps name="in"><temp name="T240"/><temp name="T14"/><temp name="T236"/><temp name="T239"/></temps><temps name="out"><temp name="T241"/><temp name="T14"/><temp name="T236"/></temps></instruction><instruction code="STO $1,$0,0"><temps name="use"><temp name="T241"/><temp name="T236"/></temps><temps name="def"/><temps name="in"><temp name="T241"/><temp name="T14"/><temp name="T236"/></temps><temps name="out"><temp name="T14"/></temps></instruction><instruction code="SETL $0,0"><temps name="use"/><temps name="def"><temp name="T923"/></temps><temps name="in"><temp name="T14"/></temps><temps name="out"><temp name="T14"/></temps></instruction><instruction code="JMP L34"><temps name="use"/><temps name="def"/><temps name="in"><temp name="T14"/></temps><temps name="out"><temp name="T14"/></temps></instruction><instruction code="L36"><temps name="use"/><temps name="def"/><temps name="in"><temp name="T14"/></temps><temps name="out"><temp name="T14"/></temps></instruction><instruction code="SETL $0,10"><temps name="use"/><temps name="def"><temp name="T242"/></temps><temps name="in"><temp name="T14"/></temps><temps name="out"><temp name="T14"/><temp name="T242"/></temps></instruction><instruction code="SETL $1,256"><temps name="use"/><temps name="def"><temp name="T243"/></temps><temps name="in"><temp name="T14"/><temp name="T242"/></temps><temps name="out"><temp name="T14"/><temp name="T242"/><temp name="T243"/></temps></instruction><instruction code="DIV $0,$0,$1"><temps name="use"><temp name="T242"/><temp name="T243"/></temps><temps name="def"><temp name="T926"/></temps><temps name="in"><temp name="T14"/><temp name="T242"/><temp name="T243"/></temps><temps name="out"><temp name="T14"/></temps></instruction><instruction code="GET $0,rR"><temps name="use"/><temps name="def"><temp name="T926"/></temps><temps name="in"><temp name="T14"/></temps><temps name="out"><temp name="T926"/><temp name="T14"/></temps></instruction><instruction code="STO $0,$254,8"><temps name="use"><temp name="T926"/></temps><temps name="def"/><temps name="in"><temp name="T926"/><temp name="T14"/></temps><temps name="out"><temp name="T14"/></temps></instruction><instruction code="LDO $0,$253,0"><temps name="use"><temp name="T14"/></temps><temps name="def"><temp name="T926"/></temps><temps name="in"><temp name="T14"/></temps><temps name="out"><temp name="T926"/><temp name="T14"/></temps></instruction><instruction code="LDO $0,$0,0"><temps name="use"><temp name="T926"/></temps><temps name="def"><temp name="T926"/></temps><temps name="in"><temp name="T926"/><temp name="T14"/></temps><temps name="out"><temp name="T926"/><temp name="T14"/></temps></instruction><instruction code="STO $0,$254,0"><temps name="use"><temp name="T926"/></temps><temps name="def"/><temps name="in"><temp name="T926"/><temp name="T14"/></temps><temps name="out"><temp name="T14"/></temps></instruction><instruction code="PUSHJ $100,_putChar"><temps name="use"/><temps name="def"/><temps name="in"><temp name="T14"/></temps><temps name="out"><temp name="T14"/></temps></instruction><instruction code="LDO $0,$254,0"><temps name="use"/><temps name="def"><temp name="T926"/></temps><temps name="in"><temp name="T14"/></temps><temps name="out"><temp name="T14"/></temps></instruction><instruction code="SET $1,$253"><temps name="use"><temp name="T14"/></temps><temps name="def"><temp name="T244"/></temps><temps name="in"><temp name="T14"/></temps><temps name="out"><temp name="T244"/><temp name="T14"/></temps></instruction><instruction code="SETL $0,24"><temps name="use"/><temps name="def"><temp name="T245"/></temps><temps name="in"><temp name="T244"/><temp name="T14"/></temps><temps name="out"><temp name="T244"/><temp name="T14"/><temp name="T245"/></temps></instruction><instruction code="NEG  $0,$0"><temps name="use"><temp name="T245"/></temps><temps name="def"><temp name="T245"/></temps><temps name="in"><temp name="T244"/><temp name="T14"/><temp name="T245"/></temps><temps name="out"><temp name="T244"/><temp name="T14"/><temp name="T245"/></temps></instruction><instruction code="ADD $0,$1,$0"><temps name="use"><temp name="T244"/><temp name="T245"/></temps><temps name="def"><temp name="T246"/></temps><temps name="in"><temp name="T244"/><temp name="T14"/><temp name="T245"/></temps><temps name="out"><temp name="T246"/><temp name="T14"/></temps></instruction><instruction code="SET $1,$253"><temps name="use"><temp name="T14"/></temps><temps name="def"><temp name="T247"/></temps><temps name="in"><temp name="T246"/><temp name="T14"/></temps><temps name="out"><temp name="T246"/><temp name="T247"/><temp name="T14"/></temps></instruction><instruction code="SETL $2,24"><temps name="use"/><temps name="def"><temp name="T248"/></temps><temps name="in"><temp name="T246"/><temp name="T247"/><temp name="T14"/></temps><temps name="out"><temp name="T246"/><temp name="T247"/><temp name="T14"/><temp name="T248"/></temps></instruction><instruction code="NEG  $2,$2"><temps name="use"><temp name="T248"/></temps><temps name="def"><temp name="T248"/></temps><temps name="in"><temp name="T246"/><temp name="T247"/><temp name="T14"/><temp name="T248"/></temps><temps name="out"><temp name="T246"/><temp name="T247"/><temp name="T14"/><temp name="T248"/></temps></instruction><instruction code="ADD $2,$1,$2"><temps name="use"><temp name="T247"/><temp name="T248"/></temps><temps name="def"><temp name="T249"/></temps><temps name="in"><temp name="T246"/><temp name="T247"/><temp name="T14"/><temp name="T248"/></temps><temps name="out"><temp name="T246"/><temp name="T14"/><temp name="T249"/></temps></instruction><instruction code="LDO $2,$2,0"><temps name="use"><temp name="T249"/></temps><temps name="def"><temp name="T249"/></temps><temps name="in"><temp name="T246"/><temp name="T14"/><temp name="T249"/></temps><temps name="out"><temp name="T246"/><temp name="T14"/><temp name="T249"/></temps></instruction><instruction code="SETL $1,1"><temps name="use"/><temps name="def"><temp name="T250"/></temps><temps name="in"><temp name="T246"/><temp name="T14"/><temp name="T249"/></temps><temps name="out"><temp name="T250"/><temp name="T246"/><temp name="T14"/><temp name="T249"/></temps></instruction><instruction code="ADD $1,$2,$1"><temps name="use"><temp name="T249"/><temp name="T250"/></temps><temps name="def"><temp name="T251"/></temps><temps name="in"><temp name="T250"/><temp name="T246"/><temp name="T14"/><temp name="T249"/></temps><temps name="out"><temp name="T246"/><temp name="T14"/><temp name="T251"/></temps></instruction><instruction code="STO $1,$0,0"><temps name="use"><temp name="T251"/><temp name="T246"/></temps><temps name="def"/><temps name="in"><temp name="T246"/><temp name="T14"/><temp name="T251"/></temps><temps name="out"><temp name="T14"/></temps></instruction><instruction code="SETL $0,0"><temps name="use"/><temps name="def"><temp name="T939"/></temps><temps name="in"><temp name="T14"/></temps><temps name="out"><temp name="T14"/></temps></instruction><instruction code="JMP L37"><temps name="use"/><temps name="def"/><temps name="in"><temp name="T14"/></temps><temps name="out"><temp name="T14"/></temps></instruction><instruction code="L39"><temps name="use"/><temps name="def"/><temps name="in"><temp name="T14"/></temps><temps name="out"><temp name="T14"/></temps></instruction><instruction code="SETL $1,10"><temps name="use"/><temps name="def"><temp name="T252"/></temps><temps name="in"><temp name="T14"/></temps><temps name="out"><temp name="T252"/><temp name="T14"/></temps></instruction><instruction code="SETL $0,256"><temps name="use"/><temps name="def"><temp name="T253"/></temps><temps name="in"><temp name="T252"/><temp name="T14"/></temps><temps name="out"><temp name="T253"/><temp name="T252"/><temp name="T14"/></temps></instruction><instruction code="DIV $0,$1,$0"><temps name="use"><temp name="T252"/><temp name="T253"/></temps><temps name="def"><temp name="T942"/></temps><temps name="in"><temp name="T253"/><temp name="T252"/><temp name="T14"/></temps><temps name="out"><temp name="T14"/></temps></instruction><instruction code="GET $0,rR"><temps name="use"/><temps name="def"><temp name="T942"/></temps><temps name="in"><temp name="T14"/></temps><temps name="out"><temp name="T942"/><temp name="T14"/></temps></instruction><instruction code="STO $0,$254,8"><temps name="use"><temp name="T942"/></temps><temps name="def"/><temps name="in"><temp name="T942"/><temp name="T14"/></temps><temps name="out"><temp name="T14"/></temps></instruction><instruction code="LDO $0,$253,0"><temps name="use"><temp name="T14"/></temps><temps name="def"><temp name="T942"/></temps><temps name="in"><temp name="T14"/></temps><temps name="out"><temp name="T942"/><temp name="T14"/></temps></instruction><instruction code="LDO $0,$0,0"><temps name="use"><temp name="T942"/></temps><temps name="def"><temp name="T942"/></temps><temps name="in"><temp name="T942"/><temp name="T14"/></temps><temps name="out"><temp name="T942"/><temp name="T14"/></temps></instruction><instruction code="STO $0,$254,0"><temps name="use"><temp name="T942"/></temps><temps name="def"/><temps name="in"><temp name="T942"/><temp name="T14"/></temps><temps name="out"><temp name="T14"/></temps></instruction><instruction code="PUSHJ $100,_putChar"><temps name="use"/><temps name="def"/><temps name="in"><temp name="T14"/></temps><temps name="out"><temp name="T14"/></temps></instruction><instruction code="LDO $0,$254,0"><temps name="use"/><temps name="def"><temp name="T942"/></temps><temps name="in"><temp name="T14"/></temps><temps name="out"><temp name="T14"/></temps></instruction><instruction code="SET $0,$253"><temps name="use"><temp name="T14"/></temps><temps name="def"><temp name="T254"/></temps><temps name="in"><temp name="T14"/></temps><temps name="out"><temp name="T254"/><temp name="T14"/></temps></instruction><instruction code="SETL $1,40"><temps name="use"/><temps name="def"><temp name="T255"/></temps><temps name="in"><temp name="T254"/><temp name="T14"/></temps><temps name="out"><temp name="T255"/><temp name="T254"/><temp name="T14"/></temps></instruction><instruction code="NEG  $1,$1"><temps name="use"><temp name="T255"/></temps><temps name="def"><temp name="T255"/></temps><temps name="in"><temp name="T255"/><temp name="T254"/><temp name="T14"/></temps><temps name="out"><temp name="T255"/><temp name="T254"/><temp name="T14"/></temps></instruction><instruction code="ADD $0,$0,$1"><temps name="use"><temp name="T254"/><temp name="T255"/></temps><temps name="def"><temp name="T256"/></temps><temps name="in"><temp name="T255"/><temp name="T254"/><temp name="T14"/></temps><temps name="out"><temp name="T256"/><temp name="T14"/></temps></instruction><instruction code="SETL $1,1"><temps name="use"/><temps name="def"><temp name="T257"/></temps><temps name="in"><temp name="T256"/><temp name="T14"/></temps><temps name="out"><temp name="T257"/><temp name="T256"/><temp name="T14"/></temps></instruction><instruction code="STO $1,$0,0"><temps name="use"><temp name="T257"/><temp name="T256"/></temps><temps name="def"/><temps name="in"><temp name="T257"/><temp name="T256"/><temp name="T14"/></temps><temps name="out"><temp name="T14"/></temps></instruction><instruction code="SETL $0,0"><temps name="use"/><temps name="def"><temp name="T950"/></temps><temps name="in"><temp name="T14"/></temps><temps name="out"><temp name="T14"/></temps></instruction><instruction code="JMP L51"><temps name="use"/><temps name="def"/><temps name="in"><temp name="T14"/></temps><temps name="out"><temp name="T14"/></temps></instruction><instruction code="L50"><temps name="use"/><temps name="def"/><temps name="in"><temp name="T14"/></temps><temps name="out"><temp name="T14"/></temps></instruction><instruction code="SET $0,$253"><temps name="use"><temp name="T14"/></temps><temps name="def"><temp name="T258"/></temps><temps name="in"><temp name="T14"/></temps><temps name="out"><temp name="T14"/><temp name="T258"/></temps></instruction><instruction code="SETL $1,40"><temps name="use"/><temps name="def"><temp name="T259"/></temps><temps name="in"><temp name="T14"/><temp name="T258"/></temps><temps name="out"><temp name="T259"/><temp name="T14"/><temp name="T258"/></temps></instruction><instruction code="NEG  $1,$1"><temps name="use"><temp name="T259"/></temps><temps name="def"><temp name="T259"/></temps><temps name="in"><temp name="T259"/><temp name="T14"/><temp name="T258"/></temps><temps name="out"><temp name="T259"/><temp name="T14"/><temp name="T258"/></temps></instruction><instruction code="ADD $0,$0,$1"><temps name="use"><temp name="T258"/><temp name="T259"/></temps><temps name="def"><temp name="T260"/></temps><temps name="in"><temp name="T259"/><temp name="T14"/><temp name="T258"/></temps><temps name="out"><temp name="T14"/><temp name="T260"/></temps></instruction><instruction code="SETL $1,0"><temps name="use"/><temps name="def"><temp name="T261"/></temps><temps name="in"><temp name="T14"/><temp name="T260"/></temps><temps name="out"><temp name="T261"/><temp name="T14"/><temp name="T260"/></temps></instruction><instruction code="STO $1,$0,0"><temps name="use"><temp name="T261"/><temp name="T260"/></temps><temps name="def"/><temps name="in"><temp name="T261"/><temp name="T14"/><temp name="T260"/></temps><temps name="out"><temp name="T14"/></temps></instruction><instruction code="SET $0,$253"><temps name="use"><temp name="T14"/></temps><temps name="def"><temp name="T262"/></temps><temps name="in"><temp name="T14"/></temps><temps name="out"><temp name="T262"/><temp name="T14"/></temps></instruction><instruction code="SETL $1,24"><temps name="use"/><temps name="def"><temp name="T263"/></temps><temps name="in"><temp name="T262"/><temp name="T14"/></temps><temps name="out"><temp name="T262"/><temp name="T14"/><temp name="T263"/></temps></instruction><instruction code="NEG  $1,$1"><temps name="use"><temp name="T263"/></temps><temps name="def"><temp name="T263"/></temps><temps name="in"><temp name="T262"/><temp name="T14"/><temp name="T263"/></temps><temps name="out"><temp name="T262"/><temp name="T14"/><temp name="T263"/></temps></instruction><instruction code="ADD $1,$0,$1"><temps name="use"><temp name="T262"/><temp name="T263"/></temps><temps name="def"><temp name="T264"/></temps><temps name="in"><temp name="T262"/><temp name="T14"/><temp name="T263"/></temps><temps name="out"><temp name="T264"/><temp name="T14"/></temps></instruction><instruction code="SETL $0,0"><temps name="use"/><temps name="def"><temp name="T265"/></temps><temps name="in"><temp name="T264"/><temp name="T14"/></temps><temps name="out"><temp name="T264"/><temp name="T265"/><temp name="T14"/></temps></instruction><instruction code="STO $0,$1,0"><temps name="use"><temp name="T265"/><temp name="T264"/></temps><temps name="def"/><temps name="in"><temp name="T264"/><temp name="T265"/><temp name="T14"/></temps><temps name="out"><temp name="T14"/></temps></instruction><instruction code="JMP L46"><temps name="use"/><temps name="def"/><temps name="in"><temp name="T14"/></temps><temps name="out"><temp name="T14"/></temps></instruction><instruction code="L46"><temps name="use"/><temps name="def"/><temps name="in"><temp name="T14"/></temps><temps name="out"><temp name="T14"/></temps></instruction><instruction code="SET $0,$253"><temps name="use"><temp name="T14"/></temps><temps name="def"><temp name="T266"/></temps><temps name="in"><temp name="T14"/></temps><temps name="out"><temp name="T266"/><temp name="T14"/></temps></instruction><instruction code="SETL $1,24"><temps name="use"/><temps name="def"><temp name="T267"/></temps><temps name="in"><temp name="T266"/><temp name="T14"/></temps><temps name="out"><temp name="T266"/><temp name="T14"/><temp name="T267"/></temps></instruction><instruction code="NEG  $1,$1"><temps name="use"><temp name="T267"/></temps><temps name="def"><temp name="T267"/></temps><temps name="in"><temp name="T266"/><temp name="T14"/><temp name="T267"/></temps><temps name="out"><temp name="T266"/><temp name="T14"/><temp name="T267"/></temps></instruction><instruction code="ADD $2,$0,$1"><temps name="use"><temp name="T266"/><temp name="T267"/></temps><temps name="def"><temp name="T268"/></temps><temps name="in"><temp name="T266"/><temp name="T14"/><temp name="T267"/></temps><temps name="out"><temp name="T268"/><temp name="T14"/></temps></instruction><instruction code="LDO $2,$2,0"><temps name="use"><temp name="T268"/></temps><temps name="def"><temp name="T268"/></temps><temps name="in"><temp name="T268"/><temp name="T14"/></temps><temps name="out"><temp name="T268"/><temp name="T14"/></temps></instruction><instruction code="LDO $1,$253,0"><temps name="use"><temp name="T14"/></temps><temps name="def"><temp name="T269"/></temps><temps name="in"><temp name="T268"/><temp name="T14"/></temps><temps name="out"><temp name="T268"/><temp name="T14"/><temp name="T269"/></temps></instruction><instruction code="SETL $0,8"><temps name="use"/><temps name="def"><temp name="T270"/></temps><temps name="in"><temp name="T268"/><temp name="T14"/><temp name="T269"/></temps><temps name="out"><temp name="T268"/><temp name="T14"/><temp name="T269"/><temp name="T270"/></temps></instruction><instruction code="NEG  $0,$0"><temps name="use"><temp name="T270"/></temps><temps name="def"><temp name="T270"/></temps><temps name="in"><temp name="T268"/><temp name="T14"/><temp name="T269"/><temp name="T270"/></temps><temps name="out"><temp name="T268"/><temp name="T14"/><temp name="T269"/><temp name="T270"/></temps></instruction><instruction code="ADD $0,$1,$0"><temps name="use"><temp name="T269"/><temp name="T270"/></temps><temps name="def"><temp name="T271"/></temps><temps name="in"><temp name="T268"/><temp name="T14"/><temp name="T269"/><temp name="T270"/></temps><temps name="out"><temp name="T271"/><temp name="T268"/><temp name="T14"/></temps></instruction><instruction code="LDO $0,$0,0"><temps name="use"><temp name="T271"/></temps><temps name="def"><temp name="T271"/></temps><temps name="in"><temp name="T271"/><temp name="T268"/><temp name="T14"/></temps><temps name="out"><temp name="T268"/><temp name="T271"/><temp name="T14"/></temps></instruction><instruction code="CMP $0,$2,$0"><temps name="use"><temp name="T268"/><temp name="T271"/></temps><temps name="def"><temp name="T973"/></temps><temps name="in"><temp name="T268"/><temp name="T271"/><temp name="T14"/></temps><temps name="out"><temp name="T973"/><temp name="T14"/></temps></instruction><instruction code="ZSN $0,$0,1"><temps name="use"><temp name="T973"/></temps><temps name="def"><temp name="T972"/></temps><temps name="in"><temp name="T973"/><temp name="T14"/></temps><temps name="out"><temp name="T972"/><temp name="T14"/></temps></instruction><instruction code="BNZ $0,L47"><temps name="use"><temp name="T972"/></temps><temps name="def"/><temps name="in"><temp name="T972"/><temp name="T14"/></temps><temps name="out"><temp name="T14"/></temps></instruction><instruction code="L81"><temps name="use"/><temps name="def"/><temps name="in"><temp name="T14"/></temps><temps name="out"><temp name="T14"/></temps></instruction><instruction code="SETL $0,0"><temps name="use"/><temps name="def"><temp name="T974"/></temps><temps name="in"><temp name="T14"/></temps><temps name="out"><temp name="T14"/></temps></instruction><instruction code="JMP L51"><temps name="use"/><temps name="def"/><temps name="in"><temp name="T14"/></temps><temps name="out"><temp name="T14"/></temps></instruction><instruction code="L47"><temps name="use"/><temps name="def"/><temps name="in"><temp name="T14"/></temps><temps name="out"><temp name="T14"/></temps></instruction><instruction code="LDO $0,$253,0"><temps name="use"><temp name="T14"/></temps><temps name="def"><temp name="T272"/></temps><temps name="in"><temp name="T14"/></temps><temps name="out"><temp name="T14"/><temp name="T272"/></temps></instruction><instruction code="SETL $1,264"><temps name="use"/><temps name="def"><temp name="T273"/></temps><temps name="in"><temp name="T14"/><temp name="T272"/></temps><temps name="out"><temp name="T273"/><temp name="T14"/><temp name="T272"/></temps></instruction><instruction code="NEG  $1,$1"><temps name="use"><temp name="T273"/></temps><temps name="def"><temp name="T273"/></temps><temps name="in"><temp name="T273"/><temp name="T14"/><temp name="T272"/></temps><temps name="out"><temp name="T273"/><temp name="T14"/><temp name="T272"/></temps></instruction><instruction code="ADD $2,$0,$1"><temps name="use"><temp name="T272"/><temp name="T273"/></temps><temps name="def"><temp name="T274"/></temps><temps name="in"><temp name="T273"/><temp name="T14"/><temp name="T272"/></temps><temps name="out"><temp name="T14"/><temp name="T274"/></temps></instruction><instruction code="SET $1,$253"><temps name="use"><temp name="T14"/></temps><temps name="def"><temp name="T275"/></temps><temps name="in"><temp name="T14"/><temp name="T274"/></temps><temps name="out"><temp name="T275"/><temp name="T14"/><temp name="T274"/></temps></instruction><instruction code="SETL $0,8"><temps name="use"/><temps name="def"><temp name="T276"/></temps><temps name="in"><temp name="T275"/><temp name="T14"/><temp name="T274"/></temps><temps name="out"><temp name="T275"/><temp name="T276"/><temp name="T14"/><temp name="T274"/></temps></instruction><instruction code="ADD $0,$1,$0"><temps name="use"><temp name="T275"/><temp name="T276"/></temps><temps name="def"><temp name="T277"/></temps><temps name="in"><temp name="T275"/><temp name="T276"/><temp name="T14"/><temp name="T274"/></temps><temps name="out"><temp name="T277"/><temp name="T14"/><temp name="T274"/></temps></instruction><instruction code="LDO $0,$0,0"><temps name="use"><temp name="T277"/></temps><temps name="def"><temp name="T277"/></temps><temps name="in"><temp name="T277"/><temp name="T14"/><temp name="T274"/></temps><temps name="out"><temp name="T277"/><temp name="T14"/><temp name="T274"/></temps></instruction><instruction code="SETL $1,8"><temps name="use"/><temps name="def"><temp name="T278"/></temps><temps name="in"><temp name="T277"/><temp name="T14"/><temp name="T274"/></temps><temps name="out"><temp name="T277"/><temp name="T14"/><temp name="T278"/><temp name="T274"/></temps></instruction><instruction code="MUL $0,$0,$1"><temps name="use"><temp name="T277"/><temp name="T278"/></temps><temps name="def"><temp name="T279"/></temps><temps name="in"><temp name="T277"/><temp name="T14"/><temp name="T278"/><temp name="T274"/></temps><temps name="out"><temp name="T279"/><temp name="T14"/><temp name="T274"/></temps></instruction><instruction code="ADD $1,$2,$0"><temps name="use"><temp name="T274"/><temp name="T279"/></temps><temps name="def"><temp name="T280"/></temps><temps name="in"><temp name="T279"/><temp name="T14"/><temp name="T274"/></temps><temps name="out"><temp name="T280"/><temp name="T14"/></temps></instruction><instruction code="SET $0,$253"><temps name="use"><temp name="T14"/></temps><temps name="def"><temp name="T281"/></temps><temps name="in"><temp name="T280"/><temp name="T14"/></temps><temps name="out"><temp name="T280"/><temp name="T14"/><temp name="T281"/></temps></instruction><instruction code="SETL $2,24"><temps name="use"/><temps name="def"><temp name="T282"/></temps><temps name="in"><temp name="T280"/><temp name="T14"/><temp name="T281"/></temps><temps name="out"><temp name="T282"/><temp name="T280"/><temp name="T14"/><temp name="T281"/></temps></instruction><instruction code="NEG  $2,$2"><temps name="use"><temp name="T282"/></temps><temps name="def"><temp name="T282"/></temps><temps name="in"><temp name="T282"/><temp name="T280"/><temp name="T14"/><temp name="T281"/></temps><temps name="out"><temp name="T282"/><temp name="T280"/><temp name="T14"/><temp name="T281"/></temps></instruction><instruction code="ADD $0,$0,$2"><temps name="use"><temp name="T281"/><temp name="T282"/></temps><temps name="def"><temp name="T283"/></temps><temps name="in"><temp name="T282"/><temp name="T280"/><temp name="T14"/><temp name="T281"/></temps><temps name="out"><temp name="T283"/><temp name="T280"/><temp name="T14"/></temps></instruction><instruction code="LDO $0,$0,0"><temps name="use"><temp name="T283"/></temps><temps name="def"><temp name="T283"/></temps><temps name="in"><temp name="T283"/><temp name="T280"/><temp name="T14"/></temps><temps name="out"><temp name="T283"/><temp name="T280"/><temp name="T14"/></temps></instruction><instruction code="STO $0,$1,0"><temps name="use"><temp name="T283"/><temp name="T280"/></temps><temps name="def"/><temps name="in"><temp name="T283"/><temp name="T280"/><temp name="T14"/></temps><temps name="out"><temp name="T14"/></temps></instruction><instruction code="SET $1,$253"><temps name="use"><temp name="T14"/></temps><temps name="def"><temp name="T284"/></temps><temps name="in"><temp name="T14"/></temps><temps name="out"><temp name="T284"/><temp name="T14"/></temps></instruction><instruction code="SETL $0,32"><temps name="use"/><temps name="def"><temp name="T285"/></temps><temps name="in"><temp name="T284"/><temp name="T14"/></temps><temps name="out"><temp name="T284"/><temp name="T285"/><temp name="T14"/></temps></instruction><instruction code="NEG  $0,$0"><temps name="use"><temp name="T285"/></temps><temps name="def"><temp name="T285"/></temps><temps name="in"><temp name="T284"/><temp name="T285"/><temp name="T14"/></temps><temps name="out"><temp name="T284"/><temp name="T285"/><temp name="T14"/></temps></instruction><instruction code="ADD $1,$1,$0"><temps name="use"><temp name="T284"/><temp name="T285"/></temps><temps name="def"><temp name="T286"/></temps><temps name="in"><temp name="T284"/><temp name="T285"/><temp name="T14"/></temps><temps name="out"><temp name="T286"/><temp name="T14"/></temps></instruction><instruction code="SETL $0,1"><temps name="use"/><temps name="def"><temp name="T287"/></temps><temps name="in"><temp name="T286"/><temp name="T14"/></temps><temps name="out"><temp name="T286"/><temp name="T14"/><temp name="T287"/></temps></instruction><instruction code="STO $0,$1,0"><temps name="use"><temp name="T287"/><temp name="T286"/></temps><temps name="def"/><temps name="in"><temp name="T286"/><temp name="T14"/><temp name="T287"/></temps><temps name="out"><temp name="T14"/></temps></instruction><instruction code="SET $1,$253"><temps name="use"><temp name="T14"/></temps><temps name="def"><temp name="T288"/></temps><temps name="in"><temp name="T14"/></temps><temps name="out"><temp name="T288"/><temp name="T14"/></temps></instruction><instruction code="SETL $0,16"><temps name="use"/><temps name="def"><temp name="T289"/></temps><temps name="in"><temp name="T288"/><temp name="T14"/></temps><temps name="out"><temp name="T288"/><temp name="T14"/><temp name="T289"/></temps></instruction><instruction code="NEG  $0,$0"><temps name="use"><temp name="T289"/></temps><temps name="def"><temp name="T289"/></temps><temps name="in"><temp name="T288"/><temp name="T14"/><temp name="T289"/></temps><temps name="out"><temp name="T288"/><temp name="T14"/><temp name="T289"/></temps></instruction><instruction code="ADD $1,$1,$0"><temps name="use"><temp name="T288"/><temp name="T289"/></temps><temps name="def"><temp name="T290"/></temps><temps name="in"><temp name="T288"/><temp name="T14"/><temp name="T289"/></temps><temps name="out"><temp name="T14"/><temp name="T290"/></temps></instruction><instruction code="SETL $0,0"><temps name="use"/><temps name="def"><temp name="T291"/></temps><temps name="in"><temp name="T14"/><temp name="T290"/></temps><temps name="out"><temp name="T14"/><temp name="T291"/><temp name="T290"/></temps></instruction><instruction code="STO $0,$1,0"><temps name="use"><temp name="T291"/><temp name="T290"/></temps><temps name="def"/><temps name="in"><temp name="T14"/><temp name="T291"/><temp name="T290"/></temps><temps name="out"><temp name="T14"/></temps></instruction><instruction code="JMP L40"><temps name="use"/><temps name="def"/><temps name="in"><temp name="T14"/></temps><temps name="out"><temp name="T14"/></temps></instruction><instruction code="L40"><temps name="use"/><temps name="def"/><temps name="in"><temp name="T14"/></temps><temps name="out"><temp name="T14"/></temps></instruction><instruction code="SET $1,$253"><temps name="use"><temp name="T14"/></temps><temps name="def"><temp name="T292"/></temps><temps name="in"><temp name="T14"/></temps><temps name="out"><temp name="T292"/><temp name="T14"/></temps></instruction><instruction code="SETL $0,16"><temps name="use"/><temps name="def"><temp name="T293"/></temps><temps name="in"><temp name="T292"/><temp name="T14"/></temps><temps name="out"><temp name="T292"/><temp name="T14"/><temp name="T293"/></temps></instruction><instruction code="NEG  $0,$0"><temps name="use"><temp name="T293"/></temps><temps name="def"><temp name="T293"/></temps><temps name="in"><temp name="T292"/><temp name="T14"/><temp name="T293"/></temps><temps name="out"><temp name="T292"/><temp name="T14"/><temp name="T293"/></temps></instruction><instruction code="ADD $1,$1,$0"><temps name="use"><temp name="T292"/><temp name="T293"/></temps><temps name="def"><temp name="T294"/></temps><temps name="in"><temp name="T292"/><temp name="T14"/><temp name="T293"/></temps><temps name="out"><temp name="T294"/><temp name="T14"/></temps></instruction><instruction code="LDO $1,$1,0"><temps name="use"><temp name="T294"/></temps><temps name="def"><temp name="T294"/></temps><temps name="in"><temp name="T294"/><temp name="T14"/></temps><temps name="out"><temp name="T294"/><temp name="T14"/></temps></instruction><instruction code="SET $0,$253"><temps name="use"><temp name="T14"/></temps><temps name="def"><temp name="T295"/></temps><temps name="in"><temp name="T294"/><temp name="T14"/></temps><temps name="out"><temp name="T295"/><temp name="T294"/><temp name="T14"/></temps></instruction><instruction code="SETL $2,8"><temps name="use"/><temps name="def"><temp name="T296"/></temps><temps name="in"><temp name="T295"/><temp name="T294"/><temp name="T14"/></temps><temps name="out"><temp name="T296"/><temp name="T295"/><temp name="T294"/><temp name="T14"/></temps></instruction><instruction code="ADD $0,$0,$2"><temps name="use"><temp name="T295"/><temp name="T296"/></temps><temps name="def"><temp name="T297"/></temps><temps name="in"><temp name="T296"/><temp name="T295"/><temp name="T294"/><temp name="T14"/></temps><temps name="out"><temp name="T294"/><temp name="T14"/><temp name="T297"/></temps></instruction><instruction code="LDO $0,$0,0"><temps name="use"><temp name="T297"/></temps><temps name="def"><temp name="T297"/></temps><temps name="in"><temp name="T294"/><temp name="T14"/><temp name="T297"/></temps><temps name="out"><temp name="T294"/><temp name="T14"/><temp name="T297"/></temps></instruction><instruction code="CMP $0,$1,$0"><temps name="use"><temp name="T294"/><temp name="T297"/></temps><temps name="def"><temp name="T1014"/></temps><temps name="in"><temp name="T294"/><temp name="T14"/><temp name="T297"/></temps><temps name="out"><temp name="T1014"/><temp name="T14"/></temps></instruction><instruction code="ZSN $0,$0,1"><temps name="use"><temp name="T1014"/></temps><temps name="def"><temp name="T1013"/></temps><temps name="in"><temp name="T1014"/><temp name="T14"/></temps><temps name="out"><temp name="T1013"/><temp name="T14"/></temps></instruction><instruction code="BNZ $0,L41"><temps name="use"><temp name="T1013"/></temps><temps name="def"/><temps name="in"><temp name="T1013"/><temp name="T14"/></temps><temps name="out"><temp name="T14"/></temps></instruction><instruction code="L82"><temps name="use"/><temps name="def"/><temps name="in"><temp name="T14"/></temps><temps name="out"><temp name="T14"/></temps></instruction><instruction code="SETL $0,0"><temps name="use"/><temps name="def"><temp name="T1015"/></temps><temps name="in"><temp name="T14"/></temps><temps name="out"><temp name="T14"/></temps></instruction><instruction code="SET $0,$253"><temps name="use"><temp name="T14"/></temps><temps name="def"><temp name="T400"/></temps><temps name="in"><temp name="T14"/></temps><temps name="out"><temp name="T400"/><temp name="T14"/></temps></instruction><instruction code="SETL $1,32"><temps name="use"/><temps name="def"><temp name="T401"/></temps><temps name="in"><temp name="T400"/><temp name="T14"/></temps><temps name="out"><temp name="T400"/><temp name="T14"/><temp name="T401"/></temps></instruction><instruction code="NEG  $1,$1"><temps name="use"><temp name="T401"/></temps><temps name="def"><temp name="T401"/></temps><temps name="in"><temp name="T400"/><temp name="T14"/><temp name="T401"/></temps><temps name="out"><temp name="T400"/><temp name="T14"/><temp name="T401"/></temps></instruction><instruction code="ADD $0,$0,$1"><temps name="use"><temp name="T400"/><temp name="T401"/></temps><temps name="def"><temp name="T1019"/></temps><temps name="in"><temp name="T400"/><temp name="T14"/><temp name="T401"/></temps><temps name="out"><temp name="T14"/><temp name="T1019"/></temps></instruction><instruction code="LDO $0,$0,0"><temps name="use"><temp name="T1019"/></temps><temps name="def"><temp name="T1019"/></temps><temps name="in"><temp name="T14"/><temp name="T1019"/></temps><temps name="out"><temp name="T14"/><temp name="T1019"/></temps></instruction><instruction code="BNZ $0,L43"><temps name="use"><temp name="T1019"/></temps><temps name="def"/><temps name="in"><temp name="T14"/><temp name="T1019"/></temps><temps name="out"><temp name="T14"/></temps></instruction><instruction code="L41"><temps name="use"/><temps name="def"/><temps name="in"><temp name="T14"/></temps><temps name="out"><temp name="T14"/></temps></instruction><instruction code="SET $0,$253"><temps name="use"><temp name="T14"/></temps><temps name="def"><temp name="T298"/></temps><temps name="in"><temp name="T14"/></temps><temps name="out"><temp name="T14"/><temp name="T298"/></temps></instruction><instruction code="SETL $1,32"><temps name="use"/><temps name="def"><temp name="T299"/></temps><temps name="in"><temp name="T14"/><temp name="T298"/></temps><temps name="out"><temp name="T299"/><temp name="T14"/><temp name="T298"/></temps></instruction><instruction code="NEG  $1,$1"><temps name="use"><temp name="T299"/></temps><temps name="def"><temp name="T299"/></temps><temps name="in"><temp name="T299"/><temp name="T14"/><temp name="T298"/></temps><temps name="out"><temp name="T299"/><temp name="T14"/><temp name="T298"/></temps></instruction><instruction code="ADD $0,$0,$1"><temps name="use"><temp name="T298"/><temp name="T299"/></temps><temps name="def"><temp name="T300"/></temps><temps name="in"><temp name="T299"/><temp name="T14"/><temp name="T298"/></temps><temps name="out"><temp name="T14"/><temp name="T300"/></temps></instruction><instruction code="SET $2,$253"><temps name="use"><temp name="T14"/></temps><temps name="def"><temp name="T301"/></temps><temps name="in"><temp name="T14"/><temp name="T300"/></temps><temps name="out"><temp name="T301"/><temp name="T14"/><temp name="T300"/></temps></instruction><instruction code="SETL $1,32"><temps name="use"/><temps name="def"><temp name="T302"/></temps><temps name="in"><temp name="T301"/><temp name="T14"/><temp name="T300"/></temps><temps name="out"><temp name="T301"/><temp name="T302"/><temp name="T14"/><temp name="T300"/></temps></instruction><instruction code="NEG  $1,$1"><temps name="use"><temp name="T302"/></temps><temps name="def"><temp name="T302"/></temps><temps name="in"><temp name="T301"/><temp name="T302"/><temp name="T14"/><temp name="T300"/></temps><temps name="out"><temp name="T301"/><temp name="T302"/><temp name="T14"/><temp name="T300"/></temps></instruction><instruction code="ADD $3,$2,$1"><temps name="use"><temp name="T301"/><temp name="T302"/></temps><temps name="def"><temp name="T303"/></temps><temps name="in"><temp name="T301"/><temp name="T302"/><temp name="T14"/><temp name="T300"/></temps><temps name="out"><temp name="T303"/><temp name="T14"/><temp name="T300"/></temps></instruction><instruction code="LDO $3,$3,0"><temps name="use"><temp name="T303"/></temps><temps name="def"><temp name="T303"/></temps><temps name="in"><temp name="T303"/><temp name="T14"/><temp name="T300"/></temps><temps name="out"><temp name="T303"/><temp name="T14"/><temp name="T300"/></temps></instruction><instruction code="LDO $1,$253,0"><temps name="use"><temp name="T14"/></temps><temps name="def"><temp name="T304"/></temps><temps name="in"><temp name="T303"/><temp name="T14"/><temp name="T300"/></temps><temps name="out"><temp name="T303"/><temp name="T14"/><temp name="T304"/><temp name="T300"/></temps></instruction><instruction code="SETL $2,264"><temps name="use"/><temps name="def"><temp name="T305"/></temps><temps name="in"><temp name="T303"/><temp name="T14"/><temp name="T304"/><temp name="T300"/></temps><temps name="out"><temp name="T303"/><temp name="T305"/><temp name="T14"/><temp name="T304"/><temp name="T300"/></temps></instruction><instruction code="NEG  $2,$2"><temps name="use"><temp name="T305"/></temps><temps name="def"><temp name="T305"/></temps><temps name="in"><temp name="T303"/><temp name="T305"/><temp name="T14"/><temp name="T304"/><temp name="T300"/></temps><temps name="out"><temp name="T303"/><temp name="T305"/><temp name="T14"/><temp name="T304"/><temp name="T300"/></temps></instruction><instruction code="ADD $1,$1,$2"><temps name="use"><temp name="T304"/><temp name="T305"/></temps><temps name="def"><temp name="T306"/></temps><temps name="in"><temp name="T303"/><temp name="T305"/><temp name="T14"/><temp name="T304"/><temp name="T300"/></temps><temps name="out"><temp name="T303"/><temp name="T306"/><temp name="T14"/><temp name="T300"/></temps></instruction><instruction code="SET $2,$253"><temps name="use"><temp name="T14"/></temps><temps name="def"><temp name="T307"/></temps><temps name="in"><temp name="T303"/><temp name="T306"/><temp name="T14"/><temp name="T300"/></temps><temps name="out"><temp name="T303"/><temp name="T307"/><temp name="T306"/><temp name="T14"/><temp name="T300"/></temps></instruction><instruction code="SETL $4,16"><temps name="use"/><temps name="def"><temp name="T308"/></temps><temps name="in"><temp name="T303"/><temp name="T307"/><temp name="T306"/><temp name="T14"/><temp name="T300"/></temps><temps name="out"><temp name="T303"/><temp name="T307"/><temp name="T308"/><temp name="T306"/><temp name="T14"/><temp name="T300"/></temps></instruction><instruction code="NEG  $4,$4"><temps name="use"><temp name="T308"/></temps><temps name="def"><temp name="T308"/></temps><temps name="in"><temp name="T303"/><temp name="T307"/><temp name="T308"/><temp name="T306"/><temp name="T14"/><temp name="T300"/></temps><temps name="out"><temp name="T303"/><temp name="T307"/><temp name="T308"/><temp name="T306"/><temp name="T14"/><temp name="T300"/></temps></instruction><instruction code="ADD $2,$2,$4"><temps name="use"><temp name="T307"/><temp name="T308"/></temps><temps name="def"><temp name="T309"/></temps><temps name="in"><temp name="T303"/><temp name="T307"/><temp name="T308"/><temp name="T306"/><temp name="T14"/><temp name="T300"/></temps><temps name="out"><temp name="T303"/><temp name="T306"/><temp name="T14"/><temp name="T300"/><temp name="T309"/></temps></instruction><instruction code="LDO $2,$2,0"><temps name="use"><temp name="T309"/></temps><temps name="def"><temp name="T309"/></temps><temps name="in"><temp name="T303"/><temp name="T306"/><temp name="T14"/><temp name="T300"/><temp name="T309"/></temps><temps name="out"><temp name="T303"/><temp name="T306"/><temp name="T14"/><temp name="T300"/><temp name="T309"/></temps></instruction><instruction code="SETL $4,8"><temps name="use"/><temps name="def"><temp name="T310"/></temps><temps name="in"><temp name="T303"/><temp name="T306"/><temp name="T14"/><temp name="T300"/><temp name="T309"/></temps><temps name="out"><temp name="T303"/><temp name="T306"/><temp name="T14"/><temp name="T310"/><temp name="T300"/><temp name="T309"/></temps></instruction><instruction code="MUL $2,$2,$4"><temps name="use"><temp name="T309"/><temp name="T310"/></temps><temps name="def"><temp name="T311"/></temps><temps name="in"><temp name="T303"/><temp name="T306"/><temp name="T14"/><temp name="T310"/><temp name="T300"/><temp name="T309"/></temps><temps name="out"><temp name="T303"/><temp name="T306"/><temp name="T311"/><temp name="T14"/><temp name="T300"/></temps></instruction><instruction code="ADD $5,$1,$2"><temps name="use"><temp name="T306"/><temp name="T311"/></temps><temps name="def"><temp name="T312"/></temps><temps name="in"><temp name="T303"/><temp name="T306"/><temp name="T311"/><temp name="T14"/><temp name="T300"/></temps><temps name="out"><temp name="T303"/><temp name="T312"/><temp name="T14"/><temp name="T300"/></temps></instruction><instruction code="LDO $5,$5,0"><temps name="use"><temp name="T312"/></temps><temps name="def"><temp name="T312"/></temps><temps name="in"><temp name="T303"/><temp name="T312"/><temp name="T14"/><temp name="T300"/></temps><temps name="out"><temp name="T303"/><temp name="T312"/><temp name="T14"/><temp name="T300"/></temps></instruction><instruction code="LDO $2,$253,0"><temps name="use"><temp name="T14"/></temps><temps name="def"><temp name="T313"/></temps><temps name="in"><temp name="T303"/><temp name="T312"/><temp name="T14"/><temp name="T300"/></temps><temps name="out"><temp name="T303"/><temp name="T312"/><temp name="T14"/><temp name="T300"/><temp name="T313"/></temps></instruction><instruction code="SETL $1,264"><temps name="use"/><temps name="def"><temp name="T314"/></temps><temps name="in"><temp name="T303"/><temp name="T312"/><temp name="T14"/><temp name="T300"/><temp name="T313"/></temps><temps name="out"><temp name="T303"/><temp name="T314"/><temp name="T312"/><temp name="T14"/><temp name="T300"/><temp name="T313"/></temps></instruction><instruction code="NEG  $1,$1"><temps name="use"><temp name="T314"/></temps><temps name="def"><temp name="T314"/></temps><temps name="in"><temp name="T303"/><temp name="T314"/><temp name="T312"/><temp name="T14"/><temp name="T300"/><temp name="T313"/></temps><temps name="out"><temp name="T303"/><temp name="T314"/><temp name="T312"/><temp name="T14"/><temp name="T300"/><temp name="T313"/></temps></instruction><instruction code="ADD $2,$2,$1"><temps name="use"><temp name="T313"/><temp name="T314"/></temps><temps name="def"><temp name="T315"/></temps><temps name="in"><temp name="T303"/><temp name="T314"/><temp name="T312"/><temp name="T14"/><temp name="T300"/><temp name="T313"/></temps><temps name="out"><temp name="T303"/><temp name="T312"/><temp name="T14"/><temp name="T315"/><temp name="T300"/></temps></instruction><instruction code="SET $1,$253"><temps name="use"><temp name="T14"/></temps><temps name="def"><temp name="T316"/></temps><temps name="in"><temp name="T303"/><temp name="T312"/><temp name="T14"/><temp name="T315"/><temp name="T300"/></temps><temps name="out"><temp name="T303"/><temp name="T316"/><temp name="T312"/><temp name="T14"/><temp name="T315"/><temp name="T300"/></temps></instruction><instruction code="SETL $4,8"><temps name="use"/><temps name="def"><temp name="T317"/></temps><temps name="in"><temp name="T303"/><temp name="T316"/><temp name="T312"/><temp name="T14"/><temp name="T315"/><temp name="T300"/></temps><temps name="out"><temp name="T303"/><temp name="T316"/><temp name="T312"/><temp name="T317"/><temp name="T14"/><temp name="T315"/><temp name="T300"/></temps></instruction><instruction code="ADD $1,$1,$4"><temps name="use"><temp name="T316"/><temp name="T317"/></temps><temps name="def"><temp name="T318"/></temps><temps name="in"><temp name="T303"/><temp name="T316"/><temp name="T312"/><temp name="T317"/><temp name="T14"/><temp name="T315"/><temp name="T300"/></temps><temps name="out"><temp name="T303"/><temp name="T318"/><temp name="T312"/><temp name="T14"/><temp name="T315"/><temp name="T300"/></temps></instruction><instruction code="LDO $1,$1,0"><temps name="use"><temp name="T318"/></temps><temps name="def"><temp name="T318"/></temps><temps name="in"><temp name="T303"/><temp name="T318"/><temp name="T312"/><temp name="T14"/><temp name="T315"/><temp name="T300"/></temps><temps name="out"><temp name="T303"/><temp name="T318"/><temp name="T312"/><temp name="T14"/><temp name="T315"/><temp name="T300"/></temps></instruction><instruction code="SETL $4,8"><temps name="use"/><temps name="def"><temp name="T319"/></temps><temps name="in"><temp name="T303"/><temp name="T318"/><temp name="T312"/><temp name="T14"/><temp name="T315"/><temp name="T300"/></temps><temps name="out"><temp name="T303"/><temp name="T319"/><temp name="T318"/><temp name="T312"/><temp name="T14"/><temp name="T315"/><temp name="T300"/></temps></instruction><instruction code="MUL $1,$1,$4"><temps name="use"><temp name="T318"/><temp name="T319"/></temps><temps name="def"><temp name="T320"/></temps><temps name="in"><temp name="T303"/><temp name="T319"/><temp name="T318"/><temp name="T312"/><temp name="T14"/><temp name="T315"/><temp name="T300"/></temps><temps name="out"><temp name="T303"/><temp name="T320"/><temp name="T312"/><temp name="T14"/><temp name="T315"/><temp name="T300"/></temps></instruction><instruction code="ADD $1,$2,$1"><temps name="use"><temp name="T315"/><temp name="T320"/></temps><temps name="def"><temp name="T321"/></temps><temps name="in"><temp name="T303"/><temp name="T320"/><temp name="T312"/><temp name="T14"/><temp name="T315"/><temp name="T300"/></temps><temps name="out"><temp name="T303"/><temp name="T312"/><temp name="T14"/><temp name="T321"/><temp name="T300"/></temps></instruction><instruction code="LDO $1,$1,0"><temps name="use"><temp name="T321"/></temps><temps name="def"><temp name="T321"/></temps><temps name="in"><temp name="T303"/><temp name="T312"/><temp name="T14"/><temp name="T321"/><temp name="T300"/></temps><temps name="out"><temp name="T303"/><temp name="T312"/><temp name="T14"/><temp name="T321"/><temp name="T300"/></temps></instruction><instruction code="CMP $1,$5,$1"><temps name="use"><temp name="T312"/><temp name="T321"/></temps><temps name="def"><temp name="T1049"/></temps><temps name="in"><temp name="T303"/><temp name="T312"/><temp name="T14"/><temp name="T321"/><temp name="T300"/></temps><temps name="out"><temp name="T303"/><temp name="T1049"/><temp name="T14"/><temp name="T300"/></temps></instruction><instruction code="ZSNZ $1,$1,1"><temps name="use"><temp name="T1049"/></temps><temps name="def"><temp name="T322"/></temps><temps name="in"><temp name="T303"/><temp name="T1049"/><temp name="T14"/><temp name="T300"/></temps><temps name="out"><temp name="T303"/><temp name="T14"/><temp name="T300"/><temp name="T322"/></temps></instruction><instruction code="AND $1,$3,$1"><temps name="use"><temp name="T303"/><temp name="T322"/></temps><temps name="def"><temp name="T323"/></temps><temps name="in"><temp name="T303"/><temp name="T14"/><temp name="T300"/><temp name="T322"/></temps><temps name="out"><temp name="T323"/><temp name="T14"/><temp name="T300"/></temps></instruction><instruction code="STO $1,$0,0"><temps name="use"><temp name="T323"/><temp name="T300"/></temps><temps name="def"/><temps name="in"><temp name="T323"/><temp name="T14"/><temp name="T300"/></temps><temps name="out"><temp name="T14"/></temps></instruction><instruction code="SET $1,$253"><temps name="use"><temp name="T14"/></temps><temps name="def"><temp name="T324"/></temps><temps name="in"><temp name="T14"/></temps><temps name="out"><temp name="T324"/><temp name="T14"/></temps></instruction><instruction code="SETL $0,32"><temps name="use"/><temps name="def"><temp name="T325"/></temps><temps name="in"><temp name="T324"/><temp name="T14"/></temps><temps name="out"><temp name="T324"/><temp name="T325"/><temp name="T14"/></temps></instruction><instruction code="NEG  $0,$0"><temps name="use"><temp name="T325"/></temps><temps name="def"><temp name="T325"/></temps><temps name="in"><temp name="T324"/><temp name="T325"/><temp name="T14"/></temps><temps name="out"><temp name="T324"/><temp name="T325"/><temp name="T14"/></temps></instruction><instruction code="ADD $5,$1,$0"><temps name="use"><temp name="T324"/><temp name="T325"/></temps><temps name="def"><temp name="T326"/></temps><temps name="in"><temp name="T324"/><temp name="T325"/><temp name="T14"/></temps><temps name="out"><temp name="T326"/><temp name="T14"/></temps></instruction><instruction code="SET $1,$253"><temps name="use"><temp name="T14"/></temps><temps name="def"><temp name="T327"/></temps><temps name="in"><temp name="T326"/><temp name="T14"/></temps><temps name="out"><temp name="T326"/><temp name="T327"/><temp name="T14"/></temps></instruction><instruction code="SETL $0,32"><temps name="use"/><temps name="def"><temp name="T328"/></temps><temps name="in"><temp name="T326"/><temp name="T327"/><temp name="T14"/></temps><temps name="out"><temp name="T326"/><temp name="T327"/><temp name="T14"/><temp name="T328"/></temps></instruction><instruction code="NEG  $0,$0"><temps name="use"><temp name="T328"/></temps><temps name="def"><temp name="T328"/></temps><temps name="in"><temp name="T326"/><temp name="T327"/><temp name="T14"/><temp name="T328"/></temps><temps name="out"><temp name="T326"/><temp name="T327"/><temp name="T14"/><temp name="T328"/></temps></instruction><instruction code="ADD $0,$1,$0"><temps name="use"><temp name="T327"/><temp name="T328"/></temps><temps name="def"><temp name="T329"/></temps><temps name="in"><temp name="T326"/><temp name="T327"/><temp name="T14"/><temp name="T328"/></temps><temps name="out"><temp name="T326"/><temp name="T14"/><temp name="T329"/></temps></instruction><instruction code="LDO $0,$0,0"><temps name="use"><temp name="T329"/></temps><temps name="def"><temp name="T329"/></temps><temps name="in"><temp name="T326"/><temp name="T14"/><temp name="T329"/></temps><temps name="out"><temp name="T326"/><temp name="T14"/><temp name="T329"/></temps></instruction><instruction code="LDO $2,$253,0"><temps name="use"><temp name="T14"/></temps><temps name="def"><temp name="T330"/></temps><temps name="in"><temp name="T326"/><temp name="T14"/><temp name="T329"/></temps><temps name="out"><temp name="T326"/><temp name="T14"/><temp name="T329"/><temp name="T330"/></temps></instruction><instruction code="SETL $1,264"><temps name="use"/><temps name="def"><temp name="T331"/></temps><temps name="in"><temp name="T326"/><temp name="T14"/><temp name="T329"/><temp name="T330"/></temps><temps name="out"><temp name="T326"/><temp name="T14"/><temp name="T329"/><temp name="T331"/><temp name="T330"/></temps></instruction><instruction code="NEG  $1,$1"><temps name="use"><temp name="T331"/></temps><temps name="def"><temp name="T331"/></temps><temps name="in"><temp name="T326"/><temp name="T14"/><temp name="T329"/><temp name="T331"/><temp name="T330"/></temps><temps name="out"><temp name="T326"/><temp name="T14"/><temp name="T329"/><temp name="T331"/><temp name="T330"/></temps></instruction><instruction code="ADD $2,$2,$1"><temps name="use"><temp name="T330"/><temp name="T331"/></temps><temps name="def"><temp name="T332"/></temps><temps name="in"><temp name="T326"/><temp name="T14"/><temp name="T329"/><temp name="T331"/><temp name="T330"/></temps><temps name="out"><temp name="T326"/><temp name="T14"/><temp name="T329"/><temp name="T332"/></temps></instruction><instruction code="SET $3,$253"><temps name="use"><temp name="T14"/></temps><temps name="def"><temp name="T333"/></temps><temps name="in"><temp name="T326"/><temp name="T14"/><temp name="T329"/><temp name="T332"/></temps><temps name="out"><temp name="T326"/><temp name="T14"/><temp name="T329"/><temp name="T332"/><temp name="T333"/></temps></instruction><instruction code="SETL $1,16"><temps name="use"/><temps name="def"><temp name="T334"/></temps><temps name="in"><temp name="T326"/><temp name="T14"/><temp name="T329"/><temp name="T332"/><temp name="T333"/></temps><temps name="out"><temp name="T326"/><temp name="T334"/><temp name="T14"/><temp name="T329"/><temp name="T332"/><temp name="T333"/></temps></instruction><instruction code="NEG  $1,$1"><temps name="use"><temp name="T334"/></temps><temps name="def"><temp name="T334"/></temps><temps name="in"><temp name="T326"/><temp name="T334"/><temp name="T14"/><temp name="T329"/><temp name="T332"/><temp name="T333"/></temps><temps name="out"><temp name="T326"/><temp name="T334"/><temp name="T14"/><temp name="T329"/><temp name="T332"/><temp name="T333"/></temps></instruction><instruction code="ADD $3,$3,$1"><temps name="use"><temp name="T333"/><temp name="T334"/></temps><temps name="def"><temp name="T335"/></temps><temps name="in"><temp name="T326"/><temp name="T334"/><temp name="T14"/><temp name="T329"/><temp name="T332"/><temp name="T333"/></temps><temps name="out"><temp name="T326"/><temp name="T14"/><temp name="T329"/><temp name="T332"/><temp name="T335"/></temps></instruction><instruction code="LDO $3,$3,0"><temps name="use"><temp name="T335"/></temps><temps name="def"><temp name="T335"/></temps><temps name="in"><temp name="T326"/><temp name="T14"/><temp name="T329"/><temp name="T332"/><temp name="T335"/></temps><temps name="out"><temp name="T326"/><temp name="T14"/><temp name="T329"/><temp name="T332"/><temp name="T335"/></temps></instruction><instruction code="SETL $1,8"><temps name="use"/><temps name="def"><temp name="T336"/></temps><temps name="in"><temp name="T326"/><temp name="T14"/><temp name="T329"/><temp name="T332"/><temp name="T335"/></temps><temps name="out"><temp name="T336"/><temp name="T326"/><temp name="T14"/><temp name="T329"/><temp name="T332"/><temp name="T335"/></temps></instruction><instruction code="MUL $1,$3,$1"><temps name="use"><temp name="T335"/><temp name="T336"/></temps><temps name="def"><temp name="T337"/></temps><temps name="in"><temp name="T336"/><temp name="T326"/><temp name="T14"/><temp name="T329"/><temp name="T332"/><temp name="T335"/></temps><temps name="out"><temp name="T326"/><temp name="T337"/><temp name="T14"/><temp name="T329"/><temp name="T332"/></temps></instruction><instruction code="ADD $4,$2,$1"><temps name="use"><temp name="T332"/><temp name="T337"/></temps><temps name="def"><temp name="T338"/></temps><temps name="in"><temp name="T326"/><temp name="T337"/><temp name="T14"/><temp name="T329"/><temp name="T332"/></temps><temps name="out"><temp name="T338"/><temp name="T326"/><temp name="T14"/><temp name="T329"/></temps></instruction><instruction code="LDO $4,$4,0"><temps name="use"><temp name="T338"/></temps><temps name="def"><temp name="T338"/></temps><temps name="in"><temp name="T338"/><temp name="T326"/><temp name="T14"/><temp name="T329"/></temps><temps name="out"><temp name="T338"/><temp name="T326"/><temp name="T14"/><temp name="T329"/></temps></instruction><instruction code="LDO $2,$253,0"><temps name="use"><temp name="T14"/></temps><temps name="def"><temp name="T339"/></temps><temps name="in"><temp name="T338"/><temp name="T326"/><temp name="T14"/><temp name="T329"/></temps><temps name="out"><temp name="T338"/><temp name="T326"/><temp name="T14"/><temp name="T329"/><temp name="T339"/></temps></instruction><instruction code="SETL $1,264"><temps name="use"/><temps name="def"><temp name="T340"/></temps><temps name="in"><temp name="T338"/><temp name="T326"/><temp name="T14"/><temp name="T329"/><temp name="T339"/></temps><temps name="out"><temp name="T338"/><temp name="T326"/><temp name="T340"/><temp name="T14"/><temp name="T329"/><temp name="T339"/></temps></instruction><instruction code="NEG  $1,$1"><temps name="use"><temp name="T340"/></temps><temps name="def"><temp name="T340"/></temps><temps name="in"><temp name="T338"/><temp name="T326"/><temp name="T340"/><temp name="T14"/><temp name="T329"/><temp name="T339"/></temps><temps name="out"><temp name="T338"/><temp name="T326"/><temp name="T340"/><temp name="T14"/><temp name="T329"/><temp name="T339"/></temps></instruction><instruction code="ADD $3,$2,$1"><temps name="use"><temp name="T339"/><temp name="T340"/></temps><temps name="def"><temp name="T341"/></temps><temps name="in"><temp name="T338"/><temp name="T326"/><temp name="T340"/><temp name="T14"/><temp name="T329"/><temp name="T339"/></temps><temps name="out"><temp name="T341"/><temp name="T338"/><temp name="T326"/><temp name="T14"/><temp name="T329"/></temps></instruction><instruction code="SET $1,$253"><temps name="use"><temp name="T14"/></temps><temps name="def"><temp name="T342"/></temps><temps name="in"><temp name="T341"/><temp name="T338"/><temp name="T326"/><temp name="T14"/><temp name="T329"/></temps><temps name="out"><temp name="T341"/><temp name="T342"/><temp name="T338"/><temp name="T326"/><temp name="T14"/><temp name="T329"/></temps></instruction><instruction code="SETL $2,8"><temps name="use"/><temps name="def"><temp name="T343"/></temps><temps name="in"><temp name="T341"/><temp name="T342"/><temp name="T338"/><temp name="T326"/><temp name="T14"/><temp name="T329"/></temps><temps name="out"><temp name="T341"/><temp name="T342"/><temp name="T338"/><temp name="T326"/><temp name="T343"/><temp name="T14"/><temp name="T329"/></temps></instruction><instruction code="ADD $1,$1,$2"><temps name="use"><temp name="T342"/><temp name="T343"/></temps><temps name="def"><temp name="T344"/></temps><temps name="in"><temp name="T341"/><temp name="T342"/><temp name="T338"/><temp name="T326"/><temp name="T343"/><temp name="T14"/><temp name="T329"/></temps><temps name="out"><temp name="T341"/><temp name="T338"/><temp name="T326"/><temp name="T14"/><temp name="T329"/><temp name="T344"/></temps></instruction><instruction code="LDO $1,$1,0"><temps name="use"><temp name="T344"/></temps><temps name="def"><temp name="T344"/></temps><temps name="in"><temp name="T341"/><temp name="T338"/><temp name="T326"/><temp name="T14"/><temp name="T329"/><temp name="T344"/></temps><temps name="out"><temp name="T341"/><temp name="T338"/><temp name="T326"/><temp name="T14"/><temp name="T329"/><temp name="T344"/></temps></instruction><instruction code="SETL $2,8"><temps name="use"/><temps name="def"><temp name="T345"/></temps><temps name="in"><temp name="T341"/><temp name="T338"/><temp name="T326"/><temp name="T14"/><temp name="T329"/><temp name="T344"/></temps><temps name="out"><temp name="T341"/><temp name="T338"/><temp name="T326"/><temp name="T345"/><temp name="T14"/><temp name="T329"/><temp name="T344"/></temps></instruction><instruction code="MUL $1,$1,$2"><temps name="use"><temp name="T344"/><temp name="T345"/></temps><temps name="def"><temp name="T346"/></temps><temps name="in"><temp name="T341"/><temp name="T338"/><temp name="T326"/><temp name="T345"/><temp name="T14"/><temp name="T329"/><temp name="T344"/></temps><temps name="out"><temp name="T341"/><temp name="T338"/><temp name="T326"/><temp name="T14"/><temp name="T329"/><temp name="T346"/></temps></instruction><instruction code="ADD $1,$3,$1"><temps name="use"><temp name="T341"/><temp name="T346"/></temps><temps name="def"><temp name="T347"/></temps><temps name="in"><temp name="T341"/><temp name="T338"/><temp name="T326"/><temp name="T14"/><temp name="T329"/><temp name="T346"/></temps><temps name="out"><temp name="T338"/><temp name="T326"/><temp name="T347"/><temp name="T14"/><temp name="T329"/></temps></instruction><instruction code="LDO $1,$1,0"><temps name="use"><temp name="T347"/></temps><temps name="def"><temp name="T347"/></temps><temps name="in"><temp name="T338"/><temp name="T326"/><temp name="T347"/><temp name="T14"/><temp name="T329"/></temps><temps name="out"><temp name="T338"/><temp name="T326"/><temp name="T347"/><temp name="T14"/><temp name="T329"/></temps></instruction><instruction code="SUB $4,$4,$1"><temps name="use"><temp name="T338"/><temp name="T347"/></temps><temps name="def"><temp name="T348"/></temps><temps name="in"><temp name="T338"/><temp name="T326"/><temp name="T347"/><temp name="T14"/><temp name="T329"/></temps><temps name="out"><temp name="T326"/><temp name="T348"/><temp name="T14"/><temp name="T329"/></temps></instruction><instruction code="SET $2,$253"><temps name="use"><temp name="T14"/></temps><temps name="def"><temp name="T349"/></temps><temps name="in"><temp name="T326"/><temp name="T348"/><temp name="T14"/><temp name="T329"/></temps><temps name="out"><temp name="T349"/><temp name="T326"/><temp name="T348"/><temp name="T14"/><temp name="T329"/></temps></instruction><instruction code="SETL $1,16"><temps name="use"/><temps name="def"><temp name="T350"/></temps><temps name="in"><temp name="T349"/><temp name="T326"/><temp name="T348"/><temp name="T14"/><temp name="T329"/></temps><temps name="out"><temp name="T349"/><temp name="T326"/><temp name="T348"/><temp name="T14"/><temp name="T329"/><temp name="T350"/></temps></instruction><instruction code="NEG  $1,$1"><temps name="use"><temp name="T350"/></temps><temps name="def"><temp name="T350"/></temps><temps name="in"><temp name="T349"/><temp name="T326"/><temp name="T348"/><temp name="T14"/><temp name="T329"/><temp name="T350"/></temps><temps name="out"><temp name="T349"/><temp name="T326"/><temp name="T348"/><temp name="T14"/><temp name="T329"/><temp name="T350"/></temps></instruction><instruction code="ADD $3,$2,$1"><temps name="use"><temp name="T349"/><temp name="T350"/></temps><temps name="def"><temp name="T351"/></temps><temps name="in"><temp name="T349"/><temp name="T326"/><temp name="T348"/><temp name="T14"/><temp name="T329"/><temp name="T350"/></temps><temps name="out"><temp name="T326"/><temp name="T348"/><temp name="T351"/><temp name="T14"/><temp name="T329"/></temps></instruction><instruction code="LDO $3,$3,0"><temps name="use"><temp name="T351"/></temps><temps name="def"><temp name="T351"/></temps><temps name="in"><temp name="T326"/><temp name="T348"/><temp name="T351"/><temp name="T14"/><temp name="T329"/></temps><temps name="out"><temp name="T326"/><temp name="T348"/><temp name="T351"/><temp name="T14"/><temp name="T329"/></temps></instruction><instruction code="SET $2,$253"><temps name="use"><temp name="T14"/></temps><temps name="def"><temp name="T352"/></temps><temps name="in"><temp name="T326"/><temp name="T348"/><temp name="T351"/><temp name="T14"/><temp name="T329"/></temps><temps name="out"><temp name="T326"/><temp name="T348"/><temp name="T352"/><temp name="T351"/><temp name="T14"/><temp name="T329"/></temps></instruction><instruction code="SETL $1,8"><temps name="use"/><temps name="def"><temp name="T353"/></temps><temps name="in"><temp name="T326"/><temp name="T348"/><temp name="T352"/><temp name="T351"/><temp name="T14"/><temp name="T329"/></temps><temps name="out"><temp name="T326"/><temp name="T348"/><temp name="T352"/><temp name="T351"/><temp name="T14"/><temp name="T329"/><temp name="T353"/></temps></instruction><instruction code="ADD $1,$2,$1"><temps name="use"><temp name="T352"/><temp name="T353"/></temps><temps name="def"><temp name="T354"/></temps><temps name="in"><temp name="T326"/><temp name="T348"/><temp name="T352"/><temp name="T351"/><temp name="T14"/><temp name="T329"/><temp name="T353"/></temps><temps name="out"><temp name="T326"/><temp name="T348"/><temp name="T354"/><temp name="T351"/><temp name="T14"/><temp name="T329"/></temps></instruction><instruction code="LDO $1,$1,0"><temps name="use"><temp name="T354"/></temps><temps name="def"><temp name="T354"/></temps><temps name="in"><temp name="T326"/><temp name="T348"/><temp name="T354"/><temp name="T351"/><temp name="T14"/><temp name="T329"/></temps><temps name="out"><temp name="T326"/><temp name="T348"/><temp name="T351"/><temp name="T354"/><temp name="T14"/><temp name="T329"/></temps></instruction><instruction code="SUB $1,$3,$1"><temps name="use"><temp name="T351"/><temp name="T354"/></temps><temps name="def"><temp name="T355"/></temps><temps name="in"><temp name="T326"/><temp name="T348"/><temp name="T351"/><temp name="T354"/><temp name="T14"/><temp name="T329"/></temps><temps name="out"><temp name="T355"/><temp name="T326"/><temp name="T348"/><temp name="T14"/><temp name="T329"/></temps></instruction><instruction code="CMP $1,$4,$1"><temps name="use"><temp name="T348"/><temp name="T355"/></temps><temps name="def"><temp name="T1092"/></temps><temps name="in"><temp name="T355"/><temp name="T326"/><temp name="T348"/><temp name="T14"/><temp name="T329"/></temps><temps name="out"><temp name="T326"/><temp name="T1092"/><temp name="T14"/><temp name="T329"/></temps></instruction><instruction code="ZSNZ $1,$1,1"><temps name="use"><temp name="T1092"/></temps><temps name="def"><temp name="T356"/></temps><temps name="in"><temp name="T326"/><temp name="T1092"/><temp name="T14"/><temp name="T329"/></temps><temps name="out"><temp name="T326"/><temp name="T14"/><temp name="T329"/><temp name="T356"/></temps></instruction><instruction code="AND $0,$0,$1"><temps name="use"><temp name="T329"/><temp name="T356"/></temps><temps name="def"><temp name="T357"/></temps><temps name="in"><temp name="T326"/><temp name="T14"/><temp name="T329"/><temp name="T356"/></temps><temps name="out"><temp name="T326"/><temp name="T14"/><temp name="T357"/></temps></instruction><instruction code="STO $0,$5,0"><temps name="use"><temp name="T357"/><temp name="T326"/></temps><temps name="def"/><temps name="in"><temp name="T326"/><temp name="T14"/><temp name="T357"/></temps><temps name="out"><temp name="T14"/></temps></instruction><instruction code="SET $0,$253"><temps name="use"><temp name="T14"/></temps><temps name="def"><temp name="T358"/></temps><temps name="in"><temp name="T14"/></temps><temps name="out"><temp name="T14"/><temp name="T358"/></temps></instruction><instruction code="SETL $1,32"><temps name="use"/><temps name="def"><temp name="T359"/></temps><temps name="in"><temp name="T14"/><temp name="T358"/></temps><temps name="out"><temp name="T359"/><temp name="T14"/><temp name="T358"/></temps></instruction><instruction code="NEG  $1,$1"><temps name="use"><temp name="T359"/></temps><temps name="def"><temp name="T359"/></temps><temps name="in"><temp name="T359"/><temp name="T14"/><temp name="T358"/></temps><temps name="out"><temp name="T359"/><temp name="T14"/><temp name="T358"/></temps></instruction><instruction code="ADD $5,$0,$1"><temps name="use"><temp name="T358"/><temp name="T359"/></temps><temps name="def"><temp name="T360"/></temps><temps name="in"><temp name="T359"/><temp name="T14"/><temp name="T358"/></temps><temps name="out"><temp name="T360"/><temp name="T14"/></temps></instruction><instruction code="SET $1,$253"><temps name="use"><temp name="T14"/></temps><temps name="def"><temp name="T361"/></temps><temps name="in"><temp name="T360"/><temp name="T14"/></temps><temps name="out"><temp name="T360"/><temp name="T14"/><temp name="T361"/></temps></instruction><instruction code="SETL $0,32"><temps name="use"/><temps name="def"><temp name="T362"/></temps><temps name="in"><temp name="T360"/><temp name="T14"/><temp name="T361"/></temps><temps name="out"><temp name="T362"/><temp name="T360"/><temp name="T14"/><temp name="T361"/></temps></instruction><instruction code="NEG  $0,$0"><temps name="use"><temp name="T362"/></temps><temps name="def"><temp name="T362"/></temps><temps name="in"><temp name="T362"/><temp name="T360"/><temp name="T14"/><temp name="T361"/></temps><temps name="out"><temp name="T362"/><temp name="T360"/><temp name="T14"/><temp name="T361"/></temps></instruction><instruction code="ADD $2,$1,$0"><temps name="use"><temp name="T361"/><temp name="T362"/></temps><temps name="def"><temp name="T363"/></temps><temps name="in"><temp name="T362"/><temp name="T360"/><temp name="T14"/><temp name="T361"/></temps><temps name="out"><temp name="T363"/><temp name="T360"/><temp name="T14"/></temps></instruction><instruction code="LDO $2,$2,0"><temps name="use"><temp name="T363"/></temps><temps name="def"><temp name="T363"/></temps><temps name="in"><temp name="T363"/><temp name="T360"/><temp name="T14"/></temps><temps name="out"><temp name="T363"/><temp name="T360"/><temp name="T14"/></temps></instruction><instruction code="LDO $1,$253,0"><temps name="use"><temp name="T14"/></temps><temps name="def"><temp name="T364"/></temps><temps name="in"><temp name="T363"/><temp name="T360"/><temp name="T14"/></temps><temps name="out"><temp name="T363"/><temp name="T364"/><temp name="T360"/><temp name="T14"/></temps></instruction><instruction code="SETL $0,264"><temps name="use"/><temps name="def"><temp name="T365"/></temps><temps name="in"><temp name="T363"/><temp name="T364"/><temp name="T360"/><temp name="T14"/></temps><temps name="out"><temp name="T363"/><temp name="T364"/><temp name="T365"/><temp name="T360"/><temp name="T14"/></temps></instruction><instruction code="NEG  $0,$0"><temps name="use"><temp name="T365"/></temps><temps name="def"><temp name="T365"/></temps><temps name="in"><temp name="T363"/><temp name="T364"/><temp name="T365"/><temp name="T360"/><temp name="T14"/></temps><temps name="out"><temp name="T363"/><temp name="T364"/><temp name="T365"/><temp name="T360"/><temp name="T14"/></temps></instruction><instruction code="ADD $3,$1,$0"><temps name="use"><temp name="T364"/><temp name="T365"/></temps><temps name="def"><temp name="T366"/></temps><temps name="in"><temp name="T363"/><temp name="T364"/><temp name="T365"/><temp name="T360"/><temp name="T14"/></temps><temps name="out"><temp name="T366"/><temp name="T363"/><temp name="T360"/><temp name="T14"/></temps></instruction><instruction code="SET $1,$253"><temps name="use"><temp name="T14"/></temps><temps name="def"><temp name="T367"/></temps><temps name="in"><temp name="T366"/><temp name="T363"/><temp name="T360"/><temp name="T14"/></temps><temps name="out"><temp name="T366"/><temp name="T363"/><temp name="T360"/><temp name="T14"/><temp name="T367"/></temps></instruction><instruction code="SETL $0,16"><temps name="use"/><temps name="def"><temp name="T368"/></temps><temps name="in"><temp name="T366"/><temp name="T363"/><temp name="T360"/><temp name="T14"/><temp name="T367"/></temps><temps name="out"><temp name="T366"/><temp name="T363"/><temp name="T360"/><temp name="T14"/><temp name="T367"/><temp name="T368"/></temps></instruction><instruction code="NEG  $0,$0"><temps name="use"><temp name="T368"/></temps><temps name="def"><temp name="T368"/></temps><temps name="in"><temp name="T366"/><temp name="T363"/><temp name="T360"/><temp name="T14"/><temp name="T367"/><temp name="T368"/></temps><temps name="out"><temp name="T366"/><temp name="T363"/><temp name="T360"/><temp name="T14"/><temp name="T367"/><temp name="T368"/></temps></instruction><instruction code="ADD $0,$1,$0"><temps name="use"><temp name="T367"/><temp name="T368"/></temps><temps name="def"><temp name="T369"/></temps><temps name="in"><temp name="T366"/><temp name="T363"/><temp name="T360"/><temp name="T14"/><temp name="T367"/><temp name="T368"/></temps><temps name="out"><temp name="T366"/><temp name="T363"/><temp name="T369"/><temp name="T360"/><temp name="T14"/></temps></instruction><instruction code="LDO $0,$0,0"><temps name="use"><temp name="T369"/></temps><temps name="def"><temp name="T369"/></temps><temps name="in"><temp name="T366"/><temp name="T363"/><temp name="T369"/><temp name="T360"/><temp name="T14"/></temps><temps name="out"><temp name="T366"/><temp name="T363"/><temp name="T369"/><temp name="T360"/><temp name="T14"/></temps></instruction><instruction code="SETL $1,8"><temps name="use"/><temps name="def"><temp name="T370"/></temps><temps name="in"><temp name="T366"/><temp name="T363"/><temp name="T369"/><temp name="T360"/><temp name="T14"/></temps><temps name="out"><temp name="T366"/><temp name="T363"/><temp name="T369"/><temp name="T360"/><temp name="T370"/><temp name="T14"/></temps></instruction><instruction code="MUL $0,$0,$1"><temps name="use"><temp name="T369"/><temp name="T370"/></temps><temps name="def"><temp name="T371"/></temps><temps name="in"><temp name="T366"/><temp name="T363"/><temp name="T369"/><temp name="T360"/><temp name="T370"/><temp name="T14"/></temps><temps name="out"><temp name="T366"/><temp name="T363"/><temp name="T371"/><temp name="T360"/><temp name="T14"/></temps></instruction><instruction code="ADD $3,$3,$0"><temps name="use"><temp name="T366"/><temp name="T371"/></temps><temps name="def"><temp name="T372"/></temps><temps name="in"><temp name="T366"/><temp name="T363"/><temp name="T371"/><temp name="T360"/><temp name="T14"/></temps><temps name="out"><temp name="T363"/><temp name="T360"/><temp name="T372"/><temp name="T14"/></temps></instruction><instruction code="LDO $3,$3,0"><temps name="use"><temp name="T372"/></temps><temps name="def"><temp name="T372"/></temps><temps name="in"><temp name="T363"/><temp name="T360"/><temp name="T372"/><temp name="T14"/></temps><temps name="out"><temp name="T363"/><temp name="T360"/><temp name="T372"/><temp name="T14"/></temps></instruction><instruction code="LDO $0,$253,0"><temps name="use"><temp name="T14"/></temps><temps name="def"><temp name="T373"/></temps><temps name="in"><temp name="T363"/><temp name="T360"/><temp name="T372"/><temp name="T14"/></temps><temps name="out"><temp name="T363"/><temp name="T360"/><temp name="T372"/><temp name="T14"/><temp name="T373"/></temps></instruction><instruction code="SETL $1,264"><temps name="use"/><temps name="def"><temp name="T374"/></temps><temps name="in"><temp name="T363"/><temp name="T360"/><temp name="T372"/><temp name="T14"/><temp name="T373"/></temps><temps name="out"><temp name="T363"/><temp name="T374"/><temp name="T360"/><temp name="T372"/><temp name="T14"/><temp name="T373"/></temps></instruction><instruction code="NEG  $1,$1"><temps name="use"><temp name="T374"/></temps><temps name="def"><temp name="T374"/></temps><temps name="in"><temp name="T363"/><temp name="T374"/><temp name="T360"/><temp name="T372"/><temp name="T14"/><temp name="T373"/></temps><temps name="out"><temp name="T363"/><temp name="T374"/><temp name="T360"/><temp name="T372"/><temp name="T14"/><temp name="T373"/></temps></instruction><instruction code="ADD $1,$0,$1"><temps name="use"><temp name="T373"/><temp name="T374"/></temps><temps name="def"><temp name="T375"/></temps><temps name="in"><temp name="T363"/><temp name="T374"/><temp name="T360"/><temp name="T372"/><temp name="T14"/><temp name="T373"/></temps><temps name="out"><temp name="T363"/><temp name="T375"/><temp name="T360"/><temp name="T372"/><temp name="T14"/></temps></instruction><instruction code="SET $4,$253"><temps name="use"><temp name="T14"/></temps><temps name="def"><temp name="T376"/></temps><temps name="in"><temp name="T363"/><temp name="T375"/><temp name="T360"/><temp name="T372"/><temp name="T14"/></temps><temps name="out"><temp name="T363"/><temp name="T375"/><temp name="T376"/><temp name="T360"/><temp name="T372"/><temp name="T14"/></temps></instruction><instruction code="SETL $0,8"><temps name="use"/><temps name="def"><temp name="T377"/></temps><temps name="in"><temp name="T363"/><temp name="T375"/><temp name="T376"/><temp name="T360"/><temp name="T372"/><temp name="T14"/></temps><temps name="out"><temp name="T363"/><temp name="T375"/><temp name="T376"/><temp name="T360"/><temp name="T372"/><temp name="T14"/><temp name="T377"/></temps></instruction><instruction code="ADD $0,$4,$0"><temps name="use"><temp name="T376"/><temp name="T377"/></temps><temps name="def"><temp name="T378"/></temps><temps name="in"><temp name="T363"/><temp name="T375"/><temp name="T376"/><temp name="T360"/><temp name="T372"/><temp name="T14"/><temp name="T377"/></temps><temps name="out"><temp name="T363"/><temp name="T375"/><temp name="T378"/><temp name="T360"/><temp name="T372"/><temp name="T14"/></temps></instruction><instruction code="LDO $0,$0,0"><temps name="use"><temp name="T378"/></temps><temps name="def"><temp name="T378"/></temps><temps name="in"><temp name="T363"/><temp name="T375"/><temp name="T378"/><temp name="T360"/><temp name="T372"/><temp name="T14"/></temps><temps name="out"><temp name="T363"/><temp name="T375"/><temp name="T378"/><temp name="T360"/><temp name="T372"/><temp name="T14"/></temps></instruction><instruction code="SETL $4,8"><temps name="use"/><temps name="def"><temp name="T379"/></temps><temps name="in"><temp name="T363"/><temp name="T375"/><temp name="T378"/><temp name="T360"/><temp name="T372"/><temp name="T14"/></temps><temps name="out"><temp name="T363"/><temp name="T375"/><temp name="T378"/><temp name="T360"/><temp name="T372"/><temp name="T14"/><temp name="T379"/></temps></instruction><instruction code="MUL $0,$0,$4"><temps name="use"><temp name="T378"/><temp name="T379"/></temps><temps name="def"><temp name="T380"/></temps><temps name="in"><temp name="T363"/><temp name="T375"/><temp name="T378"/><temp name="T360"/><temp name="T372"/><temp name="T14"/><temp name="T379"/></temps><temps name="out"><temp name="T363"/><temp name="T380"/><temp name="T375"/><temp name="T360"/><temp name="T372"/><temp name="T14"/></temps></instruction><instruction code="ADD $0,$1,$0"><temps name="use"><temp name="T375"/><temp name="T380"/></temps><temps name="def"><temp name="T381"/></temps><temps name="in"><temp name="T363"/><temp name="T380"/><temp name="T375"/><temp name="T360"/><temp name="T372"/><temp name="T14"/></temps><temps name="out"><temp name="T363"/><temp name="T381"/><temp name="T360"/><temp name="T372"/><temp name="T14"/></temps></instruction><instruction code="LDO $0,$0,0"><temps name="use"><temp name="T381"/></temps><temps name="def"><temp name="T381"/></temps><temps name="in"><temp name="T363"/><temp name="T381"/><temp name="T360"/><temp name="T372"/><temp name="T14"/></temps><temps name="out"><temp name="T363"/><temp name="T381"/><temp name="T360"/><temp name="T372"/><temp name="T14"/></temps></instruction><instruction code="SUB $4,$3,$0"><temps name="use"><temp name="T372"/><temp name="T381"/></temps><temps name="def"><temp name="T382"/></temps><temps name="in"><temp name="T363"/><temp name="T381"/><temp name="T360"/><temp name="T372"/><temp name="T14"/></temps><temps name="out"><temp name="T363"/><temp name="T360"/><temp name="T14"/><temp name="T382"/></temps></instruction><instruction code="SET $0,$253"><temps name="use"><temp name="T14"/></temps><temps name="def"><temp name="T383"/></temps><temps name="in"><temp name="T363"/><temp name="T360"/><temp name="T14"/><temp name="T382"/></temps><temps name="out"><temp name="T363"/><temp name="T360"/><temp name="T14"/><temp name="T382"/><temp name="T383"/></temps></instruction><instruction code="SETL $1,8"><temps name="use"/><temps name="def"><temp name="T384"/></temps><temps name="in"><temp name="T363"/><temp name="T360"/><temp name="T14"/><temp name="T382"/><temp name="T383"/></temps><temps name="out"><temp name="T363"/><temp name="T360"/><temp name="T14"/><temp name="T382"/><temp name="T384"/><temp name="T383"/></temps></instruction><instruction code="ADD $3,$0,$1"><temps name="use"><temp name="T383"/><temp name="T384"/></temps><temps name="def"><temp name="T385"/></temps><temps name="in"><temp name="T363"/><temp name="T360"/><temp name="T14"/><temp name="T382"/><temp name="T384"/><temp name="T383"/></temps><temps name="out"><temp name="T363"/><temp name="T360"/><temp name="T14"/><temp name="T382"/><temp name="T385"/></temps></instruction><instruction code="LDO $3,$3,0"><temps name="use"><temp name="T385"/></temps><temps name="def"><temp name="T385"/></temps><temps name="in"><temp name="T363"/><temp name="T360"/><temp name="T14"/><temp name="T382"/><temp name="T385"/></temps><temps name="out"><temp name="T363"/><temp name="T360"/><temp name="T14"/><temp name="T382"/><temp name="T385"/></temps></instruction><instruction code="SET $0,$253"><temps name="use"><temp name="T14"/></temps><temps name="def"><temp name="T386"/></temps><temps name="in"><temp name="T363"/><temp name="T360"/><temp name="T14"/><temp name="T382"/><temp name="T385"/></temps><temps name="out"><temp name="T363"/><temp name="T360"/><temp name="T14"/><temp name="T382"/><temp name="T386"/><temp name="T385"/></temps></instruction><instruction code="SETL $1,16"><temps name="use"/><temps name="def"><temp name="T387"/></temps><temps name="in"><temp name="T363"/><temp name="T360"/><temp name="T14"/><temp name="T382"/><temp name="T386"/><temp name="T385"/></temps><temps name="out"><temp name="T363"/><temp name="T387"/><temp name="T360"/><temp name="T14"/><temp name="T382"/><temp name="T386"/><temp name="T385"/></temps></instruction><instruction code="NEG  $1,$1"><temps name="use"><temp name="T387"/></temps><temps name="def"><temp name="T387"/></temps><temps name="in"><temp name="T363"/><temp name="T387"/><temp name="T360"/><temp name="T14"/><temp name="T382"/><temp name="T386"/><temp name="T385"/></temps><temps name="out"><temp name="T363"/><temp name="T387"/><temp name="T360"/><temp name="T14"/><temp name="T382"/><temp name="T386"/><temp name="T385"/></temps></instruction><instruction code="ADD $0,$0,$1"><temps name="use"><temp name="T386"/><temp name="T387"/></temps><temps name="def"><temp name="T388"/></temps><temps name="in"><temp name="T363"/><temp name="T387"/><temp name="T360"/><temp name="T14"/><temp name="T382"/><temp name="T386"/><temp name="T385"/></temps><temps name="out"><temp name="T363"/><temp name="T360"/><temp name="T14"/><temp name="T382"/><temp name="T388"/><temp name="T385"/></temps></instruction><instruction code="LDO $0,$0,0"><temps name="use"><temp name="T388"/></temps><temps name="def"><temp name="T388"/></temps><temps name="in"><temp name="T363"/><temp name="T360"/><temp name="T14"/><temp name="T382"/><temp name="T388"/><temp name="T385"/></temps><temps name="out"><temp name="T363"/><temp name="T360"/><temp name="T14"/><temp name="T382"/><temp name="T388"/><temp name="T385"/></temps></instruction><instruction code="SUB $0,$3,$0"><temps name="use"><temp name="T385"/><temp name="T388"/></temps><temps name="def"><temp name="T389"/></temps><temps name="in"><temp name="T363"/><temp name="T360"/><temp name="T14"/><temp name="T382"/><temp name="T388"/><temp name="T385"/></temps><temps name="out"><temp name="T363"/><temp name="T360"/><temp name="T389"/><temp name="T14"/><temp name="T382"/></temps></instruction><instruction code="CMP $0,$4,$0"><temps name="use"><temp name="T382"/><temp name="T389"/></temps><temps name="def"><temp name="T1135"/></temps><temps name="in"><temp name="T363"/><temp name="T360"/><temp name="T389"/><temp name="T14"/><temp name="T382"/></temps><temps name="out"><temp name="T363"/><temp name="T1135"/><temp name="T360"/><temp name="T14"/></temps></instruction><instruction code="ZSNZ $0,$0,1"><temps name="use"><temp name="T1135"/></temps><temps name="def"><temp name="T390"/></temps><temps name="in"><temp name="T363"/><temp name="T1135"/><temp name="T360"/><temp name="T14"/></temps><temps name="out"><temp name="T363"/><temp name="T390"/><temp name="T360"/><temp name="T14"/></temps></instruction><instruction code="AND $0,$2,$0"><temps name="use"><temp name="T363"/><temp name="T390"/></temps><temps name="def"><temp name="T391"/></temps><temps name="in"><temp name="T363"/><temp name="T390"/><temp name="T360"/><temp name="T14"/></temps><temps name="out"><temp name="T360"/><temp name="T391"/><temp name="T14"/></temps></instruction><instruction code="STO $0,$5,0"><temps name="use"><temp name="T391"/><temp name="T360"/></temps><temps name="def"/><temps name="in"><temp name="T360"/><temp name="T391"/><temp name="T14"/></temps><temps name="out"><temp name="T14"/></temps></instruction><instruction code="SET $0,$253"><temps name="use"><temp name="T14"/></temps><temps name="def"><temp name="T392"/></temps><temps name="in"><temp name="T14"/></temps><temps name="out"><temp name="T14"/><temp name="T392"/></temps></instruction><instruction code="SETL $1,16"><temps name="use"/><temps name="def"><temp name="T393"/></temps><temps name="in"><temp name="T14"/><temp name="T392"/></temps><temps name="out"><temp name="T14"/><temp name="T393"/><temp name="T392"/></temps></instruction><instruction code="NEG  $1,$1"><temps name="use"><temp name="T393"/></temps><temps name="def"><temp name="T393"/></temps><temps name="in"><temp name="T14"/><temp name="T393"/><temp name="T392"/></temps><temps name="out"><temp name="T14"/><temp name="T392"/><temp name="T393"/></temps></instruction><instruction code="ADD $2,$0,$1"><temps name="use"><temp name="T392"/><temp name="T393"/></temps><temps name="def"><temp name="T394"/></temps><temps name="in"><temp name="T14"/><temp name="T392"/><temp name="T393"/></temps><temps name="out"><temp name="T14"/><temp name="T394"/></temps></instruction><instruction code="SET $0,$253"><temps name="use"><temp name="T14"/></temps><temps name="def"><temp name="T395"/></temps><temps name="in"><temp name="T14"/><temp name="T394"/></temps><temps name="out"><temp name="T395"/><temp name="T14"/><temp name="T394"/></temps></instruction><instruction code="SETL $1,16"><temps name="use"/><temps name="def"><temp name="T396"/></temps><temps name="in"><temp name="T395"/><temp name="T14"/><temp name="T394"/></temps><temps name="out"><temp name="T396"/><temp name="T395"/><temp name="T14"/><temp name="T394"/></temps></instruction><instruction code="NEG  $1,$1"><temps name="use"><temp name="T396"/></temps><temps name="def"><temp name="T396"/></temps><temps name="in"><temp name="T396"/><temp name="T395"/><temp name="T14"/><temp name="T394"/></temps><temps name="out"><temp name="T396"/><temp name="T395"/><temp name="T14"/><temp name="T394"/></temps></instruction><instruction code="ADD $0,$0,$1"><temps name="use"><temp name="T395"/><temp name="T396"/></temps><temps name="def"><temp name="T397"/></temps><temps name="in"><temp name="T396"/><temp name="T395"/><temp name="T14"/><temp name="T394"/></temps><temps name="out"><temp name="T14"/><temp name="T394"/><temp name="T397"/></temps></instruction><instruction code="LDO $0,$0,0"><temps name="use"><temp name="T397"/></temps><temps name="def"><temp name="T397"/></temps><temps name="in"><temp name="T14"/><temp name="T394"/><temp name="T397"/></temps><temps name="out"><temp name="T14"/><temp name="T394"/><temp name="T397"/></temps></instruction><instruction code="SETL $1,1"><temps name="use"/><temps name="def"><temp name="T398"/></temps><temps name="in"><temp name="T14"/><temp name="T394"/><temp name="T397"/></temps><temps name="out"><temp name="T398"/><temp name="T14"/><temp name="T394"/><temp name="T397"/></temps></instruction><instruction code="ADD $0,$0,$1"><temps name="use"><temp name="T397"/><temp name="T398"/></temps><temps name="def"><temp name="T399"/></temps><temps name="in"><temp name="T398"/><temp name="T14"/><temp name="T394"/><temp name="T397"/></temps><temps name="out"><temp name="T14"/><temp name="T394"/><temp name="T399"/></temps></instruction><instruction code="STO $0,$2,0"><temps name="use"><temp name="T399"/><temp name="T394"/></temps><temps name="def"/><temps name="in"><temp name="T14"/><temp name="T394"/><temp name="T399"/></temps><temps name="out"><temp name="T14"/></temps></instruction><instruction code="SETL $0,0"><temps name="use"/><temps name="def"><temp name="T1151"/></temps><temps name="in"><temp name="T14"/></temps><temps name="out"><temp name="T14"/></temps></instruction><instruction code="JMP L40"><temps name="use"/><temps name="def"/><temps name="in"><temp name="T14"/></temps><temps name="out"><temp name="T14"/></temps></instruction><instruction code="L42"><temps name="use"/><temps name="def"/><temps name="in"><temp name="T14"/></temps><temps name="out"><temp name="T14"/></temps></instruction><instruction code="SETL $0,0"><temps name="use"/><temps name="def"><temp name="T1152"/></temps><temps name="in"><temp name="T14"/></temps><temps name="out"><temp name="T14"/></temps></instruction><instruction code="SET $0,$253"><temps name="use"><temp name="T14"/></temps><temps name="def"><temp name="T400"/></temps><temps name="in"><temp name="T14"/></temps><temps name="out"><temp name="T400"/><temp name="T14"/></temps></instruction><instruction code="SETL $1,32"><temps name="use"/><temps name="def"><temp name="T401"/></temps><temps name="in"><temp name="T400"/><temp name="T14"/></temps><temps name="out"><temp name="T400"/><temp name="T14"/><temp name="T401"/></temps></instruction><instruction code="NEG  $1,$1"><temps name="use"><temp name="T401"/></temps><temps name="def"><temp name="T401"/></temps><temps name="in"><temp name="T400"/><temp name="T14"/><temp name="T401"/></temps><temps name="out"><temp name="T400"/><temp name="T14"/><temp name="T401"/></temps></instruction><instruction code="ADD $0,$0,$1"><temps name="use"><temp name="T400"/><temp name="T401"/></temps><temps name="def"><temp name="T1156"/></temps><temps name="in"><temp name="T400"/><temp name="T14"/><temp name="T401"/></temps><temps name="out"><temp name="T14"/><temp name="T1156"/></temps></instruction><instruction code="LDO $0,$0,0"><temps name="use"><temp name="T1156"/></temps><temps name="def"><temp name="T1156"/></temps><temps name="in"><temp name="T14"/><temp name="T1156"/></temps><temps name="out"><temp name="T14"/><temp name="T1156"/></temps></instruction><instruction code="BNZ $0,L43"><temps name="use"><temp name="T1156"/></temps><temps name="def"/><temps name="in"><temp name="T14"/><temp name="T1156"/></temps><temps name="out"><temp name="T14"/></temps></instruction><instruction code="L83"><temps name="use"/><temps name="def"/><temps name="in"><temp name="T14"/></temps><temps name="out"><temp name="T14"/></temps></instruction><instruction code="SETL $0,0"><temps name="use"/><temps name="def"><temp name="T1157"/></temps><temps name="in"><temp name="T14"/></temps><temps name="out"><temp name="T14"/></temps></instruction><instruction code="JMP L45"><temps name="use"/><temps name="def"/><temps name="in"><temp name="T14"/></temps><temps name="out"><temp name="T14"/></temps></instruction><instruction code="L43"><temps name="use"/><temps name="def"/><temps name="in"><temp name="T14"/></temps><temps name="out"><temp name="T14"/></temps></instruction><instruction code="SET $0,$253"><temps name="use"><temp name="T14"/></temps><temps name="def"><temp name="T402"/></temps><temps name="in"><temp name="T14"/></temps><temps name="out"><temp name="T402"/><temp name="T14"/></temps></instruction><instruction code="SETL $1,40"><temps name="use"/><temps name="def"><temp name="T403"/></temps><temps name="in"><temp name="T402"/><temp name="T14"/></temps><temps name="out"><temp name="T402"/><temp name="T403"/><temp name="T14"/></temps></instruction><instruction code="NEG  $1,$1"><temps name="use"><temp name="T403"/></temps><temps name="def"><temp name="T403"/></temps><temps name="in"><temp name="T402"/><temp name="T403"/><temp name="T14"/></temps><temps name="out"><temp name="T402"/><temp name="T403"/><temp name="T14"/></temps></instruction><instruction code="ADD $2,$0,$1"><temps name="use"><temp name="T402"/><temp name="T403"/></temps><temps name="def"><temp name="T404"/></temps><temps name="in"><temp name="T402"/><temp name="T403"/><temp name="T14"/></temps><temps name="out"><temp name="T14"/><temp name="T404"/></temps></instruction><instruction code="SET $1,$253"><temps name="use"><temp name="T14"/></temps><temps name="def"><temp name="T405"/></temps><temps name="in"><temp name="T14"/><temp name="T404"/></temps><temps name="out"><temp name="T14"/><temp name="T404"/><temp name="T405"/></temps></instruction><instruction code="SETL $0,40"><temps name="use"/><temps name="def"><temp name="T406"/></temps><temps name="in"><temp name="T14"/><temp name="T404"/><temp name="T405"/></temps><temps name="out"><temp name="T14"/><temp name="T404"/><temp name="T406"/><temp name="T405"/></temps></instruction><instruction code="NEG  $0,$0"><temps name="use"><temp name="T406"/></temps><temps name="def"><temp name="T406"/></temps><temps name="in"><temp name="T14"/><temp name="T404"/><temp name="T406"/><temp name="T405"/></temps><temps name="out"><temp name="T14"/><temp name="T404"/><temp name="T406"/><temp name="T405"/></temps></instruction><instruction code="ADD $4,$1,$0"><temps name="use"><temp name="T405"/><temp name="T406"/></temps><temps name="def"><temp name="T407"/></temps><temps name="in"><temp name="T14"/><temp name="T404"/><temp name="T406"/><temp name="T405"/></temps><temps name="out"><temp name="T14"/><temp name="T404"/><temp name="T407"/></temps></instruction><instruction code="LDO $4,$4,0"><temps name="use"><temp name="T407"/></temps><temps name="def"><temp name="T407"/></temps><temps name="in"><temp name="T14"/><temp name="T404"/><temp name="T407"/></temps><temps name="out"><temp name="T14"/><temp name="T404"/><temp name="T407"/></temps></instruction><instruction code="LDO $1,$253,0"><temps name="use"><temp name="T14"/></temps><temps name="def"><temp name="T408"/></temps><temps name="in"><temp name="T14"/><temp name="T404"/><temp name="T407"/></temps><temps name="out"><temp name="T14"/><temp name="T404"/><temp name="T408"/><temp name="T407"/></temps></instruction><instruction code="SET $0,$253"><temps name="use"><temp name="T14"/></temps><temps name="def"><temp name="T409"/></temps><temps name="in"><temp name="T14"/><temp name="T404"/><temp name="T408"/><temp name="T407"/></temps><temps name="out"><temp name="T14"/><temp name="T404"/><temp name="T409"/><temp name="T408"/><temp name="T407"/></temps></instruction><instruction code="SETL $3,8"><temps name="use"/><temps name="def"><temp name="T410"/></temps><temps name="in"><temp name="T14"/><temp name="T404"/><temp name="T409"/><temp name="T408"/><temp name="T407"/></temps><temps name="out"><temp name="T14"/><temp name="T410"/><temp name="T404"/><temp name="T409"/><temp name="T408"/><temp name="T407"/></temps></instruction><instruction code="ADD $0,$0,$3"><temps name="use"><temp name="T409"/><temp name="T410"/></temps><temps name="def"><temp name="T411"/></temps><temps name="in"><temp name="T14"/><temp name="T410"/><temp name="T404"/><temp name="T409"/><temp name="T408"/><temp name="T407"/></temps><temps name="out"><temp name="T14"/><temp name="T411"/><temp name="T404"/><temp name="T408"/><temp name="T407"/></temps></instruction><instruction code="LDO $0,$0,0"><temps name="use"><temp name="T411"/></temps><temps name="def"><temp name="T411"/></temps><temps name="in"><temp name="T14"/><temp name="T411"/><temp name="T404"/><temp name="T408"/><temp name="T407"/></temps><temps name="out"><temp name="T14"/><temp name="T411"/><temp name="T404"/><temp name="T408"/><temp name="T407"/></temps></instruction><instruction code="SETL $3,1"><temps name="use"/><temps name="def"><temp name="T412"/></temps><temps name="in"><temp name="T14"/><temp name="T411"/><temp name="T404"/><temp name="T408"/><temp name="T407"/></temps><temps name="out"><temp name="T14"/><temp name="T411"/><temp name="T412"/><temp name="T404"/><temp name="T408"/><temp name="T407"/></temps></instruction><instruction code="ADD $0,$0,$3"><temps name="use"><temp name="T411"/><temp name="T412"/></temps><temps name="def"><temp name="T413"/></temps><temps name="in"><temp name="T14"/><temp name="T411"/><temp name="T412"/><temp name="T404"/><temp name="T408"/><temp name="T407"/></temps><temps name="out"><temp name="T413"/><temp name="T14"/><temp name="T404"/><temp name="T408"/><temp name="T407"/></temps></instruction><instruction code="STO $0,$254,8"><temps name="use"><temp name="T413"/></temps><temps name="def"/><temps name="in"><temp name="T413"/><temp name="T14"/><temp name="T404"/><temp name="T408"/><temp name="T407"/></temps><temps name="out"><temp name="T14"/><temp name="T404"/><temp name="T408"/><temp name="T407"/></temps></instruction><instruction code="STO $1,$254,0"><temps name="use"><temp name="T408"/></temps><temps name="def"/><temps name="in"><temp name="T14"/><temp name="T404"/><temp name="T408"/><temp name="T407"/></temps><temps name="out"><temp name="T14"/><temp name="T404"/><temp name="T407"/></temps></instruction><instruction code="PUSHJ $100,L3"><temps name="use"/><temps name="def"/><temps name="in"><temp name="T14"/><temp name="T404"/><temp name="T407"/></temps><temps name="out"><temp name="T14"/><temp name="T404"/><temp name="T407"/></temps></instruction><instruction code="LDO $0,$254,0"><temps name="use"/><temps name="def"><temp name="T414"/></temps><temps name="in"><temp name="T14"/><temp name="T404"/><temp name="T407"/></temps><temps name="out"><temp name="T414"/><temp name="T14"/><temp name="T404"/><temp name="T407"/></temps></instruction><instruction code="SET $0,$0"><temps name="use"><temp name="T414"/></temps><temps name="def"><temp name="T415"/></temps><temps name="in"><temp name="T414"/><temp name="T14"/><temp name="T404"/><temp name="T407"/></temps><temps name="out"><temp name="T415"/><temp name="T14"/><temp name="T404"/><temp name="T407"/></temps></instruction><instruction code="ADD $0,$4,$0"><temps name="use"><temp name="T407"/><temp name="T415"/></temps><temps name="def"><temp name="T416"/></temps><temps name="in"><temp name="T415"/><temp name="T14"/><temp name="T404"/><temp name="T407"/></temps><temps name="out"><temp name="T14"/><temp name="T404"/><temp name="T416"/></temps></instruction><instruction code="STO $0,$2,0"><temps name="use"><temp name="T416"/><temp name="T404"/></temps><temps name="def"/><temps name="in"><temp name="T14"/><temp name="T404"/><temp name="T416"/></temps><temps name="out"><temp name="T14"/></temps></instruction><instruction code="JMP L45"><temps name="use"/><temps name="def"/><temps name="in"><temp name="T14"/></temps><temps name="out"><temp name="T14"/></temps></instruction><instruction code="L44"><temps name="use"/><temps name="def"/><temps name="in"><temp name="T14"/></temps><temps name="out"><temp name="T14"/></temps></instruction><instruction code="SETL $0,0"><temps name="use"/><temps name="def"><temp name="T1179"/></temps><temps name="in"><temp name="T14"/></temps><temps name="out"><temp name="T14"/></temps></instruction><instruction code="JMP L45"><temps name="use"/><temps name="def"/><temps name="in"><temp name="T14"/></temps><temps name="out"><temp name="T14"/></temps></instruction><instruction code="L45"><temps name="use"/><temps name="def"/><temps name="in"><temp name="T14"/></temps><temps name="out"><temp name="T14"/></temps></instruction><instruction code="SET $1,$253"><temps name="use"><temp name="T14"/></temps><temps name="def"><temp name="T417"/></temps><temps name="in"><temp name="T14"/></temps><temps name="out"><temp name="T417"/><temp name="T14"/></temps></instruction><instruction code="SETL $0,24"><temps name="use"/><temps name="def"><temp name="T418"/></temps><temps name="in"><temp name="T417"/><temp name="T14"/></temps><temps name="out"><temp name="T417"/><temp name="T418"/><temp name="T14"/></temps></instruction><instruction code="NEG  $0,$0"><temps name="use"><temp name="T418"/></temps><temps name="def"><temp name="T418"/></temps><temps name="in"><temp name="T417"/><temp name="T418"/><temp name="T14"/></temps><temps name="out"><temp name="T417"/><temp name="T418"/><temp name="T14"/></temps></instruction><instruction code="ADD $2,$1,$0"><temps name="use"><temp name="T417"/><temp name="T418"/></temps><temps name="def"><temp name="T419"/></temps><temps name="in"><temp name="T417"/><temp name="T418"/><temp name="T14"/></temps><temps name="out"><temp name="T419"/><temp name="T14"/></temps></instruction><instruction code="SET $1,$253"><temps name="use"><temp name="T14"/></temps><temps name="def"><temp name="T420"/></temps><temps name="in"><temp name="T419"/><temp name="T14"/></temps><temps name="out"><temp name="T419"/><temp name="T420"/><temp name="T14"/></temps></instruction><instruction code="SETL $0,24"><temps name="use"/><temps name="def"><temp name="T421"/></temps><temps name="in"><temp name="T419"/><temp name="T420"/><temp name="T14"/></temps><temps name="out"><temp name="T419"/><temp name="T420"/><temp name="T421"/><temp name="T14"/></temps></instruction><instruction code="NEG  $0,$0"><temps name="use"><temp name="T421"/></temps><temps name="def"><temp name="T421"/></temps><temps name="in"><temp name="T419"/><temp name="T420"/><temp name="T421"/><temp name="T14"/></temps><temps name="out"><temp name="T419"/><temp name="T420"/><temp name="T421"/><temp name="T14"/></temps></instruction><instruction code="ADD $1,$1,$0"><temps name="use"><temp name="T420"/><temp name="T421"/></temps><temps name="def"><temp name="T422"/></temps><temps name="in"><temp name="T419"/><temp name="T420"/><temp name="T421"/><temp name="T14"/></temps><temps name="out"><temp name="T422"/><temp name="T419"/><temp name="T14"/></temps></instruction><instruction code="LDO $1,$1,0"><temps name="use"><temp name="T422"/></temps><temps name="def"><temp name="T422"/></temps><temps name="in"><temp name="T422"/><temp name="T419"/><temp name="T14"/></temps><temps name="out"><temp name="T422"/><temp name="T419"/><temp name="T14"/></temps></instruction><instruction code="SETL $0,1"><temps name="use"/><temps name="def"><temp name="T423"/></temps><temps name="in"><temp name="T422"/><temp name="T419"/><temp name="T14"/></temps><temps name="out"><temp name="T422"/><temp name="T419"/><temp name="T14"/><temp name="T423"/></temps></instruction><instruction code="ADD $0,$1,$0"><temps name="use"><temp name="T422"/><temp name="T423"/></temps><temps name="def"><temp name="T424"/></temps><temps name="in"><temp name="T422"/><temp name="T419"/><temp name="T14"/><temp name="T423"/></temps><temps name="out"><temp name="T424"/><temp name="T419"/><temp name="T14"/></temps></instruction><instruction code="STO $0,$2,0"><temps name="use"><temp name="T424"/><temp name="T419"/></temps><temps name="def"/><temps name="in"><temp name="T424"/><temp name="T419"/><temp name="T14"/></temps><temps name="out"><temp name="T14"/></temps></instruction><instruction code="SETL $0,0"><temps name="use"/><temps name="def"><temp name="T1192"/></temps><temps name="in"><temp name="T14"/></temps><temps name="out"><temp name="T14"/></temps></instruction><instruction code="JMP L46"><temps name="use"/><temps name="def"/><temps name="in"><temp name="T14"/></temps><temps name="out"><temp name="T14"/></temps></instruction><instruction code="L48"><temps name="use"/><temps name="def"/><temps name="in"><temp name="T14"/></temps><temps name="out"><temp name="T14"/></temps></instruction><instruction code="SETL $0,0"><temps name="use"/><temps name="def"><temp name="T1193"/></temps><temps name="in"><temp name="T14"/></temps><temps name="out"><temp name="T14"/></temps></instruction><instruction code="JMP L51"><temps name="use"/><temps name="def"/><temps name="in"><temp name="T14"/></temps><temps name="out"><temp name="T14"/></temps></instruction><instruction code="L51"><temps name="use"/><temps name="def"/><temps name="in"><temp name="T14"/></temps><temps name="out"><temp name="T14"/></temps></instruction><instruction code="SET $0,$253"><temps name="use"><temp name="T14"/></temps><temps name="def"><temp name="T425"/></temps><temps name="in"><temp name="T14"/></temps><temps name="out"><temp name="T425"/></temps></instruction><instruction code="SETL $1,40"><temps name="use"/><temps name="def"><temp name="T426"/></temps><temps name="in"><temp name="T425"/></temps><temps name="out"><temp name="T426"/><temp name="T425"/></temps></instruction><instruction code="NEG  $1,$1"><temps name="use"><temp name="T426"/></temps><temps name="def"><temp name="T426"/></temps><temps name="in"><temp name="T426"/><temp name="T425"/></temps><temps name="out"><temp name="T426"/><temp name="T425"/></temps></instruction><instruction code="ADD $0,$0,$1"><temps name="use"><temp name="T425"/><temp name="T426"/></temps><temps name="def"><temp name="T427"/></temps><temps name="in"><temp name="T426"/><temp name="T425"/></temps><temps name="out"><temp name="T427"/></temps></instruction><instruction code="LDO $0,$0,0"><temps name="use"><temp name="T427"/></temps><temps name="def"><temp name="T427"/></temps><temps name="in"><temp name="T427"/></temps><temps name="out"><temp name="T427"/></temps></instruction><instruction code="SET $0,$0"><temps name="use"><temp name="T427"/></temps><temps name="def"><temp name="T15"/></temps><temps name="in"><temp name="T427"/></temps><temps name="out"><temp name="T15"/></temps></instruction><instruction code="JMP L76"><temps name="use"/><temps name="def"/><temps name="in"><temp name="T15"/></temps><temps name="out"><temp name="T15"/></temps></instruction></instructions></code><code entrylabel="L84" exitlabel="L85" tempsize="0"><frame FP="T16" RV="T17" argssize="16" depth="0" label="_main" locssize="264" size="296"/><instructions><instruction code="L84"><temps name="use"/><temps name="def"/><temps name="in"><temp name="T16"/></temps><temps name="out"><temp name="T16"/></temps></instruction><instruction code="SET $1,$253"><temps name="use"><temp name="T16"/></temps><temps name="def"><temp name="T428"/></temps><temps name="in"><temp name="T16"/></temps><temps name="out"><temp name="T16"/><temp name="T428"/></temps></instruction><instruction code="SETL $0,8"><temps name="use"/><temps name="def"><temp name="T429"/></temps><temps name="in"><temp name="T16"/><temp name="T428"/></temps><temps name="out"><temp name="T16"/><temp name="T428"/><temp name="T429"/></temps></instruction><instruction code="NEG  $0,$0"><temps name="use"><temp name="T429"/></temps><temps name="def"><temp name="T429"/></temps><temps name="in"><temp name="T16"/><temp name="T428"/><temp name="T429"/></temps><temps name="out"><temp name="T16"/><temp name="T428"/><temp name="T429"/></temps></instruction><instruction code="ADD $0,$1,$0"><temps name="use"><temp name="T428"/><temp name="T429"/></temps><temps name="def"><temp name="T430"/></temps><temps name="in"><temp name="T16"/><temp name="T428"/><temp name="T429"/></temps><temps name="out"><temp name="T16"/><temp name="T430"/></temps></instruction><instruction code="SETL $1,8"><temps name="use"/><temps name="def"><temp name="T431"/></temps><temps name="in"><temp name="T16"/><temp name="T430"/></temps><temps name="out"><temp name="T16"/><temp name="T431"/><temp name="T430"/></temps></instruction><instruction code="STO $1,$0,0"><temps name="use"><temp name="T431"/><temp name="T430"/></temps><temps name="def"/><temps name="in"><temp name="T16"/><temp name="T431"/><temp name="T430"/></temps><temps name="out"><temp name="T16"/></temps></instruction><instruction code="SET $0,$253"><temps name="use"><temp name="T16"/></temps><temps name="def"><temp name="T432"/></temps><temps name="in"><temp name="T16"/></temps><temps name="out"><temp name="T16"/><temp name="T432"/></temps></instruction><instruction code="SETL $1,8"><temps name="use"/><temps name="def"><temp name="T433"/></temps><temps name="in"><temp name="T16"/><temp name="T432"/></temps><temps name="out"><temp name="T16"/><temp name="T433"/><temp name="T432"/></temps></instruction><instruction code="NEG  $1,$1"><temps name="use"><temp name="T433"/></temps><temps name="def"><temp name="T433"/></temps><temps name="in"><temp name="T16"/><temp name="T433"/><temp name="T432"/></temps><temps name="out"><temp name="T16"/><temp name="T433"/><temp name="T432"/></temps></instruction><instruction code="ADD $0,$0,$1"><temps name="use"><temp name="T432"/><temp name="T433"/></temps><temps name="def"><temp name="T434"/></temps><temps name="in"><temp name="T16"/><temp name="T433"/><temp name="T432"/></temps><temps name="out"><temp name="T16"/><temp name="T434"/></temps></instruction><instruction code="SET $2,$253"><temps name="use"><temp name="T16"/></temps><temps name="def"><temp name="T435"/></temps><temps name="in"><temp name="T16"/><temp name="T434"/></temps><temps name="out"><temp name="T16"/><temp name="T435"/><temp name="T434"/></temps></instruction><instruction code="SETL $1,0"><temps name="use"/><temps name="def"><temp name="T436"/></temps><temps name="in"><temp name="T16"/><temp name="T435"/><temp name="T434"/></temps><temps name="out"><temp name="T436"/><temp name="T16"/><temp name="T435"/><temp name="T434"/></temps></instruction><instruction code="STO $1,$254,8"><temps name="use"><temp name="T436"/></temps><temps name="def"/><temps name="in"><temp name="T436"/><temp name="T16"/><temp name="T435"/><temp name="T434"/></temps><temps name="out"><temp name="T16"/><temp name="T435"/><temp name="T434"/></temps></instruction><instruction code="STO $2,$254,0"><temps name="use"><temp name="T435"/></temps><temps name="def"/><temps name="in"><temp name="T16"/><temp name="T435"/><temp name="T434"/></temps><temps name="out"><temp name="T16"/><temp name="T434"/></temps></instruction><instruction code="PUSHJ $100,L3"><temps name="use"/><temps name="def"/><temps name="in"><temp name="T16"/><temp name="T434"/></temps><temps name="out"><temp name="T16"/><temp name="T434"/></temps></instruction><instruction code="LDO $1,$254,0"><temps name="use"/><temps name="def"><temp name="T437"/></temps><temps name="in"><temp name="T16"/><temp name="T434"/></temps><temps name="out"><temp name="T16"/><temp name="T437"/><temp name="T434"/></temps></instruction><instruction code="SET $1,$1"><temps name="use"><temp name="T437"/></temps><temps name="def"><temp name="T438"/></temps><temps name="in"><temp name="T16"/><temp name="T437"/><temp name="T434"/></temps><temps name="out"><temp name="T16"/><temp name="T438"/><temp name="T434"/></temps></instruction><instruction code="STO $1,$0,0"><temps name="use"><temp name="T438"/><temp name="T434"/></temps><temps name="def"/><temps name="in"><temp name="T16"/><temp name="T438"/><temp name="T434"/></temps><temps name="out"><temp name="T16"/></temps></instruction><instruction code="LDA $0,L1"><temps name="use"/><temps name="def"><temp name="T1219"/></temps><temps name="in"><temp name="T16"/></temps><temps name="out"><temp name="T16"/><temp name="T1219"/></temps></instruction><instruction code="STO $0,$254,8"><temps name="use"><temp name="T1219"/></temps><temps name="def"/><temps name="in"><temp name="T16"/><temp name="T1219"/></temps><temps name="out"><temp name="T16"/></temps></instruction><instruction code="LDO $0,$253,0"><temps name="use"><temp name="T16"/></temps><temps name="def"><temp name="T1219"/></temps><temps name="in"><temp name="T16"/></temps><temps name="out"><temp name="T16"/><temp name="T1219"/></temps></instruction><instruction code="STO $0,$254,0"><temps name="use"><temp name="T1219"/></temps><temps name="def"/><temps name="in"><temp name="T16"/><temp name="T1219"/></temps><temps name="out"><temp name="T16"/></temps></instruction><instruction code="PUSHJ $100,_putString"><temps name="use"/><temps name="def"/><temps name="in"><temp name="T16"/></temps><temps name="out"><temp name="T16"/></temps></instruction><instruction code="LDO $0,$254,0"><temps name="use"/><temps name="def"><temp name="T1219"/></temps><temps name="in"><temp name="T16"/></temps><temps name="out"><temp name="T16"/></temps></instruction><instruction code="SET $1,$253"><temps name="use"><temp name="T16"/></temps><temps name="def"><temp name="T439"/></temps><temps name="in"><temp name="T16"/></temps><temps name="out"><temp name="T16"/><temp name="T439"/></temps></instruction><instruction code="SETL $0,8"><temps name="use"/><temps name="def"><temp name="T440"/></temps><temps name="in"><temp name="T16"/><temp name="T439"/></temps><temps name="out"><temp name="T16"/><temp name="T440"/><temp name="T439"/></temps></instruction><instruction code="NEG  $0,$0"><temps name="use"><temp name="T440"/></temps><temps name="def"><temp name="T440"/></temps><temps name="in"><temp name="T16"/><temp name="T440"/><temp name="T439"/></temps><temps name="out"><temp name="T16"/><temp name="T440"/><temp name="T439"/></temps></instruction><instruction code="ADD $0,$1,$0"><temps name="use"><temp name="T439"/><temp name="T440"/></temps><temps name="def"><temp name="T1223"/></temps><temps name="in"><temp name="T16"/><temp name="T440"/><temp name="T439"/></temps><temps name="out"><temp name="T16"/><temp name="T1223"/></temps></instruction><instruction code="LDO $0,$0,0"><temps name="use"><temp name="T1223"/></temps><temps name="def"><temp name="T1223"/></temps><temps name="in"><temp name="T16"/><temp name="T1223"/></temps><temps name="out"><temp name="T16"/><temp name="T1223"/></temps></instruction><instruction code="STO $0,$254,8"><temps name="use"><temp name="T1223"/></temps><temps name="def"/><temps name="in"><temp name="T16"/><temp name="T1223"/></temps><temps name="out"><temp name="T16"/></temps></instruction><instruction code="LDO $0,$253,0"><temps name="use"><temp name="T16"/></temps><temps name="def"><temp name="T1223"/></temps><temps name="in"><temp name="T16"/></temps><temps name="out"><temp name="T16"/><temp name="T1223"/></temps></instruction><instruction code="STO $0,$254,0"><temps name="use"><temp name="T1223"/></temps><temps name="def"/><temps name="in"><temp name="T16"/><temp name="T1223"/></temps><temps name="out"><temp name="T16"/></temps></instruction><instruction code="PUSHJ $100,_putInteger"><temps name="use"/><temps name="def"/><temps name="in"><temp name="T16"/></temps><temps name="out"><temp name="T16"/></temps></instruction><instruction code="LDO $0,$254,0"><temps name="use"/><temps name="def"><temp name="T1223"/></temps><temps name="in"><temp name="T16"/></temps><temps name="out"><temp name="T16"/></temps></instruction><instruction code="SETL $0,10"><temps name="use"/><temps name="def"><temp name="T441"/></temps><temps name="in"><temp name="T16"/></temps><temps name="out"><temp name="T16"/><temp name="T441"/></temps></instruction><instruction code="SETL $1,256"><temps name="use"/><temps name="def"><temp name="T442"/></temps><temps name="in"><temp name="T16"/><temp name="T441"/></temps><temps name="out"><temp name="T442"/><temp name="T16"/><temp name="T441"/></temps></instruction><instruction code="DIV $0,$0,$1"><temps name="use"><temp name="T441"/><temp name="T442"/></temps><temps name="def"><temp name="T1226"/></temps><temps name="in"><temp name="T442"/><temp name="T16"/><temp name="T441"/></temps><temps name="out"><temp name="T16"/></temps></instruction><instruction code="GET $0,rR"><temps name="use"/><temps name="def"><temp name="T1226"/></temps><temps name="in"><temp name="T16"/></temps><temps name="out"><temp name="T16"/><temp name="T1226"/></temps></instruction><instruction code="STO $0,$254,8"><temps name="use"><temp name="T1226"/></temps><temps name="def"/><temps name="in"><temp name="T16"/><temp name="T1226"/></temps><temps name="out"><temp name="T16"/></temps></instruction><instruction code="LDO $0,$253,0"><temps name="use"><temp name="T16"/></temps><temps name="def"><temp name="T1226"/></temps><temps name="in"><temp name="T16"/></temps><temps name="out"><temp name="T16"/><temp name="T1226"/></temps></instruction><instruction code="STO $0,$254,0"><temps name="use"><temp name="T1226"/></temps><temps name="def"/><temps name="in"><temp name="T16"/><temp name="T1226"/></temps><temps name="out"><temp name="T16"/></temps></instruction><instruction code="PUSHJ $100,_putChar"><temps name="use"/><temps name="def"/><temps name="in"><temp name="T16"/></temps><temps name="out"><temp name="T16"/></temps></instruction><instruction code="LDO $0,$254,0"><temps name="use"/><temps name="def"><temp name="T1226"/></temps><temps name="in"><temp name="T16"/></temps><temps name="out"><temp name="T16"/></temps></instruction><instruction code="SETL $0,10"><temps name="use"/><temps name="def"><temp name="T443"/></temps><temps name="in"><temp name="T16"/></temps><temps name="out"><temp name="T16"/><temp name="T443"/></temps></instruction><instruction code="SETL $1,256"><temps name="use"/><temps name="def"><temp name="T444"/></temps><temps name="in"><temp name="T16"/><temp name="T443"/></temps><temps name="out"><temp name="T16"/><temp name="T444"/><temp name="T443"/></temps></instruction><instruction code="DIV $0,$0,$1"><temps name="use"><temp name="T443"/><temp name="T444"/></temps><temps name="def"><temp name="T1229"/></temps><temps name="in"><temp name="T16"/><temp name="T444"/><temp name="T443"/></temps><temps name="out"><temp name="T16"/></temps></instruction><instruction code="GET $0,rR"><temps name="use"/><temps name="def"><temp name="T1229"/></temps><temps name="in"><temp name="T16"/></temps><temps name="out"><temp name="T16"/><temp name="T1229"/></temps></instruction><instruction code="STO $0,$254,8"><temps name="use"><temp name="T1229"/></temps><temps name="def"/><temps name="in"><temp name="T16"/><temp name="T1229"/></temps><temps name="out"><temp name="T16"/></temps></instruction><instruction code="LDO $0,$253,0"><temps name="use"><temp name="T16"/></temps><temps name="def"><temp name="T1229"/></temps><temps name="in"><temp name="T16"/></temps><temps name="out"><temp name="T1229"/></temps></instruction><instruction code="STO $0,$254,0"><temps name="use"><temp name="T1229"/></temps><temps name="def"/><temps name="in"><temp name="T1229"/></temps><temps name="out"/></instruction><instruction code="PUSHJ $100,_putChar"><temps name="use"/><temps name="def"/><temps name="in"/><temps name="out"/></instruction><instruction code="LDO $0,$254,0"><temps name="use"/><temps name="def"><temp name="T1229"/></temps><temps name="in"/><temps name="out"/></instruction><instruction code="SETL $0,0"><temps name="use"/><temps name="def"><temp name="T445"/></temps><temps name="in"/><temps name="out"><temp name="T445"/></temps></instruction><instruction code="SET $0,$0"><temps name="use"><temp name="T445"/></temps><temps name="def"><temp name="T17"/></temps><temps name="in"><temp name="T445"/></temps><temps name="out"><temp name="T17"/></temps></instruction><instruction code="JMP L85"><temps name="use"/><temps name="def"/><temps name="in"><temp name="T17"/></temps><temps name="out"><temp name="T17"/></temps></instruction></instructions></code></regall>