<?xml version="1.0" encoding="UTF-8" standalone="no"?><?xml-stylesheet type="text/xsl" href="../lib/xsl/livean.xsl"?><livean><code entrylabel="L52" exitlabel="L53" tempsize="0"><frame FP="T0" RV="T1" argssize="0" depth="0" label="_exit" locssize="0" size="16"/><instructions><instruction code="L52"><temps name="use"/><temps name="def"/><temps name="in"/><temps name="out"/></instruction><instruction code="SETL T18,0"><temps name="use"/><temps name="def"><temp name="T18"/></temps><temps name="in"/><temps name="out"><temp name="T18"/></temps></instruction><instruction code="SET T1,T18"><temps name="use"><temp name="T18"/></temps><temps name="def"><temp name="T1"/></temps><temps name="in"><temp name="T18"/></temps><temps name="out"><temp name="T1"/></temps></instruction><instruction code="JMP L53"><temps name="use"/><temps name="def"/><temps name="in"><temp name="T1"/></temps><temps name="out"><temp name="T1"/></temps></instruction></instructions></code><code entrylabel="L54" exitlabel="L55" tempsize="0"><frame FP="T2" RV="T3" argssize="0" depth="0" label="_putChar" locssize="0" size="16"/><instructions><instruction code="L54"><temps name="use"/><temps name="def"/><temps name="in"/><temps name="out"/></instruction><instruction code="SETL T19,0"><temps name="use"/><temps name="def"><temp name="T19"/></temps><temps name="in"/><temps name="out"><temp name="T19"/></temps></instruction><instruction code="SET T3,T19"><temps name="use"><temp name="T19"/></temps><temps name="def"><temp name="T3"/></temps><temps name="in"><temp name="T19"/></temps><temps name="out"><temp name="T3"/></temps></instruction><instruction code="JMP L55"><temps name="use"/><temps name="def"/><temps name="in"><temp name="T3"/></temps><temps name="out"><temp name="T3"/></temps></instruction></instructions></code><code entrylabel="L56" exitlabel="L57" tempsize="0"><frame FP="T4" RV="T5" argssize="0" depth="0" label="_getChar" locssize="0" size="16"/><instructions><instruction code="L56"><temps name="use"/><temps name="def"/><temps name="in"/><temps name="out"/></instruction><instruction code="SETL T20,0"><temps name="use"/><temps name="def"><temp name="T20"/></temps><temps name="in"/><temps name="out"><temp name="T20"/></temps></instruction><instruction code="SETL T21,256"><temps name="use"/><temps name="def"><temp name="T21"/></temps><temps name="in"><temp name="T20"/></temps><temps name="out"><temp name="T21"/><temp name="T20"/></temps></instruction><instruction code="DIV T22,T20,T21"><temps name="use"><temp name="T20"/><temp name="T21"/></temps><temps name="def"><temp name="T22"/></temps><temps name="in"><temp name="T21"/><temp name="T20"/></temps><temps name="out"/></instruction><instruction code="GET T22,rR"><temps name="use"/><temps name="def"><temp name="T22"/></temps><temps name="in"/><temps name="out"><temp name="T22"/></temps></instruction><instruction code="SET T5,T22"><temps name="use"><temp name="T22"/></temps><temps name="def"><temp name="T5"/></temps><temps name="in"><temp name="T22"/></temps><temps name="out"><temp name="T5"/></temps></instruction><instruction code="JMP L57"><temps name="use"/><temps name="def"/><temps name="in"><temp name="T5"/></temps><temps name="out"><temp name="T5"/></temps></instruction></instructions></code><code entrylabel="L58" exitlabel="L59" tempsize="0"><frame FP="T6" RV="T7" argssize="16" depth="1" label="L0" locssize="0" size="32"/><instructions><instruction code="L58"><temps name="use"/><temps name="def"/><temps name="in"><temp name="T6"/></temps><temps name="out"><temp name="T6"/></temps></instruction><instruction code="SET T23,T6"><temps name="use"><temp name="T6"/></temps><temps name="def"><temp name="T23"/></temps><temps name="in"><temp name="T6"/></temps><temps name="out"><temp name="T6"/><temp name="T23"/></temps></instruction><instruction code="SETL T24,8"><temps name="use"/><temps name="def"><temp name="T24"/></temps><temps name="in"><temp name="T6"/><temp name="T23"/></temps><temps name="out"><temp name="T6"/><temp name="T23"/><temp name="T24"/></temps></instruction><instruction code="ADD T25,T23,T24"><temps name="use"><temp name="T23"/><temp name="T24"/></temps><temps name="def"><temp name="T25"/></temps><temps name="in"><temp name="T6"/><temp name="T23"/><temp name="T24"/></temps><temps name="out"><temp name="T25"/><temp name="T6"/></temps></instruction><instruction code="LDO T25,T25,0"><temps name="use"><temp name="T25"/></temps><temps name="def"><temp name="T25"/></temps><temps name="in"><temp name="T25"/><temp name="T6"/></temps><temps name="out"><temp name="T25"/><temp name="T6"/></temps></instruction><instruction code="SETL T26,0"><temps name="use"/><temps name="def"><temp name="T26"/></temps><temps name="in"><temp name="T25"/><temp name="T6"/></temps><temps name="out"><temp name="T25"/><temp name="T26"/><temp name="T6"/></temps></instruction><instruction code="CMP T463,T25,T26"><temps name="use"><temp name="T25"/><temp name="T26"/></temps><temps name="def"><temp name="T463"/></temps><temps name="in"><temp name="T25"/><temp name="T26"/><temp name="T6"/></temps><temps name="out"><temp name="T6"/><temp name="T463"/></temps></instruction><instruction code="ZSZ T462,T463,1"><temps name="use"><temp name="T463"/></temps><temps name="def"><temp name="T462"/></temps><temps name="in"><temp name="T6"/><temp name="T463"/></temps><temps name="out"><temp name="T462"/><temp name="T6"/></temps></instruction><instruction code="BNZ T462,L10"><temps name="use"><temp name="T462"/></temps><temps name="def"/><temps name="in"><temp name="T462"/><temp name="T6"/></temps><temps name="out"><temp name="T6"/></temps></instruction><instruction code="L60"><temps name="use"/><temps name="def"/><temps name="in"><temp name="T6"/></temps><temps name="out"><temp name="T6"/></temps></instruction><instruction code="SET T27,T6"><temps name="use"><temp name="T6"/></temps><temps name="def"><temp name="T27"/></temps><temps name="in"><temp name="T6"/></temps><temps name="out"><temp name="T27"/><temp name="T6"/></temps></instruction><instruction code="SETL T28,8"><temps name="use"/><temps name="def"><temp name="T28"/></temps><temps name="in"><temp name="T27"/><temp name="T6"/></temps><temps name="out"><temp name="T27"/><temp name="T28"/><temp name="T6"/></temps></instruction><instruction code="ADD T29,T27,T28"><temps name="use"><temp name="T27"/><temp name="T28"/></temps><temps name="def"><temp name="T29"/></temps><temps name="in"><temp name="T27"/><temp name="T28"/><temp name="T6"/></temps><temps name="out"><temp name="T29"/><temp name="T6"/></temps></instruction><instruction code="LDO T29,T29,0"><temps name="use"><temp name="T29"/></temps><temps name="def"><temp name="T29"/></temps><temps name="in"><temp name="T29"/><temp name="T6"/></temps><temps name="out"><temp name="T29"/><temp name="T6"/></temps></instruction><instruction code="SETL T30,10"><temps name="use"/><temps name="def"><temp name="T30"/></temps><temps name="in"><temp name="T29"/><temp name="T6"/></temps><temps name="out"><temp name="T29"/><temp name="T6"/><temp name="T30"/></temps></instruction><instruction code="DIV T469,T29,T30"><temps name="use"><temp name="T29"/><temp name="T30"/></temps><temps name="def"><temp name="T469"/></temps><temps name="in"><temp name="T29"/><temp name="T6"/><temp name="T30"/></temps><temps name="out"><temp name="T6"/><temp name="T469"/></temps></instruction><instruction code="STO T469,$254,8"><temps name="use"><temp name="T469"/></temps><temps name="def"/><temps name="in"><temp name="T6"/><temp name="T469"/></temps><temps name="out"><temp name="T6"/></temps></instruction><instruction code="LDO T469,T6,0"><temps name="use"><temp name="T6"/></temps><temps name="def"><temp name="T469"/></temps><temps name="in"><temp name="T6"/></temps><temps name="out"><temp name="T6"/><temp name="T469"/></temps></instruction><instruction code="STO T469,$254,0"><temps name="use"><temp name="T469"/></temps><temps name="def"/><temps name="in"><temp name="T6"/><temp name="T469"/></temps><temps name="out"><temp name="T6"/></temps></instruction><instruction code="PUSHJ $100,L0"><temps name="use"/><temps name="def"/><temps name="in"><temp name="T6"/></temps><temps name="out"><temp name="T6"/></temps></instruction><instruction code="LDO T469,$254,0"><temps name="use"/><temps name="def"><temp name="T469"/></temps><temps name="in"><temp name="T6"/></temps><temps name="out"><temp name="T6"/></temps></instruction><instruction code="LDO T31,T6,0"><temps name="use"><temp name="T6"/></temps><temps name="def"><temp name="T31"/></temps><temps name="in"><temp name="T6"/></temps><temps name="out"><temp name="T6"/><temp name="T31"/></temps></instruction><instruction code="LDO T31,T31,0"><temps name="use"><temp name="T31"/></temps><temps name="def"><temp name="T31"/></temps><temps name="in"><temp name="T6"/><temp name="T31"/></temps><temps name="out"><temp name="T6"/><temp name="T31"/></temps></instruction><instruction code="SET T32,T6"><temps name="use"><temp name="T6"/></temps><temps name="def"><temp name="T32"/></temps><temps name="in"><temp name="T6"/><temp name="T31"/></temps><temps name="out"><temp name="T6"/><temp name="T31"/><temp name="T32"/></temps></instruction><instruction code="SETL T33,8"><temps name="use"/><temps name="def"><temp name="T33"/></temps><temps name="in"><temp name="T6"/><temp name="T31"/><temp name="T32"/></temps><temps name="out"><temp name="T6"/><temp name="T33"/><temp name="T31"/><temp name="T32"/></temps></instruction><instruction code="ADD T34,T32,T33"><temps name="use"><temp name="T32"/><temp name="T33"/></temps><temps name="def"><temp name="T34"/></temps><temps name="in"><temp name="T6"/><temp name="T33"/><temp name="T31"/><temp name="T32"/></temps><temps name="out"><temp name="T34"/><temp name="T6"/><temp name="T31"/></temps></instruction><instruction code="LDO T34,T34,0"><temps name="use"><temp name="T34"/></temps><temps name="def"><temp name="T34"/></temps><temps name="in"><temp name="T34"/><temp name="T6"/><temp name="T31"/></temps><temps name="out"><temp name="T34"/><temp name="T6"/><temp name="T31"/></temps></instruction><instruction code="SETL T35,10"><temps name="use"/><temps name="def"><temp name="T35"/></temps><temps name="in"><temp name="T34"/><temp name="T6"/><temp name="T31"/></temps><temps name="out"><temp name="T34"/><temp name="T6"/><temp name="T31"/><temp name="T35"/></temps></instruction><instruction code="DIV T36,T34,T35"><temps name="use"><temp name="T34"/><temp name="T35"/></temps><temps name="def"><temp name="T36"/></temps><temps name="in"><temp name="T34"/><temp name="T6"/><temp name="T31"/><temp name="T35"/></temps><temps name="out"><temp name="T6"/><temp name="T31"/></temps></instruction><instruction code="GET T36,rR"><temps name="use"/><temps name="def"><temp name="T36"/></temps><temps name="in"><temp name="T6"/><temp name="T31"/></temps><temps name="out"><temp name="T36"/><temp name="T6"/><temp name="T31"/></temps></instruction><instruction code="SETL T37,48"><temps name="use"/><temps name="def"><temp name="T37"/></temps><temps name="in"><temp name="T36"/><temp name="T6"/><temp name="T31"/></temps><temps name="out"><temp name="T36"/><temp name="T6"/><temp name="T31"/><temp name="T37"/></temps></instruction><instruction code="ADD T38,T36,T37"><temps name="use"><temp name="T36"/><temp name="T37"/></temps><temps name="def"><temp name="T38"/></temps><temps name="in"><temp name="T36"/><temp name="T6"/><temp name="T31"/><temp name="T37"/></temps><temps name="out"><temp name="T38"/><temp name="T6"/><temp name="T31"/></temps></instruction><instruction code="SETL T39,256"><temps name="use"/><temps name="def"><temp name="T39"/></temps><temps name="in"><temp name="T38"/><temp name="T6"/><temp name="T31"/></temps><temps name="out"><temp name="T38"/><temp name="T6"/><temp name="T31"/><temp name="T39"/></temps></instruction><instruction code="DIV T40,T38,T39"><temps name="use"><temp name="T38"/><temp name="T39"/></temps><temps name="def"><temp name="T40"/></temps><temps name="in"><temp name="T38"/><temp name="T6"/><temp name="T31"/><temp name="T39"/></temps><temps name="out"><temp name="T6"/><temp name="T31"/></temps></instruction><instruction code="GET T40,rR"><temps name="use"/><temps name="def"><temp name="T40"/></temps><temps name="in"><temp name="T6"/><temp name="T31"/></temps><temps name="out"><temp name="T40"/><temp name="T6"/><temp name="T31"/></temps></instruction><instruction code="STO T40,$254,8"><temps name="use"><temp name="T40"/></temps><temps name="def"/><temps name="in"><temp name="T40"/><temp name="T6"/><temp name="T31"/></temps><temps name="out"><temp name="T6"/><temp name="T31"/></temps></instruction><instruction code="STO T31,$254,0"><temps name="use"><temp name="T31"/></temps><temps name="def"/><temps name="in"><temp name="T6"/><temp name="T31"/></temps><temps name="out"><temp name="T6"/></temps></instruction><instruction code="PUSHJ $100,_putChar"><temps name="use"/><temps name="def"/><temps name="in"><temp name="T6"/></temps><temps name="out"><temp name="T6"/></temps></instruction><instruction code="LDO T41,$254,0"><temps name="use"/><temps name="def"><temp name="T41"/></temps><temps name="in"><temp name="T6"/></temps><temps name="out"><temp name="T6"/></temps></instruction><instruction code="JMP L12"><temps name="use"/><temps name="def"/><temps name="in"><temp name="T6"/></temps><temps name="out"><temp name="T6"/></temps></instruction><instruction code="L10"><temps name="use"/><temps name="def"/><temps name="in"><temp name="T6"/></temps><temps name="out"><temp name="T6"/></temps></instruction><instruction code="SETL T483,0"><temps name="use"/><temps name="def"><temp name="T483"/></temps><temps name="in"><temp name="T6"/></temps><temps name="out"><temp name="T6"/></temps></instruction><instruction code="JMP L12"><temps name="use"/><temps name="def"/><temps name="in"><temp name="T6"/></temps><temps name="out"><temp name="T6"/></temps></instruction><instruction code="L11"><temps name="use"/><temps name="def"/><temps name="in"><temp name="T6"/></temps><temps name="out"><temp name="T6"/></temps></instruction><instruction code="SET T27,T6"><temps name="use"><temp name="T6"/></temps><temps name="def"><temp name="T27"/></temps><temps name="in"><temp name="T6"/></temps><temps name="out"><temp name="T27"/><temp name="T6"/></temps></instruction><instruction code="SETL T28,8"><temps name="use"/><temps name="def"><temp name="T28"/></temps><temps name="in"><temp name="T27"/><temp name="T6"/></temps><temps name="out"><temp name="T27"/><temp name="T28"/><temp name="T6"/></temps></instruction><instruction code="ADD T29,T27,T28"><temps name="use"><temp name="T27"/><temp name="T28"/></temps><temps name="def"><temp name="T29"/></temps><temps name="in"><temp name="T27"/><temp name="T28"/><temp name="T6"/></temps><temps name="out"><temp name="T29"/><temp name="T6"/></temps></instruction><instruction code="LDO T29,T29,0"><temps name="use"><temp name="T29"/></temps><temps name="def"><temp name="T29"/></temps><temps name="in"><temp name="T29"/><temp name="T6"/></temps><temps name="out"><temp name="T29"/><temp name="T6"/></temps></instruction><instruction code="SETL T30,10"><temps name="use"/><temps name="def"><temp name="T30"/></temps><temps name="in"><temp name="T29"/><temp name="T6"/></temps><temps name="out"><temp name="T29"/><temp name="T6"/><temp name="T30"/></temps></instruction><instruction code="DIV T489,T29,T30"><temps name="use"><temp name="T29"/><temp name="T30"/></temps><temps name="def"><temp name="T489"/></temps><temps name="in"><temp name="T29"/><temp name="T6"/><temp name="T30"/></temps><temps name="out"><temp name="T6"/><temp name="T489"/></temps></instruction><instruction code="STO T489,$254,8"><temps name="use"><temp name="T489"/></temps><temps name="def"/><temps name="in"><temp name="T6"/><temp name="T489"/></temps><temps name="out"><temp name="T6"/></temps></instruction><instruction code="LDO T489,T6,0"><temps name="use"><temp name="T6"/></temps><temps name="def"><temp name="T489"/></temps><temps name="in"><temp name="T6"/></temps><temps name="out"><temp name="T6"/><temp name="T489"/></temps></instruction><instruction code="STO T489,$254,0"><temps name="use"><temp name="T489"/></temps><temps name="def"/><temps name="in"><temp name="T6"/><temp name="T489"/></temps><temps name="out"><temp name="T6"/></temps></instruction><instruction code="PUSHJ $100,L0"><temps name="use"/><temps name="def"/><temps name="in"><temp name="T6"/></temps><temps name="out"><temp name="T6"/></temps></instruction><instruction code="LDO T489,$254,0"><temps name="use"/><temps name="def"><temp name="T489"/></temps><temps name="in"><temp name="T6"/></temps><temps name="out"><temp name="T6"/></temps></instruction><instruction code="LDO T31,T6,0"><temps name="use"><temp name="T6"/></temps><temps name="def"><temp name="T31"/></temps><temps name="in"><temp name="T6"/></temps><temps name="out"><temp name="T6"/><temp name="T31"/></temps></instruction><instruction code="LDO T31,T31,0"><temps name="use"><temp name="T31"/></temps><temps name="def"><temp name="T31"/></temps><temps name="in"><temp name="T6"/><temp name="T31"/></temps><temps name="out"><temp name="T6"/><temp name="T31"/></temps></instruction><instruction code="SET T32,T6"><temps name="use"><temp name="T6"/></temps><temps name="def"><temp name="T32"/></temps><temps name="in"><temp name="T6"/><temp name="T31"/></temps><temps name="out"><temp name="T31"/><temp name="T32"/></temps></instruction><instruction code="SETL T33,8"><temps name="use"/><temps name="def"><temp name="T33"/></temps><temps name="in"><temp name="T31"/><temp name="T32"/></temps><temps name="out"><temp name="T33"/><temp name="T31"/><temp name="T32"/></temps></instruction><instruction code="ADD T34,T32,T33"><temps name="use"><temp name="T32"/><temp name="T33"/></temps><temps name="def"><temp name="T34"/></temps><temps name="in"><temp name="T33"/><temp name="T31"/><temp name="T32"/></temps><temps name="out"><temp name="T34"/><temp name="T31"/></temps></instruction><instruction code="LDO T34,T34,0"><temps name="use"><temp name="T34"/></temps><temps name="def"><temp name="T34"/></temps><temps name="in"><temp name="T34"/><temp name="T31"/></temps><temps name="out"><temp name="T34"/><temp name="T31"/></temps></instruction><instruction code="SETL T35,10"><temps name="use"/><temps name="def"><temp name="T35"/></temps><temps name="in"><temp name="T34"/><temp name="T31"/></temps><temps name="out"><temp name="T34"/><temp name="T31"/><temp name="T35"/></temps></instruction><instruction code="DIV T36,T34,T35"><temps name="use"><temp name="T34"/><temp name="T35"/></temps><temps name="def"><temp name="T36"/></temps><temps name="in"><temp name="T34"/><temp name="T31"/><temp name="T35"/></temps><temps name="out"><temp name="T31"/></temps></instruction><instruction code="GET T36,rR"><temps name="use"/><temps name="def"><temp name="T36"/></temps><temps name="in"><temp name="T31"/></temps><temps name="out"><temp name="T36"/><temp name="T31"/></temps></instruction><instruction code="SETL T37,48"><temps name="use"/><temps name="def"><temp name="T37"/></temps><temps name="in"><temp name="T36"/><temp name="T31"/></temps><temps name="out"><temp name="T36"/><temp name="T31"/><temp name="T37"/></temps></instruction><instruction code="ADD T38,T36,T37"><temps name="use"><temp name="T36"/><temp name="T37"/></temps><temps name="def"><temp name="T38"/></temps><temps name="in"><temp name="T36"/><temp name="T31"/><temp name="T37"/></temps><temps name="out"><temp name="T38"/><temp name="T31"/></temps></instruction><instruction code="SETL T39,256"><temps name="use"/><temps name="def"><temp name="T39"/></temps><temps name="in"><temp name="T38"/><temp name="T31"/></temps><temps name="out"><temp name="T38"/><temp name="T31"/><temp name="T39"/></temps></instruction><instruction code="DIV T40,T38,T39"><temps name="use"><temp name="T38"/><temp name="T39"/></temps><temps name="def"><temp name="T40"/></temps><temps name="in"><temp name="T38"/><temp name="T31"/><temp name="T39"/></temps><temps name="out"><temp name="T31"/></temps></instruction><instruction code="GET T40,rR"><temps name="use"/><temps name="def"><temp name="T40"/></temps><temps name="in"><temp name="T31"/></temps><temps name="out"><temp name="T40"/><temp name="T31"/></temps></instruction><instruction code="STO T40,$254,8"><temps name="use"><temp name="T40"/></temps><temps name="def"/><temps name="in"><temp name="T40"/><temp name="T31"/></temps><temps name="out"><temp name="T31"/></temps></instruction><instruction code="STO T31,$254,0"><temps name="use"><temp name="T31"/></temps><temps name="def"/><temps name="in"><temp name="T31"/></temps><temps name="out"/></instruction><instruction code="PUSHJ $100,_putChar"><temps name="use"/><temps name="def"/><temps name="in"/><temps name="out"/></instruction><instruction code="LDO T41,$254,0"><temps name="use"/><temps name="def"><temp name="T41"/></temps><temps name="in"/><temps name="out"/></instruction><instruction code="JMP L12"><temps name="use"/><temps name="def"/><temps name="in"/><temps name="out"/></instruction><instruction code="L12"><temps name="use"/><temps name="def"/><temps name="in"/><temps name="out"/></instruction><instruction code="SETL T42,0"><temps name="use"/><temps name="def"><temp name="T42"/></temps><temps name="in"/><temps name="out"><temp name="T42"/></temps></instruction><instruction code="SET T7,T42"><temps name="use"><temp name="T42"/></temps><temps name="def"><temp name="T7"/></temps><temps name="in"><temp name="T42"/></temps><temps name="out"><temp name="T7"/></temps></instruction><instruction code="JMP L59"><temps name="use"/><temps name="def"/><temps name="in"><temp name="T7"/></temps><temps name="out"><temp name="T7"/></temps></instruction></instructions></code><code entrylabel="L61" exitlabel="L62" tempsize="0"><frame FP="T8" RV="T9" argssize="16" depth="0" label="_putInteger" locssize="0" size="32"/><instructions><instruction code="L61"><temps name="use"/><temps name="def"/><temps name="in"><temp name="T8"/></temps><temps name="out"><temp name="T8"/></temps></instruction><instruction code="SET T43,T8"><temps name="use"><temp name="T8"/></temps><temps name="def"><temp name="T43"/></temps><temps name="in"><temp name="T8"/></temps><temps name="out"><temp name="T43"/><temp name="T8"/></temps></instruction><instruction code="SETL T44,8"><temps name="use"/><temps name="def"><temp name="T44"/></temps><temps name="in"><temp name="T43"/><temp name="T8"/></temps><temps name="out"><temp name="T43"/><temp name="T44"/><temp name="T8"/></temps></instruction><instruction code="ADD T45,T43,T44"><temps name="use"><temp name="T43"/><temp name="T44"/></temps><temps name="def"><temp name="T45"/></temps><temps name="in"><temp name="T43"/><temp name="T44"/><temp name="T8"/></temps><temps name="out"><temp name="T8"/><temp name="T45"/></temps></instruction><instruction code="LDO T45,T45,0"><temps name="use"><temp name="T45"/></temps><temps name="def"><temp name="T45"/></temps><temps name="in"><temp name="T8"/><temp name="T45"/></temps><temps name="out"><temp name="T8"/><temp name="T45"/></temps></instruction><instruction code="SETL T46,0"><temps name="use"/><temps name="def"><temp name="T46"/></temps><temps name="in"><temp name="T8"/><temp name="T45"/></temps><temps name="out"><temp name="T46"/><temp name="T8"/><temp name="T45"/></temps></instruction><instruction code="CMP T512,T45,T46"><temps name="use"><temp name="T45"/><temp name="T46"/></temps><temps name="def"><temp name="T512"/></temps><temps name="in"><temp name="T46"/><temp name="T8"/><temp name="T45"/></temps><temps name="out"><temp name="T8"/><temp name="T512"/></temps></instruction><instruction code="ZSN T511,T512,1"><temps name="use"><temp name="T512"/></temps><temps name="def"><temp name="T511"/></temps><temps name="in"><temp name="T8"/><temp name="T512"/></temps><temps name="out"><temp name="T8"/><temp name="T511"/></temps></instruction><instruction code="BNZ T511,L4"><temps name="use"><temp name="T511"/></temps><temps name="def"/><temps name="in"><temp name="T8"/><temp name="T511"/></temps><temps name="out"><temp name="T8"/></temps></instruction><instruction code="L63"><temps name="use"/><temps name="def"/><temps name="in"><temp name="T8"/></temps><temps name="out"><temp name="T8"/></temps></instruction><instruction code="SETL T513,0"><temps name="use"/><temps name="def"><temp name="T513"/></temps><temps name="in"><temp name="T8"/></temps><temps name="out"><temp name="T8"/></temps></instruction><instruction code="JMP L6"><temps name="use"/><temps name="def"/><temps name="in"><temp name="T8"/></temps><temps name="out"><temp name="T8"/></temps></instruction><instruction code="L4"><temps name="use"/><temps name="def"/><temps name="in"><temp name="T8"/></temps><temps name="out"><temp name="T8"/></temps></instruction><instruction code="SETL T514,45"><temps name="use"/><temps name="def"><temp name="T514"/></temps><temps name="in"><temp name="T8"/></temps><temps name="out"><temp name="T8"/><temp name="T514"/></temps></instruction><instruction code="STO T514,$254,8"><temps name="use"><temp name="T514"/></temps><temps name="def"/><temps name="in"><temp name="T8"/><temp name="T514"/></temps><temps name="out"><temp name="T8"/></temps></instruction><instruction code="LDO T514,T8,0"><temps name="use"><temp name="T8"/></temps><temps name="def"><temp name="T514"/></temps><temps name="in"><temp name="T8"/></temps><temps name="out"><temp name="T8"/><temp name="T514"/></temps></instruction><instruction code="STO T514,$254,0"><temps name="use"><temp name="T514"/></temps><temps name="def"/><temps name="in"><temp name="T8"/><temp name="T514"/></temps><temps name="out"><temp name="T8"/></temps></instruction><instruction code="PUSHJ $100,_putChar"><temps name="use"/><temps name="def"/><temps name="in"><temp name="T8"/></temps><temps name="out"><temp name="T8"/></temps></instruction><instruction code="LDO T514,$254,0"><temps name="use"/><temps name="def"><temp name="T514"/></temps><temps name="in"><temp name="T8"/></temps><temps name="out"><temp name="T8"/></temps></instruction><instruction code="SET T47,T8"><temps name="use"><temp name="T8"/></temps><temps name="def"><temp name="T47"/></temps><temps name="in"><temp name="T8"/></temps><temps name="out"><temp name="T8"/><temp name="T47"/></temps></instruction><instruction code="SETL T48,8"><temps name="use"/><temps name="def"><temp name="T48"/></temps><temps name="in"><temp name="T8"/><temp name="T47"/></temps><temps name="out"><temp name="T48"/><temp name="T8"/><temp name="T47"/></temps></instruction><instruction code="ADD T49,T47,T48"><temps name="use"><temp name="T47"/><temp name="T48"/></temps><temps name="def"><temp name="T49"/></temps><temps name="in"><temp name="T48"/><temp name="T8"/><temp name="T47"/></temps><temps name="out"><temp name="T49"/><temp name="T8"/></temps></instruction><instruction code="SET T50,T8"><temps name="use"><temp name="T8"/></temps><temps name="def"><temp name="T50"/></temps><temps name="in"><temp name="T49"/><temp name="T8"/></temps><temps name="out"><temp name="T50"/><temp name="T49"/><temp name="T8"/></temps></instruction><instruction code="SETL T51,8"><temps name="use"/><temps name="def"><temp name="T51"/></temps><temps name="in"><temp name="T50"/><temp name="T49"/><temp name="T8"/></temps><temps name="out"><temp name="T50"/><temp name="T51"/><temp name="T49"/><temp name="T8"/></temps></instruction><instruction code="ADD T52,T50,T51"><temps name="use"><temp name="T50"/><temp name="T51"/></temps><temps name="def"><temp name="T52"/></temps><temps name="in"><temp name="T50"/><temp name="T51"/><temp name="T49"/><temp name="T8"/></temps><temps name="out"><temp name="T49"/><temp name="T8"/><temp name="T52"/></temps></instruction><instruction code="LDO T52,T52,0"><temps name="use"><temp name="T52"/></temps><temps name="def"><temp name="T52"/></temps><temps name="in"><temp name="T49"/><temp name="T8"/><temp name="T52"/></temps><temps name="out"><temp name="T49"/><temp name="T8"/><temp name="T52"/></temps></instruction><instruction code="NEG T52,T52"><temps name="use"><temp name="T52"/></temps><temps name="def"><temp name="T52"/></temps><temps name="in"><temp name="T49"/><temp name="T8"/><temp name="T52"/></temps><temps name="out"><temp name="T49"/><temp name="T8"/><temp name="T52"/></temps></instruction><instruction code="STO T52,T49,0"><temps name="use"><temp name="T52"/><temp name="T49"/></temps><temps name="def"/><temps name="in"><temp name="T49"/><temp name="T8"/><temp name="T52"/></temps><temps name="out"><temp name="T8"/></temps></instruction><instruction code="SETL T525,0"><temps name="use"/><temps name="def"><temp name="T525"/></temps><temps name="in"><temp name="T8"/></temps><temps name="out"><temp name="T8"/></temps></instruction><instruction code="JMP L6"><temps name="use"/><temps name="def"/><temps name="in"><temp name="T8"/></temps><temps name="out"><temp name="T8"/></temps></instruction><instruction code="L5"><temps name="use"/><temps name="def"/><temps name="in"><temp name="T8"/></temps><temps name="out"><temp name="T8"/></temps></instruction><instruction code="SETL T526,0"><temps name="use"/><temps name="def"><temp name="T526"/></temps><temps name="in"><temp name="T8"/></temps><temps name="out"><temp name="T8"/></temps></instruction><instruction code="JMP L6"><temps name="use"/><temps name="def"/><temps name="in"><temp name="T8"/></temps><temps name="out"><temp name="T8"/></temps></instruction><instruction code="L6"><temps name="use"/><temps name="def"/><temps name="in"><temp name="T8"/></temps><temps name="out"><temp name="T8"/></temps></instruction><instruction code="SET T53,T8"><temps name="use"><temp name="T8"/></temps><temps name="def"><temp name="T53"/></temps><temps name="in"><temp name="T8"/></temps><temps name="out"><temp name="T8"/><temp name="T53"/></temps></instruction><instruction code="SETL T54,8"><temps name="use"/><temps name="def"><temp name="T54"/></temps><temps name="in"><temp name="T8"/><temp name="T53"/></temps><temps name="out"><temp name="T54"/><temp name="T8"/><temp name="T53"/></temps></instruction><instruction code="ADD T55,T53,T54"><temps name="use"><temp name="T53"/><temp name="T54"/></temps><temps name="def"><temp name="T55"/></temps><temps name="in"><temp name="T54"/><temp name="T8"/><temp name="T53"/></temps><temps name="out"><temp name="T55"/><temp name="T8"/></temps></instruction><instruction code="LDO T55,T55,0"><temps name="use"><temp name="T55"/></temps><temps name="def"><temp name="T55"/></temps><temps name="in"><temp name="T55"/><temp name="T8"/></temps><temps name="out"><temp name="T55"/><temp name="T8"/></temps></instruction><instruction code="SETL T56,0"><temps name="use"/><temps name="def"><temp name="T56"/></temps><temps name="in"><temp name="T55"/><temp name="T8"/></temps><temps name="out"><temp name="T55"/><temp name="T8"/><temp name="T56"/></temps></instruction><instruction code="CMP T533,T55,T56"><temps name="use"><temp name="T55"/><temp name="T56"/></temps><temps name="def"><temp name="T533"/></temps><temps name="in"><temp name="T55"/><temp name="T8"/><temp name="T56"/></temps><temps name="out"><temp name="T533"/><temp name="T8"/></temps></instruction><instruction code="ZSZ T532,T533,1"><temps name="use"><temp name="T533"/></temps><temps name="def"><temp name="T532"/></temps><temps name="in"><temp name="T533"/><temp name="T8"/></temps><temps name="out"><temp name="T8"/><temp name="T532"/></temps></instruction><instruction code="BNZ T532,L7"><temps name="use"><temp name="T532"/></temps><temps name="def"/><temps name="in"><temp name="T8"/><temp name="T532"/></temps><temps name="out"><temp name="T8"/></temps></instruction><instruction code="L64"><temps name="use"/><temps name="def"/><temps name="in"><temp name="T8"/></temps><temps name="out"><temp name="T8"/></temps></instruction><instruction code="SET T57,T8"><temps name="use"><temp name="T8"/></temps><temps name="def"><temp name="T57"/></temps><temps name="in"><temp name="T8"/></temps><temps name="out"><temp name="T57"/><temp name="T8"/></temps></instruction><instruction code="SETL T58,8"><temps name="use"/><temps name="def"><temp name="T58"/></temps><temps name="in"><temp name="T57"/><temp name="T8"/></temps><temps name="out"><temp name="T57"/><temp name="T8"/><temp name="T58"/></temps></instruction><instruction code="ADD T537,T57,T58"><temps name="use"><temp name="T57"/><temp name="T58"/></temps><temps name="def"><temp name="T537"/></temps><temps name="in"><temp name="T57"/><temp name="T8"/><temp name="T58"/></temps><temps name="out"><temp name="T8"/><temp name="T537"/></temps></instruction><instruction code="LDO T537,T537,0"><temps name="use"><temp name="T537"/></temps><temps name="def"><temp name="T537"/></temps><temps name="in"><temp name="T8"/><temp name="T537"/></temps><temps name="out"><temp name="T8"/><temp name="T537"/></temps></instruction><instruction code="STO T537,$254,8"><temps name="use"><temp name="T537"/></temps><temps name="def"/><temps name="in"><temp name="T8"/><temp name="T537"/></temps><temps name="out"><temp name="T8"/></temps></instruction><instruction code="STO T8,$254,0"><temps name="use"><temp name="T8"/></temps><temps name="def"/><temps name="in"><temp name="T8"/></temps><temps name="out"><temp name="T8"/></temps></instruction><instruction code="PUSHJ $100,L0"><temps name="use"/><temps name="def"/><temps name="in"><temp name="T8"/></temps><temps name="out"><temp name="T8"/></temps></instruction><instruction code="LDO T537,$254,0"><temps name="use"/><temps name="def"><temp name="T537"/></temps><temps name="in"><temp name="T8"/></temps><temps name="out"><temp name="T8"/></temps></instruction><instruction code="JMP L9"><temps name="use"/><temps name="def"/><temps name="in"><temp name="T8"/></temps><temps name="out"><temp name="T8"/></temps></instruction><instruction code="L7"><temps name="use"/><temps name="def"/><temps name="in"><temp name="T8"/></temps><temps name="out"><temp name="T8"/></temps></instruction><instruction code="SETL T538,48"><temps name="use"/><temps name="def"><temp name="T538"/></temps><temps name="in"><temp name="T8"/></temps><temps name="out"><temp name="T8"/><temp name="T538"/></temps></instruction><instruction code="STO T538,$254,8"><temps name="use"><temp name="T538"/></temps><temps name="def"/><temps name="in"><temp name="T8"/><temp name="T538"/></temps><temps name="out"><temp name="T8"/></temps></instruction><instruction code="LDO T538,T8,0"><temps name="use"><temp name="T8"/></temps><temps name="def"><temp name="T538"/></temps><temps name="in"><temp name="T8"/></temps><temps name="out"><temp name="T8"/><temp name="T538"/></temps></instruction><instruction code="STO T538,$254,0"><temps name="use"><temp name="T538"/></temps><temps name="def"/><temps name="in"><temp name="T8"/><temp name="T538"/></temps><temps name="out"><temp name="T8"/></temps></instruction><instruction code="PUSHJ $100,_putChar"><temps name="use"/><temps name="def"/><temps name="in"><temp name="T8"/></temps><temps name="out"><temp name="T8"/></temps></instruction><instruction code="LDO T538,$254,0"><temps name="use"/><temps name="def"><temp name="T538"/></temps><temps name="in"><temp name="T8"/></temps><temps name="out"><temp name="T8"/></temps></instruction><instruction code="JMP L9"><temps name="use"/><temps name="def"/><temps name="in"><temp name="T8"/></temps><temps name="out"><temp name="T8"/></temps></instruction><instruction code="L8"><temps name="use"/><temps name="def"/><temps name="in"><temp name="T8"/></temps><temps name="out"><temp name="T8"/></temps></instruction><instruction code="SET T57,T8"><temps name="use"><temp name="T8"/></temps><temps name="def"><temp name="T57"/></temps><temps name="in"><temp name="T8"/></temps><temps name="out"><temp name="T57"/><temp name="T8"/></temps></instruction><instruction code="SETL T58,8"><temps name="use"/><temps name="def"><temp name="T58"/></temps><temps name="in"><temp name="T57"/><temp name="T8"/></temps><temps name="out"><temp name="T57"/><temp name="T8"/><temp name="T58"/></temps></instruction><instruction code="ADD T542,T57,T58"><temps name="use"><temp name="T57"/><temp name="T58"/></temps><temps name="def"><temp name="T542"/></temps><temps name="in"><temp name="T57"/><temp name="T8"/><temp name="T58"/></temps><temps name="out"><temp name="T8"/><temp name="T542"/></temps></instruction><instruction code="LDO T542,T542,0"><temps name="use"><temp name="T542"/></temps><temps name="def"><temp name="T542"/></temps><temps name="in"><temp name="T8"/><temp name="T542"/></temps><temps name="out"><temp name="T8"/><temp name="T542"/></temps></instruction><instruction code="STO T542,$254,8"><temps name="use"><temp name="T542"/></temps><temps name="def"/><temps name="in"><temp name="T8"/><temp name="T542"/></temps><temps name="out"><temp name="T8"/></temps></instruction><instruction code="STO T8,$254,0"><temps name="use"><temp name="T8"/></temps><temps name="def"/><temps name="in"><temp name="T8"/></temps><temps name="out"/></instruction><instruction code="PUSHJ $100,L0"><temps name="use"/><temps name="def"/><temps name="in"/><temps name="out"/></instruction><instruction code="LDO T542,$254,0"><temps name="use"/><temps name="def"><temp name="T542"/></temps><temps name="in"/><temps name="out"/></instruction><instruction code="JMP L9"><temps name="use"/><temps name="def"/><temps name="in"/><temps name="out"/></instruction><instruction code="L9"><temps name="use"/><temps name="def"/><temps name="in"/><temps name="out"/></instruction><instruction code="SETL T59,0"><temps name="use"/><temps name="def"><temp name="T59"/></temps><temps name="in"/><temps name="out"><temp name="T59"/></temps></instruction><instruction code="SET T9,T59"><temps name="use"><temp name="T59"/></temps><temps name="def"><temp name="T9"/></temps><temps name="in"><temp name="T59"/></temps><temps name="out"><temp name="T9"/></temps></instruction><instruction code="JMP L62"><temps name="use"/><temps name="def"/><temps name="in"><temp name="T9"/></temps><temps name="out"><temp name="T9"/></temps></instruction></instructions></code><code entrylabel="L65" exitlabel="L66" tempsize="0"><frame FP="T10" RV="T11" argssize="8" depth="0" label="_getInteger" locssize="24" size="48"/><instructions><instruction code="L65"><temps name="use"/><temps name="def"/><temps name="in"><temp name="T10"/></temps><temps name="out"><temp name="T10"/></temps></instruction><instruction code="SET T60,T10"><temps name="use"><temp name="T10"/></temps><temps name="def"><temp name="T60"/></temps><temps name="in"><temp name="T10"/></temps><temps name="out"><temp name="T10"/><temp name="T60"/></temps></instruction><instruction code="SETL T61,8"><temps name="use"/><temps name="def"><temp name="T61"/></temps><temps name="in"><temp name="T10"/><temp name="T60"/></temps><temps name="out"><temp name="T10"/><temp name="T61"/><temp name="T60"/></temps></instruction><instruction code="NEG  T61,T61"><temps name="use"><temp name="T61"/></temps><temps name="def"><temp name="T61"/></temps><temps name="in"><temp name="T10"/><temp name="T61"/><temp name="T60"/></temps><temps name="out"><temp name="T10"/><temp name="T61"/><temp name="T60"/></temps></instruction><instruction code="ADD T62,T60,T61"><temps name="use"><temp name="T60"/><temp name="T61"/></temps><temps name="def"><temp name="T62"/></temps><temps name="in"><temp name="T10"/><temp name="T61"/><temp name="T60"/></temps><temps name="out"><temp name="T10"/><temp name="T62"/></temps></instruction><instruction code="SETL T63,1"><temps name="use"/><temps name="def"><temp name="T63"/></temps><temps name="in"><temp name="T10"/><temp name="T62"/></temps><temps name="out"><temp name="T10"/><temp name="T63"/><temp name="T62"/></temps></instruction><instruction code="STO T63,T62,0"><temps name="use"><temp name="T63"/><temp name="T62"/></temps><temps name="def"/><temps name="in"><temp name="T10"/><temp name="T63"/><temp name="T62"/></temps><temps name="out"><temp name="T10"/></temps></instruction><instruction code="SET T64,T10"><temps name="use"><temp name="T10"/></temps><temps name="def"><temp name="T64"/></temps><temps name="in"><temp name="T10"/></temps><temps name="out"><temp name="T10"/><temp name="T64"/></temps></instruction><instruction code="SETL T65,16"><temps name="use"/><temps name="def"><temp name="T65"/></temps><temps name="in"><temp name="T10"/><temp name="T64"/></temps><temps name="out"><temp name="T10"/><temp name="T65"/><temp name="T64"/></temps></instruction><instruction code="NEG  T65,T65"><temps name="use"><temp name="T65"/></temps><temps name="def"><temp name="T65"/></temps><temps name="in"><temp name="T10"/><temp name="T65"/><temp name="T64"/></temps><temps name="out"><temp name="T10"/><temp name="T65"/><temp name="T64"/></temps></instruction><instruction code="ADD T66,T64,T65"><temps name="use"><temp name="T64"/><temp name="T65"/></temps><temps name="def"><temp name="T66"/></temps><temps name="in"><temp name="T10"/><temp name="T65"/><temp name="T64"/></temps><temps name="out"><temp name="T10"/><temp name="T66"/></temps></instruction><instruction code="SETL T67,0"><temps name="use"/><temps name="def"><temp name="T67"/></temps><temps name="in"><temp name="T10"/><temp name="T66"/></temps><temps name="out"><temp name="T10"/><temp name="T67"/><temp name="T66"/></temps></instruction><instruction code="STO T67,T66,0"><temps name="use"><temp name="T67"/><temp name="T66"/></temps><temps name="def"/><temps name="in"><temp name="T10"/><temp name="T67"/><temp name="T66"/></temps><temps name="out"><temp name="T10"/></temps></instruction><instruction code="SET T68,T10"><temps name="use"><temp name="T10"/></temps><temps name="def"><temp name="T68"/></temps><temps name="in"><temp name="T10"/></temps><temps name="out"><temp name="T10"/><temp name="T68"/></temps></instruction><instruction code="SETL T69,24"><temps name="use"/><temps name="def"><temp name="T69"/></temps><temps name="in"><temp name="T10"/><temp name="T68"/></temps><temps name="out"><temp name="T10"/><temp name="T69"/><temp name="T68"/></temps></instruction><instruction code="NEG  T69,T69"><temps name="use"><temp name="T69"/></temps><temps name="def"><temp name="T69"/></temps><temps name="in"><temp name="T10"/><temp name="T69"/><temp name="T68"/></temps><temps name="out"><temp name="T10"/><temp name="T69"/><temp name="T68"/></temps></instruction><instruction code="ADD T70,T68,T69"><temps name="use"><temp name="T68"/><temp name="T69"/></temps><temps name="def"><temp name="T70"/></temps><temps name="in"><temp name="T10"/><temp name="T69"/><temp name="T68"/></temps><temps name="out"><temp name="T10"/><temp name="T70"/></temps></instruction><instruction code="LDO T71,T10,0"><temps name="use"><temp name="T10"/></temps><temps name="def"><temp name="T71"/></temps><temps name="in"><temp name="T10"/><temp name="T70"/></temps><temps name="out"><temp name="T10"/><temp name="T71"/><temp name="T70"/></temps></instruction><instruction code="STO T71,$254,0"><temps name="use"><temp name="T71"/></temps><temps name="def"/><temps name="in"><temp name="T10"/><temp name="T71"/><temp name="T70"/></temps><temps name="out"><temp name="T10"/><temp name="T70"/></temps></instruction><instruction code="PUSHJ $100,_getChar"><temps name="use"/><temps name="def"/><temps name="in"><temp name="T10"/><temp name="T70"/></temps><temps name="out"><temp name="T10"/><temp name="T70"/></temps></instruction><instruction code="LDO T72,$254,0"><temps name="use"/><temps name="def"><temp name="T72"/></temps><temps name="in"><temp name="T10"/><temp name="T70"/></temps><temps name="out"><temp name="T10"/><temp name="T70"/><temp name="T72"/></temps></instruction><instruction code="SET T73,T72"><temps name="use"><temp name="T72"/></temps><temps name="def"><temp name="T73"/></temps><temps name="in"><temp name="T10"/><temp name="T70"/><temp name="T72"/></temps><temps name="out"><temp name="T10"/><temp name="T73"/><temp name="T70"/></temps></instruction><instruction code="STO T73,T70,0"><temps name="use"><temp name="T73"/><temp name="T70"/></temps><temps name="def"/><temps name="in"><temp name="T10"/><temp name="T73"/><temp name="T70"/></temps><temps name="out"><temp name="T10"/></temps></instruction><instruction code="SET T74,T10"><temps name="use"><temp name="T10"/></temps><temps name="def"><temp name="T74"/></temps><temps name="in"><temp name="T10"/></temps><temps name="out"><temp name="T10"/><temp name="T74"/></temps></instruction><instruction code="SETL T75,24"><temps name="use"/><temps name="def"><temp name="T75"/></temps><temps name="in"><temp name="T10"/><temp name="T74"/></temps><temps name="out"><temp name="T10"/><temp name="T75"/><temp name="T74"/></temps></instruction><instruction code="NEG  T75,T75"><temps name="use"><temp name="T75"/></temps><temps name="def"><temp name="T75"/></temps><temps name="in"><temp name="T10"/><temp name="T75"/><temp name="T74"/></temps><temps name="out"><temp name="T10"/><temp name="T75"/><temp name="T74"/></temps></instruction><instruction code="ADD T76,T74,T75"><temps name="use"><temp name="T74"/><temp name="T75"/></temps><temps name="def"><temp name="T76"/></temps><temps name="in"><temp name="T10"/><temp name="T75"/><temp name="T74"/></temps><temps name="out"><temp name="T10"/><temp name="T76"/></temps></instruction><instruction code="LDO T76,T76,0"><temps name="use"><temp name="T76"/></temps><temps name="def"><temp name="T76"/></temps><temps name="in"><temp name="T10"/><temp name="T76"/></temps><temps name="out"><temp name="T10"/><temp name="T76"/></temps></instruction><instruction code="SETL T77,43"><temps name="use"/><temps name="def"><temp name="T77"/></temps><temps name="in"><temp name="T10"/><temp name="T76"/></temps><temps name="out"><temp name="T10"/><temp name="T76"/><temp name="T77"/></temps></instruction><instruction code="CMP T576,T76,T77"><temps name="use"><temp name="T76"/><temp name="T77"/></temps><temps name="def"><temp name="T576"/></temps><temps name="in"><temp name="T10"/><temp name="T76"/><temp name="T77"/></temps><temps name="out"><temp name="T10"/><temp name="T576"/></temps></instruction><instruction code="ZSZ T575,T576,1"><temps name="use"><temp name="T576"/></temps><temps name="def"><temp name="T575"/></temps><temps name="in"><temp name="T10"/><temp name="T576"/></temps><temps name="out"><temp name="T10"/><temp name="T575"/></temps></instruction><instruction code="BNZ T575,L19"><temps name="use"><temp name="T575"/></temps><temps name="def"/><temps name="in"><temp name="T10"/><temp name="T575"/></temps><temps name="out"><temp name="T10"/></temps></instruction><instruction code="L67"><temps name="use"/><temps name="def"/><temps name="in"><temp name="T10"/></temps><temps name="out"><temp name="T10"/></temps></instruction><instruction code="SET T86,T10"><temps name="use"><temp name="T10"/></temps><temps name="def"><temp name="T86"/></temps><temps name="in"><temp name="T10"/></temps><temps name="out"><temp name="T10"/><temp name="T86"/></temps></instruction><instruction code="SETL T87,24"><temps name="use"/><temps name="def"><temp name="T87"/></temps><temps name="in"><temp name="T10"/><temp name="T86"/></temps><temps name="out"><temp name="T10"/><temp name="T87"/><temp name="T86"/></temps></instruction><instruction code="NEG  T87,T87"><temps name="use"><temp name="T87"/></temps><temps name="def"><temp name="T87"/></temps><temps name="in"><temp name="T10"/><temp name="T87"/><temp name="T86"/></temps><temps name="out"><temp name="T10"/><temp name="T87"/><temp name="T86"/></temps></instruction><instruction code="ADD T88,T86,T87"><temps name="use"><temp name="T86"/><temp name="T87"/></temps><temps name="def"><temp name="T88"/></temps><temps name="in"><temp name="T10"/><temp name="T87"/><temp name="T86"/></temps><temps name="out"><temp name="T10"/><temp name="T88"/></temps></instruction><instruction code="LDO T88,T88,0"><temps name="use"><temp name="T88"/></temps><temps name="def"><temp name="T88"/></temps><temps name="in"><temp name="T10"/><temp name="T88"/></temps><temps name="out"><temp name="T10"/><temp name="T88"/></temps></instruction><instruction code="SETL T89,45"><temps name="use"/><temps name="def"><temp name="T89"/></temps><temps name="in"><temp name="T10"/><temp name="T88"/></temps><temps name="out"><temp name="T10"/><temp name="T88"/><temp name="T89"/></temps></instruction><instruction code="CMP T583,T88,T89"><temps name="use"><temp name="T88"/><temp name="T89"/></temps><temps name="def"><temp name="T583"/></temps><temps name="in"><temp name="T10"/><temp name="T88"/><temp name="T89"/></temps><temps name="out"><temp name="T10"/><temp name="T583"/></temps></instruction><instruction code="ZSZ T582,T583,1"><temps name="use"><temp name="T583"/></temps><temps name="def"><temp name="T582"/></temps><temps name="in"><temp name="T10"/><temp name="T583"/></temps><temps name="out"><temp name="T10"/><temp name="T582"/></temps></instruction><instruction code="BNZ T582,L16"><temps name="use"><temp name="T582"/></temps><temps name="def"/><temps name="in"><temp name="T10"/><temp name="T582"/></temps><temps name="out"><temp name="T10"/></temps></instruction><instruction code="L19"><temps name="use"/><temps name="def"/><temps name="in"><temp name="T10"/></temps><temps name="out"><temp name="T10"/></temps></instruction><instruction code="SET T78,T10"><temps name="use"><temp name="T10"/></temps><temps name="def"><temp name="T78"/></temps><temps name="in"><temp name="T10"/></temps><temps name="out"><temp name="T10"/><temp name="T78"/></temps></instruction><instruction code="SETL T79,8"><temps name="use"/><temps name="def"><temp name="T79"/></temps><temps name="in"><temp name="T10"/><temp name="T78"/></temps><temps name="out"><temp name="T10"/><temp name="T78"/><temp name="T79"/></temps></instruction><instruction code="NEG  T79,T79"><temps name="use"><temp name="T79"/></temps><temps name="def"><temp name="T79"/></temps><temps name="in"><temp name="T10"/><temp name="T78"/><temp name="T79"/></temps><temps name="out"><temp name="T10"/><temp name="T78"/><temp name="T79"/></temps></instruction><instruction code="ADD T80,T78,T79"><temps name="use"><temp name="T78"/><temp name="T79"/></temps><temps name="def"><temp name="T80"/></temps><temps name="in"><temp name="T10"/><temp name="T78"/><temp name="T79"/></temps><temps name="out"><temp name="T10"/><temp name="T80"/></temps></instruction><instruction code="SETL T81,1"><temps name="use"/><temps name="def"><temp name="T81"/></temps><temps name="in"><temp name="T10"/><temp name="T80"/></temps><temps name="out"><temp name="T10"/><temp name="T80"/><temp name="T81"/></temps></instruction><instruction code="STO T81,T80,0"><temps name="use"><temp name="T81"/><temp name="T80"/></temps><temps name="def"/><temps name="in"><temp name="T10"/><temp name="T80"/><temp name="T81"/></temps><temps name="out"><temp name="T10"/></temps></instruction><instruction code="SET T82,T10"><temps name="use"><temp name="T10"/></temps><temps name="def"><temp name="T82"/></temps><temps name="in"><temp name="T10"/></temps><temps name="out"><temp name="T10"/><temp name="T82"/></temps></instruction><instruction code="SETL T83,24"><temps name="use"/><temps name="def"><temp name="T83"/></temps><temps name="in"><temp name="T10"/><temp name="T82"/></temps><temps name="out"><temp name="T10"/><temp name="T83"/><temp name="T82"/></temps></instruction><instruction code="NEG  T83,T83"><temps name="use"><temp name="T83"/></temps><temps name="def"><temp name="T83"/></temps><temps name="in"><temp name="T10"/><temp name="T83"/><temp name="T82"/></temps><temps name="out"><temp name="T10"/><temp name="T83"/><temp name="T82"/></temps></instruction><instruction code="ADD T84,T82,T83"><temps name="use"><temp name="T82"/><temp name="T83"/></temps><temps name="def"><temp name="T84"/></temps><temps name="in"><temp name="T10"/><temp name="T83"/><temp name="T82"/></temps><temps name="out"><temp name="T10"/><temp name="T84"/></temps></instruction><instruction code="SETL T85,48"><temps name="use"/><temps name="def"><temp name="T85"/></temps><temps name="in"><temp name="T10"/><temp name="T84"/></temps><temps name="out"><temp name="T10"/><temp name="T85"/><temp name="T84"/></temps></instruction><instruction code="STO T85,T84,0"><temps name="use"><temp name="T85"/><temp name="T84"/></temps><temps name="def"/><temps name="in"><temp name="T10"/><temp name="T85"/><temp name="T84"/></temps><temps name="out"><temp name="T10"/></temps></instruction><instruction code="SETL T598,0"><temps name="use"/><temps name="def"><temp name="T598"/></temps><temps name="in"><temp name="T10"/></temps><temps name="out"><temp name="T10"/></temps></instruction><instruction code="JMP L21"><temps name="use"/><temps name="def"/><temps name="in"><temp name="T10"/></temps><temps name="out"><temp name="T10"/></temps></instruction><instruction code="L20"><temps name="use"/><temps name="def"/><temps name="in"><temp name="T10"/></temps><temps name="out"><temp name="T10"/></temps></instruction><instruction code="SET T86,T10"><temps name="use"><temp name="T10"/></temps><temps name="def"><temp name="T86"/></temps><temps name="in"><temp name="T10"/></temps><temps name="out"><temp name="T10"/><temp name="T86"/></temps></instruction><instruction code="SETL T87,24"><temps name="use"/><temps name="def"><temp name="T87"/></temps><temps name="in"><temp name="T10"/><temp name="T86"/></temps><temps name="out"><temp name="T10"/><temp name="T87"/><temp name="T86"/></temps></instruction><instruction code="NEG  T87,T87"><temps name="use"><temp name="T87"/></temps><temps name="def"><temp name="T87"/></temps><temps name="in"><temp name="T10"/><temp name="T87"/><temp name="T86"/></temps><temps name="out"><temp name="T10"/><temp name="T87"/><temp name="T86"/></temps></instruction><instruction code="ADD T88,T86,T87"><temps name="use"><temp name="T86"/><temp name="T87"/></temps><temps name="def"><temp name="T88"/></temps><temps name="in"><temp name="T10"/><temp name="T87"/><temp name="T86"/></temps><temps name="out"><temp name="T10"/><temp name="T88"/></temps></instruction><instruction code="LDO T88,T88,0"><temps name="use"><temp name="T88"/></temps><temps name="def"><temp name="T88"/></temps><temps name="in"><temp name="T10"/><temp name="T88"/></temps><temps name="out"><temp name="T10"/><temp name="T88"/></temps></instruction><instruction code="SETL T89,45"><temps name="use"/><temps name="def"><temp name="T89"/></temps><temps name="in"><temp name="T10"/><temp name="T88"/></temps><temps name="out"><temp name="T10"/><temp name="T88"/><temp name="T89"/></temps></instruction><instruction code="CMP T605,T88,T89"><temps name="use"><temp name="T88"/><temp name="T89"/></temps><temps name="def"><temp name="T605"/></temps><temps name="in"><temp name="T10"/><temp name="T88"/><temp name="T89"/></temps><temps name="out"><temp name="T10"/><temp name="T605"/></temps></instruction><instruction code="ZSZ T604,T605,1"><temps name="use"><temp name="T605"/></temps><temps name="def"><temp name="T604"/></temps><temps name="in"><temp name="T10"/><temp name="T605"/></temps><temps name="out"><temp name="T10"/><temp name="T604"/></temps></instruction><instruction code="BNZ T604,L16"><temps name="use"><temp name="T604"/></temps><temps name="def"/><temps name="in"><temp name="T10"/><temp name="T604"/></temps><temps name="out"><temp name="T10"/></temps></instruction><instruction code="L68"><temps name="use"/><temps name="def"/><temps name="in"><temp name="T10"/></temps><temps name="out"><temp name="T10"/></temps></instruction><instruction code="SET T98,T10"><temps name="use"><temp name="T10"/></temps><temps name="def"><temp name="T98"/></temps><temps name="in"><temp name="T10"/></temps><temps name="out"><temp name="T10"/><temp name="T98"/></temps></instruction><instruction code="SETL T99,24"><temps name="use"/><temps name="def"><temp name="T99"/></temps><temps name="in"><temp name="T10"/><temp name="T98"/></temps><temps name="out"><temp name="T10"/><temp name="T98"/><temp name="T99"/></temps></instruction><instruction code="NEG  T99,T99"><temps name="use"><temp name="T99"/></temps><temps name="def"><temp name="T99"/></temps><temps name="in"><temp name="T10"/><temp name="T98"/><temp name="T99"/></temps><temps name="out"><temp name="T10"/><temp name="T98"/><temp name="T99"/></temps></instruction><instruction code="ADD T100,T98,T99"><temps name="use"><temp name="T98"/><temp name="T99"/></temps><temps name="def"><temp name="T100"/></temps><temps name="in"><temp name="T10"/><temp name="T98"/><temp name="T99"/></temps><temps name="out"><temp name="T10"/><temp name="T100"/></temps></instruction><instruction code="LDO T100,T100,0"><temps name="use"><temp name="T100"/></temps><temps name="def"><temp name="T100"/></temps><temps name="in"><temp name="T10"/><temp name="T100"/></temps><temps name="out"><temp name="T10"/><temp name="T100"/></temps></instruction><instruction code="SETL T101,48"><temps name="use"/><temps name="def"><temp name="T101"/></temps><temps name="in"><temp name="T10"/><temp name="T100"/></temps><temps name="out"><temp name="T10"/><temp name="T101"/><temp name="T100"/></temps></instruction><instruction code="CMP T612,T100,T101"><temps name="use"><temp name="T100"/><temp name="T101"/></temps><temps name="def"><temp name="T612"/></temps><temps name="in"><temp name="T10"/><temp name="T101"/><temp name="T100"/></temps><temps name="out"><temp name="T10"/><temp name="T612"/></temps></instruction><instruction code="ZSN T102,T612,1"><temps name="use"><temp name="T612"/></temps><temps name="def"><temp name="T102"/></temps><temps name="in"><temp name="T10"/><temp name="T612"/></temps><temps name="out"><temp name="T10"/><temp name="T102"/></temps></instruction><instruction code="SET T103,T10"><temps name="use"><temp name="T10"/></temps><temps name="def"><temp name="T103"/></temps><temps name="in"><temp name="T10"/><temp name="T102"/></temps><temps name="out"><temp name="T10"/><temp name="T102"/><temp name="T103"/></temps></instruction><instruction code="SETL T104,24"><temps name="use"/><temps name="def"><temp name="T104"/></temps><temps name="in"><temp name="T10"/><temp name="T102"/><temp name="T103"/></temps><temps name="out"><temp name="T10"/><temp name="T102"/><temp name="T104"/><temp name="T103"/></temps></instruction><instruction code="NEG  T104,T104"><temps name="use"><temp name="T104"/></temps><temps name="def"><temp name="T104"/></temps><temps name="in"><temp name="T10"/><temp name="T102"/><temp name="T104"/><temp name="T103"/></temps><temps name="out"><temp name="T10"/><temp name="T102"/><temp name="T103"/><temp name="T104"/></temps></instruction><instruction code="ADD T105,T103,T104"><temps name="use"><temp name="T103"/><temp name="T104"/></temps><temps name="def"><temp name="T105"/></temps><temps name="in"><temp name="T10"/><temp name="T102"/><temp name="T103"/><temp name="T104"/></temps><temps name="out"><temp name="T10"/><temp name="T105"/><temp name="T102"/></temps></instruction><instruction code="LDO T105,T105,0"><temps name="use"><temp name="T105"/></temps><temps name="def"><temp name="T105"/></temps><temps name="in"><temp name="T10"/><temp name="T105"/><temp name="T102"/></temps><temps name="out"><temp name="T10"/><temp name="T105"/><temp name="T102"/></temps></instruction><instruction code="SETL T106,57"><temps name="use"/><temps name="def"><temp name="T106"/></temps><temps name="in"><temp name="T10"/><temp name="T105"/><temp name="T102"/></temps><temps name="out"><temp name="T10"/><temp name="T105"/><temp name="T102"/><temp name="T106"/></temps></instruction><instruction code="CMP T619,T105,T106"><temps name="use"><temp name="T105"/><temp name="T106"/></temps><temps name="def"><temp name="T619"/></temps><temps name="in"><temp name="T10"/><temp name="T105"/><temp name="T102"/><temp name="T106"/></temps><temps name="out"><temp name="T10"/><temp name="T102"/><temp name="T619"/></temps></instruction><instruction code="ZSP T107,T619,1"><temps name="use"><temp name="T619"/></temps><temps name="def"><temp name="T107"/></temps><temps name="in"><temp name="T10"/><temp name="T102"/><temp name="T619"/></temps><temps name="out"><temp name="T10"/><temp name="T107"/><temp name="T102"/></temps></instruction><instruction code="OR T620,T102,T107"><temps name="use"><temp name="T102"/><temp name="T107"/></temps><temps name="def"><temp name="T620"/></temps><temps name="in"><temp name="T10"/><temp name="T107"/><temp name="T102"/></temps><temps name="out"><temp name="T10"/><temp name="T620"/></temps></instruction><instruction code="BNZ T620,L13"><temps name="use"><temp name="T620"/></temps><temps name="def"/><temps name="in"><temp name="T10"/><temp name="T620"/></temps><temps name="out"><temp name="T10"/></temps></instruction><instruction code="L16"><temps name="use"/><temps name="def"/><temps name="in"><temp name="T10"/></temps><temps name="out"><temp name="T10"/></temps></instruction><instruction code="SET T90,T10"><temps name="use"><temp name="T10"/></temps><temps name="def"><temp name="T90"/></temps><temps name="in"><temp name="T10"/></temps><temps name="out"><temp name="T10"/><temp name="T90"/></temps></instruction><instruction code="SETL T91,8"><temps name="use"/><temps name="def"><temp name="T91"/></temps><temps name="in"><temp name="T10"/><temp name="T90"/></temps><temps name="out"><temp name="T10"/><temp name="T90"/><temp name="T91"/></temps></instruction><instruction code="NEG  T91,T91"><temps name="use"><temp name="T91"/></temps><temps name="def"><temp name="T91"/></temps><temps name="in"><temp name="T10"/><temp name="T90"/><temp name="T91"/></temps><temps name="out"><temp name="T10"/><temp name="T90"/><temp name="T91"/></temps></instruction><instruction code="ADD T92,T90,T91"><temps name="use"><temp name="T90"/><temp name="T91"/></temps><temps name="def"><temp name="T92"/></temps><temps name="in"><temp name="T10"/><temp name="T90"/><temp name="T91"/></temps><temps name="out"><temp name="T10"/><temp name="T92"/></temps></instruction><instruction code="SETL T93,1"><temps name="use"/><temps name="def"><temp name="T93"/></temps><temps name="in"><temp name="T10"/><temp name="T92"/></temps><temps name="out"><temp name="T10"/><temp name="T93"/><temp name="T92"/></temps></instruction><instruction code="NEG T93,T93"><temps name="use"><temp name="T93"/></temps><temps name="def"><temp name="T93"/></temps><temps name="in"><temp name="T10"/><temp name="T93"/><temp name="T92"/></temps><temps name="out"><temp name="T10"/><temp name="T93"/><temp name="T92"/></temps></instruction><instruction code="STO T93,T92,0"><temps name="use"><temp name="T93"/><temp name="T92"/></temps><temps name="def"/><temps name="in"><temp name="T10"/><temp name="T93"/><temp name="T92"/></temps><temps name="out"><temp name="T10"/></temps></instruction><instruction code="SET T94,T10"><temps name="use"><temp name="T10"/></temps><temps name="def"><temp name="T94"/></temps><temps name="in"><temp name="T10"/></temps><temps name="out"><temp name="T10"/><temp name="T94"/></temps></instruction><instruction code="SETL T95,24"><temps name="use"/><temps name="def"><temp name="T95"/></temps><temps name="in"><temp name="T10"/><temp name="T94"/></temps><temps name="out"><temp name="T10"/><temp name="T95"/><temp name="T94"/></temps></instruction><instruction code="NEG  T95,T95"><temps name="use"><temp name="T95"/></temps><temps name="def"><temp name="T95"/></temps><temps name="in"><temp name="T10"/><temp name="T95"/><temp name="T94"/></temps><temps name="out"><temp name="T10"/><temp name="T95"/><temp name="T94"/></temps></instruction><instruction code="ADD T96,T94,T95"><temps name="use"><temp name="T94"/><temp name="T95"/></temps><temps name="def"><temp name="T96"/></temps><temps name="in"><temp name="T10"/><temp name="T95"/><temp name="T94"/></temps><temps name="out"><temp name="T10"/><temp name="T96"/></temps></instruction><instruction code="SETL T97,48"><temps name="use"/><temps name="def"><temp name="T97"/></temps><temps name="in"><temp name="T10"/><temp name="T96"/></temps><temps name="out"><temp name="T10"/><temp name="T97"/><temp name="T96"/></temps></instruction><instruction code="STO T97,T96,0"><temps name="use"><temp name="T97"/><temp name="T96"/></temps><temps name="def"/><temps name="in"><temp name="T10"/><temp name="T97"/><temp name="T96"/></temps><temps name="out"><temp name="T10"/></temps></instruction><instruction code="SETL T635,0"><temps name="use"/><temps name="def"><temp name="T635"/></temps><temps name="in"><temp name="T10"/></temps><temps name="out"><temp name="T10"/></temps></instruction><instruction code="JMP L18"><temps name="use"/><temps name="def"/><temps name="in"><temp name="T10"/></temps><temps name="out"><temp name="T10"/></temps></instruction><instruction code="L17"><temps name="use"/><temps name="def"/><temps name="in"><temp name="T10"/></temps><temps name="out"><temp name="T10"/></temps></instruction><instruction code="SET T98,T10"><temps name="use"><temp name="T10"/></temps><temps name="def"><temp name="T98"/></temps><temps name="in"><temp name="T10"/></temps><temps name="out"><temp name="T10"/><temp name="T98"/></temps></instruction><instruction code="SETL T99,24"><temps name="use"/><temps name="def"><temp name="T99"/></temps><temps name="in"><temp name="T10"/><temp name="T98"/></temps><temps name="out"><temp name="T10"/><temp name="T98"/><temp name="T99"/></temps></instruction><instruction code="NEG  T99,T99"><temps name="use"><temp name="T99"/></temps><temps name="def"><temp name="T99"/></temps><temps name="in"><temp name="T10"/><temp name="T98"/><temp name="T99"/></temps><temps name="out"><temp name="T10"/><temp name="T98"/><temp name="T99"/></temps></instruction><instruction code="ADD T100,T98,T99"><temps name="use"><temp name="T98"/><temp name="T99"/></temps><temps name="def"><temp name="T100"/></temps><temps name="in"><temp name="T10"/><temp name="T98"/><temp name="T99"/></temps><temps name="out"><temp name="T10"/><temp name="T100"/></temps></instruction><instruction code="LDO T100,T100,0"><temps name="use"><temp name="T100"/></temps><temps name="def"><temp name="T100"/></temps><temps name="in"><temp name="T10"/><temp name="T100"/></temps><temps name="out"><temp name="T10"/><temp name="T100"/></temps></instruction><instruction code="SETL T101,48"><temps name="use"/><temps name="def"><temp name="T101"/></temps><temps name="in"><temp name="T10"/><temp name="T100"/></temps><temps name="out"><temp name="T10"/><temp name="T101"/><temp name="T100"/></temps></instruction><instruction code="CMP T642,T100,T101"><temps name="use"><temp name="T100"/><temp name="T101"/></temps><temps name="def"><temp name="T642"/></temps><temps name="in"><temp name="T10"/><temp name="T101"/><temp name="T100"/></temps><temps name="out"><temp name="T10"/><temp name="T642"/></temps></instruction><instruction code="ZSN T102,T642,1"><temps name="use"><temp name="T642"/></temps><temps name="def"><temp name="T102"/></temps><temps name="in"><temp name="T10"/><temp name="T642"/></temps><temps name="out"><temp name="T10"/><temp name="T102"/></temps></instruction><instruction code="SET T103,T10"><temps name="use"><temp name="T10"/></temps><temps name="def"><temp name="T103"/></temps><temps name="in"><temp name="T10"/><temp name="T102"/></temps><temps name="out"><temp name="T10"/><temp name="T102"/><temp name="T103"/></temps></instruction><instruction code="SETL T104,24"><temps name="use"/><temps name="def"><temp name="T104"/></temps><temps name="in"><temp name="T10"/><temp name="T102"/><temp name="T103"/></temps><temps name="out"><temp name="T10"/><temp name="T102"/><temp name="T104"/><temp name="T103"/></temps></instruction><instruction code="NEG  T104,T104"><temps name="use"><temp name="T104"/></temps><temps name="def"><temp name="T104"/></temps><temps name="in"><temp name="T10"/><temp name="T102"/><temp name="T104"/><temp name="T103"/></temps><temps name="out"><temp name="T10"/><temp name="T102"/><temp name="T103"/><temp name="T104"/></temps></instruction><instruction code="ADD T105,T103,T104"><temps name="use"><temp name="T103"/><temp name="T104"/></temps><temps name="def"><temp name="T105"/></temps><temps name="in"><temp name="T10"/><temp name="T102"/><temp name="T103"/><temp name="T104"/></temps><temps name="out"><temp name="T10"/><temp name="T105"/><temp name="T102"/></temps></instruction><instruction code="LDO T105,T105,0"><temps name="use"><temp name="T105"/></temps><temps name="def"><temp name="T105"/></temps><temps name="in"><temp name="T10"/><temp name="T105"/><temp name="T102"/></temps><temps name="out"><temp name="T10"/><temp name="T105"/><temp name="T102"/></temps></instruction><instruction code="SETL T106,57"><temps name="use"/><temps name="def"><temp name="T106"/></temps><temps name="in"><temp name="T10"/><temp name="T105"/><temp name="T102"/></temps><temps name="out"><temp name="T10"/><temp name="T105"/><temp name="T102"/><temp name="T106"/></temps></instruction><instruction code="CMP T649,T105,T106"><temps name="use"><temp name="T105"/><temp name="T106"/></temps><temps name="def"><temp name="T649"/></temps><temps name="in"><temp name="T10"/><temp name="T105"/><temp name="T102"/><temp name="T106"/></temps><temps name="out"><temp name="T10"/><temp name="T649"/><temp name="T102"/></temps></instruction><instruction code="ZSP T107,T649,1"><temps name="use"><temp name="T649"/></temps><temps name="def"><temp name="T107"/></temps><temps name="in"><temp name="T10"/><temp name="T649"/><temp name="T102"/></temps><temps name="out"><temp name="T10"/><temp name="T107"/><temp name="T102"/></temps></instruction><instruction code="OR T650,T102,T107"><temps name="use"><temp name="T102"/><temp name="T107"/></temps><temps name="def"><temp name="T650"/></temps><temps name="in"><temp name="T10"/><temp name="T107"/><temp name="T102"/></temps><temps name="out"><temp name="T10"/><temp name="T650"/></temps></instruction><instruction code="BNZ T650,L13"><temps name="use"><temp name="T650"/></temps><temps name="def"/><temps name="in"><temp name="T10"/><temp name="T650"/></temps><temps name="out"><temp name="T10"/></temps></instruction><instruction code="L69"><temps name="use"/><temps name="def"/><temps name="in"><temp name="T10"/></temps><temps name="out"><temp name="T10"/></temps></instruction><instruction code="SETL T651,0"><temps name="use"/><temps name="def"><temp name="T651"/></temps><temps name="in"><temp name="T10"/></temps><temps name="out"><temp name="T10"/></temps></instruction><instruction code="JMP L15"><temps name="use"/><temps name="def"/><temps name="in"><temp name="T10"/></temps><temps name="out"><temp name="T10"/></temps></instruction><instruction code="L13"><temps name="use"/><temps name="def"/><temps name="in"><temp name="T10"/></temps><temps name="out"><temp name="T10"/></temps></instruction><instruction code="LDO T652,T10,0"><temps name="use"><temp name="T10"/></temps><temps name="def"><temp name="T652"/></temps><temps name="in"><temp name="T10"/></temps><temps name="out"><temp name="T10"/><temp name="T652"/></temps></instruction><instruction code="STO T652,$254,0"><temps name="use"><temp name="T652"/></temps><temps name="def"/><temps name="in"><temp name="T10"/><temp name="T652"/></temps><temps name="out"><temp name="T10"/></temps></instruction><instruction code="PUSHJ $100,_exit"><temps name="use"/><temps name="def"/><temps name="in"><temp name="T10"/></temps><temps name="out"><temp name="T10"/></temps></instruction><instruction code="LDO T652,$254,0"><temps name="use"/><temps name="def"><temp name="T652"/></temps><temps name="in"><temp name="T10"/></temps><temps name="out"><temp name="T10"/></temps></instruction><instruction code="JMP L15"><temps name="use"/><temps name="def"/><temps name="in"><temp name="T10"/></temps><temps name="out"><temp name="T10"/></temps></instruction><instruction code="L14"><temps name="use"/><temps name="def"/><temps name="in"><temp name="T10"/></temps><temps name="out"><temp name="T10"/></temps></instruction><instruction code="SETL T653,0"><temps name="use"/><temps name="def"><temp name="T653"/></temps><temps name="in"><temp name="T10"/></temps><temps name="out"><temp name="T10"/></temps></instruction><instruction code="JMP L15"><temps name="use"/><temps name="def"/><temps name="in"><temp name="T10"/></temps><temps name="out"><temp name="T10"/></temps></instruction><instruction code="L15"><temps name="use"/><temps name="def"/><temps name="in"><temp name="T10"/></temps><temps name="out"><temp name="T10"/></temps></instruction><instruction code="JMP L18"><temps name="use"/><temps name="def"/><temps name="in"><temp name="T10"/></temps><temps name="out"><temp name="T10"/></temps></instruction><instruction code="L18"><temps name="use"/><temps name="def"/><temps name="in"><temp name="T10"/></temps><temps name="out"><temp name="T10"/></temps></instruction><instruction code="JMP L21"><temps name="use"/><temps name="def"/><temps name="in"><temp name="T10"/></temps><temps name="out"><temp name="T10"/></temps></instruction><instruction code="L21"><temps name="use"/><temps name="def"/><temps name="in"><temp name="T10"/></temps><temps name="out"><temp name="T10"/></temps></instruction><instruction code="JMP L22"><temps name="use"/><temps name="def"/><temps name="in"><temp name="T10"/></temps><temps name="out"><temp name="T10"/></temps></instruction><instruction code="L22"><temps name="use"/><temps name="def"/><temps name="in"><temp name="T10"/></temps><temps name="out"><temp name="T10"/></temps></instruction><instruction code="SETL T108,48"><temps name="use"/><temps name="def"><temp name="T108"/></temps><temps name="in"><temp name="T10"/></temps><temps name="out"><temp name="T10"/><temp name="T108"/></temps></instruction><instruction code="SET T109,T10"><temps name="use"><temp name="T10"/></temps><temps name="def"><temp name="T109"/></temps><temps name="in"><temp name="T10"/><temp name="T108"/></temps><temps name="out"><temp name="T108"/><temp name="T10"/><temp name="T109"/></temps></instruction><instruction code="SETL T110,24"><temps name="use"/><temps name="def"><temp name="T110"/></temps><temps name="in"><temp name="T108"/><temp name="T10"/><temp name="T109"/></temps><temps name="out"><temp name="T108"/><temp name="T10"/><temp name="T110"/><temp name="T109"/></temps></instruction><instruction code="NEG  T110,T110"><temps name="use"><temp name="T110"/></temps><temps name="def"><temp name="T110"/></temps><temps name="in"><temp name="T108"/><temp name="T10"/><temp name="T110"/><temp name="T109"/></temps><temps name="out"><temp name="T108"/><temp name="T10"/><temp name="T110"/><temp name="T109"/></temps></instruction><instruction code="ADD T111,T109,T110"><temps name="use"><temp name="T109"/><temp name="T110"/></temps><temps name="def"><temp name="T111"/></temps><temps name="in"><temp name="T108"/><temp name="T10"/><temp name="T110"/><temp name="T109"/></temps><temps name="out"><temp name="T108"/><temp name="T10"/><temp name="T111"/></temps></instruction><instruction code="LDO T111,T111,0"><temps name="use"><temp name="T111"/></temps><temps name="def"><temp name="T111"/></temps><temps name="in"><temp name="T108"/><temp name="T10"/><temp name="T111"/></temps><temps name="out"><temp name="T108"/><temp name="T10"/><temp name="T111"/></temps></instruction><instruction code="CMP T660,T108,T111"><temps name="use"><temp name="T108"/><temp name="T111"/></temps><temps name="def"><temp name="T660"/></temps><temps name="in"><temp name="T108"/><temp name="T10"/><temp name="T111"/></temps><temps name="out"><temp name="T10"/><temp name="T660"/></temps></instruction><instruction code="ZSNP T112,T660,1"><temps name="use"><temp name="T660"/></temps><temps name="def"><temp name="T112"/></temps><temps name="in"><temp name="T10"/><temp name="T660"/></temps><temps name="out"><temp name="T10"/><temp name="T112"/></temps></instruction><instruction code="SET T113,T10"><temps name="use"><temp name="T10"/></temps><temps name="def"><temp name="T113"/></temps><temps name="in"><temp name="T10"/><temp name="T112"/></temps><temps name="out"><temp name="T10"/><temp name="T112"/><temp name="T113"/></temps></instruction><instruction code="SETL T114,24"><temps name="use"/><temps name="def"><temp name="T114"/></temps><temps name="in"><temp name="T10"/><temp name="T112"/><temp name="T113"/></temps><temps name="out"><temp name="T10"/><temp name="T114"/><temp name="T112"/><temp name="T113"/></temps></instruction><instruction code="NEG  T114,T114"><temps name="use"><temp name="T114"/></temps><temps name="def"><temp name="T114"/></temps><temps name="in"><temp name="T10"/><temp name="T114"/><temp name="T112"/><temp name="T113"/></temps><temps name="out"><temp name="T10"/><temp name="T114"/><temp name="T112"/><temp name="T113"/></temps></instruction><instruction code="ADD T115,T113,T114"><temps name="use"><temp name="T113"/><temp name="T114"/></temps><temps name="def"><temp name="T115"/></temps><temps name="in"><temp name="T10"/><temp name="T114"/><temp name="T112"/><temp name="T113"/></temps><temps name="out"><temp name="T10"/><temp name="T115"/><temp name="T112"/></temps></instruction><instruction code="LDO T115,T115,0"><temps name="use"><temp name="T115"/></temps><temps name="def"><temp name="T115"/></temps><temps name="in"><temp name="T10"/><temp name="T115"/><temp name="T112"/></temps><temps name="out"><temp name="T10"/><temp name="T115"/><temp name="T112"/></temps></instruction><instruction code="SETL T116,57"><temps name="use"/><temps name="def"><temp name="T116"/></temps><temps name="in"><temp name="T10"/><temp name="T115"/><temp name="T112"/></temps><temps name="out"><temp name="T10"/><temp name="T115"/><temp name="T112"/><temp name="T116"/></temps></instruction><instruction code="CMP T667,T115,T116"><temps name="use"><temp name="T115"/><temp name="T116"/></temps><temps name="def"><temp name="T667"/></temps><temps name="in"><temp name="T10"/><temp name="T115"/><temp name="T112"/><temp name="T116"/></temps><temps name="out"><temp name="T10"/><temp name="T667"/><temp name="T112"/></temps></instruction><instruction code="ZSNP T117,T667,1"><temps name="use"><temp name="T667"/></temps><temps name="def"><temp name="T117"/></temps><temps name="in"><temp name="T10"/><temp name="T667"/><temp name="T112"/></temps><temps name="out"><temp name="T117"/><temp name="T10"/><temp name="T112"/></temps></instruction><instruction code="AND T668,T112,T117"><temps name="use"><temp name="T112"/><temp name="T117"/></temps><temps name="def"><temp name="T668"/></temps><temps name="in"><temp name="T117"/><temp name="T10"/><temp name="T112"/></temps><temps name="out"><temp name="T10"/><temp name="T668"/></temps></instruction><instruction code="BNZ T668,L23"><temps name="use"><temp name="T668"/></temps><temps name="def"/><temps name="in"><temp name="T10"/><temp name="T668"/></temps><temps name="out"><temp name="T10"/></temps></instruction><instruction code="L70"><temps name="use"/><temps name="def"/><temps name="in"><temp name="T10"/></temps><temps name="out"><temp name="T10"/></temps></instruction><instruction code="SET T138,T10"><temps name="use"><temp name="T10"/></temps><temps name="def"><temp name="T138"/></temps><temps name="in"><temp name="T10"/></temps><temps name="out"><temp name="T10"/><temp name="T138"/></temps></instruction><instruction code="SETL T139,24"><temps name="use"/><temps name="def"><temp name="T139"/></temps><temps name="in"><temp name="T10"/><temp name="T138"/></temps><temps name="out"><temp name="T10"/><temp name="T139"/><temp name="T138"/></temps></instruction><instruction code="NEG  T139,T139"><temps name="use"><temp name="T139"/></temps><temps name="def"><temp name="T139"/></temps><temps name="in"><temp name="T10"/><temp name="T139"/><temp name="T138"/></temps><temps name="out"><temp name="T10"/><temp name="T138"/><temp name="T139"/></temps></instruction><instruction code="ADD T140,T138,T139"><temps name="use"><temp name="T138"/><temp name="T139"/></temps><temps name="def"><temp name="T140"/></temps><temps name="in"><temp name="T10"/><temp name="T138"/><temp name="T139"/></temps><temps name="out"><temp name="T10"/><temp name="T140"/></temps></instruction><instruction code="LDO T140,T140,0"><temps name="use"><temp name="T140"/></temps><temps name="def"><temp name="T140"/></temps><temps name="in"><temp name="T10"/><temp name="T140"/></temps><temps name="out"><temp name="T10"/><temp name="T140"/></temps></instruction><instruction code="SETL T141,10"><temps name="use"/><temps name="def"><temp name="T141"/></temps><temps name="in"><temp name="T10"/><temp name="T140"/></temps><temps name="out"><temp name="T10"/><temp name="T140"/><temp name="T141"/></temps></instruction><instruction code="SETL T142,256"><temps name="use"/><temps name="def"><temp name="T142"/></temps><temps name="in"><temp name="T10"/><temp name="T140"/><temp name="T141"/></temps><temps name="out"><temp name="T10"/><temp name="T140"/><temp name="T141"/><temp name="T142"/></temps></instruction><instruction code="DIV T143,T141,T142"><temps name="use"><temp name="T141"/><temp name="T142"/></temps><temps name="def"><temp name="T143"/></temps><temps name="in"><temp name="T10"/><temp name="T140"/><temp name="T141"/><temp name="T142"/></temps><temps name="out"><temp name="T10"/><temp name="T140"/></temps></instruction><instruction code="GET T143,rR"><temps name="use"/><temps name="def"><temp name="T143"/></temps><temps name="in"><temp name="T10"/><temp name="T140"/></temps><temps name="out"><temp name="T10"/><temp name="T143"/><temp name="T140"/></temps></instruction><instruction code="CMP T677,T140,T143"><temps name="use"><temp name="T140"/><temp name="T143"/></temps><temps name="def"><temp name="T677"/></temps><temps name="in"><temp name="T10"/><temp name="T143"/><temp name="T140"/></temps><temps name="out"><temp name="T10"/><temp name="T677"/></temps></instruction><instruction code="ZSNZ T676,T677,1"><temps name="use"><temp name="T677"/></temps><temps name="def"><temp name="T676"/></temps><temps name="in"><temp name="T10"/><temp name="T677"/></temps><temps name="out"><temp name="T10"/><temp name="T676"/></temps></instruction><instruction code="BNZ T676,L25"><temps name="use"><temp name="T676"/></temps><temps name="def"/><temps name="in"><temp name="T10"/><temp name="T676"/></temps><temps name="out"><temp name="T10"/></temps></instruction><instruction code="L23"><temps name="use"/><temps name="def"/><temps name="in"><temp name="T10"/></temps><temps name="out"><temp name="T10"/></temps></instruction><instruction code="SET T118,T10"><temps name="use"><temp name="T10"/></temps><temps name="def"><temp name="T118"/></temps><temps name="in"><temp name="T10"/></temps><temps name="out"><temp name="T10"/><temp name="T118"/></temps></instruction><instruction code="SETL T119,16"><temps name="use"/><temps name="def"><temp name="T119"/></temps><temps name="in"><temp name="T10"/><temp name="T118"/></temps><temps name="out"><temp name="T10"/><temp name="T119"/><temp name="T118"/></temps></instruction><instruction code="NEG  T119,T119"><temps name="use"><temp name="T119"/></temps><temps name="def"><temp name="T119"/></temps><temps name="in"><temp name="T10"/><temp name="T119"/><temp name="T118"/></temps><temps name="out"><temp name="T10"/><temp name="T119"/><temp name="T118"/></temps></instruction><instruction code="ADD T120,T118,T119"><temps name="use"><temp name="T118"/><temp name="T119"/></temps><temps name="def"><temp name="T120"/></temps><temps name="in"><temp name="T10"/><temp name="T119"/><temp name="T118"/></temps><temps name="out"><temp name="T10"/><temp name="T120"/></temps></instruction><instruction code="SET T121,T10"><temps name="use"><temp name="T10"/></temps><temps name="def"><temp name="T121"/></temps><temps name="in"><temp name="T10"/><temp name="T120"/></temps><temps name="out"><temp name="T10"/><temp name="T120"/><temp name="T121"/></temps></instruction><instruction code="SETL T122,16"><temps name="use"/><temps name="def"><temp name="T122"/></temps><temps name="in"><temp name="T10"/><temp name="T120"/><temp name="T121"/></temps><temps name="out"><temp name="T122"/><temp name="T10"/><temp name="T120"/><temp name="T121"/></temps></instruction><instruction code="NEG  T122,T122"><temps name="use"><temp name="T122"/></temps><temps name="def"><temp name="T122"/></temps><temps name="in"><temp name="T122"/><temp name="T10"/><temp name="T120"/><temp name="T121"/></temps><temps name="out"><temp name="T122"/><temp name="T10"/><temp name="T120"/><temp name="T121"/></temps></instruction><instruction code="ADD T123,T121,T122"><temps name="use"><temp name="T121"/><temp name="T122"/></temps><temps name="def"><temp name="T123"/></temps><temps name="in"><temp name="T122"/><temp name="T10"/><temp name="T120"/><temp name="T121"/></temps><temps name="out"><temp name="T10"/><temp name="T120"/><temp name="T123"/></temps></instruction><instruction code="LDO T123,T123,0"><temps name="use"><temp name="T123"/></temps><temps name="def"><temp name="T123"/></temps><temps name="in"><temp name="T10"/><temp name="T120"/><temp name="T123"/></temps><temps name="out"><temp name="T10"/><temp name="T120"/><temp name="T123"/></temps></instruction><instruction code="SETL T124,10"><temps name="use"/><temps name="def"><temp name="T124"/></temps><temps name="in"><temp name="T10"/><temp name="T120"/><temp name="T123"/></temps><temps name="out"><temp name="T10"/><temp name="T120"/><temp name="T123"/><temp name="T124"/></temps></instruction><instruction code="MUL T125,T123,T124"><temps name="use"><temp name="T123"/><temp name="T124"/></temps><temps name="def"><temp name="T125"/></temps><temps name="in"><temp name="T10"/><temp name="T120"/><temp name="T123"/><temp name="T124"/></temps><temps name="out"><temp name="T10"/><temp name="T125"/><temp name="T120"/></temps></instruction><instruction code="SET T126,T10"><temps name="use"><temp name="T10"/></temps><temps name="def"><temp name="T126"/></temps><temps name="in"><temp name="T10"/><temp name="T125"/><temp name="T120"/></temps><temps name="out"><temp name="T10"/><temp name="T125"/><temp name="T120"/><temp name="T126"/></temps></instruction><instruction code="SETL T127,24"><temps name="use"/><temps name="def"><temp name="T127"/></temps><temps name="in"><temp name="T10"/><temp name="T125"/><temp name="T120"/><temp name="T126"/></temps><temps name="out"><temp name="T10"/><temp name="T127"/><temp name="T125"/><temp name="T120"/><temp name="T126"/></temps></instruction><instruction code="NEG  T127,T127"><temps name="use"><temp name="T127"/></temps><temps name="def"><temp name="T127"/></temps><temps name="in"><temp name="T10"/><temp name="T127"/><temp name="T125"/><temp name="T120"/><temp name="T126"/></temps><temps name="out"><temp name="T10"/><temp name="T127"/><temp name="T125"/><temp name="T120"/><temp name="T126"/></temps></instruction><instruction code="ADD T128,T126,T127"><temps name="use"><temp name="T126"/><temp name="T127"/></temps><temps name="def"><temp name="T128"/></temps><temps name="in"><temp name="T10"/><temp name="T127"/><temp name="T125"/><temp name="T120"/><temp name="T126"/></temps><temps name="out"><temp name="T10"/><temp name="T125"/><temp name="T120"/><temp name="T128"/></temps></instruction><instruction code="LDO T128,T128,0"><temps name="use"><temp name="T128"/></temps><temps name="def"><temp name="T128"/></temps><temps name="in"><temp name="T10"/><temp name="T125"/><temp name="T120"/><temp name="T128"/></temps><temps name="out"><temp name="T10"/><temp name="T125"/><temp name="T120"/><temp name="T128"/></temps></instruction><instruction code="SETL T129,48"><temps name="use"/><temps name="def"><temp name="T129"/></temps><temps name="in"><temp name="T10"/><temp name="T125"/><temp name="T120"/><temp name="T128"/></temps><temps name="out"><temp name="T10"/><temp name="T125"/><temp name="T120"/><temp name="T128"/><temp name="T129"/></temps></instruction><instruction code="SUB T130,T128,T129"><temps name="use"><temp name="T128"/><temp name="T129"/></temps><temps name="def"><temp name="T130"/></temps><temps name="in"><temp name="T10"/><temp name="T125"/><temp name="T120"/><temp name="T128"/><temp name="T129"/></temps><temps name="out"><temp name="T10"/><temp name="T125"/><temp name="T120"/><temp name="T130"/></temps></instruction><instruction code="ADD T131,T125,T130"><temps name="use"><temp name="T125"/><temp name="T130"/></temps><temps name="def"><temp name="T131"/></temps><temps name="in"><temp name="T10"/><temp name="T125"/><temp name="T120"/><temp name="T130"/></temps><temps name="out"><temp name="T10"/><temp name="T120"/><temp name="T131"/></temps></instruction><instruction code="STO T131,T120,0"><temps name="use"><temp name="T131"/><temp name="T120"/></temps><temps name="def"/><temps name="in"><temp name="T10"/><temp name="T120"/><temp name="T131"/></temps><temps name="out"><temp name="T10"/></temps></instruction><instruction code="SET T132,T10"><temps name="use"><temp name="T10"/></temps><temps name="def"><temp name="T132"/></temps><temps name="in"><temp name="T10"/></temps><temps name="out"><temp name="T10"/><temp name="T132"/></temps></instruction><instruction code="SETL T133,24"><temps name="use"/><temps name="def"><temp name="T133"/></temps><temps name="in"><temp name="T10"/><temp name="T132"/></temps><temps name="out"><temp name="T10"/><temp name="T132"/><temp name="T133"/></temps></instruction><instruction code="NEG  T133,T133"><temps name="use"><temp name="T133"/></temps><temps name="def"><temp name="T133"/></temps><temps name="in"><temp name="T10"/><temp name="T132"/><temp name="T133"/></temps><temps name="out"><temp name="T10"/><temp name="T132"/><temp name="T133"/></temps></instruction><instruction code="ADD T134,T132,T133"><temps name="use"><temp name="T132"/><temp name="T133"/></temps><temps name="def"><temp name="T134"/></temps><temps name="in"><temp name="T10"/><temp name="T132"/><temp name="T133"/></temps><temps name="out"><temp name="T10"/><temp name="T134"/></temps></instruction><instruction code="LDO T135,T10,0"><temps name="use"><temp name="T10"/></temps><temps name="def"><temp name="T135"/></temps><temps name="in"><temp name="T10"/><temp name="T134"/></temps><temps name="out"><temp name="T10"/><temp name="T135"/><temp name="T134"/></temps></instruction><instruction code="STO T135,$254,0"><temps name="use"><temp name="T135"/></temps><temps name="def"/><temps name="in"><temp name="T10"/><temp name="T135"/><temp name="T134"/></temps><temps name="out"><temp name="T10"/><temp name="T134"/></temps></instruction><instruction code="PUSHJ $100,_getChar"><temps name="use"/><temps name="def"/><temps name="in"><temp name="T10"/><temp name="T134"/></temps><temps name="out"><temp name="T10"/><temp name="T134"/></temps></instruction><instruction code="LDO T136,$254,0"><temps name="use"/><temps name="def"><temp name="T136"/></temps><temps name="in"><temp name="T10"/><temp name="T134"/></temps><temps name="out"><temp name="T10"/><temp name="T136"/><temp name="T134"/></temps></instruction><instruction code="SET T137,T136"><temps name="use"><temp name="T136"/></temps><temps name="def"><temp name="T137"/></temps><temps name="in"><temp name="T10"/><temp name="T136"/><temp name="T134"/></temps><temps name="out"><temp name="T10"/><temp name="T137"/><temp name="T134"/></temps></instruction><instruction code="STO T137,T134,0"><temps name="use"><temp name="T137"/><temp name="T134"/></temps><temps name="def"/><temps name="in"><temp name="T10"/><temp name="T137"/><temp name="T134"/></temps><temps name="out"><temp name="T10"/></temps></instruction><instruction code="SETL T707,0"><temps name="use"/><temps name="def"><temp name="T707"/></temps><temps name="in"><temp name="T10"/></temps><temps name="out"><temp name="T10"/></temps></instruction><instruction code="JMP L22"><temps name="use"/><temps name="def"/><temps name="in"><temp name="T10"/></temps><temps name="out"><temp name="T10"/></temps></instruction><instruction code="L24"><temps name="use"/><temps name="def"/><temps name="in"><temp name="T10"/></temps><temps name="out"><temp name="T10"/></temps></instruction><instruction code="SET T138,T10"><temps name="use"><temp name="T10"/></temps><temps name="def"><temp name="T138"/></temps><temps name="in"><temp name="T10"/></temps><temps name="out"><temp name="T10"/><temp name="T138"/></temps></instruction><instruction code="SETL T139,24"><temps name="use"/><temps name="def"><temp name="T139"/></temps><temps name="in"><temp name="T10"/><temp name="T138"/></temps><temps name="out"><temp name="T10"/><temp name="T139"/><temp name="T138"/></temps></instruction><instruction code="NEG  T139,T139"><temps name="use"><temp name="T139"/></temps><temps name="def"><temp name="T139"/></temps><temps name="in"><temp name="T10"/><temp name="T139"/><temp name="T138"/></temps><temps name="out"><temp name="T10"/><temp name="T138"/><temp name="T139"/></temps></instruction><instruction code="ADD T140,T138,T139"><temps name="use"><temp name="T138"/><temp name="T139"/></temps><temps name="def"><temp name="T140"/></temps><temps name="in"><temp name="T10"/><temp name="T138"/><temp name="T139"/></temps><temps name="out"><temp name="T10"/><temp name="T140"/></temps></instruction><instruction code="LDO T140,T140,0"><temps name="use"><temp name="T140"/></temps><temps name="def"><temp name="T140"/></temps><temps name="in"><temp name="T10"/><temp name="T140"/></temps><temps name="out"><temp name="T10"/><temp name="T140"/></temps></instruction><instruction code="SETL T141,10"><temps name="use"/><temps name="def"><temp name="T141"/></temps><temps name="in"><temp name="T10"/><temp name="T140"/></temps><temps name="out"><temp name="T10"/><temp name="T140"/><temp name="T141"/></temps></instruction><instruction code="SETL T142,256"><temps name="use"/><temps name="def"><temp name="T142"/></temps><temps name="in"><temp name="T10"/><temp name="T140"/><temp name="T141"/></temps><temps name="out"><temp name="T10"/><temp name="T140"/><temp name="T141"/><temp name="T142"/></temps></instruction><instruction code="DIV T143,T141,T142"><temps name="use"><temp name="T141"/><temp name="T142"/></temps><temps name="def"><temp name="T143"/></temps><temps name="in"><temp name="T10"/><temp name="T140"/><temp name="T141"/><temp name="T142"/></temps><temps name="out"><temp name="T10"/><temp name="T140"/></temps></instruction><instruction code="GET T143,rR"><temps name="use"/><temps name="def"><temp name="T143"/></temps><temps name="in"><temp name="T10"/><temp name="T140"/></temps><temps name="out"><temp name="T10"/><temp name="T143"/><temp name="T140"/></temps></instruction><instruction code="CMP T716,T140,T143"><temps name="use"><temp name="T140"/><temp name="T143"/></temps><temps name="def"><temp name="T716"/></temps><temps name="in"><temp name="T10"/><temp name="T143"/><temp name="T140"/></temps><temps name="out"><temp name="T10"/><temp name="T716"/></temps></instruction><instruction code="ZSNZ T715,T716,1"><temps name="use"><temp name="T716"/></temps><temps name="def"><temp name="T715"/></temps><temps name="in"><temp name="T10"/><temp name="T716"/></temps><temps name="out"><temp name="T10"/><temp name="T715"/></temps></instruction><instruction code="BNZ T715,L25"><temps name="use"><temp name="T715"/></temps><temps name="def"/><temps name="in"><temp name="T10"/><temp name="T715"/></temps><temps name="out"><temp name="T10"/></temps></instruction><instruction code="L71"><temps name="use"/><temps name="def"/><temps name="in"><temp name="T10"/></temps><temps name="out"><temp name="T10"/></temps></instruction><instruction code="SETL T717,0"><temps name="use"/><temps name="def"><temp name="T717"/></temps><temps name="in"><temp name="T10"/></temps><temps name="out"><temp name="T10"/></temps></instruction><instruction code="JMP L27"><temps name="use"/><temps name="def"/><temps name="in"><temp name="T10"/></temps><temps name="out"><temp name="T10"/></temps></instruction><instruction code="L25"><temps name="use"/><temps name="def"/><temps name="in"><temp name="T10"/></temps><temps name="out"><temp name="T10"/></temps></instruction><instruction code="LDO T718,T10,0"><temps name="use"><temp name="T10"/></temps><temps name="def"><temp name="T718"/></temps><temps name="in"><temp name="T10"/></temps><temps name="out"><temp name="T10"/><temp name="T718"/></temps></instruction><instruction code="STO T718,$254,0"><temps name="use"><temp name="T718"/></temps><temps name="def"/><temps name="in"><temp name="T10"/><temp name="T718"/></temps><temps name="out"><temp name="T10"/></temps></instruction><instruction code="PUSHJ $100,_exit"><temps name="use"/><temps name="def"/><temps name="in"><temp name="T10"/></temps><temps name="out"><temp name="T10"/></temps></instruction><instruction code="LDO T718,$254,0"><temps name="use"/><temps name="def"><temp name="T718"/></temps><temps name="in"><temp name="T10"/></temps><temps name="out"><temp name="T10"/></temps></instruction><instruction code="JMP L27"><temps name="use"/><temps name="def"/><temps name="in"><temp name="T10"/></temps><temps name="out"><temp name="T10"/></temps></instruction><instruction code="L26"><temps name="use"/><temps name="def"/><temps name="in"><temp name="T10"/></temps><temps name="out"><temp name="T10"/></temps></instruction><instruction code="SETL T719,0"><temps name="use"/><temps name="def"><temp name="T719"/></temps><temps name="in"><temp name="T10"/></temps><temps name="out"><temp name="T10"/></temps></instruction><instruction code="JMP L27"><temps name="use"/><temps name="def"/><temps name="in"><temp name="T10"/></temps><temps name="out"><temp name="T10"/></temps></instruction><instruction code="L27"><temps name="use"/><temps name="def"/><temps name="in"><temp name="T10"/></temps><temps name="out"><temp name="T10"/></temps></instruction><instruction code="SET T144,T10"><temps name="use"><temp name="T10"/></temps><temps name="def"><temp name="T144"/></temps><temps name="in"><temp name="T10"/></temps><temps name="out"><temp name="T10"/><temp name="T144"/></temps></instruction><instruction code="SETL T145,8"><temps name="use"/><temps name="def"><temp name="T145"/></temps><temps name="in"><temp name="T10"/><temp name="T144"/></temps><temps name="out"><temp name="T10"/><temp name="T145"/><temp name="T144"/></temps></instruction><instruction code="NEG  T145,T145"><temps name="use"><temp name="T145"/></temps><temps name="def"><temp name="T145"/></temps><temps name="in"><temp name="T10"/><temp name="T145"/><temp name="T144"/></temps><temps name="out"><temp name="T10"/><temp name="T145"/><temp name="T144"/></temps></instruction><instruction code="ADD T146,T144,T145"><temps name="use"><temp name="T144"/><temp name="T145"/></temps><temps name="def"><temp name="T146"/></temps><temps name="in"><temp name="T10"/><temp name="T145"/><temp name="T144"/></temps><temps name="out"><temp name="T10"/><temp name="T146"/></temps></instruction><instruction code="LDO T146,T146,0"><temps name="use"><temp name="T146"/></temps><temps name="def"><temp name="T146"/></temps><temps name="in"><temp name="T10"/><temp name="T146"/></temps><temps name="out"><temp name="T10"/><temp name="T146"/></temps></instruction><instruction code="SET T147,T10"><temps name="use"><temp name="T10"/></temps><temps name="def"><temp name="T147"/></temps><temps name="in"><temp name="T10"/><temp name="T146"/></temps><temps name="out"><temp name="T147"/><temp name="T146"/></temps></instruction><instruction code="SETL T148,16"><temps name="use"/><temps name="def"><temp name="T148"/></temps><temps name="in"><temp name="T147"/><temp name="T146"/></temps><temps name="out"><temp name="T147"/><temp name="T148"/><temp name="T146"/></temps></instruction><instruction code="NEG  T148,T148"><temps name="use"><temp name="T148"/></temps><temps name="def"><temp name="T148"/></temps><temps name="in"><temp name="T147"/><temp name="T148"/><temp name="T146"/></temps><temps name="out"><temp name="T147"/><temp name="T148"/><temp name="T146"/></temps></instruction><instruction code="ADD T149,T147,T148"><temps name="use"><temp name="T147"/><temp name="T148"/></temps><temps name="def"><temp name="T149"/></temps><temps name="in"><temp name="T147"/><temp name="T148"/><temp name="T146"/></temps><temps name="out"><temp name="T149"/><temp name="T146"/></temps></instruction><instruction code="LDO T149,T149,0"><temps name="use"><temp name="T149"/></temps><temps name="def"><temp name="T149"/></temps><temps name="in"><temp name="T149"/><temp name="T146"/></temps><temps name="out"><temp name="T149"/><temp name="T146"/></temps></instruction><instruction code="MUL T150,T146,T149"><temps name="use"><temp name="T146"/><temp name="T149"/></temps><temps name="def"><temp name="T150"/></temps><temps name="in"><temp name="T149"/><temp name="T146"/></temps><temps name="out"><temp name="T150"/></temps></instruction><instruction code="SET T11,T150"><temps name="use"><temp name="T150"/></temps><temps name="def"><temp name="T11"/></temps><temps name="in"><temp name="T150"/></temps><temps name="out"><temp name="T11"/></temps></instruction><instruction code="JMP L66"><temps name="use"/><temps name="def"/><temps name="in"><temp name="T11"/></temps><temps name="out"><temp name="T11"/></temps></instruction></instructions></code><code entrylabel="L72" exitlabel="L73" tempsize="0"><frame FP="T12" RV="T13" argssize="16" depth="0" label="_putString" locssize="8" size="40"/><instructions><instruction code="L72"><temps name="use"/><temps name="def"/><temps name="in"><temp name="T12"/></temps><temps name="out"><temp name="T12"/></temps></instruction><instruction code="SET T151,T12"><temps name="use"><temp name="T12"/></temps><temps name="def"><temp name="T151"/></temps><temps name="in"><temp name="T12"/></temps><temps name="out"><temp name="T12"/><temp name="T151"/></temps></instruction><instruction code="SETL T152,8"><temps name="use"/><temps name="def"><temp name="T152"/></temps><temps name="in"><temp name="T12"/><temp name="T151"/></temps><temps name="out"><temp name="T152"/><temp name="T12"/><temp name="T151"/></temps></instruction><instruction code="NEG  T152,T152"><temps name="use"><temp name="T152"/></temps><temps name="def"><temp name="T152"/></temps><temps name="in"><temp name="T152"/><temp name="T12"/><temp name="T151"/></temps><temps name="out"><temp name="T152"/><temp name="T12"/><temp name="T151"/></temps></instruction><instruction code="ADD T153,T151,T152"><temps name="use"><temp name="T151"/><temp name="T152"/></temps><temps name="def"><temp name="T153"/></temps><temps name="in"><temp name="T152"/><temp name="T12"/><temp name="T151"/></temps><temps name="out"><temp name="T153"/><temp name="T12"/></temps></instruction><instruction code="SETL T154,0"><temps name="use"/><temps name="def"><temp name="T154"/></temps><temps name="in"><temp name="T153"/><temp name="T12"/></temps><temps name="out"><temp name="T153"/><temp name="T12"/><temp name="T154"/></temps></instruction><instruction code="STO T154,T153,0"><temps name="use"><temp name="T154"/><temp name="T153"/></temps><temps name="def"/><temps name="in"><temp name="T153"/><temp name="T12"/><temp name="T154"/></temps><temps name="out"><temp name="T12"/></temps></instruction><instruction code="JMP L28"><temps name="use"/><temps name="def"/><temps name="in"><temp name="T12"/></temps><temps name="out"><temp name="T12"/></temps></instruction><instruction code="L28"><temps name="use"/><temps name="def"/><temps name="in"><temp name="T12"/></temps><temps name="out"><temp name="T12"/></temps></instruction><instruction code="SET T155,T12"><temps name="use"><temp name="T12"/></temps><temps name="def"><temp name="T155"/></temps><temps name="in"><temp name="T12"/></temps><temps name="out"><temp name="T12"/><temp name="T155"/></temps></instruction><instruction code="SETL T156,8"><temps name="use"/><temps name="def"><temp name="T156"/></temps><temps name="in"><temp name="T12"/><temp name="T155"/></temps><temps name="out"><temp name="T12"/><temp name="T156"/><temp name="T155"/></temps></instruction><instruction code="ADD T157,T155,T156"><temps name="use"><temp name="T155"/><temp name="T156"/></temps><temps name="def"><temp name="T157"/></temps><temps name="in"><temp name="T12"/><temp name="T156"/><temp name="T155"/></temps><temps name="out"><temp name="T12"/><temp name="T157"/></temps></instruction><instruction code="LDO T157,T157,0"><temps name="use"><temp name="T157"/></temps><temps name="def"><temp name="T157"/></temps><temps name="in"><temp name="T12"/><temp name="T157"/></temps><temps name="out"><temp name="T12"/><temp name="T157"/></temps></instruction><instruction code="SET T158,T12"><temps name="use"><temp name="T12"/></temps><temps name="def"><temp name="T158"/></temps><temps name="in"><temp name="T12"/><temp name="T157"/></temps><temps name="out"><temp name="T12"/><temp name="T157"/><temp name="T158"/></temps></instruction><instruction code="SETL T159,8"><temps name="use"/><temps name="def"><temp name="T159"/></temps><temps name="in"><temp name="T12"/><temp name="T157"/><temp name="T158"/></temps><temps name="out"><temp name="T12"/><temp name="T157"/><temp name="T159"/><temp name="T158"/></temps></instruction><instruction code="NEG  T159,T159"><temps name="use"><temp name="T159"/></temps><temps name="def"><temp name="T159"/></temps><temps name="in"><temp name="T12"/><temp name="T157"/><temp name="T159"/><temp name="T158"/></temps><temps name="out"><temp name="T12"/><temp name="T157"/><temp name="T158"/><temp name="T159"/></temps></instruction><instruction code="ADD T160,T158,T159"><temps name="use"><temp name="T158"/><temp name="T159"/></temps><temps name="def"><temp name="T160"/></temps><temps name="in"><temp name="T12"/><temp name="T157"/><temp name="T158"/><temp name="T159"/></temps><temps name="out"><temp name="T12"/><temp name="T160"/><temp name="T157"/></temps></instruction><instruction code="LDO T160,T160,0"><temps name="use"><temp name="T160"/></temps><temps name="def"><temp name="T160"/></temps><temps name="in"><temp name="T12"/><temp name="T160"/><temp name="T157"/></temps><temps name="out"><temp name="T12"/><temp name="T160"/><temp name="T157"/></temps></instruction><instruction code="SETL T161,8"><temps name="use"/><temps name="def"><temp name="T161"/></temps><temps name="in"><temp name="T12"/><temp name="T160"/><temp name="T157"/></temps><temps name="out"><temp name="T161"/><temp name="T12"/><temp name="T160"/><temp name="T157"/></temps></instruction><instruction code="MUL T162,T160,T161"><temps name="use"><temp name="T160"/><temp name="T161"/></temps><temps name="def"><temp name="T162"/></temps><temps name="in"><temp name="T161"/><temp name="T12"/><temp name="T160"/><temp name="T157"/></temps><temps name="out"><temp name="T12"/><temp name="T157"/><temp name="T162"/></temps></instruction><instruction code="ADD T163,T157,T162"><temps name="use"><temp name="T157"/><temp name="T162"/></temps><temps name="def"><temp name="T163"/></temps><temps name="in"><temp name="T12"/><temp name="T157"/><temp name="T162"/></temps><temps name="out"><temp name="T12"/><temp name="T163"/></temps></instruction><instruction code="LDO T163,T163,0"><temps name="use"><temp name="T163"/></temps><temps name="def"><temp name="T163"/></temps><temps name="in"><temp name="T12"/><temp name="T163"/></temps><temps name="out"><temp name="T12"/><temp name="T163"/></temps></instruction><instruction code="SETL T164,0"><temps name="use"/><temps name="def"><temp name="T164"/></temps><temps name="in"><temp name="T12"/><temp name="T163"/></temps><temps name="out"><temp name="T12"/><temp name="T164"/><temp name="T163"/></temps></instruction><instruction code="SETL T165,256"><temps name="use"/><temps name="def"><temp name="T165"/></temps><temps name="in"><temp name="T12"/><temp name="T164"/><temp name="T163"/></temps><temps name="out"><temp name="T165"/><temp name="T12"/><temp name="T164"/><temp name="T163"/></temps></instruction><instruction code="DIV T166,T164,T165"><temps name="use"><temp name="T164"/><temp name="T165"/></temps><temps name="def"><temp name="T166"/></temps><temps name="in"><temp name="T165"/><temp name="T12"/><temp name="T164"/><temp name="T163"/></temps><temps name="out"><temp name="T12"/><temp name="T163"/></temps></instruction><instruction code="GET T166,rR"><temps name="use"/><temps name="def"><temp name="T166"/></temps><temps name="in"><temp name="T12"/><temp name="T163"/></temps><temps name="out"><temp name="T12"/><temp name="T166"/><temp name="T163"/></temps></instruction><instruction code="CMP T753,T163,T166"><temps name="use"><temp name="T163"/><temp name="T166"/></temps><temps name="def"><temp name="T753"/></temps><temps name="in"><temp name="T12"/><temp name="T166"/><temp name="T163"/></temps><temps name="out"><temp name="T753"/><temp name="T12"/></temps></instruction><instruction code="ZSNZ T752,T753,1"><temps name="use"><temp name="T753"/></temps><temps name="def"><temp name="T752"/></temps><temps name="in"><temp name="T753"/><temp name="T12"/></temps><temps name="out"><temp name="T752"/><temp name="T12"/></temps></instruction><instruction code="BNZ T752,L29"><temps name="use"><temp name="T752"/></temps><temps name="def"/><temps name="in"><temp name="T752"/><temp name="T12"/></temps><temps name="out"><temp name="T12"/></temps></instruction><instruction code="L74"><temps name="use"/><temps name="def"/><temps name="in"><temp name="T12"/></temps><temps name="out"><temp name="T12"/></temps></instruction><instruction code="SETL T183,0"><temps name="use"/><temps name="def"><temp name="T183"/></temps><temps name="in"><temp name="T12"/></temps><temps name="out"><temp name="T12"/><temp name="T183"/></temps></instruction><instruction code="SET T13,T183"><temps name="use"><temp name="T183"/></temps><temps name="def"><temp name="T13"/></temps><temps name="in"><temp name="T12"/><temp name="T183"/></temps><temps name="out"><temp name="T12"/><temp name="T13"/></temps></instruction><instruction code="JMP L73"><temps name="use"/><temps name="def"/><temps name="in"><temp name="T12"/><temp name="T13"/></temps><temps name="out"><temp name="T12"/><temp name="T13"/></temps></instruction><instruction code="L29"><temps name="use"/><temps name="def"/><temps name="in"><temp name="T12"/></temps><temps name="out"><temp name="T12"/></temps></instruction><instruction code="SET T167,T12"><temps name="use"><temp name="T12"/></temps><temps name="def"><temp name="T167"/></temps><temps name="in"><temp name="T12"/></temps><temps name="out"><temp name="T12"/><temp name="T167"/></temps></instruction><instruction code="SETL T168,8"><temps name="use"/><temps name="def"><temp name="T168"/></temps><temps name="in"><temp name="T12"/><temp name="T167"/></temps><temps name="out"><temp name="T168"/><temp name="T12"/><temp name="T167"/></temps></instruction><instruction code="ADD T169,T167,T168"><temps name="use"><temp name="T167"/><temp name="T168"/></temps><temps name="def"><temp name="T169"/></temps><temps name="in"><temp name="T168"/><temp name="T12"/><temp name="T167"/></temps><temps name="out"><temp name="T12"/><temp name="T169"/></temps></instruction><instruction code="LDO T169,T169,0"><temps name="use"><temp name="T169"/></temps><temps name="def"><temp name="T169"/></temps><temps name="in"><temp name="T12"/><temp name="T169"/></temps><temps name="out"><temp name="T12"/><temp name="T169"/></temps></instruction><instruction code="SET T170,T12"><temps name="use"><temp name="T12"/></temps><temps name="def"><temp name="T170"/></temps><temps name="in"><temp name="T12"/><temp name="T169"/></temps><temps name="out"><temp name="T170"/><temp name="T12"/><temp name="T169"/></temps></instruction><instruction code="SETL T171,8"><temps name="use"/><temps name="def"><temp name="T171"/></temps><temps name="in"><temp name="T170"/><temp name="T12"/><temp name="T169"/></temps><temps name="out"><temp name="T170"/><temp name="T12"/><temp name="T169"/><temp name="T171"/></temps></instruction><instruction code="NEG  T171,T171"><temps name="use"><temp name="T171"/></temps><temps name="def"><temp name="T171"/></temps><temps name="in"><temp name="T170"/><temp name="T12"/><temp name="T169"/><temp name="T171"/></temps><temps name="out"><temp name="T170"/><temp name="T12"/><temp name="T169"/><temp name="T171"/></temps></instruction><instruction code="ADD T172,T170,T171"><temps name="use"><temp name="T170"/><temp name="T171"/></temps><temps name="def"><temp name="T172"/></temps><temps name="in"><temp name="T170"/><temp name="T12"/><temp name="T169"/><temp name="T171"/></temps><temps name="out"><temp name="T12"/><temp name="T169"/><temp name="T172"/></temps></instruction><instruction code="LDO T172,T172,0"><temps name="use"><temp name="T172"/></temps><temps name="def"><temp name="T172"/></temps><temps name="in"><temp name="T12"/><temp name="T169"/><temp name="T172"/></temps><temps name="out"><temp name="T12"/><temp name="T169"/><temp name="T172"/></temps></instruction><instruction code="SETL T173,8"><temps name="use"/><temps name="def"><temp name="T173"/></temps><temps name="in"><temp name="T12"/><temp name="T169"/><temp name="T172"/></temps><temps name="out"><temp name="T173"/><temp name="T12"/><temp name="T169"/><temp name="T172"/></temps></instruction><instruction code="MUL T174,T172,T173"><temps name="use"><temp name="T172"/><temp name="T173"/></temps><temps name="def"><temp name="T174"/></temps><temps name="in"><temp name="T173"/><temp name="T12"/><temp name="T169"/><temp name="T172"/></temps><temps name="out"><temp name="T174"/><temp name="T12"/><temp name="T169"/></temps></instruction><instruction code="ADD T767,T169,T174"><temps name="use"><temp name="T169"/><temp name="T174"/></temps><temps name="def"><temp name="T767"/></temps><temps name="in"><temp name="T174"/><temp name="T12"/><temp name="T169"/></temps><temps name="out"><temp name="T12"/><temp name="T767"/></temps></instruction><instruction code="LDO T767,T767,0"><temps name="use"><temp name="T767"/></temps><temps name="def"><temp name="T767"/></temps><temps name="in"><temp name="T12"/><temp name="T767"/></temps><temps name="out"><temp name="T12"/><temp name="T767"/></temps></instruction><instruction code="STO T767,$254,8"><temps name="use"><temp name="T767"/></temps><temps name="def"/><temps name="in"><temp name="T12"/><temp name="T767"/></temps><temps name="out"><temp name="T12"/></temps></instruction><instruction code="LDO T767,T12,0"><temps name="use"><temp name="T12"/></temps><temps name="def"><temp name="T767"/></temps><temps name="in"><temp name="T12"/></temps><temps name="out"><temp name="T12"/><temp name="T767"/></temps></instruction><instruction code="STO T767,$254,0"><temps name="use"><temp name="T767"/></temps><temps name="def"/><temps name="in"><temp name="T12"/><temp name="T767"/></temps><temps name="out"><temp name="T12"/></temps></instruction><instruction code="PUSHJ $100,_putChar"><temps name="use"/><temps name="def"/><temps name="in"><temp name="T12"/></temps><temps name="out"><temp name="T12"/></temps></instruction><instruction code="LDO T767,$254,0"><temps name="use"/><temps name="def"><temp name="T767"/></temps><temps name="in"><temp name="T12"/></temps><temps name="out"><temp name="T12"/></temps></instruction><instruction code="SET T175,T12"><temps name="use"><temp name="T12"/></temps><temps name="def"><temp name="T175"/></temps><temps name="in"><temp name="T12"/></temps><temps name="out"><temp name="T12"/><temp name="T175"/></temps></instruction><instruction code="SETL T176,8"><temps name="use"/><temps name="def"><temp name="T176"/></temps><temps name="in"><temp name="T12"/><temp name="T175"/></temps><temps name="out"><temp name="T176"/><temp name="T12"/><temp name="T175"/></temps></instruction><instruction code="NEG  T176,T176"><temps name="use"><temp name="T176"/></temps><temps name="def"><temp name="T176"/></temps><temps name="in"><temp name="T176"/><temp name="T12"/><temp name="T175"/></temps><temps name="out"><temp name="T176"/><temp name="T12"/><temp name="T175"/></temps></instruction><instruction code="ADD T177,T175,T176"><temps name="use"><temp name="T175"/><temp name="T176"/></temps><temps name="def"><temp name="T177"/></temps><temps name="in"><temp name="T176"/><temp name="T12"/><temp name="T175"/></temps><temps name="out"><temp name="T177"/><temp name="T12"/></temps></instruction><instruction code="SET T178,T12"><temps name="use"><temp name="T12"/></temps><temps name="def"><temp name="T178"/></temps><temps name="in"><temp name="T177"/><temp name="T12"/></temps><temps name="out"><temp name="T177"/><temp name="T12"/><temp name="T178"/></temps></instruction><instruction code="SETL T179,8"><temps name="use"/><temps name="def"><temp name="T179"/></temps><temps name="in"><temp name="T177"/><temp name="T12"/><temp name="T178"/></temps><temps name="out"><temp name="T177"/><temp name="T179"/><temp name="T12"/><temp name="T178"/></temps></instruction><instruction code="NEG  T179,T179"><temps name="use"><temp name="T179"/></temps><temps name="def"><temp name="T179"/></temps><temps name="in"><temp name="T177"/><temp name="T179"/><temp name="T12"/><temp name="T178"/></temps><temps name="out"><temp name="T177"/><temp name="T179"/><temp name="T12"/><temp name="T178"/></temps></instruction><instruction code="ADD T180,T178,T179"><temps name="use"><temp name="T178"/><temp name="T179"/></temps><temps name="def"><temp name="T180"/></temps><temps name="in"><temp name="T177"/><temp name="T179"/><temp name="T12"/><temp name="T178"/></temps><temps name="out"><temp name="T177"/><temp name="T12"/><temp name="T180"/></temps></instruction><instruction code="LDO T180,T180,0"><temps name="use"><temp name="T180"/></temps><temps name="def"><temp name="T180"/></temps><temps name="in"><temp name="T177"/><temp name="T12"/><temp name="T180"/></temps><temps name="out"><temp name="T177"/><temp name="T12"/><temp name="T180"/></temps></instruction><instruction code="SETL T181,1"><temps name="use"/><temps name="def"><temp name="T181"/></temps><temps name="in"><temp name="T177"/><temp name="T12"/><temp name="T180"/></temps><temps name="out"><temp name="T177"/><temp name="T12"/><temp name="T181"/><temp name="T180"/></temps></instruction><instruction code="ADD T182,T180,T181"><temps name="use"><temp name="T180"/><temp name="T181"/></temps><temps name="def"><temp name="T182"/></temps><temps name="in"><temp name="T177"/><temp name="T12"/><temp name="T181"/><temp name="T180"/></temps><temps name="out"><temp name="T182"/><temp name="T177"/><temp name="T12"/></temps></instruction><instruction code="STO T182,T177,0"><temps name="use"><temp name="T182"/><temp name="T177"/></temps><temps name="def"/><temps name="in"><temp name="T182"/><temp name="T177"/><temp name="T12"/></temps><temps name="out"><temp name="T12"/></temps></instruction><instruction code="SETL T780,0"><temps name="use"/><temps name="def"><temp name="T780"/></temps><temps name="in"><temp name="T12"/></temps><temps name="out"><temp name="T12"/></temps></instruction><instruction code="JMP L28"><temps name="use"/><temps name="def"/><temps name="in"><temp name="T12"/></temps><temps name="out"><temp name="T12"/></temps></instruction><instruction code="L30"><temps name="use"/><temps name="def"/><temps name="in"/><temps name="out"/></instruction><instruction code="SETL T183,0"><temps name="use"/><temps name="def"><temp name="T183"/></temps><temps name="in"/><temps name="out"><temp name="T183"/></temps></instruction><instruction code="SET T13,T183"><temps name="use"><temp name="T183"/></temps><temps name="def"><temp name="T13"/></temps><temps name="in"><temp name="T183"/></temps><temps name="out"><temp name="T13"/></temps></instruction><instruction code="JMP L73"><temps name="use"/><temps name="def"/><temps name="in"><temp name="T13"/></temps><temps name="out"><temp name="T13"/></temps></instruction></instructions></code><code entrylabel="L75" exitlabel="L76" tempsize="0"><frame FP="T14" RV="T15" argssize="16" depth="1" label="L3" locssize="40" size="72"/><instructions><instruction code="L75"><temps name="use"/><temps name="def"/><temps name="in"><temp name="T14"/></temps><temps name="out"><temp name="T14"/></temps></instruction><instruction code="SET T184,T14"><temps name="use"><temp name="T14"/></temps><temps name="def"><temp name="T184"/></temps><temps name="in"><temp name="T14"/></temps><temps name="out"><temp name="T14"/><temp name="T184"/></temps></instruction><instruction code="SETL T185,8"><temps name="use"/><temps name="def"><temp name="T185"/></temps><temps name="in"><temp name="T14"/><temp name="T184"/></temps><temps name="out"><temp name="T185"/><temp name="T14"/><temp name="T184"/></temps></instruction><instruction code="ADD T186,T184,T185"><temps name="use"><temp name="T184"/><temp name="T185"/></temps><temps name="def"><temp name="T186"/></temps><temps name="in"><temp name="T185"/><temp name="T14"/><temp name="T184"/></temps><temps name="out"><temp name="T186"/><temp name="T14"/></temps></instruction><instruction code="LDO T186,T186,0"><temps name="use"><temp name="T186"/></temps><temps name="def"><temp name="T186"/></temps><temps name="in"><temp name="T186"/><temp name="T14"/></temps><temps name="out"><temp name="T186"/><temp name="T14"/></temps></instruction><instruction code="LDO T187,T14,0"><temps name="use"><temp name="T14"/></temps><temps name="def"><temp name="T187"/></temps><temps name="in"><temp name="T186"/><temp name="T14"/></temps><temps name="out"><temp name="T186"/><temp name="T187"/><temp name="T14"/></temps></instruction><instruction code="SETL T188,8"><temps name="use"/><temps name="def"><temp name="T188"/></temps><temps name="in"><temp name="T186"/><temp name="T187"/><temp name="T14"/></temps><temps name="out"><temp name="T188"/><temp name="T186"/><temp name="T187"/><temp name="T14"/></temps></instruction><instruction code="NEG  T188,T188"><temps name="use"><temp name="T188"/></temps><temps name="def"><temp name="T188"/></temps><temps name="in"><temp name="T188"/><temp name="T186"/><temp name="T187"/><temp name="T14"/></temps><temps name="out"><temp name="T188"/><temp name="T186"/><temp name="T187"/><temp name="T14"/></temps></instruction><instruction code="ADD T189,T187,T188"><temps name="use"><temp name="T187"/><temp name="T188"/></temps><temps name="def"><temp name="T189"/></temps><temps name="in"><temp name="T188"/><temp name="T186"/><temp name="T187"/><temp name="T14"/></temps><temps name="out"><temp name="T186"/><temp name="T14"/><temp name="T189"/></temps></instruction><instruction code="LDO T189,T189,0"><temps name="use"><temp name="T189"/></temps><temps name="def"><temp name="T189"/></temps><temps name="in"><temp name="T186"/><temp name="T14"/><temp name="T189"/></temps><temps name="out"><temp name="T186"/><temp name="T14"/><temp name="T189"/></temps></instruction><instruction code="CMP T792,T186,T189"><temps name="use"><temp name="T186"/><temp name="T189"/></temps><temps name="def"><temp name="T792"/></temps><temps name="in"><temp name="T186"/><temp name="T14"/><temp name="T189"/></temps><temps name="out"><temp name="T792"/><temp name="T14"/></temps></instruction><instruction code="ZSZ T791,T792,1"><temps name="use"><temp name="T792"/></temps><temps name="def"><temp name="T791"/></temps><temps name="in"><temp name="T792"/><temp name="T14"/></temps><temps name="out"><temp name="T14"/><temp name="T791"/></temps></instruction><instruction code="BNZ T791,L49"><temps name="use"><temp name="T791"/></temps><temps name="def"/><temps name="in"><temp name="T14"/><temp name="T791"/></temps><temps name="out"><temp name="T14"/></temps></instruction><instruction code="L77"><temps name="use"/><temps name="def"/><temps name="in"><temp name="T14"/></temps><temps name="out"><temp name="T14"/></temps></instruction><instruction code="SET T258,T14"><temps name="use"><temp name="T14"/></temps><temps name="def"><temp name="T258"/></temps><temps name="in"><temp name="T14"/></temps><temps name="out"><temp name="T14"/><temp name="T258"/></temps></instruction><instruction code="SETL T259,40"><temps name="use"/><temps name="def"><temp name="T259"/></temps><temps name="in"><temp name="T14"/><temp name="T258"/></temps><temps name="out"><temp name="T259"/><temp name="T14"/><temp name="T258"/></temps></instruction><instruction code="NEG  T259,T259"><temps name="use"><temp name="T259"/></temps><temps name="def"><temp name="T259"/></temps><temps name="in"><temp name="T259"/><temp name="T14"/><temp name="T258"/></temps><temps name="out"><temp name="T259"/><temp name="T14"/><temp name="T258"/></temps></instruction><instruction code="ADD T260,T258,T259"><temps name="use"><temp name="T258"/><temp name="T259"/></temps><temps name="def"><temp name="T260"/></temps><temps name="in"><temp name="T259"/><temp name="T14"/><temp name="T258"/></temps><temps name="out"><temp name="T14"/><temp name="T260"/></temps></instruction><instruction code="SETL T261,0"><temps name="use"/><temps name="def"><temp name="T261"/></temps><temps name="in"><temp name="T14"/><temp name="T260"/></temps><temps name="out"><temp name="T261"/><temp name="T14"/><temp name="T260"/></temps></instruction><instruction code="STO T261,T260,0"><temps name="use"><temp name="T261"/><temp name="T260"/></temps><temps name="def"/><temps name="in"><temp name="T261"/><temp name="T14"/><temp name="T260"/></temps><temps name="out"><temp name="T14"/></temps></instruction><instruction code="SET T262,T14"><temps name="use"><temp name="T14"/></temps><temps name="def"><temp name="T262"/></temps><temps name="in"><temp name="T14"/></temps><temps name="out"><temp name="T262"/><temp name="T14"/></temps></instruction><instruction code="SETL T263,24"><temps name="use"/><temps name="def"><temp name="T263"/></temps><temps name="in"><temp name="T262"/><temp name="T14"/></temps><temps name="out"><temp name="T262"/><temp name="T14"/><temp name="T263"/></temps></instruction><instruction code="NEG  T263,T263"><temps name="use"><temp name="T263"/></temps><temps name="def"><temp name="T263"/></temps><temps name="in"><temp name="T262"/><temp name="T14"/><temp name="T263"/></temps><temps name="out"><temp name="T262"/><temp name="T14"/><temp name="T263"/></temps></instruction><instruction code="ADD T264,T262,T263"><temps name="use"><temp name="T262"/><temp name="T263"/></temps><temps name="def"><temp name="T264"/></temps><temps name="in"><temp name="T262"/><temp name="T14"/><temp name="T263"/></temps><temps name="out"><temp name="T264"/><temp name="T14"/></temps></instruction><instruction code="SETL T265,0"><temps name="use"/><temps name="def"><temp name="T265"/></temps><temps name="in"><temp name="T264"/><temp name="T14"/></temps><temps name="out"><temp name="T264"/><temp name="T265"/><temp name="T14"/></temps></instruction><instruction code="STO T265,T264,0"><temps name="use"><temp name="T265"/><temp name="T264"/></temps><temps name="def"/><temps name="in"><temp name="T264"/><temp name="T265"/><temp name="T14"/></temps><temps name="out"><temp name="T14"/></temps></instruction><instruction code="JMP L46"><temps name="use"/><temps name="def"/><temps name="in"><temp name="T14"/></temps><temps name="out"><temp name="T14"/></temps></instruction><instruction code="L49"><temps name="use"/><temps name="def"/><temps name="in"><temp name="T14"/></temps><temps name="out"><temp name="T14"/></temps></instruction><instruction code="LDA T807,L2"><temps name="use"/><temps name="def"><temp name="T807"/></temps><temps name="in"><temp name="T14"/></temps><temps name="out"><temp name="T807"/><temp name="T14"/></temps></instruction><instruction code="STO T807,$254,8"><temps name="use"><temp name="T807"/></temps><temps name="def"/><temps name="in"><temp name="T807"/><temp name="T14"/></temps><temps name="out"><temp name="T14"/></temps></instruction><instruction code="LDO T807,T14,0"><temps name="use"><temp name="T14"/></temps><temps name="def"><temp name="T807"/></temps><temps name="in"><temp name="T14"/></temps><temps name="out"><temp name="T807"/><temp name="T14"/></temps></instruction><instruction code="LDO T807,T807,0"><temps name="use"><temp name="T807"/></temps><temps name="def"><temp name="T807"/></temps><temps name="in"><temp name="T807"/><temp name="T14"/></temps><temps name="out"><temp name="T807"/><temp name="T14"/></temps></instruction><instruction code="STO T807,$254,0"><temps name="use"><temp name="T807"/></temps><temps name="def"/><temps name="in"><temp name="T807"/><temp name="T14"/></temps><temps name="out"><temp name="T14"/></temps></instruction><instruction code="PUSHJ $100,_putString"><temps name="use"/><temps name="def"/><temps name="in"><temp name="T14"/></temps><temps name="out"><temp name="T14"/></temps></instruction><instruction code="LDO T807,$254,0"><temps name="use"/><temps name="def"><temp name="T807"/></temps><temps name="in"><temp name="T14"/></temps><temps name="out"><temp name="T14"/></temps></instruction><instruction code="SETL T190,10"><temps name="use"/><temps name="def"><temp name="T190"/></temps><temps name="in"><temp name="T14"/></temps><temps name="out"><temp name="T190"/><temp name="T14"/></temps></instruction><instruction code="SETL T191,256"><temps name="use"/><temps name="def"><temp name="T191"/></temps><temps name="in"><temp name="T190"/><temp name="T14"/></temps><temps name="out"><temp name="T190"/><temp name="T14"/><temp name="T191"/></temps></instruction><instruction code="DIV T810,T190,T191"><temps name="use"><temp name="T190"/><temp name="T191"/></temps><temps name="def"><temp name="T810"/></temps><temps name="in"><temp name="T190"/><temp name="T14"/><temp name="T191"/></temps><temps name="out"><temp name="T14"/></temps></instruction><instruction code="GET T810,rR"><temps name="use"/><temps name="def"><temp name="T810"/></temps><temps name="in"><temp name="T14"/></temps><temps name="out"><temp name="T810"/><temp name="T14"/></temps></instruction><instruction code="STO T810,$254,8"><temps name="use"><temp name="T810"/></temps><temps name="def"/><temps name="in"><temp name="T810"/><temp name="T14"/></temps><temps name="out"><temp name="T14"/></temps></instruction><instruction code="LDO T810,T14,0"><temps name="use"><temp name="T14"/></temps><temps name="def"><temp name="T810"/></temps><temps name="in"><temp name="T14"/></temps><temps name="out"><temp name="T810"/><temp name="T14"/></temps></instruction><instruction code="LDO T810,T810,0"><temps name="use"><temp name="T810"/></temps><temps name="def"><temp name="T810"/></temps><temps name="in"><temp name="T810"/><temp name="T14"/></temps><temps name="out"><temp name="T810"/><temp name="T14"/></temps></instruction><instruction code="STO T810,$254,0"><temps name="use"><temp name="T810"/></temps><temps name="def"/><temps name="in"><temp name="T810"/><temp name="T14"/></temps><temps name="out"><temp name="T14"/></temps></instruction><instruction code="PUSHJ $100,_putChar"><temps name="use"/><temps name="def"/><temps name="in"><temp name="T14"/></temps><temps name="out"><temp name="T14"/></temps></instruction><instruction code="LDO T810,$254,0"><temps name="use"/><temps name="def"><temp name="T810"/></temps><temps name="in"><temp name="T14"/></temps><temps name="out"><temp name="T14"/></temps></instruction><instruction code="SET T192,T14"><temps name="use"><temp name="T14"/></temps><temps name="def"><temp name="T192"/></temps><temps name="in"><temp name="T14"/></temps><temps name="out"><temp name="T192"/><temp name="T14"/></temps></instruction><instruction code="SETL T193,24"><temps name="use"/><temps name="def"><temp name="T193"/></temps><temps name="in"><temp name="T192"/><temp name="T14"/></temps><temps name="out"><temp name="T192"/><temp name="T193"/><temp name="T14"/></temps></instruction><instruction code="NEG  T193,T193"><temps name="use"><temp name="T193"/></temps><temps name="def"><temp name="T193"/></temps><temps name="in"><temp name="T192"/><temp name="T193"/><temp name="T14"/></temps><temps name="out"><temp name="T192"/><temp name="T193"/><temp name="T14"/></temps></instruction><instruction code="ADD T194,T192,T193"><temps name="use"><temp name="T192"/><temp name="T193"/></temps><temps name="def"><temp name="T194"/></temps><temps name="in"><temp name="T192"/><temp name="T193"/><temp name="T14"/></temps><temps name="out"><temp name="T194"/><temp name="T14"/></temps></instruction><instruction code="SETL T195,0"><temps name="use"/><temps name="def"><temp name="T195"/></temps><temps name="in"><temp name="T194"/><temp name="T14"/></temps><temps name="out"><temp name="T194"/><temp name="T14"/><temp name="T195"/></temps></instruction><instruction code="STO T195,T194,0"><temps name="use"><temp name="T195"/><temp name="T194"/></temps><temps name="def"/><temps name="in"><temp name="T194"/><temp name="T14"/><temp name="T195"/></temps><temps name="out"><temp name="T14"/></temps></instruction><instruction code="JMP L37"><temps name="use"/><temps name="def"/><temps name="in"><temp name="T14"/></temps><temps name="out"><temp name="T14"/></temps></instruction><instruction code="L37"><temps name="use"/><temps name="def"/><temps name="in"><temp name="T14"/></temps><temps name="out"><temp name="T14"/></temps></instruction><instruction code="SET T196,T14"><temps name="use"><temp name="T14"/></temps><temps name="def"><temp name="T196"/></temps><temps name="in"><temp name="T14"/></temps><temps name="out"><temp name="T196"/><temp name="T14"/></temps></instruction><instruction code="SETL T197,24"><temps name="use"/><temps name="def"><temp name="T197"/></temps><temps name="in"><temp name="T196"/><temp name="T14"/></temps><temps name="out"><temp name="T196"/><temp name="T197"/><temp name="T14"/></temps></instruction><instruction code="NEG  T197,T197"><temps name="use"><temp name="T197"/></temps><temps name="def"><temp name="T197"/></temps><temps name="in"><temp name="T196"/><temp name="T197"/><temp name="T14"/></temps><temps name="out"><temp name="T196"/><temp name="T197"/><temp name="T14"/></temps></instruction><instruction code="ADD T198,T196,T197"><temps name="use"><temp name="T196"/><temp name="T197"/></temps><temps name="def"><temp name="T198"/></temps><temps name="in"><temp name="T196"/><temp name="T197"/><temp name="T14"/></temps><temps name="out"><temp name="T198"/><temp name="T14"/></temps></instruction><instruction code="LDO T198,T198,0"><temps name="use"><temp name="T198"/></temps><temps name="def"><temp name="T198"/></temps><temps name="in"><temp name="T198"/><temp name="T14"/></temps><temps name="out"><temp name="T198"/><temp name="T14"/></temps></instruction><instruction code="LDO T199,T14,0"><temps name="use"><temp name="T14"/></temps><temps name="def"><temp name="T199"/></temps><temps name="in"><temp name="T198"/><temp name="T14"/></temps><temps name="out"><temp name="T198"/><temp name="T199"/><temp name="T14"/></temps></instruction><instruction code="SETL T200,8"><temps name="use"/><temps name="def"><temp name="T200"/></temps><temps name="in"><temp name="T198"/><temp name="T199"/><temp name="T14"/></temps><temps name="out"><temp name="T198"/><temp name="T199"/><temp name="T200"/><temp name="T14"/></temps></instruction><instruction code="NEG  T200,T200"><temps name="use"><temp name="T200"/></temps><temps name="def"><temp name="T200"/></temps><temps name="in"><temp name="T198"/><temp name="T199"/><temp name="T200"/><temp name="T14"/></temps><temps name="out"><temp name="T198"/><temp name="T199"/><temp name="T200"/><temp name="T14"/></temps></instruction><instruction code="ADD T201,T199,T200"><temps name="use"><temp name="T199"/><temp name="T200"/></temps><temps name="def"><temp name="T201"/></temps><temps name="in"><temp name="T198"/><temp name="T199"/><temp name="T200"/><temp name="T14"/></temps><temps name="out"><temp name="T198"/><temp name="T14"/><temp name="T201"/></temps></instruction><instruction code="LDO T201,T201,0"><temps name="use"><temp name="T201"/></temps><temps name="def"><temp name="T201"/></temps><temps name="in"><temp name="T198"/><temp name="T14"/><temp name="T201"/></temps><temps name="out"><temp name="T198"/><temp name="T14"/><temp name="T201"/></temps></instruction><instruction code="CMP T826,T198,T201"><temps name="use"><temp name="T198"/><temp name="T201"/></temps><temps name="def"><temp name="T826"/></temps><temps name="in"><temp name="T198"/><temp name="T14"/><temp name="T201"/></temps><temps name="out"><temp name="T14"/><temp name="T826"/></temps></instruction><instruction code="ZSN T825,T826,1"><temps name="use"><temp name="T826"/></temps><temps name="def"><temp name="T825"/></temps><temps name="in"><temp name="T14"/><temp name="T826"/></temps><temps name="out"><temp name="T825"/><temp name="T14"/></temps></instruction><instruction code="BNZ T825,L38"><temps name="use"><temp name="T825"/></temps><temps name="def"/><temps name="in"><temp name="T825"/><temp name="T14"/></temps><temps name="out"><temp name="T14"/></temps></instruction><instruction code="L78"><temps name="use"/><temps name="def"/><temps name="in"><temp name="T14"/></temps><temps name="out"><temp name="T14"/></temps></instruction><instruction code="SETL T252,10"><temps name="use"/><temps name="def"><temp name="T252"/></temps><temps name="in"><temp name="T14"/></temps><temps name="out"><temp name="T252"/><temp name="T14"/></temps></instruction><instruction code="SETL T253,256"><temps name="use"/><temps name="def"><temp name="T253"/></temps><temps name="in"><temp name="T252"/><temp name="T14"/></temps><temps name="out"><temp name="T253"/><temp name="T252"/><temp name="T14"/></temps></instruction><instruction code="DIV T829,T252,T253"><temps name="use"><temp name="T252"/><temp name="T253"/></temps><temps name="def"><temp name="T829"/></temps><temps name="in"><temp name="T253"/><temp name="T252"/><temp name="T14"/></temps><temps name="out"><temp name="T14"/></temps></instruction><instruction code="GET T829,rR"><temps name="use"/><temps name="def"><temp name="T829"/></temps><temps name="in"><temp name="T14"/></temps><temps name="out"><temp name="T829"/><temp name="T14"/></temps></instruction><instruction code="STO T829,$254,8"><temps name="use"><temp name="T829"/></temps><temps name="def"/><temps name="in"><temp name="T829"/><temp name="T14"/></temps><temps name="out"><temp name="T14"/></temps></instruction><instruction code="LDO T829,T14,0"><temps name="use"><temp name="T14"/></temps><temps name="def"><temp name="T829"/></temps><temps name="in"><temp name="T14"/></temps><temps name="out"><temp name="T829"/><temp name="T14"/></temps></instruction><instruction code="LDO T829,T829,0"><temps name="use"><temp name="T829"/></temps><temps name="def"><temp name="T829"/></temps><temps name="in"><temp name="T829"/><temp name="T14"/></temps><temps name="out"><temp name="T829"/><temp name="T14"/></temps></instruction><instruction code="STO T829,$254,0"><temps name="use"><temp name="T829"/></temps><temps name="def"/><temps name="in"><temp name="T829"/><temp name="T14"/></temps><temps name="out"><temp name="T14"/></temps></instruction><instruction code="PUSHJ $100,_putChar"><temps name="use"/><temps name="def"/><temps name="in"><temp name="T14"/></temps><temps name="out"><temp name="T14"/></temps></instruction><instruction code="LDO T829,$254,0"><temps name="use"/><temps name="def"><temp name="T829"/></temps><temps name="in"><temp name="T14"/></temps><temps name="out"><temp name="T14"/></temps></instruction><instruction code="SET T254,T14"><temps name="use"><temp name="T14"/></temps><temps name="def"><temp name="T254"/></temps><temps name="in"><temp name="T14"/></temps><temps name="out"><temp name="T254"/><temp name="T14"/></temps></instruction><instruction code="SETL T255,40"><temps name="use"/><temps name="def"><temp name="T255"/></temps><temps name="in"><temp name="T254"/><temp name="T14"/></temps><temps name="out"><temp name="T255"/><temp name="T254"/><temp name="T14"/></temps></instruction><instruction code="NEG  T255,T255"><temps name="use"><temp name="T255"/></temps><temps name="def"><temp name="T255"/></temps><temps name="in"><temp name="T255"/><temp name="T254"/><temp name="T14"/></temps><temps name="out"><temp name="T255"/><temp name="T254"/><temp name="T14"/></temps></instruction><instruction code="ADD T256,T254,T255"><temps name="use"><temp name="T254"/><temp name="T255"/></temps><temps name="def"><temp name="T256"/></temps><temps name="in"><temp name="T255"/><temp name="T254"/><temp name="T14"/></temps><temps name="out"><temp name="T256"/><temp name="T14"/></temps></instruction><instruction code="SETL T257,1"><temps name="use"/><temps name="def"><temp name="T257"/></temps><temps name="in"><temp name="T256"/><temp name="T14"/></temps><temps name="out"><temp name="T257"/><temp name="T256"/><temp name="T14"/></temps></instruction><instruction code="STO T257,T256,0"><temps name="use"><temp name="T257"/><temp name="T256"/></temps><temps name="def"/><temps name="in"><temp name="T257"/><temp name="T256"/><temp name="T14"/></temps><temps name="out"><temp name="T14"/></temps></instruction><instruction code="SETL T837,0"><temps name="use"/><temps name="def"><temp name="T837"/></temps><temps name="in"><temp name="T14"/></temps><temps name="out"><temp name="T14"/></temps></instruction><instruction code="JMP L51"><temps name="use"/><temps name="def"/><temps name="in"><temp name="T14"/></temps><temps name="out"><temp name="T14"/></temps></instruction><instruction code="L38"><temps name="use"/><temps name="def"/><temps name="in"><temp name="T14"/></temps><temps name="out"><temp name="T14"/></temps></instruction><instruction code="SET T202,T14"><temps name="use"><temp name="T14"/></temps><temps name="def"><temp name="T202"/></temps><temps name="in"><temp name="T14"/></temps><temps name="out"><temp name="T202"/><temp name="T14"/></temps></instruction><instruction code="SETL T203,8"><temps name="use"/><temps name="def"><temp name="T203"/></temps><temps name="in"><temp name="T202"/><temp name="T14"/></temps><temps name="out"><temp name="T202"/><temp name="T14"/><temp name="T203"/></temps></instruction><instruction code="ADD T204,T202,T203"><temps name="use"><temp name="T202"/><temp name="T203"/></temps><temps name="def"><temp name="T204"/></temps><temps name="in"><temp name="T202"/><temp name="T14"/><temp name="T203"/></temps><temps name="out"><temp name="T14"/><temp name="T204"/></temps></instruction><instruction code="SETL T205,0"><temps name="use"/><temps name="def"><temp name="T205"/></temps><temps name="in"><temp name="T14"/><temp name="T204"/></temps><temps name="out"><temp name="T205"/><temp name="T14"/><temp name="T204"/></temps></instruction><instruction code="STO T205,T204,0"><temps name="use"><temp name="T205"/><temp name="T204"/></temps><temps name="def"/><temps name="in"><temp name="T205"/><temp name="T14"/><temp name="T204"/></temps><temps name="out"><temp name="T14"/></temps></instruction><instruction code="JMP L34"><temps name="use"/><temps name="def"/><temps name="in"><temp name="T14"/></temps><temps name="out"><temp name="T14"/></temps></instruction><instruction code="L34"><temps name="use"/><temps name="def"/><temps name="in"><temp name="T14"/></temps><temps name="out"><temp name="T14"/></temps></instruction><instruction code="SET T206,T14"><temps name="use"><temp name="T14"/></temps><temps name="def"><temp name="T206"/></temps><temps name="in"><temp name="T14"/></temps><temps name="out"><temp name="T206"/><temp name="T14"/></temps></instruction><instruction code="SETL T207,8"><temps name="use"/><temps name="def"><temp name="T207"/></temps><temps name="in"><temp name="T206"/><temp name="T14"/></temps><temps name="out"><temp name="T206"/><temp name="T207"/><temp name="T14"/></temps></instruction><instruction code="ADD T208,T206,T207"><temps name="use"><temp name="T206"/><temp name="T207"/></temps><temps name="def"><temp name="T208"/></temps><temps name="in"><temp name="T206"/><temp name="T207"/><temp name="T14"/></temps><temps name="out"><temp name="T208"/><temp name="T14"/></temps></instruction><instruction code="LDO T208,T208,0"><temps name="use"><temp name="T208"/></temps><temps name="def"><temp name="T208"/></temps><temps name="in"><temp name="T208"/><temp name="T14"/></temps><temps name="out"><temp name="T208"/><temp name="T14"/></temps></instruction><instruction code="LDO T209,T14,0"><temps name="use"><temp name="T14"/></temps><temps name="def"><temp name="T209"/></temps><temps name="in"><temp name="T208"/><temp name="T14"/></temps><temps name="out"><temp name="T208"/><temp name="T209"/><temp name="T14"/></temps></instruction><instruction code="SETL T210,8"><temps name="use"/><temps name="def"><temp name="T210"/></temps><temps name="in"><temp name="T208"/><temp name="T209"/><temp name="T14"/></temps><temps name="out"><temp name="T208"/><temp name="T209"/><temp name="T14"/><temp name="T210"/></temps></instruction><instruction code="NEG  T210,T210"><temps name="use"><temp name="T210"/></temps><temps name="def"><temp name="T210"/></temps><temps name="in"><temp name="T208"/><temp name="T209"/><temp name="T14"/><temp name="T210"/></temps><temps name="out"><temp name="T208"/><temp name="T209"/><temp name="T14"/><temp name="T210"/></temps></instruction><instruction code="ADD T211,T209,T210"><temps name="use"><temp name="T209"/><temp name="T210"/></temps><temps name="def"><temp name="T211"/></temps><temps name="in"><temp name="T208"/><temp name="T209"/><temp name="T14"/><temp name="T210"/></temps><temps name="out"><temp name="T208"/><temp name="T211"/><temp name="T14"/></temps></instruction><instruction code="LDO T211,T211,0"><temps name="use"><temp name="T211"/></temps><temps name="def"><temp name="T211"/></temps><temps name="in"><temp name="T208"/><temp name="T211"/><temp name="T14"/></temps><temps name="out"><temp name="T208"/><temp name="T211"/><temp name="T14"/></temps></instruction><instruction code="CMP T853,T208,T211"><temps name="use"><temp name="T208"/><temp name="T211"/></temps><temps name="def"><temp name="T853"/></temps><temps name="in"><temp name="T208"/><temp name="T211"/><temp name="T14"/></temps><temps name="out"><temp name="T853"/><temp name="T14"/></temps></instruction><instruction code="ZSN T852,T853,1"><temps name="use"><temp name="T853"/></temps><temps name="def"><temp name="T852"/></temps><temps name="in"><temp name="T853"/><temp name="T14"/></temps><temps name="out"><temp name="T852"/><temp name="T14"/></temps></instruction><instruction code="BNZ T852,L35"><temps name="use"><temp name="T852"/></temps><temps name="def"/><temps name="in"><temp name="T852"/><temp name="T14"/></temps><temps name="out"><temp name="T14"/></temps></instruction><instruction code="L79"><temps name="use"/><temps name="def"/><temps name="in"><temp name="T14"/></temps><temps name="out"><temp name="T14"/></temps></instruction><instruction code="SETL T242,10"><temps name="use"/><temps name="def"><temp name="T242"/></temps><temps name="in"><temp name="T14"/></temps><temps name="out"><temp name="T14"/><temp name="T242"/></temps></instruction><instruction code="SETL T243,256"><temps name="use"/><temps name="def"><temp name="T243"/></temps><temps name="in"><temp name="T14"/><temp name="T242"/></temps><temps name="out"><temp name="T14"/><temp name="T242"/><temp name="T243"/></temps></instruction><instruction code="DIV T856,T242,T243"><temps name="use"><temp name="T242"/><temp name="T243"/></temps><temps name="def"><temp name="T856"/></temps><temps name="in"><temp name="T14"/><temp name="T242"/><temp name="T243"/></temps><temps name="out"><temp name="T14"/></temps></instruction><instruction code="GET T856,rR"><temps name="use"/><temps name="def"><temp name="T856"/></temps><temps name="in"><temp name="T14"/></temps><temps name="out"><temp name="T14"/><temp name="T856"/></temps></instruction><instruction code="STO T856,$254,8"><temps name="use"><temp name="T856"/></temps><temps name="def"/><temps name="in"><temp name="T14"/><temp name="T856"/></temps><temps name="out"><temp name="T14"/></temps></instruction><instruction code="LDO T856,T14,0"><temps name="use"><temp name="T14"/></temps><temps name="def"><temp name="T856"/></temps><temps name="in"><temp name="T14"/></temps><temps name="out"><temp name="T14"/><temp name="T856"/></temps></instruction><instruction code="LDO T856,T856,0"><temps name="use"><temp name="T856"/></temps><temps name="def"><temp name="T856"/></temps><temps name="in"><temp name="T14"/><temp name="T856"/></temps><temps name="out"><temp name="T14"/><temp name="T856"/></temps></instruction><instruction code="STO T856,$254,0"><temps name="use"><temp name="T856"/></temps><temps name="def"/><temps name="in"><temp name="T14"/><temp name="T856"/></temps><temps name="out"><temp name="T14"/></temps></instruction><instruction code="PUSHJ $100,_putChar"><temps name="use"/><temps name="def"/><temps name="in"><temp name="T14"/></temps><temps name="out"><temp name="T14"/></temps></instruction><instruction code="LDO T856,$254,0"><temps name="use"/><temps name="def"><temp name="T856"/></temps><temps name="in"><temp name="T14"/></temps><temps name="out"><temp name="T14"/></temps></instruction><instruction code="SET T244,T14"><temps name="use"><temp name="T14"/></temps><temps name="def"><temp name="T244"/></temps><temps name="in"><temp name="T14"/></temps><temps name="out"><temp name="T244"/><temp name="T14"/></temps></instruction><instruction code="SETL T245,24"><temps name="use"/><temps name="def"><temp name="T245"/></temps><temps name="in"><temp name="T244"/><temp name="T14"/></temps><temps name="out"><temp name="T244"/><temp name="T14"/><temp name="T245"/></temps></instruction><instruction code="NEG  T245,T245"><temps name="use"><temp name="T245"/></temps><temps name="def"><temp name="T245"/></temps><temps name="in"><temp name="T244"/><temp name="T14"/><temp name="T245"/></temps><temps name="out"><temp name="T244"/><temp name="T14"/><temp name="T245"/></temps></instruction><instruction code="ADD T246,T244,T245"><temps name="use"><temp name="T244"/><temp name="T245"/></temps><temps name="def"><temp name="T246"/></temps><temps name="in"><temp name="T244"/><temp name="T14"/><temp name="T245"/></temps><temps name="out"><temp name="T246"/><temp name="T14"/></temps></instruction><instruction code="SET T247,T14"><temps name="use"><temp name="T14"/></temps><temps name="def"><temp name="T247"/></temps><temps name="in"><temp name="T246"/><temp name="T14"/></temps><temps name="out"><temp name="T246"/><temp name="T247"/><temp name="T14"/></temps></instruction><instruction code="SETL T248,24"><temps name="use"/><temps name="def"><temp name="T248"/></temps><temps name="in"><temp name="T246"/><temp name="T247"/><temp name="T14"/></temps><temps name="out"><temp name="T246"/><temp name="T247"/><temp name="T14"/><temp name="T248"/></temps></instruction><instruction code="NEG  T248,T248"><temps name="use"><temp name="T248"/></temps><temps name="def"><temp name="T248"/></temps><temps name="in"><temp name="T246"/><temp name="T247"/><temp name="T14"/><temp name="T248"/></temps><temps name="out"><temp name="T246"/><temp name="T247"/><temp name="T14"/><temp name="T248"/></temps></instruction><instruction code="ADD T249,T247,T248"><temps name="use"><temp name="T247"/><temp name="T248"/></temps><temps name="def"><temp name="T249"/></temps><temps name="in"><temp name="T246"/><temp name="T247"/><temp name="T14"/><temp name="T248"/></temps><temps name="out"><temp name="T246"/><temp name="T14"/><temp name="T249"/></temps></instruction><instruction code="LDO T249,T249,0"><temps name="use"><temp name="T249"/></temps><temps name="def"><temp name="T249"/></temps><temps name="in"><temp name="T246"/><temp name="T14"/><temp name="T249"/></temps><temps name="out"><temp name="T246"/><temp name="T14"/><temp name="T249"/></temps></instruction><instruction code="SETL T250,1"><temps name="use"/><temps name="def"><temp name="T250"/></temps><temps name="in"><temp name="T246"/><temp name="T14"/><temp name="T249"/></temps><temps name="out"><temp name="T250"/><temp name="T246"/><temp name="T14"/><temp name="T249"/></temps></instruction><instruction code="ADD T251,T249,T250"><temps name="use"><temp name="T249"/><temp name="T250"/></temps><temps name="def"><temp name="T251"/></temps><temps name="in"><temp name="T250"/><temp name="T246"/><temp name="T14"/><temp name="T249"/></temps><temps name="out"><temp name="T246"/><temp name="T14"/><temp name="T251"/></temps></instruction><instruction code="STO T251,T246,0"><temps name="use"><temp name="T251"/><temp name="T246"/></temps><temps name="def"/><temps name="in"><temp name="T246"/><temp name="T14"/><temp name="T251"/></temps><temps name="out"><temp name="T14"/></temps></instruction><instruction code="SETL T869,0"><temps name="use"/><temps name="def"><temp name="T869"/></temps><temps name="in"><temp name="T14"/></temps><temps name="out"><temp name="T14"/></temps></instruction><instruction code="JMP L37"><temps name="use"/><temps name="def"/><temps name="in"><temp name="T14"/></temps><temps name="out"><temp name="T14"/></temps></instruction><instruction code="L35"><temps name="use"/><temps name="def"/><temps name="in"><temp name="T14"/></temps><temps name="out"><temp name="T14"/></temps></instruction><instruction code="LDO T212,T14,0"><temps name="use"><temp name="T14"/></temps><temps name="def"><temp name="T212"/></temps><temps name="in"><temp name="T14"/></temps><temps name="out"><temp name="T212"/><temp name="T14"/></temps></instruction><instruction code="SETL T213,264"><temps name="use"/><temps name="def"><temp name="T213"/></temps><temps name="in"><temp name="T212"/><temp name="T14"/></temps><temps name="out"><temp name="T212"/><temp name="T213"/><temp name="T14"/></temps></instruction><instruction code="NEG  T213,T213"><temps name="use"><temp name="T213"/></temps><temps name="def"><temp name="T213"/></temps><temps name="in"><temp name="T212"/><temp name="T213"/><temp name="T14"/></temps><temps name="out"><temp name="T212"/><temp name="T213"/><temp name="T14"/></temps></instruction><instruction code="ADD T214,T212,T213"><temps name="use"><temp name="T212"/><temp name="T213"/></temps><temps name="def"><temp name="T214"/></temps><temps name="in"><temp name="T212"/><temp name="T213"/><temp name="T14"/></temps><temps name="out"><temp name="T14"/><temp name="T214"/></temps></instruction><instruction code="SET T215,T14"><temps name="use"><temp name="T14"/></temps><temps name="def"><temp name="T215"/></temps><temps name="in"><temp name="T14"/><temp name="T214"/></temps><temps name="out"><temp name="T215"/><temp name="T14"/><temp name="T214"/></temps></instruction><instruction code="SETL T216,8"><temps name="use"/><temps name="def"><temp name="T216"/></temps><temps name="in"><temp name="T215"/><temp name="T14"/><temp name="T214"/></temps><temps name="out"><temp name="T215"/><temp name="T14"/><temp name="T216"/><temp name="T214"/></temps></instruction><instruction code="ADD T217,T215,T216"><temps name="use"><temp name="T215"/><temp name="T216"/></temps><temps name="def"><temp name="T217"/></temps><temps name="in"><temp name="T215"/><temp name="T14"/><temp name="T216"/><temp name="T214"/></temps><temps name="out"><temp name="T217"/><temp name="T14"/><temp name="T214"/></temps></instruction><instruction code="LDO T217,T217,0"><temps name="use"><temp name="T217"/></temps><temps name="def"><temp name="T217"/></temps><temps name="in"><temp name="T217"/><temp name="T14"/><temp name="T214"/></temps><temps name="out"><temp name="T217"/><temp name="T14"/><temp name="T214"/></temps></instruction><instruction code="SETL T218,8"><temps name="use"/><temps name="def"><temp name="T218"/></temps><temps name="in"><temp name="T217"/><temp name="T14"/><temp name="T214"/></temps><temps name="out"><temp name="T217"/><temp name="T14"/><temp name="T214"/><temp name="T218"/></temps></instruction><instruction code="MUL T219,T217,T218"><temps name="use"><temp name="T217"/><temp name="T218"/></temps><temps name="def"><temp name="T219"/></temps><temps name="in"><temp name="T217"/><temp name="T14"/><temp name="T214"/><temp name="T218"/></temps><temps name="out"><temp name="T14"/><temp name="T219"/><temp name="T214"/></temps></instruction><instruction code="ADD T220,T214,T219"><temps name="use"><temp name="T214"/><temp name="T219"/></temps><temps name="def"><temp name="T220"/></temps><temps name="in"><temp name="T14"/><temp name="T219"/><temp name="T214"/></temps><temps name="out"><temp name="T14"/><temp name="T220"/></temps></instruction><instruction code="LDO T220,T220,0"><temps name="use"><temp name="T220"/></temps><temps name="def"><temp name="T220"/></temps><temps name="in"><temp name="T14"/><temp name="T220"/></temps><temps name="out"><temp name="T14"/><temp name="T220"/></temps></instruction><instruction code="SET T221,T14"><temps name="use"><temp name="T14"/></temps><temps name="def"><temp name="T221"/></temps><temps name="in"><temp name="T14"/><temp name="T220"/></temps><temps name="out"><temp name="T14"/><temp name="T220"/><temp name="T221"/></temps></instruction><instruction code="SETL T222,24"><temps name="use"/><temps name="def"><temp name="T222"/></temps><temps name="in"><temp name="T14"/><temp name="T220"/><temp name="T221"/></temps><temps name="out"><temp name="T222"/><temp name="T14"/><temp name="T220"/><temp name="T221"/></temps></instruction><instruction code="NEG  T222,T222"><temps name="use"><temp name="T222"/></temps><temps name="def"><temp name="T222"/></temps><temps name="in"><temp name="T222"/><temp name="T14"/><temp name="T220"/><temp name="T221"/></temps><temps name="out"><temp name="T222"/><temp name="T14"/><temp name="T220"/><temp name="T221"/></temps></instruction><instruction code="ADD T223,T221,T222"><temps name="use"><temp name="T221"/><temp name="T222"/></temps><temps name="def"><temp name="T223"/></temps><temps name="in"><temp name="T222"/><temp name="T14"/><temp name="T220"/><temp name="T221"/></temps><temps name="out"><temp name="T14"/><temp name="T220"/><temp name="T223"/></temps></instruction><instruction code="LDO T223,T223,0"><temps name="use"><temp name="T223"/></temps><temps name="def"><temp name="T223"/></temps><temps name="in"><temp name="T14"/><temp name="T220"/><temp name="T223"/></temps><temps name="out"><temp name="T14"/><temp name="T220"/><temp name="T223"/></temps></instruction><instruction code="CMP T885,T220,T223"><temps name="use"><temp name="T220"/><temp name="T223"/></temps><temps name="def"><temp name="T885"/></temps><temps name="in"><temp name="T14"/><temp name="T220"/><temp name="T223"/></temps><temps name="out"><temp name="T885"/><temp name="T14"/></temps></instruction><instruction code="ZSZ T884,T885,1"><temps name="use"><temp name="T885"/></temps><temps name="def"><temp name="T884"/></temps><temps name="in"><temp name="T885"/><temp name="T14"/></temps><temps name="out"><temp name="T884"/><temp name="T14"/></temps></instruction><instruction code="BNZ T884,L31"><temps name="use"><temp name="T884"/></temps><temps name="def"/><temps name="in"><temp name="T884"/><temp name="T14"/></temps><temps name="out"><temp name="T14"/></temps></instruction><instruction code="L80"><temps name="use"/><temps name="def"/><temps name="in"><temp name="T14"/></temps><temps name="out"><temp name="T14"/></temps></instruction><instruction code="SET T228,T14"><temps name="use"><temp name="T14"/></temps><temps name="def"><temp name="T228"/></temps><temps name="in"><temp name="T14"/></temps><temps name="out"><temp name="T14"/><temp name="T228"/></temps></instruction><instruction code="SETL T229,8"><temps name="use"/><temps name="def"><temp name="T229"/></temps><temps name="in"><temp name="T14"/><temp name="T228"/></temps><temps name="out"><temp name="T229"/><temp name="T14"/><temp name="T228"/></temps></instruction><instruction code="NEG  T229,T229"><temps name="use"><temp name="T229"/></temps><temps name="def"><temp name="T229"/></temps><temps name="in"><temp name="T229"/><temp name="T14"/><temp name="T228"/></temps><temps name="out"><temp name="T229"/><temp name="T14"/><temp name="T228"/></temps></instruction><instruction code="ADD T230,T228,T229"><temps name="use"><temp name="T228"/><temp name="T229"/></temps><temps name="def"><temp name="T230"/></temps><temps name="in"><temp name="T229"/><temp name="T14"/><temp name="T228"/></temps><temps name="out"><temp name="T14"/><temp name="T230"/></temps></instruction><instruction code="SETL T231,46"><temps name="use"/><temps name="def"><temp name="T231"/></temps><temps name="in"><temp name="T14"/><temp name="T230"/></temps><temps name="out"><temp name="T231"/><temp name="T14"/><temp name="T230"/></temps></instruction><instruction code="STO T231,T230,0"><temps name="use"><temp name="T231"/><temp name="T230"/></temps><temps name="def"/><temps name="in"><temp name="T231"/><temp name="T14"/><temp name="T230"/></temps><temps name="out"><temp name="T14"/></temps></instruction><instruction code="JMP L33"><temps name="use"/><temps name="def"/><temps name="in"><temp name="T14"/></temps><temps name="out"><temp name="T14"/></temps></instruction><instruction code="L31"><temps name="use"/><temps name="def"/><temps name="in"><temp name="T14"/></temps><temps name="out"><temp name="T14"/></temps></instruction><instruction code="SET T224,T14"><temps name="use"><temp name="T14"/></temps><temps name="def"><temp name="T224"/></temps><temps name="in"><temp name="T14"/></temps><temps name="out"><temp name="T14"/><temp name="T224"/></temps></instruction><instruction code="SETL T225,8"><temps name="use"/><temps name="def"><temp name="T225"/></temps><temps name="in"><temp name="T14"/><temp name="T224"/></temps><temps name="out"><temp name="T14"/><temp name="T225"/><temp name="T224"/></temps></instruction><instruction code="NEG  T225,T225"><temps name="use"><temp name="T225"/></temps><temps name="def"><temp name="T225"/></temps><temps name="in"><temp name="T14"/><temp name="T225"/><temp name="T224"/></temps><temps name="out"><temp name="T14"/><temp name="T224"/><temp name="T225"/></temps></instruction><instruction code="ADD T226,T224,T225"><temps name="use"><temp name="T224"/><temp name="T225"/></temps><temps name="def"><temp name="T226"/></temps><temps name="in"><temp name="T14"/><temp name="T224"/><temp name="T225"/></temps><temps name="out"><temp name="T226"/><temp name="T14"/></temps></instruction><instruction code="SETL T227,79"><temps name="use"/><temps name="def"><temp name="T227"/></temps><temps name="in"><temp name="T226"/><temp name="T14"/></temps><temps name="out"><temp name="T226"/><temp name="T14"/><temp name="T227"/></temps></instruction><instruction code="STO T227,T226,0"><temps name="use"><temp name="T227"/><temp name="T226"/></temps><temps name="def"/><temps name="in"><temp name="T226"/><temp name="T14"/><temp name="T227"/></temps><temps name="out"><temp name="T14"/></temps></instruction><instruction code="JMP L33"><temps name="use"/><temps name="def"/><temps name="in"><temp name="T14"/></temps><temps name="out"><temp name="T14"/></temps></instruction><instruction code="L32"><temps name="use"/><temps name="def"/><temps name="in"><temp name="T14"/></temps><temps name="out"><temp name="T14"/></temps></instruction><instruction code="SET T228,T14"><temps name="use"><temp name="T14"/></temps><temps name="def"><temp name="T228"/></temps><temps name="in"><temp name="T14"/></temps><temps name="out"><temp name="T14"/><temp name="T228"/></temps></instruction><instruction code="SETL T229,8"><temps name="use"/><temps name="def"><temp name="T229"/></temps><temps name="in"><temp name="T14"/><temp name="T228"/></temps><temps name="out"><temp name="T229"/><temp name="T14"/><temp name="T228"/></temps></instruction><instruction code="NEG  T229,T229"><temps name="use"><temp name="T229"/></temps><temps name="def"><temp name="T229"/></temps><temps name="in"><temp name="T229"/><temp name="T14"/><temp name="T228"/></temps><temps name="out"><temp name="T229"/><temp name="T14"/><temp name="T228"/></temps></instruction><instruction code="ADD T230,T228,T229"><temps name="use"><temp name="T228"/><temp name="T229"/></temps><temps name="def"><temp name="T230"/></temps><temps name="in"><temp name="T229"/><temp name="T14"/><temp name="T228"/></temps><temps name="out"><temp name="T14"/><temp name="T230"/></temps></instruction><instruction code="SETL T231,46"><temps name="use"/><temps name="def"><temp name="T231"/></temps><temps name="in"><temp name="T14"/><temp name="T230"/></temps><temps name="out"><temp name="T231"/><temp name="T14"/><temp name="T230"/></temps></instruction><instruction code="STO T231,T230,0"><temps name="use"><temp name="T231"/><temp name="T230"/></temps><temps name="def"/><temps name="in"><temp name="T231"/><temp name="T14"/><temp name="T230"/></temps><temps name="out"><temp name="T14"/></temps></instruction><instruction code="JMP L33"><temps name="use"/><temps name="def"/><temps name="in"><temp name="T14"/></temps><temps name="out"><temp name="T14"/></temps></instruction><instruction code="L33"><temps name="use"/><temps name="def"/><temps name="in"><temp name="T14"/></temps><temps name="out"><temp name="T14"/></temps></instruction><instruction code="SET T232,T14"><temps name="use"><temp name="T14"/></temps><temps name="def"><temp name="T232"/></temps><temps name="in"><temp name="T14"/></temps><temps name="out"><temp name="T232"/><temp name="T14"/></temps></instruction><instruction code="SETL T233,8"><temps name="use"/><temps name="def"><temp name="T233"/></temps><temps name="in"><temp name="T232"/><temp name="T14"/></temps><temps name="out"><temp name="T232"/><temp name="T14"/><temp name="T233"/></temps></instruction><instruction code="NEG  T233,T233"><temps name="use"><temp name="T233"/></temps><temps name="def"><temp name="T233"/></temps><temps name="in"><temp name="T232"/><temp name="T14"/><temp name="T233"/></temps><temps name="out"><temp name="T232"/><temp name="T14"/><temp name="T233"/></temps></instruction><instruction code="ADD T910,T232,T233"><temps name="use"><temp name="T232"/><temp name="T233"/></temps><temps name="def"><temp name="T910"/></temps><temps name="in"><temp name="T232"/><temp name="T14"/><temp name="T233"/></temps><temps name="out"><temp name="T910"/><temp name="T14"/></temps></instruction><instruction code="LDO T910,T910,0"><temps name="use"><temp name="T910"/></temps><temps name="def"><temp name="T910"/></temps><temps name="in"><temp name="T910"/><temp name="T14"/></temps><temps name="out"><temp name="T910"/><temp name="T14"/></temps></instruction><instruction code="STO T910,$254,8"><temps name="use"><temp name="T910"/></temps><temps name="def"/><temps name="in"><temp name="T910"/><temp name="T14"/></temps><temps name="out"><temp name="T14"/></temps></instruction><instruction code="LDO T910,T14,0"><temps name="use"><temp name="T14"/></temps><temps name="def"><temp name="T910"/></temps><temps name="in"><temp name="T14"/></temps><temps name="out"><temp name="T910"/><temp name="T14"/></temps></instruction><instruction code="LDO T910,T910,0"><temps name="use"><temp name="T910"/></temps><temps name="def"><temp name="T910"/></temps><temps name="in"><temp name="T910"/><temp name="T14"/></temps><temps name="out"><temp name="T910"/><temp name="T14"/></temps></instruction><instruction code="STO T910,$254,0"><temps name="use"><temp name="T910"/></temps><temps name="def"/><temps name="in"><temp name="T910"/><temp name="T14"/></temps><temps name="out"><temp name="T14"/></temps></instruction><instruction code="PUSHJ $100,_putChar"><temps name="use"/><temps name="def"/><temps name="in"><temp name="T14"/></temps><temps name="out"><temp name="T14"/></temps></instruction><instruction code="LDO T910,$254,0"><temps name="use"/><temps name="def"><temp name="T910"/></temps><temps name="in"><temp name="T14"/></temps><temps name="out"><temp name="T14"/></temps></instruction><instruction code="SET T234,T14"><temps name="use"><temp name="T14"/></temps><temps name="def"><temp name="T234"/></temps><temps name="in"><temp name="T14"/></temps><temps name="out"><temp name="T14"/><temp name="T234"/></temps></instruction><instruction code="SETL T235,8"><temps name="use"/><temps name="def"><temp name="T235"/></temps><temps name="in"><temp name="T14"/><temp name="T234"/></temps><temps name="out"><temp name="T235"/><temp name="T14"/><temp name="T234"/></temps></instruction><instruction code="ADD T236,T234,T235"><temps name="use"><temp name="T234"/><temp name="T235"/></temps><temps name="def"><temp name="T236"/></temps><temps name="in"><temp name="T235"/><temp name="T14"/><temp name="T234"/></temps><temps name="out"><temp name="T14"/><temp name="T236"/></temps></instruction><instruction code="SET T237,T14"><temps name="use"><temp name="T14"/></temps><temps name="def"><temp name="T237"/></temps><temps name="in"><temp name="T14"/><temp name="T236"/></temps><temps name="out"><temp name="T14"/><temp name="T236"/><temp name="T237"/></temps></instruction><instruction code="SETL T238,8"><temps name="use"/><temps name="def"><temp name="T238"/></temps><temps name="in"><temp name="T14"/><temp name="T236"/><temp name="T237"/></temps><temps name="out"><temp name="T238"/><temp name="T14"/><temp name="T236"/><temp name="T237"/></temps></instruction><instruction code="ADD T239,T237,T238"><temps name="use"><temp name="T237"/><temp name="T238"/></temps><temps name="def"><temp name="T239"/></temps><temps name="in"><temp name="T238"/><temp name="T14"/><temp name="T236"/><temp name="T237"/></temps><temps name="out"><temp name="T14"/><temp name="T236"/><temp name="T239"/></temps></instruction><instruction code="LDO T239,T239,0"><temps name="use"><temp name="T239"/></temps><temps name="def"><temp name="T239"/></temps><temps name="in"><temp name="T14"/><temp name="T236"/><temp name="T239"/></temps><temps name="out"><temp name="T14"/><temp name="T236"/><temp name="T239"/></temps></instruction><instruction code="SETL T240,1"><temps name="use"/><temps name="def"><temp name="T240"/></temps><temps name="in"><temp name="T14"/><temp name="T236"/><temp name="T239"/></temps><temps name="out"><temp name="T240"/><temp name="T14"/><temp name="T236"/><temp name="T239"/></temps></instruction><instruction code="ADD T241,T239,T240"><temps name="use"><temp name="T239"/><temp name="T240"/></temps><temps name="def"><temp name="T241"/></temps><temps name="in"><temp name="T240"/><temp name="T14"/><temp name="T236"/><temp name="T239"/></temps><temps name="out"><temp name="T241"/><temp name="T14"/><temp name="T236"/></temps></instruction><instruction code="STO T241,T236,0"><temps name="use"><temp name="T241"/><temp name="T236"/></temps><temps name="def"/><temps name="in"><temp name="T241"/><temp name="T14"/><temp name="T236"/></temps><temps name="out"><temp name="T14"/></temps></instruction><instruction code="SETL T923,0"><temps name="use"/><temps name="def"><temp name="T923"/></temps><temps name="in"><temp name="T14"/></temps><temps name="out"><temp name="T14"/></temps></instruction><instruction code="JMP L34"><temps name="use"/><temps name="def"/><temps name="in"><temp name="T14"/></temps><temps name="out"><temp name="T14"/></temps></instruction><instruction code="L36"><temps name="use"/><temps name="def"/><temps name="in"><temp name="T14"/></temps><temps name="out"><temp name="T14"/></temps></instruction><instruction code="SETL T242,10"><temps name="use"/><temps name="def"><temp name="T242"/></temps><temps name="in"><temp name="T14"/></temps><temps name="out"><temp name="T14"/><temp name="T242"/></temps></instruction><instruction code="SETL T243,256"><temps name="use"/><temps name="def"><temp name="T243"/></temps><temps name="in"><temp name="T14"/><temp name="T242"/></temps><temps name="out"><temp name="T14"/><temp name="T242"/><temp name="T243"/></temps></instruction><instruction code="DIV T926,T242,T243"><temps name="use"><temp name="T242"/><temp name="T243"/></temps><temps name="def"><temp name="T926"/></temps><temps name="in"><temp name="T14"/><temp name="T242"/><temp name="T243"/></temps><temps name="out"><temp name="T14"/></temps></instruction><instruction code="GET T926,rR"><temps name="use"/><temps name="def"><temp name="T926"/></temps><temps name="in"><temp name="T14"/></temps><temps name="out"><temp name="T926"/><temp name="T14"/></temps></instruction><instruction code="STO T926,$254,8"><temps name="use"><temp name="T926"/></temps><temps name="def"/><temps name="in"><temp name="T926"/><temp name="T14"/></temps><temps name="out"><temp name="T14"/></temps></instruction><instruction code="LDO T926,T14,0"><temps name="use"><temp name="T14"/></temps><temps name="def"><temp name="T926"/></temps><temps name="in"><temp name="T14"/></temps><temps name="out"><temp name="T926"/><temp name="T14"/></temps></instruction><instruction code="LDO T926,T926,0"><temps name="use"><temp name="T926"/></temps><temps name="def"><temp name="T926"/></temps><temps name="in"><temp name="T926"/><temp name="T14"/></temps><temps name="out"><temp name="T926"/><temp name="T14"/></temps></instruction><instruction code="STO T926,$254,0"><temps name="use"><temp name="T926"/></temps><temps name="def"/><temps name="in"><temp name="T926"/><temp name="T14"/></temps><temps name="out"><temp name="T14"/></temps></instruction><instruction code="PUSHJ $100,_putChar"><temps name="use"/><temps name="def"/><temps name="in"><temp name="T14"/></temps><temps name="out"><temp name="T14"/></temps></instruction><instruction code="LDO T926,$254,0"><temps name="use"/><temps name="def"><temp name="T926"/></temps><temps name="in"><temp name="T14"/></temps><temps name="out"><temp name="T14"/></temps></instruction><instruction code="SET T244,T14"><temps name="use"><temp name="T14"/></temps><temps name="def"><temp name="T244"/></temps><temps name="in"><temp name="T14"/></temps><temps name="out"><temp name="T244"/><temp name="T14"/></temps></instruction><instruction code="SETL T245,24"><temps name="use"/><temps name="def"><temp name="T245"/></temps><temps name="in"><temp name="T244"/><temp name="T14"/></temps><temps name="out"><temp name="T244"/><temp name="T14"/><temp name="T245"/></temps></instruction><instruction code="NEG  T245,T245"><temps name="use"><temp name="T245"/></temps><temps name="def"><temp name="T245"/></temps><temps name="in"><temp name="T244"/><temp name="T14"/><temp name="T245"/></temps><temps name="out"><temp name="T244"/><temp name="T14"/><temp name="T245"/></temps></instruction><instruction code="ADD T246,T244,T245"><temps name="use"><temp name="T244"/><temp name="T245"/></temps><temps name="def"><temp name="T246"/></temps><temps name="in"><temp name="T244"/><temp name="T14"/><temp name="T245"/></temps><temps name="out"><temp name="T246"/><temp name="T14"/></temps></instruction><instruction code="SET T247,T14"><temps name="use"><temp name="T14"/></temps><temps name="def"><temp name="T247"/></temps><temps name="in"><temp name="T246"/><temp name="T14"/></temps><temps name="out"><temp name="T246"/><temp name="T247"/><temp name="T14"/></temps></instruction><instruction code="SETL T248,24"><temps name="use"/><temps name="def"><temp name="T248"/></temps><temps name="in"><temp name="T246"/><temp name="T247"/><temp name="T14"/></temps><temps name="out"><temp name="T246"/><temp name="T247"/><temp name="T14"/><temp name="T248"/></temps></instruction><instruction code="NEG  T248,T248"><temps name="use"><temp name="T248"/></temps><temps name="def"><temp name="T248"/></temps><temps name="in"><temp name="T246"/><temp name="T247"/><temp name="T14"/><temp name="T248"/></temps><temps name="out"><temp name="T246"/><temp name="T247"/><temp name="T14"/><temp name="T248"/></temps></instruction><instruction code="ADD T249,T247,T248"><temps name="use"><temp name="T247"/><temp name="T248"/></temps><temps name="def"><temp name="T249"/></temps><temps name="in"><temp name="T246"/><temp name="T247"/><temp name="T14"/><temp name="T248"/></temps><temps name="out"><temp name="T246"/><temp name="T14"/><temp name="T249"/></temps></instruction><instruction code="LDO T249,T249,0"><temps name="use"><temp name="T249"/></temps><temps name="def"><temp name="T249"/></temps><temps name="in"><temp name="T246"/><temp name="T14"/><temp name="T249"/></temps><temps name="out"><temp name="T246"/><temp name="T14"/><temp name="T249"/></temps></instruction><instruction code="SETL T250,1"><temps name="use"/><temps name="def"><temp name="T250"/></temps><temps name="in"><temp name="T246"/><temp name="T14"/><temp name="T249"/></temps><temps name="out"><temp name="T250"/><temp name="T246"/><temp name="T14"/><temp name="T249"/></temps></instruction><instruction code="ADD T251,T249,T250"><temps name="use"><temp name="T249"/><temp name="T250"/></temps><temps name="def"><temp name="T251"/></temps><temps name="in"><temp name="T250"/><temp name="T246"/><temp name="T14"/><temp name="T249"/></temps><temps name="out"><temp name="T246"/><temp name="T14"/><temp name="T251"/></temps></instruction><instruction code="STO T251,T246,0"><temps name="use"><temp name="T251"/><temp name="T246"/></temps><temps name="def"/><temps name="in"><temp name="T246"/><temp name="T14"/><temp name="T251"/></temps><temps name="out"><temp name="T14"/></temps></instruction><instruction code="SETL T939,0"><temps name="use"/><temps name="def"><temp name="T939"/></temps><temps name="in"><temp name="T14"/></temps><temps name="out"><temp name="T14"/></temps></instruction><instruction code="JMP L37"><temps name="use"/><temps name="def"/><temps name="in"><temp name="T14"/></temps><temps name="out"><temp name="T14"/></temps></instruction><instruction code="L39"><temps name="use"/><temps name="def"/><temps name="in"><temp name="T14"/></temps><temps name="out"><temp name="T14"/></temps></instruction><instruction code="SETL T252,10"><temps name="use"/><temps name="def"><temp name="T252"/></temps><temps name="in"><temp name="T14"/></temps><temps name="out"><temp name="T252"/><temp name="T14"/></temps></instruction><instruction code="SETL T253,256"><temps name="use"/><temps name="def"><temp name="T253"/></temps><temps name="in"><temp name="T252"/><temp name="T14"/></temps><temps name="out"><temp name="T253"/><temp name="T252"/><temp name="T14"/></temps></instruction><instruction code="DIV T942,T252,T253"><temps name="use"><temp name="T252"/><temp name="T253"/></temps><temps name="def"><temp name="T942"/></temps><temps name="in"><temp name="T253"/><temp name="T252"/><temp name="T14"/></temps><temps name="out"><temp name="T14"/></temps></instruction><instruction code="GET T942,rR"><temps name="use"/><temps name="def"><temp name="T942"/></temps><temps name="in"><temp name="T14"/></temps><temps name="out"><temp name="T942"/><temp name="T14"/></temps></instruction><instruction code="STO T942,$254,8"><temps name="use"><temp name="T942"/></temps><temps name="def"/><temps name="in"><temp name="T942"/><temp name="T14"/></temps><temps name="out"><temp name="T14"/></temps></instruction><instruction code="LDO T942,T14,0"><temps name="use"><temp name="T14"/></temps><temps name="def"><temp name="T942"/></temps><temps name="in"><temp name="T14"/></temps><temps name="out"><temp name="T942"/><temp name="T14"/></temps></instruction><instruction code="LDO T942,T942,0"><temps name="use"><temp name="T942"/></temps><temps name="def"><temp name="T942"/></temps><temps name="in"><temp name="T942"/><temp name="T14"/></temps><temps name="out"><temp name="T942"/><temp name="T14"/></temps></instruction><instruction code="STO T942,$254,0"><temps name="use"><temp name="T942"/></temps><temps name="def"/><temps name="in"><temp name="T942"/><temp name="T14"/></temps><temps name="out"><temp name="T14"/></temps></instruction><instruction code="PUSHJ $100,_putChar"><temps name="use"/><temps name="def"/><temps name="in"><temp name="T14"/></temps><temps name="out"><temp name="T14"/></temps></instruction><instruction code="LDO T942,$254,0"><temps name="use"/><temps name="def"><temp name="T942"/></temps><temps name="in"><temp name="T14"/></temps><temps name="out"><temp name="T14"/></temps></instruction><instruction code="SET T254,T14"><temps name="use"><temp name="T14"/></temps><temps name="def"><temp name="T254"/></temps><temps name="in"><temp name="T14"/></temps><temps name="out"><temp name="T254"/><temp name="T14"/></temps></instruction><instruction code="SETL T255,40"><temps name="use"/><temps name="def"><temp name="T255"/></temps><temps name="in"><temp name="T254"/><temp name="T14"/></temps><temps name="out"><temp name="T255"/><temp name="T254"/><temp name="T14"/></temps></instruction><instruction code="NEG  T255,T255"><temps name="use"><temp name="T255"/></temps><temps name="def"><temp name="T255"/></temps><temps name="in"><temp name="T255"/><temp name="T254"/><temp name="T14"/></temps><temps name="out"><temp name="T255"/><temp name="T254"/><temp name="T14"/></temps></instruction><instruction code="ADD T256,T254,T255"><temps name="use"><temp name="T254"/><temp name="T255"/></temps><temps name="def"><temp name="T256"/></temps><temps name="in"><temp name="T255"/><temp name="T254"/><temp name="T14"/></temps><temps name="out"><temp name="T256"/><temp name="T14"/></temps></instruction><instruction code="SETL T257,1"><temps name="use"/><temps name="def"><temp name="T257"/></temps><temps name="in"><temp name="T256"/><temp name="T14"/></temps><temps name="out"><temp name="T257"/><temp name="T256"/><temp name="T14"/></temps></instruction><instruction code="STO T257,T256,0"><temps name="use"><temp name="T257"/><temp name="T256"/></temps><temps name="def"/><temps name="in"><temp name="T257"/><temp name="T256"/><temp name="T14"/></temps><temps name="out"><temp name="T14"/></temps></instruction><instruction code="SETL T950,0"><temps name="use"/><temps name="def"><temp name="T950"/></temps><temps name="in"><temp name="T14"/></temps><temps name="out"><temp name="T14"/></temps></instruction><instruction code="JMP L51"><temps name="use"/><temps name="def"/><temps name="in"><temp name="T14"/></temps><temps name="out"><temp name="T14"/></temps></instruction><instruction code="L50"><temps name="use"/><temps name="def"/><temps name="in"><temp name="T14"/></temps><temps name="out"><temp name="T14"/></temps></instruction><instruction code="SET T258,T14"><temps name="use"><temp name="T14"/></temps><temps name="def"><temp name="T258"/></temps><temps name="in"><temp name="T14"/></temps><temps name="out"><temp name="T14"/><temp name="T258"/></temps></instruction><instruction code="SETL T259,40"><temps name="use"/><temps name="def"><temp name="T259"/></temps><temps name="in"><temp name="T14"/><temp name="T258"/></temps><temps name="out"><temp name="T259"/><temp name="T14"/><temp name="T258"/></temps></instruction><instruction code="NEG  T259,T259"><temps name="use"><temp name="T259"/></temps><temps name="def"><temp name="T259"/></temps><temps name="in"><temp name="T259"/><temp name="T14"/><temp name="T258"/></temps><temps name="out"><temp name="T259"/><temp name="T14"/><temp name="T258"/></temps></instruction><instruction code="ADD T260,T258,T259"><temps name="use"><temp name="T258"/><temp name="T259"/></temps><temps name="def"><temp name="T260"/></temps><temps name="in"><temp name="T259"/><temp name="T14"/><temp name="T258"/></temps><temps name="out"><temp name="T14"/><temp name="T260"/></temps></instruction><instruction code="SETL T261,0"><temps name="use"/><temps name="def"><temp name="T261"/></temps><temps name="in"><temp name="T14"/><temp name="T260"/></temps><temps name="out"><temp name="T261"/><temp name="T14"/><temp name="T260"/></temps></instruction><instruction code="STO T261,T260,0"><temps name="use"><temp name="T261"/><temp name="T260"/></temps><temps name="def"/><temps name="in"><temp name="T261"/><temp name="T14"/><temp name="T260"/></temps><temps name="out"><temp name="T14"/></temps></instruction><instruction code="SET T262,T14"><temps name="use"><temp name="T14"/></temps><temps name="def"><temp name="T262"/></temps><temps name="in"><temp name="T14"/></temps><temps name="out"><temp name="T262"/><temp name="T14"/></temps></instruction><instruction code="SETL T263,24"><temps name="use"/><temps name="def"><temp name="T263"/></temps><temps name="in"><temp name="T262"/><temp name="T14"/></temps><temps name="out"><temp name="T262"/><temp name="T14"/><temp name="T263"/></temps></instruction><instruction code="NEG  T263,T263"><temps name="use"><temp name="T263"/></temps><temps name="def"><temp name="T263"/></temps><temps name="in"><temp name="T262"/><temp name="T14"/><temp name="T263"/></temps><temps name="out"><temp name="T262"/><temp name="T14"/><temp name="T263"/></temps></instruction><instruction code="ADD T264,T262,T263"><temps name="use"><temp name="T262"/><temp name="T263"/></temps><temps name="def"><temp name="T264"/></temps><temps name="in"><temp name="T262"/><temp name="T14"/><temp name="T263"/></temps><temps name="out"><temp name="T264"/><temp name="T14"/></temps></instruction><instruction code="SETL T265,0"><temps name="use"/><temps name="def"><temp name="T265"/></temps><temps name="in"><temp name="T264"/><temp name="T14"/></temps><temps name="out"><temp name="T264"/><temp name="T265"/><temp name="T14"/></temps></instruction><instruction code="STO T265,T264,0"><temps name="use"><temp name="T265"/><temp name="T264"/></temps><temps name="def"/><temps name="in"><temp name="T264"/><temp name="T265"/><temp name="T14"/></temps><temps name="out"><temp name="T14"/></temps></instruction><instruction code="JMP L46"><temps name="use"/><temps name="def"/><temps name="in"><temp name="T14"/></temps><temps name="out"><temp name="T14"/></temps></instruction><instruction code="L46"><temps name="use"/><temps name="def"/><temps name="in"><temp name="T14"/></temps><temps name="out"><temp name="T14"/></temps></instruction><instruction code="SET T266,T14"><temps name="use"><temp name="T14"/></temps><temps name="def"><temp name="T266"/></temps><temps name="in"><temp name="T14"/></temps><temps name="out"><temp name="T266"/><temp name="T14"/></temps></instruction><instruction code="SETL T267,24"><temps name="use"/><temps name="def"><temp name="T267"/></temps><temps name="in"><temp name="T266"/><temp name="T14"/></temps><temps name="out"><temp name="T266"/><temp name="T14"/><temp name="T267"/></temps></instruction><instruction code="NEG  T267,T267"><temps name="use"><temp name="T267"/></temps><temps name="def"><temp name="T267"/></temps><temps name="in"><temp name="T266"/><temp name="T14"/><temp name="T267"/></temps><temps name="out"><temp name="T266"/><temp name="T14"/><temp name="T267"/></temps></instruction><instruction code="ADD T268,T266,T267"><temps name="use"><temp name="T266"/><temp name="T267"/></temps><temps name="def"><temp name="T268"/></temps><temps name="in"><temp name="T266"/><temp name="T14"/><temp name="T267"/></temps><temps name="out"><temp name="T268"/><temp name="T14"/></temps></instruction><instruction code="LDO T268,T268,0"><temps name="use"><temp name="T268"/></temps><temps name="def"><temp name="T268"/></temps><temps name="in"><temp name="T268"/><temp name="T14"/></temps><temps name="out"><temp name="T268"/><temp name="T14"/></temps></instruction><instruction code="LDO T269,T14,0"><temps name="use"><temp name="T14"/></temps><temps name="def"><temp name="T269"/></temps><temps name="in"><temp name="T268"/><temp name="T14"/></temps><temps name="out"><temp name="T268"/><temp name="T14"/><temp name="T269"/></temps></instruction><instruction code="SETL T270,8"><temps name="use"/><temps name="def"><temp name="T270"/></temps><temps name="in"><temp name="T268"/><temp name="T14"/><temp name="T269"/></temps><temps name="out"><temp name="T268"/><temp name="T14"/><temp name="T269"/><temp name="T270"/></temps></instruction><instruction code="NEG  T270,T270"><temps name="use"><temp name="T270"/></temps><temps name="def"><temp name="T270"/></temps><temps name="in"><temp name="T268"/><temp name="T14"/><temp name="T269"/><temp name="T270"/></temps><temps name="out"><temp name="T268"/><temp name="T14"/><temp name="T269"/><temp name="T270"/></temps></instruction><instruction code="ADD T271,T269,T270"><temps name="use"><temp name="T269"/><temp name="T270"/></temps><temps name="def"><temp name="T271"/></temps><temps name="in"><temp name="T268"/><temp name="T14"/><temp name="T269"/><temp name="T270"/></temps><temps name="out"><temp name="T271"/><temp name="T268"/><temp name="T14"/></temps></instruction><instruction code="LDO T271,T271,0"><temps name="use"><temp name="T271"/></temps><temps name="def"><temp name="T271"/></temps><temps name="in"><temp name="T271"/><temp name="T268"/><temp name="T14"/></temps><temps name="out"><temp name="T268"/><temp name="T271"/><temp name="T14"/></temps></instruction><instruction code="CMP T973,T268,T271"><temps name="use"><temp name="T268"/><temp name="T271"/></temps><temps name="def"><temp name="T973"/></temps><temps name="in"><temp name="T268"/><temp name="T271"/><temp name="T14"/></temps><temps name="out"><temp name="T973"/><temp name="T14"/></temps></instruction><instruction code="ZSN T972,T973,1"><temps name="use"><temp name="T973"/></temps><temps name="def"><temp name="T972"/></temps><temps name="in"><temp name="T973"/><temp name="T14"/></temps><temps name="out"><temp name="T972"/><temp name="T14"/></temps></instruction><instruction code="BNZ T972,L47"><temps name="use"><temp name="T972"/></temps><temps name="def"/><temps name="in"><temp name="T972"/><temp name="T14"/></temps><temps name="out"><temp name="T14"/></temps></instruction><instruction code="L81"><temps name="use"/><temps name="def"/><temps name="in"><temp name="T14"/></temps><temps name="out"><temp name="T14"/></temps></instruction><instruction code="SETL T974,0"><temps name="use"/><temps name="def"><temp name="T974"/></temps><temps name="in"><temp name="T14"/></temps><temps name="out"><temp name="T14"/></temps></instruction><instruction code="JMP L51"><temps name="use"/><temps name="def"/><temps name="in"><temp name="T14"/></temps><temps name="out"><temp name="T14"/></temps></instruction><instruction code="L47"><temps name="use"/><temps name="def"/><temps name="in"><temp name="T14"/></temps><temps name="out"><temp name="T14"/></temps></instruction><instruction code="LDO T272,T14,0"><temps name="use"><temp name="T14"/></temps><temps name="def"><temp name="T272"/></temps><temps name="in"><temp name="T14"/></temps><temps name="out"><temp name="T14"/><temp name="T272"/></temps></instruction><instruction code="SETL T273,264"><temps name="use"/><temps name="def"><temp name="T273"/></temps><temps name="in"><temp name="T14"/><temp name="T272"/></temps><temps name="out"><temp name="T273"/><temp name="T14"/><temp name="T272"/></temps></instruction><instruction code="NEG  T273,T273"><temps name="use"><temp name="T273"/></temps><temps name="def"><temp name="T273"/></temps><temps name="in"><temp name="T273"/><temp name="T14"/><temp name="T272"/></temps><temps name="out"><temp name="T273"/><temp name="T14"/><temp name="T272"/></temps></instruction><instruction code="ADD T274,T272,T273"><temps name="use"><temp name="T272"/><temp name="T273"/></temps><temps name="def"><temp name="T274"/></temps><temps name="in"><temp name="T273"/><temp name="T14"/><temp name="T272"/></temps><temps name="out"><temp name="T14"/><temp name="T274"/></temps></instruction><instruction code="SET T275,T14"><temps name="use"><temp name="T14"/></temps><temps name="def"><temp name="T275"/></temps><temps name="in"><temp name="T14"/><temp name="T274"/></temps><temps name="out"><temp name="T275"/><temp name="T14"/><temp name="T274"/></temps></instruction><instruction code="SETL T276,8"><temps name="use"/><temps name="def"><temp name="T276"/></temps><temps name="in"><temp name="T275"/><temp name="T14"/><temp name="T274"/></temps><temps name="out"><temp name="T275"/><temp name="T276"/><temp name="T14"/><temp name="T274"/></temps></instruction><instruction code="ADD T277,T275,T276"><temps name="use"><temp name="T275"/><temp name="T276"/></temps><temps name="def"><temp name="T277"/></temps><temps name="in"><temp name="T275"/><temp name="T276"/><temp name="T14"/><temp name="T274"/></temps><temps name="out"><temp name="T277"/><temp name="T14"/><temp name="T274"/></temps></instruction><instruction code="LDO T277,T277,0"><temps name="use"><temp name="T277"/></temps><temps name="def"><temp name="T277"/></temps><temps name="in"><temp name="T277"/><temp name="T14"/><temp name="T274"/></temps><temps name="out"><temp name="T277"/><temp name="T14"/><temp name="T274"/></temps></instruction><instruction code="SETL T278,8"><temps name="use"/><temps name="def"><temp name="T278"/></temps><temps name="in"><temp name="T277"/><temp name="T14"/><temp name="T274"/></temps><temps name="out"><temp name="T277"/><temp name="T14"/><temp name="T278"/><temp name="T274"/></temps></instruction><instruction code="MUL T279,T277,T278"><temps name="use"><temp name="T277"/><temp name="T278"/></temps><temps name="def"><temp name="T279"/></temps><temps name="in"><temp name="T277"/><temp name="T14"/><temp name="T278"/><temp name="T274"/></temps><temps name="out"><temp name="T279"/><temp name="T14"/><temp name="T274"/></temps></instruction><instruction code="ADD T280,T274,T279"><temps name="use"><temp name="T274"/><temp name="T279"/></temps><temps name="def"><temp name="T280"/></temps><temps name="in"><temp name="T279"/><temp name="T14"/><temp name="T274"/></temps><temps name="out"><temp name="T280"/><temp name="T14"/></temps></instruction><instruction code="SET T281,T14"><temps name="use"><temp name="T14"/></temps><temps name="def"><temp name="T281"/></temps><temps name="in"><temp name="T280"/><temp name="T14"/></temps><temps name="out"><temp name="T280"/><temp name="T14"/><temp name="T281"/></temps></instruction><instruction code="SETL T282,24"><temps name="use"/><temps name="def"><temp name="T282"/></temps><temps name="in"><temp name="T280"/><temp name="T14"/><temp name="T281"/></temps><temps name="out"><temp name="T282"/><temp name="T280"/><temp name="T14"/><temp name="T281"/></temps></instruction><instruction code="NEG  T282,T282"><temps name="use"><temp name="T282"/></temps><temps name="def"><temp name="T282"/></temps><temps name="in"><temp name="T282"/><temp name="T280"/><temp name="T14"/><temp name="T281"/></temps><temps name="out"><temp name="T282"/><temp name="T280"/><temp name="T14"/><temp name="T281"/></temps></instruction><instruction code="ADD T283,T281,T282"><temps name="use"><temp name="T281"/><temp name="T282"/></temps><temps name="def"><temp name="T283"/></temps><temps name="in"><temp name="T282"/><temp name="T280"/><temp name="T14"/><temp name="T281"/></temps><temps name="out"><temp name="T283"/><temp name="T280"/><temp name="T14"/></temps></instruction><instruction code="LDO T283,T283,0"><temps name="use"><temp name="T283"/></temps><temps name="def"><temp name="T283"/></temps><temps name="in"><temp name="T283"/><temp name="T280"/><temp name="T14"/></temps><temps name="out"><temp name="T283"/><temp name="T280"/><temp name="T14"/></temps></instruction><instruction code="STO T283,T280,0"><temps name="use"><temp name="T283"/><temp name="T280"/></temps><temps name="def"/><temps name="in"><temp name="T283"/><temp name="T280"/><temp name="T14"/></temps><temps name="out"><temp name="T14"/></temps></instruction><instruction code="SET T284,T14"><temps name="use"><temp name="T14"/></temps><temps name="def"><temp name="T284"/></temps><temps name="in"><temp name="T14"/></temps><temps name="out"><temp name="T284"/><temp name="T14"/></temps></instruction><instruction code="SETL T285,32"><temps name="use"/><temps name="def"><temp name="T285"/></temps><temps name="in"><temp name="T284"/><temp name="T14"/></temps><temps name="out"><temp name="T284"/><temp name="T285"/><temp name="T14"/></temps></instruction><instruction code="NEG  T285,T285"><temps name="use"><temp name="T285"/></temps><temps name="def"><temp name="T285"/></temps><temps name="in"><temp name="T284"/><temp name="T285"/><temp name="T14"/></temps><temps name="out"><temp name="T284"/><temp name="T285"/><temp name="T14"/></temps></instruction><instruction code="ADD T286,T284,T285"><temps name="use"><temp name="T284"/><temp name="T285"/></temps><temps name="def"><temp name="T286"/></temps><temps name="in"><temp name="T284"/><temp name="T285"/><temp name="T14"/></temps><temps name="out"><temp name="T286"/><temp name="T14"/></temps></instruction><instruction code="SETL T287,1"><temps name="use"/><temps name="def"><temp name="T287"/></temps><temps name="in"><temp name="T286"/><temp name="T14"/></temps><temps name="out"><temp name="T286"/><temp name="T14"/><temp name="T287"/></temps></instruction><instruction code="STO T287,T286,0"><temps name="use"><temp name="T287"/><temp name="T286"/></temps><temps name="def"/><temps name="in"><temp name="T286"/><temp name="T14"/><temp name="T287"/></temps><temps name="out"><temp name="T14"/></temps></instruction><instruction code="SET T288,T14"><temps name="use"><temp name="T14"/></temps><temps name="def"><temp name="T288"/></temps><temps name="in"><temp name="T14"/></temps><temps name="out"><temp name="T288"/><temp name="T14"/></temps></instruction><instruction code="SETL T289,16"><temps name="use"/><temps name="def"><temp name="T289"/></temps><temps name="in"><temp name="T288"/><temp name="T14"/></temps><temps name="out"><temp name="T288"/><temp name="T14"/><temp name="T289"/></temps></instruction><instruction code="NEG  T289,T289"><temps name="use"><temp name="T289"/></temps><temps name="def"><temp name="T289"/></temps><temps name="in"><temp name="T288"/><temp name="T14"/><temp name="T289"/></temps><temps name="out"><temp name="T288"/><temp name="T14"/><temp name="T289"/></temps></instruction><instruction code="ADD T290,T288,T289"><temps name="use"><temp name="T288"/><temp name="T289"/></temps><temps name="def"><temp name="T290"/></temps><temps name="in"><temp name="T288"/><temp name="T14"/><temp name="T289"/></temps><temps name="out"><temp name="T14"/><temp name="T290"/></temps></instruction><instruction code="SETL T291,0"><temps name="use"/><temps name="def"><temp name="T291"/></temps><temps name="in"><temp name="T14"/><temp name="T290"/></temps><temps name="out"><temp name="T14"/><temp name="T291"/><temp name="T290"/></temps></instruction><instruction code="STO T291,T290,0"><temps name="use"><temp name="T291"/><temp name="T290"/></temps><temps name="def"/><temps name="in"><temp name="T14"/><temp name="T291"/><temp name="T290"/></temps><temps name="out"><temp name="T14"/></temps></instruction><instruction code="JMP L40"><temps name="use"/><temps name="def"/><temps name="in"><temp name="T14"/></temps><temps name="out"><temp name="T14"/></temps></instruction><instruction code="L40"><temps name="use"/><temps name="def"/><temps name="in"><temp name="T14"/></temps><temps name="out"><temp name="T14"/></temps></instruction><instruction code="SET T292,T14"><temps name="use"><temp name="T14"/></temps><temps name="def"><temp name="T292"/></temps><temps name="in"><temp name="T14"/></temps><temps name="out"><temp name="T292"/><temp name="T14"/></temps></instruction><instruction code="SETL T293,16"><temps name="use"/><temps name="def"><temp name="T293"/></temps><temps name="in"><temp name="T292"/><temp name="T14"/></temps><temps name="out"><temp name="T292"/><temp name="T14"/><temp name="T293"/></temps></instruction><instruction code="NEG  T293,T293"><temps name="use"><temp name="T293"/></temps><temps name="def"><temp name="T293"/></temps><temps name="in"><temp name="T292"/><temp name="T14"/><temp name="T293"/></temps><temps name="out"><temp name="T292"/><temp name="T14"/><temp name="T293"/></temps></instruction><instruction code="ADD T294,T292,T293"><temps name="use"><temp name="T292"/><temp name="T293"/></temps><temps name="def"><temp name="T294"/></temps><temps name="in"><temp name="T292"/><temp name="T14"/><temp name="T293"/></temps><temps name="out"><temp name="T294"/><temp name="T14"/></temps></instruction><instruction code="LDO T294,T294,0"><temps name="use"><temp name="T294"/></temps><temps name="def"><temp name="T294"/></temps><temps name="in"><temp name="T294"/><temp name="T14"/></temps><temps name="out"><temp name="T294"/><temp name="T14"/></temps></instruction><instruction code="SET T295,T14"><temps name="use"><temp name="T14"/></temps><temps name="def"><temp name="T295"/></temps><temps name="in"><temp name="T294"/><temp name="T14"/></temps><temps name="out"><temp name="T295"/><temp name="T294"/><temp name="T14"/></temps></instruction><instruction code="SETL T296,8"><temps name="use"/><temps name="def"><temp name="T296"/></temps><temps name="in"><temp name="T295"/><temp name="T294"/><temp name="T14"/></temps><temps name="out"><temp name="T296"/><temp name="T295"/><temp name="T294"/><temp name="T14"/></temps></instruction><instruction code="ADD T297,T295,T296"><temps name="use"><temp name="T295"/><temp name="T296"/></temps><temps name="def"><temp name="T297"/></temps><temps name="in"><temp name="T296"/><temp name="T295"/><temp name="T294"/><temp name="T14"/></temps><temps name="out"><temp name="T294"/><temp name="T14"/><temp name="T297"/></temps></instruction><instruction code="LDO T297,T297,0"><temps name="use"><temp name="T297"/></temps><temps name="def"><temp name="T297"/></temps><temps name="in"><temp name="T294"/><temp name="T14"/><temp name="T297"/></temps><temps name="out"><temp name="T294"/><temp name="T14"/><temp name="T297"/></temps></instruction><instruction code="CMP T1014,T294,T297"><temps name="use"><temp name="T294"/><temp name="T297"/></temps><temps name="def"><temp name="T1014"/></temps><temps name="in"><temp name="T294"/><temp name="T14"/><temp name="T297"/></temps><temps name="out"><temp name="T1014"/><temp name="T14"/></temps></instruction><instruction code="ZSN T1013,T1014,1"><temps name="use"><temp name="T1014"/></temps><temps name="def"><temp name="T1013"/></temps><temps name="in"><temp name="T1014"/><temp name="T14"/></temps><temps name="out"><temp name="T1013"/><temp name="T14"/></temps></instruction><instruction code="BNZ T1013,L41"><temps name="use"><temp name="T1013"/></temps><temps name="def"/><temps name="in"><temp name="T1013"/><temp name="T14"/></temps><temps name="out"><temp name="T14"/></temps></instruction><instruction code="L82"><temps name="use"/><temps name="def"/><temps name="in"><temp name="T14"/></temps><temps name="out"><temp name="T14"/></temps></instruction><instruction code="SETL T1015,0"><temps name="use"/><temps name="def"><temp name="T1015"/></temps><temps name="in"><temp name="T14"/></temps><temps name="out"><temp name="T14"/></temps></instruction><instruction code="SET T400,T14"><temps name="use"><temp name="T14"/></temps><temps name="def"><temp name="T400"/></temps><temps name="in"><temp name="T14"/></temps><temps name="out"><temp name="T400"/><temp name="T14"/></temps></instruction><instruction code="SETL T401,32"><temps name="use"/><temps name="def"><temp name="T401"/></temps><temps name="in"><temp name="T400"/><temp name="T14"/></temps><temps name="out"><temp name="T400"/><temp name="T14"/><temp name="T401"/></temps></instruction><instruction code="NEG  T401,T401"><temps name="use"><temp name="T401"/></temps><temps name="def"><temp name="T401"/></temps><temps name="in"><temp name="T400"/><temp name="T14"/><temp name="T401"/></temps><temps name="out"><temp name="T400"/><temp name="T14"/><temp name="T401"/></temps></instruction><instruction code="ADD T1019,T400,T401"><temps name="use"><temp name="T400"/><temp name="T401"/></temps><temps name="def"><temp name="T1019"/></temps><temps name="in"><temp name="T400"/><temp name="T14"/><temp name="T401"/></temps><temps name="out"><temp name="T14"/><temp name="T1019"/></temps></instruction><instruction code="LDO T1019,T1019,0"><temps name="use"><temp name="T1019"/></temps><temps name="def"><temp name="T1019"/></temps><temps name="in"><temp name="T14"/><temp name="T1019"/></temps><temps name="out"><temp name="T14"/><temp name="T1019"/></temps></instruction><instruction code="BNZ T1019,L43"><temps name="use"><temp name="T1019"/></temps><temps name="def"/><temps name="in"><temp name="T14"/><temp name="T1019"/></temps><temps name="out"><temp name="T14"/></temps></instruction><instruction code="L41"><temps name="use"/><temps name="def"/><temps name="in"><temp name="T14"/></temps><temps name="out"><temp name="T14"/></temps></instruction><instruction code="SET T298,T14"><temps name="use"><temp name="T14"/></temps><temps name="def"><temp name="T298"/></temps><temps name="in"><temp name="T14"/></temps><temps name="out"><temp name="T14"/><temp name="T298"/></temps></instruction><instruction code="SETL T299,32"><temps name="use"/><temps name="def"><temp name="T299"/></temps><temps name="in"><temp name="T14"/><temp name="T298"/></temps><temps name="out"><temp name="T299"/><temp name="T14"/><temp name="T298"/></temps></instruction><instruction code="NEG  T299,T299"><temps name="use"><temp name="T299"/></temps><temps name="def"><temp name="T299"/></temps><temps name="in"><temp name="T299"/><temp name="T14"/><temp name="T298"/></temps><temps name="out"><temp name="T299"/><temp name="T14"/><temp name="T298"/></temps></instruction><instruction code="ADD T300,T298,T299"><temps name="use"><temp name="T298"/><temp name="T299"/></temps><temps name="def"><temp name="T300"/></temps><temps name="in"><temp name="T299"/><temp name="T14"/><temp name="T298"/></temps><temps name="out"><temp name="T14"/><temp name="T300"/></temps></instruction><instruction code="SET T301,T14"><temps name="use"><temp name="T14"/></temps><temps name="def"><temp name="T301"/></temps><temps name="in"><temp name="T14"/><temp name="T300"/></temps><temps name="out"><temp name="T301"/><temp name="T14"/><temp name="T300"/></temps></instruction><instruction code="SETL T302,32"><temps name="use"/><temps name="def"><temp name="T302"/></temps><temps name="in"><temp name="T301"/><temp name="T14"/><temp name="T300"/></temps><temps name="out"><temp name="T301"/><temp name="T302"/><temp name="T14"/><temp name="T300"/></temps></instruction><instruction code="NEG  T302,T302"><temps name="use"><temp name="T302"/></temps><temps name="def"><temp name="T302"/></temps><temps name="in"><temp name="T301"/><temp name="T302"/><temp name="T14"/><temp name="T300"/></temps><temps name="out"><temp name="T301"/><temp name="T302"/><temp name="T14"/><temp name="T300"/></temps></instruction><instruction code="ADD T303,T301,T302"><temps name="use"><temp name="T301"/><temp name="T302"/></temps><temps name="def"><temp name="T303"/></temps><temps name="in"><temp name="T301"/><temp name="T302"/><temp name="T14"/><temp name="T300"/></temps><temps name="out"><temp name="T303"/><temp name="T14"/><temp name="T300"/></temps></instruction><instruction code="LDO T303,T303,0"><temps name="use"><temp name="T303"/></temps><temps name="def"><temp name="T303"/></temps><temps name="in"><temp name="T303"/><temp name="T14"/><temp name="T300"/></temps><temps name="out"><temp name="T303"/><temp name="T14"/><temp name="T300"/></temps></instruction><instruction code="LDO T304,T14,0"><temps name="use"><temp name="T14"/></temps><temps name="def"><temp name="T304"/></temps><temps name="in"><temp name="T303"/><temp name="T14"/><temp name="T300"/></temps><temps name="out"><temp name="T303"/><temp name="T14"/><temp name="T304"/><temp name="T300"/></temps></instruction><instruction code="SETL T305,264"><temps name="use"/><temps name="def"><temp name="T305"/></temps><temps name="in"><temp name="T303"/><temp name="T14"/><temp name="T304"/><temp name="T300"/></temps><temps name="out"><temp name="T303"/><temp name="T305"/><temp name="T14"/><temp name="T304"/><temp name="T300"/></temps></instruction><instruction code="NEG  T305,T305"><temps name="use"><temp name="T305"/></temps><temps name="def"><temp name="T305"/></temps><temps name="in"><temp name="T303"/><temp name="T305"/><temp name="T14"/><temp name="T304"/><temp name="T300"/></temps><temps name="out"><temp name="T303"/><temp name="T305"/><temp name="T14"/><temp name="T304"/><temp name="T300"/></temps></instruction><instruction code="ADD T306,T304,T305"><temps name="use"><temp name="T304"/><temp name="T305"/></temps><temps name="def"><temp name="T306"/></temps><temps name="in"><temp name="T303"/><temp name="T305"/><temp name="T14"/><temp name="T304"/><temp name="T300"/></temps><temps name="out"><temp name="T303"/><temp name="T306"/><temp name="T14"/><temp name="T300"/></temps></instruction><instruction code="SET T307,T14"><temps name="use"><temp name="T14"/></temps><temps name="def"><temp name="T307"/></temps><temps name="in"><temp name="T303"/><temp name="T306"/><temp name="T14"/><temp name="T300"/></temps><temps name="out"><temp name="T303"/><temp name="T307"/><temp name="T306"/><temp name="T14"/><temp name="T300"/></temps></instruction><instruction code="SETL T308,16"><temps name="use"/><temps name="def"><temp name="T308"/></temps><temps name="in"><temp name="T303"/><temp name="T307"/><temp name="T306"/><temp name="T14"/><temp name="T300"/></temps><temps name="out"><temp name="T303"/><temp name="T307"/><temp name="T308"/><temp name="T306"/><temp name="T14"/><temp name="T300"/></temps></instruction><instruction code="NEG  T308,T308"><temps name="use"><temp name="T308"/></temps><temps name="def"><temp name="T308"/></temps><temps name="in"><temp name="T303"/><temp name="T307"/><temp name="T308"/><temp name="T306"/><temp name="T14"/><temp name="T300"/></temps><temps name="out"><temp name="T303"/><temp name="T307"/><temp name="T308"/><temp name="T306"/><temp name="T14"/><temp name="T300"/></temps></instruction><instruction code="ADD T309,T307,T308"><temps name="use"><temp name="T307"/><temp name="T308"/></temps><temps name="def"><temp name="T309"/></temps><temps name="in"><temp name="T303"/><temp name="T307"/><temp name="T308"/><temp name="T306"/><temp name="T14"/><temp name="T300"/></temps><temps name="out"><temp name="T303"/><temp name="T306"/><temp name="T14"/><temp name="T300"/><temp name="T309"/></temps></instruction><instruction code="LDO T309,T309,0"><temps name="use"><temp name="T309"/></temps><temps name="def"><temp name="T309"/></temps><temps name="in"><temp name="T303"/><temp name="T306"/><temp name="T14"/><temp name="T300"/><temp name="T309"/></temps><temps name="out"><temp name="T303"/><temp name="T306"/><temp name="T14"/><temp name="T300"/><temp name="T309"/></temps></instruction><instruction code="SETL T310,8"><temps name="use"/><temps name="def"><temp name="T310"/></temps><temps name="in"><temp name="T303"/><temp name="T306"/><temp name="T14"/><temp name="T300"/><temp name="T309"/></temps><temps name="out"><temp name="T303"/><temp name="T306"/><temp name="T14"/><temp name="T310"/><temp name="T300"/><temp name="T309"/></temps></instruction><instruction code="MUL T311,T309,T310"><temps name="use"><temp name="T309"/><temp name="T310"/></temps><temps name="def"><temp name="T311"/></temps><temps name="in"><temp name="T303"/><temp name="T306"/><temp name="T14"/><temp name="T310"/><temp name="T300"/><temp name="T309"/></temps><temps name="out"><temp name="T303"/><temp name="T306"/><temp name="T311"/><temp name="T14"/><temp name="T300"/></temps></instruction><instruction code="ADD T312,T306,T311"><temps name="use"><temp name="T306"/><temp name="T311"/></temps><temps name="def"><temp name="T312"/></temps><temps name="in"><temp name="T303"/><temp name="T306"/><temp name="T311"/><temp name="T14"/><temp name="T300"/></temps><temps name="out"><temp name="T303"/><temp name="T312"/><temp name="T14"/><temp name="T300"/></temps></instruction><instruction code="LDO T312,T312,0"><temps name="use"><temp name="T312"/></temps><temps name="def"><temp name="T312"/></temps><temps name="in"><temp name="T303"/><temp name="T312"/><temp name="T14"/><temp name="T300"/></temps><temps name="out"><temp name="T303"/><temp name="T312"/><temp name="T14"/><temp name="T300"/></temps></instruction><instruction code="LDO T313,T14,0"><temps name="use"><temp name="T14"/></temps><temps name="def"><temp name="T313"/></temps><temps name="in"><temp name="T303"/><temp name="T312"/><temp name="T14"/><temp name="T300"/></temps><temps name="out"><temp name="T303"/><temp name="T312"/><temp name="T14"/><temp name="T300"/><temp name="T313"/></temps></instruction><instruction code="SETL T314,264"><temps name="use"/><temps name="def"><temp name="T314"/></temps><temps name="in"><temp name="T303"/><temp name="T312"/><temp name="T14"/><temp name="T300"/><temp name="T313"/></temps><temps name="out"><temp name="T303"/><temp name="T314"/><temp name="T312"/><temp name="T14"/><temp name="T300"/><temp name="T313"/></temps></instruction><instruction code="NEG  T314,T314"><temps name="use"><temp name="T314"/></temps><temps name="def"><temp name="T314"/></temps><temps name="in"><temp name="T303"/><temp name="T314"/><temp name="T312"/><temp name="T14"/><temp name="T300"/><temp name="T313"/></temps><temps name="out"><temp name="T303"/><temp name="T314"/><temp name="T312"/><temp name="T14"/><temp name="T300"/><temp name="T313"/></temps></instruction><instruction code="ADD T315,T313,T314"><temps name="use"><temp name="T313"/><temp name="T314"/></temps><temps name="def"><temp name="T315"/></temps><temps name="in"><temp name="T303"/><temp name="T314"/><temp name="T312"/><temp name="T14"/><temp name="T300"/><temp name="T313"/></temps><temps name="out"><temp name="T303"/><temp name="T312"/><temp name="T14"/><temp name="T315"/><temp name="T300"/></temps></instruction><instruction code="SET T316,T14"><temps name="use"><temp name="T14"/></temps><temps name="def"><temp name="T316"/></temps><temps name="in"><temp name="T303"/><temp name="T312"/><temp name="T14"/><temp name="T315"/><temp name="T300"/></temps><temps name="out"><temp name="T303"/><temp name="T316"/><temp name="T312"/><temp name="T14"/><temp name="T315"/><temp name="T300"/></temps></instruction><instruction code="SETL T317,8"><temps name="use"/><temps name="def"><temp name="T317"/></temps><temps name="in"><temp name="T303"/><temp name="T316"/><temp name="T312"/><temp name="T14"/><temp name="T315"/><temp name="T300"/></temps><temps name="out"><temp name="T303"/><temp name="T316"/><temp name="T312"/><temp name="T317"/><temp name="T14"/><temp name="T315"/><temp name="T300"/></temps></instruction><instruction code="ADD T318,T316,T317"><temps name="use"><temp name="T316"/><temp name="T317"/></temps><temps name="def"><temp name="T318"/></temps><temps name="in"><temp name="T303"/><temp name="T316"/><temp name="T312"/><temp name="T317"/><temp name="T14"/><temp name="T315"/><temp name="T300"/></temps><temps name="out"><temp name="T303"/><temp name="T318"/><temp name="T312"/><temp name="T14"/><temp name="T315"/><temp name="T300"/></temps></instruction><instruction code="LDO T318,T318,0"><temps name="use"><temp name="T318"/></temps><temps name="def"><temp name="T318"/></temps><temps name="in"><temp name="T303"/><temp name="T318"/><temp name="T312"/><temp name="T14"/><temp name="T315"/><temp name="T300"/></temps><temps name="out"><temp name="T303"/><temp name="T318"/><temp name="T312"/><temp name="T14"/><temp name="T315"/><temp name="T300"/></temps></instruction><instruction code="SETL T319,8"><temps name="use"/><temps name="def"><temp name="T319"/></temps><temps name="in"><temp name="T303"/><temp name="T318"/><temp name="T312"/><temp name="T14"/><temp name="T315"/><temp name="T300"/></temps><temps name="out"><temp name="T303"/><temp name="T319"/><temp name="T318"/><temp name="T312"/><temp name="T14"/><temp name="T315"/><temp name="T300"/></temps></instruction><instruction code="MUL T320,T318,T319"><temps name="use"><temp name="T318"/><temp name="T319"/></temps><temps name="def"><temp name="T320"/></temps><temps name="in"><temp name="T303"/><temp name="T319"/><temp name="T318"/><temp name="T312"/><temp name="T14"/><temp name="T315"/><temp name="T300"/></temps><temps name="out"><temp name="T303"/><temp name="T320"/><temp name="T312"/><temp name="T14"/><temp name="T315"/><temp name="T300"/></temps></instruction><instruction code="ADD T321,T315,T320"><temps name="use"><temp name="T315"/><temp name="T320"/></temps><temps name="def"><temp name="T321"/></temps><temps name="in"><temp name="T303"/><temp name="T320"/><temp name="T312"/><temp name="T14"/><temp name="T315"/><temp name="T300"/></temps><temps name="out"><temp name="T303"/><temp name="T312"/><temp name="T14"/><temp name="T321"/><temp name="T300"/></temps></instruction><instruction code="LDO T321,T321,0"><temps name="use"><temp name="T321"/></temps><temps name="def"><temp name="T321"/></temps><temps name="in"><temp name="T303"/><temp name="T312"/><temp name="T14"/><temp name="T321"/><temp name="T300"/></temps><temps name="out"><temp name="T303"/><temp name="T312"/><temp name="T14"/><temp name="T321"/><temp name="T300"/></temps></instruction><instruction code="CMP T1049,T312,T321"><temps name="use"><temp name="T312"/><temp name="T321"/></temps><temps name="def"><temp name="T1049"/></temps><temps name="in"><temp name="T303"/><temp name="T312"/><temp name="T14"/><temp name="T321"/><temp name="T300"/></temps><temps name="out"><temp name="T303"/><temp name="T1049"/><temp name="T14"/><temp name="T300"/></temps></instruction><instruction code="ZSNZ T322,T1049,1"><temps name="use"><temp name="T1049"/></temps><temps name="def"><temp name="T322"/></temps><temps name="in"><temp name="T303"/><temp name="T1049"/><temp name="T14"/><temp name="T300"/></temps><temps name="out"><temp name="T303"/><temp name="T14"/><temp name="T300"/><temp name="T322"/></temps></instruction><instruction code="AND T323,T303,T322"><temps name="use"><temp name="T303"/><temp name="T322"/></temps><temps name="def"><temp name="T323"/></temps><temps name="in"><temp name="T303"/><temp name="T14"/><temp name="T300"/><temp name="T322"/></temps><temps name="out"><temp name="T323"/><temp name="T14"/><temp name="T300"/></temps></instruction><instruction code="STO T323,T300,0"><temps name="use"><temp name="T323"/><temp name="T300"/></temps><temps name="def"/><temps name="in"><temp name="T323"/><temp name="T14"/><temp name="T300"/></temps><temps name="out"><temp name="T14"/></temps></instruction><instruction code="SET T324,T14"><temps name="use"><temp name="T14"/></temps><temps name="def"><temp name="T324"/></temps><temps name="in"><temp name="T14"/></temps><temps name="out"><temp name="T324"/><temp name="T14"/></temps></instruction><instruction code="SETL T325,32"><temps name="use"/><temps name="def"><temp name="T325"/></temps><temps name="in"><temp name="T324"/><temp name="T14"/></temps><temps name="out"><temp name="T324"/><temp name="T325"/><temp name="T14"/></temps></instruction><instruction code="NEG  T325,T325"><temps name="use"><temp name="T325"/></temps><temps name="def"><temp name="T325"/></temps><temps name="in"><temp name="T324"/><temp name="T325"/><temp name="T14"/></temps><temps name="out"><temp name="T324"/><temp name="T325"/><temp name="T14"/></temps></instruction><instruction code="ADD T326,T324,T325"><temps name="use"><temp name="T324"/><temp name="T325"/></temps><temps name="def"><temp name="T326"/></temps><temps name="in"><temp name="T324"/><temp name="T325"/><temp name="T14"/></temps><temps name="out"><temp name="T326"/><temp name="T14"/></temps></instruction><instruction code="SET T327,T14"><temps name="use"><temp name="T14"/></temps><temps name="def"><temp name="T327"/></temps><temps name="in"><temp name="T326"/><temp name="T14"/></temps><temps name="out"><temp name="T326"/><temp name="T327"/><temp name="T14"/></temps></instruction><instruction code="SETL T328,32"><temps name="use"/><temps name="def"><temp name="T328"/></temps><temps name="in"><temp name="T326"/><temp name="T327"/><temp name="T14"/></temps><temps name="out"><temp name="T326"/><temp name="T327"/><temp name="T14"/><temp name="T328"/></temps></instruction><instruction code="NEG  T328,T328"><temps name="use"><temp name="T328"/></temps><temps name="def"><temp name="T328"/></temps><temps name="in"><temp name="T326"/><temp name="T327"/><temp name="T14"/><temp name="T328"/></temps><temps name="out"><temp name="T326"/><temp name="T327"/><temp name="T14"/><temp name="T328"/></temps></instruction><instruction code="ADD T329,T327,T328"><temps name="use"><temp name="T327"/><temp name="T328"/></temps><temps name="def"><temp name="T329"/></temps><temps name="in"><temp name="T326"/><temp name="T327"/><temp name="T14"/><temp name="T328"/></temps><temps name="out"><temp name="T326"/><temp name="T14"/><temp name="T329"/></temps></instruction><instruction code="LDO T329,T329,0"><temps name="use"><temp name="T329"/></temps><temps name="def"><temp name="T329"/></temps><temps name="in"><temp name="T326"/><temp name="T14"/><temp name="T329"/></temps><temps name="out"><temp name="T326"/><temp name="T14"/><temp name="T329"/></temps></instruction><instruction code="LDO T330,T14,0"><temps name="use"><temp name="T14"/></temps><temps name="def"><temp name="T330"/></temps><temps name="in"><temp name="T326"/><temp name="T14"/><temp name="T329"/></temps><temps name="out"><temp name="T326"/><temp name="T14"/><temp name="T329"/><temp name="T330"/></temps></instruction><instruction code="SETL T331,264"><temps name="use"/><temps name="def"><temp name="T331"/></temps><temps name="in"><temp name="T326"/><temp name="T14"/><temp name="T329"/><temp name="T330"/></temps><temps name="out"><temp name="T326"/><temp name="T14"/><temp name="T329"/><temp name="T331"/><temp name="T330"/></temps></instruction><instruction code="NEG  T331,T331"><temps name="use"><temp name="T331"/></temps><temps name="def"><temp name="T331"/></temps><temps name="in"><temp name="T326"/><temp name="T14"/><temp name="T329"/><temp name="T331"/><temp name="T330"/></temps><temps name="out"><temp name="T326"/><temp name="T14"/><temp name="T329"/><temp name="T331"/><temp name="T330"/></temps></instruction><instruction code="ADD T332,T330,T331"><temps name="use"><temp name="T330"/><temp name="T331"/></temps><temps name="def"><temp name="T332"/></temps><temps name="in"><temp name="T326"/><temp name="T14"/><temp name="T329"/><temp name="T331"/><temp name="T330"/></temps><temps name="out"><temp name="T326"/><temp name="T14"/><temp name="T329"/><temp name="T332"/></temps></instruction><instruction code="SET T333,T14"><temps name="use"><temp name="T14"/></temps><temps name="def"><temp name="T333"/></temps><temps name="in"><temp name="T326"/><temp name="T14"/><temp name="T329"/><temp name="T332"/></temps><temps name="out"><temp name="T326"/><temp name="T14"/><temp name="T329"/><temp name="T332"/><temp name="T333"/></temps></instruction><instruction code="SETL T334,16"><temps name="use"/><temps name="def"><temp name="T334"/></temps><temps name="in"><temp name="T326"/><temp name="T14"/><temp name="T329"/><temp name="T332"/><temp name="T333"/></temps><temps name="out"><temp name="T326"/><temp name="T334"/><temp name="T14"/><temp name="T329"/><temp name="T332"/><temp name="T333"/></temps></instruction><instruction code="NEG  T334,T334"><temps name="use"><temp name="T334"/></temps><temps name="def"><temp name="T334"/></temps><temps name="in"><temp name="T326"/><temp name="T334"/><temp name="T14"/><temp name="T329"/><temp name="T332"/><temp name="T333"/></temps><temps name="out"><temp name="T326"/><temp name="T334"/><temp name="T14"/><temp name="T329"/><temp name="T332"/><temp name="T333"/></temps></instruction><instruction code="ADD T335,T333,T334"><temps name="use"><temp name="T333"/><temp name="T334"/></temps><temps name="def"><temp name="T335"/></temps><temps name="in"><temp name="T326"/><temp name="T334"/><temp name="T14"/><temp name="T329"/><temp name="T332"/><temp name="T333"/></temps><temps name="out"><temp name="T326"/><temp name="T14"/><temp name="T329"/><temp name="T332"/><temp name="T335"/></temps></instruction><instruction code="LDO T335,T335,0"><temps name="use"><temp name="T335"/></temps><temps name="def"><temp name="T335"/></temps><temps name="in"><temp name="T326"/><temp name="T14"/><temp name="T329"/><temp name="T332"/><temp name="T335"/></temps><temps name="out"><temp name="T326"/><temp name="T14"/><temp name="T329"/><temp name="T332"/><temp name="T335"/></temps></instruction><instruction code="SETL T336,8"><temps name="use"/><temps name="def"><temp name="T336"/></temps><temps name="in"><temp name="T326"/><temp name="T14"/><temp name="T329"/><temp name="T332"/><temp name="T335"/></temps><temps name="out"><temp name="T336"/><temp name="T326"/><temp name="T14"/><temp name="T329"/><temp name="T332"/><temp name="T335"/></temps></instruction><instruction code="MUL T337,T335,T336"><temps name="use"><temp name="T335"/><temp name="T336"/></temps><temps name="def"><temp name="T337"/></temps><temps name="in"><temp name="T336"/><temp name="T326"/><temp name="T14"/><temp name="T329"/><temp name="T332"/><temp name="T335"/></temps><temps name="out"><temp name="T326"/><temp name="T337"/><temp name="T14"/><temp name="T329"/><temp name="T332"/></temps></instruction><instruction code="ADD T338,T332,T337"><temps name="use"><temp name="T332"/><temp name="T337"/></temps><temps name="def"><temp name="T338"/></temps><temps name="in"><temp name="T326"/><temp name="T337"/><temp name="T14"/><temp name="T329"/><temp name="T332"/></temps><temps name="out"><temp name="T338"/><temp name="T326"/><temp name="T14"/><temp name="T329"/></temps></instruction><instruction code="LDO T338,T338,0"><temps name="use"><temp name="T338"/></temps><temps name="def"><temp name="T338"/></temps><temps name="in"><temp name="T338"/><temp name="T326"/><temp name="T14"/><temp name="T329"/></temps><temps name="out"><temp name="T338"/><temp name="T326"/><temp name="T14"/><temp name="T329"/></temps></instruction><instruction code="LDO T339,T14,0"><temps name="use"><temp name="T14"/></temps><temps name="def"><temp name="T339"/></temps><temps name="in"><temp name="T338"/><temp name="T326"/><temp name="T14"/><temp name="T329"/></temps><temps name="out"><temp name="T338"/><temp name="T326"/><temp name="T14"/><temp name="T329"/><temp name="T339"/></temps></instruction><instruction code="SETL T340,264"><temps name="use"/><temps name="def"><temp name="T340"/></temps><temps name="in"><temp name="T338"/><temp name="T326"/><temp name="T14"/><temp name="T329"/><temp name="T339"/></temps><temps name="out"><temp name="T338"/><temp name="T326"/><temp name="T340"/><temp name="T14"/><temp name="T329"/><temp name="T339"/></temps></instruction><instruction code="NEG  T340,T340"><temps name="use"><temp name="T340"/></temps><temps name="def"><temp name="T340"/></temps><temps name="in"><temp name="T338"/><temp name="T326"/><temp name="T340"/><temp name="T14"/><temp name="T329"/><temp name="T339"/></temps><temps name="out"><temp name="T338"/><temp name="T326"/><temp name="T340"/><temp name="T14"/><temp name="T329"/><temp name="T339"/></temps></instruction><instruction code="ADD T341,T339,T340"><temps name="use"><temp name="T339"/><temp name="T340"/></temps><temps name="def"><temp name="T341"/></temps><temps name="in"><temp name="T338"/><temp name="T326"/><temp name="T340"/><temp name="T14"/><temp name="T329"/><temp name="T339"/></temps><temps name="out"><temp name="T341"/><temp name="T338"/><temp name="T326"/><temp name="T14"/><temp name="T329"/></temps></instruction><instruction code="SET T342,T14"><temps name="use"><temp name="T14"/></temps><temps name="def"><temp name="T342"/></temps><temps name="in"><temp name="T341"/><temp name="T338"/><temp name="T326"/><temp name="T14"/><temp name="T329"/></temps><temps name="out"><temp name="T341"/><temp name="T342"/><temp name="T338"/><temp name="T326"/><temp name="T14"/><temp name="T329"/></temps></instruction><instruction code="SETL T343,8"><temps name="use"/><temps name="def"><temp name="T343"/></temps><temps name="in"><temp name="T341"/><temp name="T342"/><temp name="T338"/><temp name="T326"/><temp name="T14"/><temp name="T329"/></temps><temps name="out"><temp name="T341"/><temp name="T342"/><temp name="T338"/><temp name="T326"/><temp name="T343"/><temp name="T14"/><temp name="T329"/></temps></instruction><instruction code="ADD T344,T342,T343"><temps name="use"><temp name="T342"/><temp name="T343"/></temps><temps name="def"><temp name="T344"/></temps><temps name="in"><temp name="T341"/><temp name="T342"/><temp name="T338"/><temp name="T326"/><temp name="T343"/><temp name="T14"/><temp name="T329"/></temps><temps name="out"><temp name="T341"/><temp name="T338"/><temp name="T326"/><temp name="T14"/><temp name="T329"/><temp name="T344"/></temps></instruction><instruction code="LDO T344,T344,0"><temps name="use"><temp name="T344"/></temps><temps name="def"><temp name="T344"/></temps><temps name="in"><temp name="T341"/><temp name="T338"/><temp name="T326"/><temp name="T14"/><temp name="T329"/><temp name="T344"/></temps><temps name="out"><temp name="T341"/><temp name="T338"/><temp name="T326"/><temp name="T14"/><temp name="T329"/><temp name="T344"/></temps></instruction><instruction code="SETL T345,8"><temps name="use"/><temps name="def"><temp name="T345"/></temps><temps name="in"><temp name="T341"/><temp name="T338"/><temp name="T326"/><temp name="T14"/><temp name="T329"/><temp name="T344"/></temps><temps name="out"><temp name="T341"/><temp name="T338"/><temp name="T326"/><temp name="T345"/><temp name="T14"/><temp name="T329"/><temp name="T344"/></temps></instruction><instruction code="MUL T346,T344,T345"><temps name="use"><temp name="T344"/><temp name="T345"/></temps><temps name="def"><temp name="T346"/></temps><temps name="in"><temp name="T341"/><temp name="T338"/><temp name="T326"/><temp name="T345"/><temp name="T14"/><temp name="T329"/><temp name="T344"/></temps><temps name="out"><temp name="T341"/><temp name="T338"/><temp name="T326"/><temp name="T14"/><temp name="T329"/><temp name="T346"/></temps></instruction><instruction code="ADD T347,T341,T346"><temps name="use"><temp name="T341"/><temp name="T346"/></temps><temps name="def"><temp name="T347"/></temps><temps name="in"><temp name="T341"/><temp name="T338"/><temp name="T326"/><temp name="T14"/><temp name="T329"/><temp name="T346"/></temps><temps name="out"><temp name="T338"/><temp name="T326"/><temp name="T347"/><temp name="T14"/><temp name="T329"/></temps></instruction><instruction code="LDO T347,T347,0"><temps name="use"><temp name="T347"/></temps><temps name="def"><temp name="T347"/></temps><temps name="in"><temp name="T338"/><temp name="T326"/><temp name="T347"/><temp name="T14"/><temp name="T329"/></temps><temps name="out"><temp name="T338"/><temp name="T326"/><temp name="T347"/><temp name="T14"/><temp name="T329"/></temps></instruction><instruction code="SUB T348,T338,T347"><temps name="use"><temp name="T338"/><temp name="T347"/></temps><temps name="def"><temp name="T348"/></temps><temps name="in"><temp name="T338"/><temp name="T326"/><temp name="T347"/><temp name="T14"/><temp name="T329"/></temps><temps name="out"><temp name="T326"/><temp name="T348"/><temp name="T14"/><temp name="T329"/></temps></instruction><instruction code="SET T349,T14"><temps name="use"><temp name="T14"/></temps><temps name="def"><temp name="T349"/></temps><temps name="in"><temp name="T326"/><temp name="T348"/><temp name="T14"/><temp name="T329"/></temps><temps name="out"><temp name="T349"/><temp name="T326"/><temp name="T348"/><temp name="T14"/><temp name="T329"/></temps></instruction><instruction code="SETL T350,16"><temps name="use"/><temps name="def"><temp name="T350"/></temps><temps name="in"><temp name="T349"/><temp name="T326"/><temp name="T348"/><temp name="T14"/><temp name="T329"/></temps><temps name="out"><temp name="T349"/><temp name="T326"/><temp name="T348"/><temp name="T14"/><temp name="T329"/><temp name="T350"/></temps></instruction><instruction code="NEG  T350,T350"><temps name="use"><temp name="T350"/></temps><temps name="def"><temp name="T350"/></temps><temps name="in"><temp name="T349"/><temp name="T326"/><temp name="T348"/><temp name="T14"/><temp name="T329"/><temp name="T350"/></temps><temps name="out"><temp name="T349"/><temp name="T326"/><temp name="T348"/><temp name="T14"/><temp name="T329"/><temp name="T350"/></temps></instruction><instruction code="ADD T351,T349,T350"><temps name="use"><temp name="T349"/><temp name="T350"/></temps><temps name="def"><temp name="T351"/></temps><temps name="in"><temp name="T349"/><temp name="T326"/><temp name="T348"/><temp name="T14"/><temp name="T329"/><temp name="T350"/></temps><temps name="out"><temp name="T326"/><temp name="T348"/><temp name="T351"/><temp name="T14"/><temp name="T329"/></temps></instruction><instruction code="LDO T351,T351,0"><temps name="use"><temp name="T351"/></temps><temps name="def"><temp name="T351"/></temps><temps name="in"><temp name="T326"/><temp name="T348"/><temp name="T351"/><temp name="T14"/><temp name="T329"/></temps><temps name="out"><temp name="T326"/><temp name="T348"/><temp name="T351"/><temp name="T14"/><temp name="T329"/></temps></instruction><instruction code="SET T352,T14"><temps name="use"><temp name="T14"/></temps><temps name="def"><temp name="T352"/></temps><temps name="in"><temp name="T326"/><temp name="T348"/><temp name="T351"/><temp name="T14"/><temp name="T329"/></temps><temps name="out"><temp name="T326"/><temp name="T348"/><temp name="T352"/><temp name="T351"/><temp name="T14"/><temp name="T329"/></temps></instruction><instruction code="SETL T353,8"><temps name="use"/><temps name="def"><temp name="T353"/></temps><temps name="in"><temp name="T326"/><temp name="T348"/><temp name="T352"/><temp name="T351"/><temp name="T14"/><temp name="T329"/></temps><temps name="out"><temp name="T326"/><temp name="T348"/><temp name="T352"/><temp name="T351"/><temp name="T14"/><temp name="T329"/><temp name="T353"/></temps></instruction><instruction code="ADD T354,T352,T353"><temps name="use"><temp name="T352"/><temp name="T353"/></temps><temps name="def"><temp name="T354"/></temps><temps name="in"><temp name="T326"/><temp name="T348"/><temp name="T352"/><temp name="T351"/><temp name="T14"/><temp name="T329"/><temp name="T353"/></temps><temps name="out"><temp name="T326"/><temp name="T348"/><temp name="T354"/><temp name="T351"/><temp name="T14"/><temp name="T329"/></temps></instruction><instruction code="LDO T354,T354,0"><temps name="use"><temp name="T354"/></temps><temps name="def"><temp name="T354"/></temps><temps name="in"><temp name="T326"/><temp name="T348"/><temp name="T354"/><temp name="T351"/><temp name="T14"/><temp name="T329"/></temps><temps name="out"><temp name="T326"/><temp name="T348"/><temp name="T351"/><temp name="T354"/><temp name="T14"/><temp name="T329"/></temps></instruction><instruction code="SUB T355,T351,T354"><temps name="use"><temp name="T351"/><temp name="T354"/></temps><temps name="def"><temp name="T355"/></temps><temps name="in"><temp name="T326"/><temp name="T348"/><temp name="T351"/><temp name="T354"/><temp name="T14"/><temp name="T329"/></temps><temps name="out"><temp name="T355"/><temp name="T326"/><temp name="T348"/><temp name="T14"/><temp name="T329"/></temps></instruction><instruction code="CMP T1092,T348,T355"><temps name="use"><temp name="T348"/><temp name="T355"/></temps><temps name="def"><temp name="T1092"/></temps><temps name="in"><temp name="T355"/><temp name="T326"/><temp name="T348"/><temp name="T14"/><temp name="T329"/></temps><temps name="out"><temp name="T326"/><temp name="T1092"/><temp name="T14"/><temp name="T329"/></temps></instruction><instruction code="ZSNZ T356,T1092,1"><temps name="use"><temp name="T1092"/></temps><temps name="def"><temp name="T356"/></temps><temps name="in"><temp name="T326"/><temp name="T1092"/><temp name="T14"/><temp name="T329"/></temps><temps name="out"><temp name="T326"/><temp name="T14"/><temp name="T329"/><temp name="T356"/></temps></instruction><instruction code="AND T357,T329,T356"><temps name="use"><temp name="T329"/><temp name="T356"/></temps><temps name="def"><temp name="T357"/></temps><temps name="in"><temp name="T326"/><temp name="T14"/><temp name="T329"/><temp name="T356"/></temps><temps name="out"><temp name="T326"/><temp name="T14"/><temp name="T357"/></temps></instruction><instruction code="STO T357,T326,0"><temps name="use"><temp name="T357"/><temp name="T326"/></temps><temps name="def"/><temps name="in"><temp name="T326"/><temp name="T14"/><temp name="T357"/></temps><temps name="out"><temp name="T14"/></temps></instruction><instruction code="SET T358,T14"><temps name="use"><temp name="T14"/></temps><temps name="def"><temp name="T358"/></temps><temps name="in"><temp name="T14"/></temps><temps name="out"><temp name="T14"/><temp name="T358"/></temps></instruction><instruction code="SETL T359,32"><temps name="use"/><temps name="def"><temp name="T359"/></temps><temps name="in"><temp name="T14"/><temp name="T358"/></temps><temps name="out"><temp name="T359"/><temp name="T14"/><temp name="T358"/></temps></instruction><instruction code="NEG  T359,T359"><temps name="use"><temp name="T359"/></temps><temps name="def"><temp name="T359"/></temps><temps name="in"><temp name="T359"/><temp name="T14"/><temp name="T358"/></temps><temps name="out"><temp name="T359"/><temp name="T14"/><temp name="T358"/></temps></instruction><instruction code="ADD T360,T358,T359"><temps name="use"><temp name="T358"/><temp name="T359"/></temps><temps name="def"><temp name="T360"/></temps><temps name="in"><temp name="T359"/><temp name="T14"/><temp name="T358"/></temps><temps name="out"><temp name="T360"/><temp name="T14"/></temps></instruction><instruction code="SET T361,T14"><temps name="use"><temp name="T14"/></temps><temps name="def"><temp name="T361"/></temps><temps name="in"><temp name="T360"/><temp name="T14"/></temps><temps name="out"><temp name="T360"/><temp name="T14"/><temp name="T361"/></temps></instruction><instruction code="SETL T362,32"><temps name="use"/><temps name="def"><temp name="T362"/></temps><temps name="in"><temp name="T360"/><temp name="T14"/><temp name="T361"/></temps><temps name="out"><temp name="T362"/><temp name="T360"/><temp name="T14"/><temp name="T361"/></temps></instruction><instruction code="NEG  T362,T362"><temps name="use"><temp name="T362"/></temps><temps name="def"><temp name="T362"/></temps><temps name="in"><temp name="T362"/><temp name="T360"/><temp name="T14"/><temp name="T361"/></temps><temps name="out"><temp name="T362"/><temp name="T360"/><temp name="T14"/><temp name="T361"/></temps></instruction><instruction code="ADD T363,T361,T362"><temps name="use"><temp name="T361"/><temp name="T362"/></temps><temps name="def"><temp name="T363"/></temps><temps name="in"><temp name="T362"/><temp name="T360"/><temp name="T14"/><temp name="T361"/></temps><temps name="out"><temp name="T363"/><temp name="T360"/><temp name="T14"/></temps></instruction><instruction code="LDO T363,T363,0"><temps name="use"><temp name="T363"/></temps><temps name="def"><temp name="T363"/></temps><temps name="in"><temp name="T363"/><temp name="T360"/><temp name="T14"/></temps><temps name="out"><temp name="T363"/><temp name="T360"/><temp name="T14"/></temps></instruction><instruction code="LDO T364,T14,0"><temps name="use"><temp name="T14"/></temps><temps name="def"><temp name="T364"/></temps><temps name="in"><temp name="T363"/><temp name="T360"/><temp name="T14"/></temps><temps name="out"><temp name="T363"/><temp name="T364"/><temp name="T360"/><temp name="T14"/></temps></instruction><instruction code="SETL T365,264"><temps name="use"/><temps name="def"><temp name="T365"/></temps><temps name="in"><temp name="T363"/><temp name="T364"/><temp name="T360"/><temp name="T14"/></temps><temps name="out"><temp name="T363"/><temp name="T364"/><temp name="T365"/><temp name="T360"/><temp name="T14"/></temps></instruction><instruction code="NEG  T365,T365"><temps name="use"><temp name="T365"/></temps><temps name="def"><temp name="T365"/></temps><temps name="in"><temp name="T363"/><temp name="T364"/><temp name="T365"/><temp name="T360"/><temp name="T14"/></temps><temps name="out"><temp name="T363"/><temp name="T364"/><temp name="T365"/><temp name="T360"/><temp name="T14"/></temps></instruction><instruction code="ADD T366,T364,T365"><temps name="use"><temp name="T364"/><temp name="T365"/></temps><temps name="def"><temp name="T366"/></temps><temps name="in"><temp name="T363"/><temp name="T364"/><temp name="T365"/><temp name="T360"/><temp name="T14"/></temps><temps name="out"><temp name="T366"/><temp name="T363"/><temp name="T360"/><temp name="T14"/></temps></instruction><instruction code="SET T367,T14"><temps name="use"><temp name="T14"/></temps><temps name="def"><temp name="T367"/></temps><temps name="in"><temp name="T366"/><temp name="T363"/><temp name="T360"/><temp name="T14"/></temps><temps name="out"><temp name="T366"/><temp name="T363"/><temp name="T360"/><temp name="T14"/><temp name="T367"/></temps></instruction><instruction code="SETL T368,16"><temps name="use"/><temps name="def"><temp name="T368"/></temps><temps name="in"><temp name="T366"/><temp name="T363"/><temp name="T360"/><temp name="T14"/><temp name="T367"/></temps><temps name="out"><temp name="T366"/><temp name="T363"/><temp name="T360"/><temp name="T14"/><temp name="T367"/><temp name="T368"/></temps></instruction><instruction code="NEG  T368,T368"><temps name="use"><temp name="T368"/></temps><temps name="def"><temp name="T368"/></temps><temps name="in"><temp name="T366"/><temp name="T363"/><temp name="T360"/><temp name="T14"/><temp name="T367"/><temp name="T368"/></temps><temps name="out"><temp name="T366"/><temp name="T363"/><temp name="T360"/><temp name="T14"/><temp name="T367"/><temp name="T368"/></temps></instruction><instruction code="ADD T369,T367,T368"><temps name="use"><temp name="T367"/><temp name="T368"/></temps><temps name="def"><temp name="T369"/></temps><temps name="in"><temp name="T366"/><temp name="T363"/><temp name="T360"/><temp name="T14"/><temp name="T367"/><temp name="T368"/></temps><temps name="out"><temp name="T366"/><temp name="T363"/><temp name="T369"/><temp name="T360"/><temp name="T14"/></temps></instruction><instruction code="LDO T369,T369,0"><temps name="use"><temp name="T369"/></temps><temps name="def"><temp name="T369"/></temps><temps name="in"><temp name="T366"/><temp name="T363"/><temp name="T369"/><temp name="T360"/><temp name="T14"/></temps><temps name="out"><temp name="T366"/><temp name="T363"/><temp name="T369"/><temp name="T360"/><temp name="T14"/></temps></instruction><instruction code="SETL T370,8"><temps name="use"/><temps name="def"><temp name="T370"/></temps><temps name="in"><temp name="T366"/><temp name="T363"/><temp name="T369"/><temp name="T360"/><temp name="T14"/></temps><temps name="out"><temp name="T366"/><temp name="T363"/><temp name="T369"/><temp name="T360"/><temp name="T370"/><temp name="T14"/></temps></instruction><instruction code="MUL T371,T369,T370"><temps name="use"><temp name="T369"/><temp name="T370"/></temps><temps name="def"><temp name="T371"/></temps><temps name="in"><temp name="T366"/><temp name="T363"/><temp name="T369"/><temp name="T360"/><temp name="T370"/><temp name="T14"/></temps><temps name="out"><temp name="T366"/><temp name="T363"/><temp name="T371"/><temp name="T360"/><temp name="T14"/></temps></instruction><instruction code="ADD T372,T366,T371"><temps name="use"><temp name="T366"/><temp name="T371"/></temps><temps name="def"><temp name="T372"/></temps><temps name="in"><temp name="T366"/><temp name="T363"/><temp name="T371"/><temp name="T360"/><temp name="T14"/></temps><temps name="out"><temp name="T363"/><temp name="T360"/><temp name="T372"/><temp name="T14"/></temps></instruction><instruction code="LDO T372,T372,0"><temps name="use"><temp name="T372"/></temps><temps name="def"><temp name="T372"/></temps><temps name="in"><temp name="T363"/><temp name="T360"/><temp name="T372"/><temp name="T14"/></temps><temps name="out"><temp name="T363"/><temp name="T360"/><temp name="T372"/><temp name="T14"/></temps></instruction><instruction code="LDO T373,T14,0"><temps name="use"><temp name="T14"/></temps><temps name="def"><temp name="T373"/></temps><temps name="in"><temp name="T363"/><temp name="T360"/><temp name="T372"/><temp name="T14"/></temps><temps name="out"><temp name="T363"/><temp name="T360"/><temp name="T372"/><temp name="T14"/><temp name="T373"/></temps></instruction><instruction code="SETL T374,264"><temps name="use"/><temps name="def"><temp name="T374"/></temps><temps name="in"><temp name="T363"/><temp name="T360"/><temp name="T372"/><temp name="T14"/><temp name="T373"/></temps><temps name="out"><temp name="T363"/><temp name="T374"/><temp name="T360"/><temp name="T372"/><temp name="T14"/><temp name="T373"/></temps></instruction><instruction code="NEG  T374,T374"><temps name="use"><temp name="T374"/></temps><temps name="def"><temp name="T374"/></temps><temps name="in"><temp name="T363"/><temp name="T374"/><temp name="T360"/><temp name="T372"/><temp name="T14"/><temp name="T373"/></temps><temps name="out"><temp name="T363"/><temp name="T374"/><temp name="T360"/><temp name="T372"/><temp name="T14"/><temp name="T373"/></temps></instruction><instruction code="ADD T375,T373,T374"><temps name="use"><temp name="T373"/><temp name="T374"/></temps><temps name="def"><temp name="T375"/></temps><temps name="in"><temp name="T363"/><temp name="T374"/><temp name="T360"/><temp name="T372"/><temp name="T14"/><temp name="T373"/></temps><temps name="out"><temp name="T363"/><temp name="T375"/><temp name="T360"/><temp name="T372"/><temp name="T14"/></temps></instruction><instruction code="SET T376,T14"><temps name="use"><temp name="T14"/></temps><temps name="def"><temp name="T376"/></temps><temps name="in"><temp name="T363"/><temp name="T375"/><temp name="T360"/><temp name="T372"/><temp name="T14"/></temps><temps name="out"><temp name="T363"/><temp name="T375"/><temp name="T376"/><temp name="T360"/><temp name="T372"/><temp name="T14"/></temps></instruction><instruction code="SETL T377,8"><temps name="use"/><temps name="def"><temp name="T377"/></temps><temps name="in"><temp name="T363"/><temp name="T375"/><temp name="T376"/><temp name="T360"/><temp name="T372"/><temp name="T14"/></temps><temps name="out"><temp name="T363"/><temp name="T375"/><temp name="T376"/><temp name="T360"/><temp name="T372"/><temp name="T14"/><temp name="T377"/></temps></instruction><instruction code="ADD T378,T376,T377"><temps name="use"><temp name="T376"/><temp name="T377"/></temps><temps name="def"><temp name="T378"/></temps><temps name="in"><temp name="T363"/><temp name="T375"/><temp name="T376"/><temp name="T360"/><temp name="T372"/><temp name="T14"/><temp name="T377"/></temps><temps name="out"><temp name="T363"/><temp name="T375"/><temp name="T378"/><temp name="T360"/><temp name="T372"/><temp name="T14"/></temps></instruction><instruction code="LDO T378,T378,0"><temps name="use"><temp name="T378"/></temps><temps name="def"><temp name="T378"/></temps><temps name="in"><temp name="T363"/><temp name="T375"/><temp name="T378"/><temp name="T360"/><temp name="T372"/><temp name="T14"/></temps><temps name="out"><temp name="T363"/><temp name="T375"/><temp name="T378"/><temp name="T360"/><temp name="T372"/><temp name="T14"/></temps></instruction><instruction code="SETL T379,8"><temps name="use"/><temps name="def"><temp name="T379"/></temps><temps name="in"><temp name="T363"/><temp name="T375"/><temp name="T378"/><temp name="T360"/><temp name="T372"/><temp name="T14"/></temps><temps name="out"><temp name="T363"/><temp name="T375"/><temp name="T378"/><temp name="T360"/><temp name="T372"/><temp name="T14"/><temp name="T379"/></temps></instruction><instruction code="MUL T380,T378,T379"><temps name="use"><temp name="T378"/><temp name="T379"/></temps><temps name="def"><temp name="T380"/></temps><temps name="in"><temp name="T363"/><temp name="T375"/><temp name="T378"/><temp name="T360"/><temp name="T372"/><temp name="T14"/><temp name="T379"/></temps><temps name="out"><temp name="T363"/><temp name="T380"/><temp name="T375"/><temp name="T360"/><temp name="T372"/><temp name="T14"/></temps></instruction><instruction code="ADD T381,T375,T380"><temps name="use"><temp name="T375"/><temp name="T380"/></temps><temps name="def"><temp name="T381"/></temps><temps name="in"><temp name="T363"/><temp name="T380"/><temp name="T375"/><temp name="T360"/><temp name="T372"/><temp name="T14"/></temps><temps name="out"><temp name="T363"/><temp name="T381"/><temp name="T360"/><temp name="T372"/><temp name="T14"/></temps></instruction><instruction code="LDO T381,T381,0"><temps name="use"><temp name="T381"/></temps><temps name="def"><temp name="T381"/></temps><temps name="in"><temp name="T363"/><temp name="T381"/><temp name="T360"/><temp name="T372"/><temp name="T14"/></temps><temps name="out"><temp name="T363"/><temp name="T381"/><temp name="T360"/><temp name="T372"/><temp name="T14"/></temps></instruction><instruction code="SUB T382,T372,T381"><temps name="use"><temp name="T372"/><temp name="T381"/></temps><temps name="def"><temp name="T382"/></temps><temps name="in"><temp name="T363"/><temp name="T381"/><temp name="T360"/><temp name="T372"/><temp name="T14"/></temps><temps name="out"><temp name="T363"/><temp name="T360"/><temp name="T14"/><temp name="T382"/></temps></instruction><instruction code="SET T383,T14"><temps name="use"><temp name="T14"/></temps><temps name="def"><temp name="T383"/></temps><temps name="in"><temp name="T363"/><temp name="T360"/><temp name="T14"/><temp name="T382"/></temps><temps name="out"><temp name="T363"/><temp name="T360"/><temp name="T14"/><temp name="T382"/><temp name="T383"/></temps></instruction><instruction code="SETL T384,8"><temps name="use"/><temps name="def"><temp name="T384"/></temps><temps name="in"><temp name="T363"/><temp name="T360"/><temp name="T14"/><temp name="T382"/><temp name="T383"/></temps><temps name="out"><temp name="T363"/><temp name="T360"/><temp name="T14"/><temp name="T382"/><temp name="T384"/><temp name="T383"/></temps></instruction><instruction code="ADD T385,T383,T384"><temps name="use"><temp name="T383"/><temp name="T384"/></temps><temps name="def"><temp name="T385"/></temps><temps name="in"><temp name="T363"/><temp name="T360"/><temp name="T14"/><temp name="T382"/><temp name="T384"/><temp name="T383"/></temps><temps name="out"><temp name="T363"/><temp name="T360"/><temp name="T14"/><temp name="T382"/><temp name="T385"/></temps></instruction><instruction code="LDO T385,T385,0"><temps name="use"><temp name="T385"/></temps><temps name="def"><temp name="T385"/></temps><temps name="in"><temp name="T363"/><temp name="T360"/><temp name="T14"/><temp name="T382"/><temp name="T385"/></temps><temps name="out"><temp name="T363"/><temp name="T360"/><temp name="T14"/><temp name="T382"/><temp name="T385"/></temps></instruction><instruction code="SET T386,T14"><temps name="use"><temp name="T14"/></temps><temps name="def"><temp name="T386"/></temps><temps name="in"><temp name="T363"/><temp name="T360"/><temp name="T14"/><temp name="T382"/><temp name="T385"/></temps><temps name="out"><temp name="T363"/><temp name="T360"/><temp name="T14"/><temp name="T382"/><temp name="T386"/><temp name="T385"/></temps></instruction><instruction code="SETL T387,16"><temps name="use"/><temps name="def"><temp name="T387"/></temps><temps name="in"><temp name="T363"/><temp name="T360"/><temp name="T14"/><temp name="T382"/><temp name="T386"/><temp name="T385"/></temps><temps name="out"><temp name="T363"/><temp name="T387"/><temp name="T360"/><temp name="T14"/><temp name="T382"/><temp name="T386"/><temp name="T385"/></temps></instruction><instruction code="NEG  T387,T387"><temps name="use"><temp name="T387"/></temps><temps name="def"><temp name="T387"/></temps><temps name="in"><temp name="T363"/><temp name="T387"/><temp name="T360"/><temp name="T14"/><temp name="T382"/><temp name="T386"/><temp name="T385"/></temps><temps name="out"><temp name="T363"/><temp name="T387"/><temp name="T360"/><temp name="T14"/><temp name="T382"/><temp name="T386"/><temp name="T385"/></temps></instruction><instruction code="ADD T388,T386,T387"><temps name="use"><temp name="T386"/><temp name="T387"/></temps><temps name="def"><temp name="T388"/></temps><temps name="in"><temp name="T363"/><temp name="T387"/><temp name="T360"/><temp name="T14"/><temp name="T382"/><temp name="T386"/><temp name="T385"/></temps><temps name="out"><temp name="T363"/><temp name="T360"/><temp name="T14"/><temp name="T382"/><temp name="T388"/><temp name="T385"/></temps></instruction><instruction code="LDO T388,T388,0"><temps name="use"><temp name="T388"/></temps><temps name="def"><temp name="T388"/></temps><temps name="in"><temp name="T363"/><temp name="T360"/><temp name="T14"/><temp name="T382"/><temp name="T388"/><temp name="T385"/></temps><temps name="out"><temp name="T363"/><temp name="T360"/><temp name="T14"/><temp name="T382"/><temp name="T388"/><temp name="T385"/></temps></instruction><instruction code="SUB T389,T385,T388"><temps name="use"><temp name="T385"/><temp name="T388"/></temps><temps name="def"><temp name="T389"/></temps><temps name="in"><temp name="T363"/><temp name="T360"/><temp name="T14"/><temp name="T382"/><temp name="T388"/><temp name="T385"/></temps><temps name="out"><temp name="T363"/><temp name="T360"/><temp name="T389"/><temp name="T14"/><temp name="T382"/></temps></instruction><instruction code="CMP T1135,T382,T389"><temps name="use"><temp name="T382"/><temp name="T389"/></temps><temps name="def"><temp name="T1135"/></temps><temps name="in"><temp name="T363"/><temp name="T360"/><temp name="T389"/><temp name="T14"/><temp name="T382"/></temps><temps name="out"><temp name="T363"/><temp name="T1135"/><temp name="T360"/><temp name="T14"/></temps></instruction><instruction code="ZSNZ T390,T1135,1"><temps name="use"><temp name="T1135"/></temps><temps name="def"><temp name="T390"/></temps><temps name="in"><temp name="T363"/><temp name="T1135"/><temp name="T360"/><temp name="T14"/></temps><temps name="out"><temp name="T363"/><temp name="T390"/><temp name="T360"/><temp name="T14"/></temps></instruction><instruction code="AND T391,T363,T390"><temps name="use"><temp name="T363"/><temp name="T390"/></temps><temps name="def"><temp name="T391"/></temps><temps name="in"><temp name="T363"/><temp name="T390"/><temp name="T360"/><temp name="T14"/></temps><temps name="out"><temp name="T360"/><temp name="T391"/><temp name="T14"/></temps></instruction><instruction code="STO T391,T360,0"><temps name="use"><temp name="T391"/><temp name="T360"/></temps><temps name="def"/><temps name="in"><temp name="T360"/><temp name="T391"/><temp name="T14"/></temps><temps name="out"><temp name="T14"/></temps></instruction><instruction code="SET T392,T14"><temps name="use"><temp name="T14"/></temps><temps name="def"><temp name="T392"/></temps><temps name="in"><temp name="T14"/></temps><temps name="out"><temp name="T14"/><temp name="T392"/></temps></instruction><instruction code="SETL T393,16"><temps name="use"/><temps name="def"><temp name="T393"/></temps><temps name="in"><temp name="T14"/><temp name="T392"/></temps><temps name="out"><temp name="T14"/><temp name="T393"/><temp name="T392"/></temps></instruction><instruction code="NEG  T393,T393"><temps name="use"><temp name="T393"/></temps><temps name="def"><temp name="T393"/></temps><temps name="in"><temp name="T14"/><temp name="T393"/><temp name="T392"/></temps><temps name="out"><temp name="T14"/><temp name="T392"/><temp name="T393"/></temps></instruction><instruction code="ADD T394,T392,T393"><temps name="use"><temp name="T392"/><temp name="T393"/></temps><temps name="def"><temp name="T394"/></temps><temps name="in"><temp name="T14"/><temp name="T392"/><temp name="T393"/></temps><temps name="out"><temp name="T14"/><temp name="T394"/></temps></instruction><instruction code="SET T395,T14"><temps name="use"><temp name="T14"/></temps><temps name="def"><temp name="T395"/></temps><temps name="in"><temp name="T14"/><temp name="T394"/></temps><temps name="out"><temp name="T395"/><temp name="T14"/><temp name="T394"/></temps></instruction><instruction code="SETL T396,16"><temps name="use"/><temps name="def"><temp name="T396"/></temps><temps name="in"><temp name="T395"/><temp name="T14"/><temp name="T394"/></temps><temps name="out"><temp name="T396"/><temp name="T395"/><temp name="T14"/><temp name="T394"/></temps></instruction><instruction code="NEG  T396,T396"><temps name="use"><temp name="T396"/></temps><temps name="def"><temp name="T396"/></temps><temps name="in"><temp name="T396"/><temp name="T395"/><temp name="T14"/><temp name="T394"/></temps><temps name="out"><temp name="T396"/><temp name="T395"/><temp name="T14"/><temp name="T394"/></temps></instruction><instruction code="ADD T397,T395,T396"><temps name="use"><temp name="T395"/><temp name="T396"/></temps><temps name="def"><temp name="T397"/></temps><temps name="in"><temp name="T396"/><temp name="T395"/><temp name="T14"/><temp name="T394"/></temps><temps name="out"><temp name="T14"/><temp name="T394"/><temp name="T397"/></temps></instruction><instruction code="LDO T397,T397,0"><temps name="use"><temp name="T397"/></temps><temps name="def"><temp name="T397"/></temps><temps name="in"><temp name="T14"/><temp name="T394"/><temp name="T397"/></temps><temps name="out"><temp name="T14"/><temp name="T394"/><temp name="T397"/></temps></instruction><instruction code="SETL T398,1"><temps name="use"/><temps name="def"><temp name="T398"/></temps><temps name="in"><temp name="T14"/><temp name="T394"/><temp name="T397"/></temps><temps name="out"><temp name="T398"/><temp name="T14"/><temp name="T394"/><temp name="T397"/></temps></instruction><instruction code="ADD T399,T397,T398"><temps name="use"><temp name="T397"/><temp name="T398"/></temps><temps name="def"><temp name="T399"/></temps><temps name="in"><temp name="T398"/><temp name="T14"/><temp name="T394"/><temp name="T397"/></temps><temps name="out"><temp name="T14"/><temp name="T394"/><temp name="T399"/></temps></instruction><instruction code="STO T399,T394,0"><temps name="use"><temp name="T399"/><temp name="T394"/></temps><temps name="def"/><temps name="in"><temp name="T14"/><temp name="T394"/><temp name="T399"/></temps><temps name="out"><temp name="T14"/></temps></instruction><instruction code="SETL T1151,0"><temps name="use"/><temps name="def"><temp name="T1151"/></temps><temps name="in"><temp name="T14"/></temps><temps name="out"><temp name="T14"/></temps></instruction><instruction code="JMP L40"><temps name="use"/><temps name="def"/><temps name="in"><temp name="T14"/></temps><temps name="out"><temp name="T14"/></temps></instruction><instruction code="L42"><temps name="use"/><temps name="def"/><temps name="in"><temp name="T14"/></temps><temps name="out"><temp name="T14"/></temps></instruction><instruction code="SETL T1152,0"><temps name="use"/><temps name="def"><temp name="T1152"/></temps><temps name="in"><temp name="T14"/></temps><temps name="out"><temp name="T14"/></temps></instruction><instruction code="SET T400,T14"><temps name="use"><temp name="T14"/></temps><temps name="def"><temp name="T400"/></temps><temps name="in"><temp name="T14"/></temps><temps name="out"><temp name="T400"/><temp name="T14"/></temps></instruction><instruction code="SETL T401,32"><temps name="use"/><temps name="def"><temp name="T401"/></temps><temps name="in"><temp name="T400"/><temp name="T14"/></temps><temps name="out"><temp name="T400"/><temp name="T14"/><temp name="T401"/></temps></instruction><instruction code="NEG  T401,T401"><temps name="use"><temp name="T401"/></temps><temps name="def"><temp name="T401"/></temps><temps name="in"><temp name="T400"/><temp name="T14"/><temp name="T401"/></temps><temps name="out"><temp name="T400"/><temp name="T14"/><temp name="T401"/></temps></instruction><instruction code="ADD T1156,T400,T401"><temps name="use"><temp name="T400"/><temp name="T401"/></temps><temps name="def"><temp name="T1156"/></temps><temps name="in"><temp name="T400"/><temp name="T14"/><temp name="T401"/></temps><temps name="out"><temp name="T14"/><temp name="T1156"/></temps></instruction><instruction code="LDO T1156,T1156,0"><temps name="use"><temp name="T1156"/></temps><temps name="def"><temp name="T1156"/></temps><temps name="in"><temp name="T14"/><temp name="T1156"/></temps><temps name="out"><temp name="T14"/><temp name="T1156"/></temps></instruction><instruction code="BNZ T1156,L43"><temps name="use"><temp name="T1156"/></temps><temps name="def"/><temps name="in"><temp name="T14"/><temp name="T1156"/></temps><temps name="out"><temp name="T14"/></temps></instruction><instruction code="L83"><temps name="use"/><temps name="def"/><temps name="in"><temp name="T14"/></temps><temps name="out"><temp name="T14"/></temps></instruction><instruction code="SETL T1157,0"><temps name="use"/><temps name="def"><temp name="T1157"/></temps><temps name="in"><temp name="T14"/></temps><temps name="out"><temp name="T14"/></temps></instruction><instruction code="JMP L45"><temps name="use"/><temps name="def"/><temps name="in"><temp name="T14"/></temps><temps name="out"><temp name="T14"/></temps></instruction><instruction code="L43"><temps name="use"/><temps name="def"/><temps name="in"><temp name="T14"/></temps><temps name="out"><temp name="T14"/></temps></instruction><instruction code="SET T402,T14"><temps name="use"><temp name="T14"/></temps><temps name="def"><temp name="T402"/></temps><temps name="in"><temp name="T14"/></temps><temps name="out"><temp name="T402"/><temp name="T14"/></temps></instruction><instruction code="SETL T403,40"><temps name="use"/><temps name="def"><temp name="T403"/></temps><temps name="in"><temp name="T402"/><temp name="T14"/></temps><temps name="out"><temp name="T402"/><temp name="T403"/><temp name="T14"/></temps></instruction><instruction code="NEG  T403,T403"><temps name="use"><temp name="T403"/></temps><temps name="def"><temp name="T403"/></temps><temps name="in"><temp name="T402"/><temp name="T403"/><temp name="T14"/></temps><temps name="out"><temp name="T402"/><temp name="T403"/><temp name="T14"/></temps></instruction><instruction code="ADD T404,T402,T403"><temps name="use"><temp name="T402"/><temp name="T403"/></temps><temps name="def"><temp name="T404"/></temps><temps name="in"><temp name="T402"/><temp name="T403"/><temp name="T14"/></temps><temps name="out"><temp name="T14"/><temp name="T404"/></temps></instruction><instruction code="SET T405,T14"><temps name="use"><temp name="T14"/></temps><temps name="def"><temp name="T405"/></temps><temps name="in"><temp name="T14"/><temp name="T404"/></temps><temps name="out"><temp name="T14"/><temp name="T404"/><temp name="T405"/></temps></instruction><instruction code="SETL T406,40"><temps name="use"/><temps name="def"><temp name="T406"/></temps><temps name="in"><temp name="T14"/><temp name="T404"/><temp name="T405"/></temps><temps name="out"><temp name="T14"/><temp name="T404"/><temp name="T406"/><temp name="T405"/></temps></instruction><instruction code="NEG  T406,T406"><temps name="use"><temp name="T406"/></temps><temps name="def"><temp name="T406"/></temps><temps name="in"><temp name="T14"/><temp name="T404"/><temp name="T406"/><temp name="T405"/></temps><temps name="out"><temp name="T14"/><temp name="T404"/><temp name="T406"/><temp name="T405"/></temps></instruction><instruction code="ADD T407,T405,T406"><temps name="use"><temp name="T405"/><temp name="T406"/></temps><temps name="def"><temp name="T407"/></temps><temps name="in"><temp name="T14"/><temp name="T404"/><temp name="T406"/><temp name="T405"/></temps><temps name="out"><temp name="T14"/><temp name="T404"/><temp name="T407"/></temps></instruction><instruction code="LDO T407,T407,0"><temps name="use"><temp name="T407"/></temps><temps name="def"><temp name="T407"/></temps><temps name="in"><temp name="T14"/><temp name="T404"/><temp name="T407"/></temps><temps name="out"><temp name="T14"/><temp name="T404"/><temp name="T407"/></temps></instruction><instruction code="LDO T408,T14,0"><temps name="use"><temp name="T14"/></temps><temps name="def"><temp name="T408"/></temps><temps name="in"><temp name="T14"/><temp name="T404"/><temp name="T407"/></temps><temps name="out"><temp name="T14"/><temp name="T404"/><temp name="T408"/><temp name="T407"/></temps></instruction><instruction code="SET T409,T14"><temps name="use"><temp name="T14"/></temps><temps name="def"><temp name="T409"/></temps><temps name="in"><temp name="T14"/><temp name="T404"/><temp name="T408"/><temp name="T407"/></temps><temps name="out"><temp name="T14"/><temp name="T404"/><temp name="T409"/><temp name="T408"/><temp name="T407"/></temps></instruction><instruction code="SETL T410,8"><temps name="use"/><temps name="def"><temp name="T410"/></temps><temps name="in"><temp name="T14"/><temp name="T404"/><temp name="T409"/><temp name="T408"/><temp name="T407"/></temps><temps name="out"><temp name="T14"/><temp name="T410"/><temp name="T404"/><temp name="T409"/><temp name="T408"/><temp name="T407"/></temps></instruction><instruction code="ADD T411,T409,T410"><temps name="use"><temp name="T409"/><temp name="T410"/></temps><temps name="def"><temp name="T411"/></temps><temps name="in"><temp name="T14"/><temp name="T410"/><temp name="T404"/><temp name="T409"/><temp name="T408"/><temp name="T407"/></temps><temps name="out"><temp name="T14"/><temp name="T411"/><temp name="T404"/><temp name="T408"/><temp name="T407"/></temps></instruction><instruction code="LDO T411,T411,0"><temps name="use"><temp name="T411"/></temps><temps name="def"><temp name="T411"/></temps><temps name="in"><temp name="T14"/><temp name="T411"/><temp name="T404"/><temp name="T408"/><temp name="T407"/></temps><temps name="out"><temp name="T14"/><temp name="T411"/><temp name="T404"/><temp name="T408"/><temp name="T407"/></temps></instruction><instruction code="SETL T412,1"><temps name="use"/><temps name="def"><temp name="T412"/></temps><temps name="in"><temp name="T14"/><temp name="T411"/><temp name="T404"/><temp name="T408"/><temp name="T407"/></temps><temps name="out"><temp name="T14"/><temp name="T411"/><temp name="T412"/><temp name="T404"/><temp name="T408"/><temp name="T407"/></temps></instruction><instruction code="ADD T413,T411,T412"><temps name="use"><temp name="T411"/><temp name="T412"/></temps><temps name="def"><temp name="T413"/></temps><temps name="in"><temp name="T14"/><temp name="T411"/><temp name="T412"/><temp name="T404"/><temp name="T408"/><temp name="T407"/></temps><temps name="out"><temp name="T413"/><temp name="T14"/><temp name="T404"/><temp name="T408"/><temp name="T407"/></temps></instruction><instruction code="STO T413,$254,8"><temps name="use"><temp name="T413"/></temps><temps name="def"/><temps name="in"><temp name="T413"/><temp name="T14"/><temp name="T404"/><temp name="T408"/><temp name="T407"/></temps><temps name="out"><temp name="T14"/><temp name="T404"/><temp name="T408"/><temp name="T407"/></temps></instruction><instruction code="STO T408,$254,0"><temps name="use"><temp name="T408"/></temps><temps name="def"/><temps name="in"><temp name="T14"/><temp name="T404"/><temp name="T408"/><temp name="T407"/></temps><temps name="out"><temp name="T14"/><temp name="T404"/><temp name="T407"/></temps></instruction><instruction code="PUSHJ $100,L3"><temps name="use"/><temps name="def"/><temps name="in"><temp name="T14"/><temp name="T404"/><temp name="T407"/></temps><temps name="out"><temp name="T14"/><temp name="T404"/><temp name="T407"/></temps></instruction><instruction code="LDO T414,$254,0"><temps name="use"/><temps name="def"><temp name="T414"/></temps><temps name="in"><temp name="T14"/><temp name="T404"/><temp name="T407"/></temps><temps name="out"><temp name="T414"/><temp name="T14"/><temp name="T404"/><temp name="T407"/></temps></instruction><instruction code="SET T415,T414"><temps name="use"><temp name="T414"/></temps><temps name="def"><temp name="T415"/></temps><temps name="in"><temp name="T414"/><temp name="T14"/><temp name="T404"/><temp name="T407"/></temps><temps name="out"><temp name="T415"/><temp name="T14"/><temp name="T404"/><temp name="T407"/></temps></instruction><instruction code="ADD T416,T407,T415"><temps name="use"><temp name="T407"/><temp name="T415"/></temps><temps name="def"><temp name="T416"/></temps><temps name="in"><temp name="T415"/><temp name="T14"/><temp name="T404"/><temp name="T407"/></temps><temps name="out"><temp name="T14"/><temp name="T404"/><temp name="T416"/></temps></instruction><instruction code="STO T416,T404,0"><temps name="use"><temp name="T416"/><temp name="T404"/></temps><temps name="def"/><temps name="in"><temp name="T14"/><temp name="T404"/><temp name="T416"/></temps><temps name="out"><temp name="T14"/></temps></instruction><instruction code="JMP L45"><temps name="use"/><temps name="def"/><temps name="in"><temp name="T14"/></temps><temps name="out"><temp name="T14"/></temps></instruction><instruction code="L44"><temps name="use"/><temps name="def"/><temps name="in"><temp name="T14"/></temps><temps name="out"><temp name="T14"/></temps></instruction><instruction code="SETL T1179,0"><temps name="use"/><temps name="def"><temp name="T1179"/></temps><temps name="in"><temp name="T14"/></temps><temps name="out"><temp name="T14"/></temps></instruction><instruction code="JMP L45"><temps name="use"/><temps name="def"/><temps name="in"><temp name="T14"/></temps><temps name="out"><temp name="T14"/></temps></instruction><instruction code="L45"><temps name="use"/><temps name="def"/><temps name="in"><temp name="T14"/></temps><temps name="out"><temp name="T14"/></temps></instruction><instruction code="SET T417,T14"><temps name="use"><temp name="T14"/></temps><temps name="def"><temp name="T417"/></temps><temps name="in"><temp name="T14"/></temps><temps name="out"><temp name="T417"/><temp name="T14"/></temps></instruction><instruction code="SETL T418,24"><temps name="use"/><temps name="def"><temp name="T418"/></temps><temps name="in"><temp name="T417"/><temp name="T14"/></temps><temps name="out"><temp name="T417"/><temp name="T418"/><temp name="T14"/></temps></instruction><instruction code="NEG  T418,T418"><temps name="use"><temp name="T418"/></temps><temps name="def"><temp name="T418"/></temps><temps name="in"><temp name="T417"/><temp name="T418"/><temp name="T14"/></temps><temps name="out"><temp name="T417"/><temp name="T418"/><temp name="T14"/></temps></instruction><instruction code="ADD T419,T417,T418"><temps name="use"><temp name="T417"/><temp name="T418"/></temps><temps name="def"><temp name="T419"/></temps><temps name="in"><temp name="T417"/><temp name="T418"/><temp name="T14"/></temps><temps name="out"><temp name="T419"/><temp name="T14"/></temps></instruction><instruction code="SET T420,T14"><temps name="use"><temp name="T14"/></temps><temps name="def"><temp name="T420"/></temps><temps name="in"><temp name="T419"/><temp name="T14"/></temps><temps name="out"><temp name="T419"/><temp name="T420"/><temp name="T14"/></temps></instruction><instruction code="SETL T421,24"><temps name="use"/><temps name="def"><temp name="T421"/></temps><temps name="in"><temp name="T419"/><temp name="T420"/><temp name="T14"/></temps><temps name="out"><temp name="T419"/><temp name="T420"/><temp name="T421"/><temp name="T14"/></temps></instruction><instruction code="NEG  T421,T421"><temps name="use"><temp name="T421"/></temps><temps name="def"><temp name="T421"/></temps><temps name="in"><temp name="T419"/><temp name="T420"/><temp name="T421"/><temp name="T14"/></temps><temps name="out"><temp name="T419"/><temp name="T420"/><temp name="T421"/><temp name="T14"/></temps></instruction><instruction code="ADD T422,T420,T421"><temps name="use"><temp name="T420"/><temp name="T421"/></temps><temps name="def"><temp name="T422"/></temps><temps name="in"><temp name="T419"/><temp name="T420"/><temp name="T421"/><temp name="T14"/></temps><temps name="out"><temp name="T422"/><temp name="T419"/><temp name="T14"/></temps></instruction><instruction code="LDO T422,T422,0"><temps name="use"><temp name="T422"/></temps><temps name="def"><temp name="T422"/></temps><temps name="in"><temp name="T422"/><temp name="T419"/><temp name="T14"/></temps><temps name="out"><temp name="T422"/><temp name="T419"/><temp name="T14"/></temps></instruction><instruction code="SETL T423,1"><temps name="use"/><temps name="def"><temp name="T423"/></temps><temps name="in"><temp name="T422"/><temp name="T419"/><temp name="T14"/></temps><temps name="out"><temp name="T422"/><temp name="T419"/><temp name="T14"/><temp name="T423"/></temps></instruction><instruction code="ADD T424,T422,T423"><temps name="use"><temp name="T422"/><temp name="T423"/></temps><temps name="def"><temp name="T424"/></temps><temps name="in"><temp name="T422"/><temp name="T419"/><temp name="T14"/><temp name="T423"/></temps><temps name="out"><temp name="T424"/><temp name="T419"/><temp name="T14"/></temps></instruction><instruction code="STO T424,T419,0"><temps name="use"><temp name="T424"/><temp name="T419"/></temps><temps name="def"/><temps name="in"><temp name="T424"/><temp name="T419"/><temp name="T14"/></temps><temps name="out"><temp name="T14"/></temps></instruction><instruction code="SETL T1192,0"><temps name="use"/><temps name="def"><temp name="T1192"/></temps><temps name="in"><temp name="T14"/></temps><temps name="out"><temp name="T14"/></temps></instruction><instruction code="JMP L46"><temps name="use"/><temps name="def"/><temps name="in"><temp name="T14"/></temps><temps name="out"><temp name="T14"/></temps></instruction><instruction code="L48"><temps name="use"/><temps name="def"/><temps name="in"><temp name="T14"/></temps><temps name="out"><temp name="T14"/></temps></instruction><instruction code="SETL T1193,0"><temps name="use"/><temps name="def"><temp name="T1193"/></temps><temps name="in"><temp name="T14"/></temps><temps name="out"><temp name="T14"/></temps></instruction><instruction code="JMP L51"><temps name="use"/><temps name="def"/><temps name="in"><temp name="T14"/></temps><temps name="out"><temp name="T14"/></temps></instruction><instruction code="L51"><temps name="use"/><temps name="def"/><temps name="in"><temp name="T14"/></temps><temps name="out"><temp name="T14"/></temps></instruction><instruction code="SET T425,T14"><temps name="use"><temp name="T14"/></temps><temps name="def"><temp name="T425"/></temps><temps name="in"><temp name="T14"/></temps><temps name="out"><temp name="T425"/></temps></instruction><instruction code="SETL T426,40"><temps name="use"/><temps name="def"><temp name="T426"/></temps><temps name="in"><temp name="T425"/></temps><temps name="out"><temp name="T426"/><temp name="T425"/></temps></instruction><instruction code="NEG  T426,T426"><temps name="use"><temp name="T426"/></temps><temps name="def"><temp name="T426"/></temps><temps name="in"><temp name="T426"/><temp name="T425"/></temps><temps name="out"><temp name="T426"/><temp name="T425"/></temps></instruction><instruction code="ADD T427,T425,T426"><temps name="use"><temp name="T425"/><temp name="T426"/></temps><temps name="def"><temp name="T427"/></temps><temps name="in"><temp name="T426"/><temp name="T425"/></temps><temps name="out"><temp name="T427"/></temps></instruction><instruction code="LDO T427,T427,0"><temps name="use"><temp name="T427"/></temps><temps name="def"><temp name="T427"/></temps><temps name="in"><temp name="T427"/></temps><temps name="out"><temp name="T427"/></temps></instruction><instruction code="SET T15,T427"><temps name="use"><temp name="T427"/></temps><temps name="def"><temp name="T15"/></temps><temps name="in"><temp name="T427"/></temps><temps name="out"><temp name="T15"/></temps></instruction><instruction code="JMP L76"><temps name="use"/><temps name="def"/><temps name="in"><temp name="T15"/></temps><temps name="out"><temp name="T15"/></temps></instruction></instructions></code><code entrylabel="L84" exitlabel="L85" tempsize="0"><frame FP="T16" RV="T17" argssize="16" depth="0" label="_main" locssize="264" size="296"/><instructions><instruction code="L84"><temps name="use"/><temps name="def"/><temps name="in"><temp name="T16"/></temps><temps name="out"><temp name="T16"/></temps></instruction><instruction code="SET T428,T16"><temps name="use"><temp name="T16"/></temps><temps name="def"><temp name="T428"/></temps><temps name="in"><temp name="T16"/></temps><temps name="out"><temp name="T16"/><temp name="T428"/></temps></instruction><instruction code="SETL T429,8"><temps name="use"/><temps name="def"><temp name="T429"/></temps><temps name="in"><temp name="T16"/><temp name="T428"/></temps><temps name="out"><temp name="T16"/><temp name="T428"/><temp name="T429"/></temps></instruction><instruction code="NEG  T429,T429"><temps name="use"><temp name="T429"/></temps><temps name="def"><temp name="T429"/></temps><temps name="in"><temp name="T16"/><temp name="T428"/><temp name="T429"/></temps><temps name="out"><temp name="T16"/><temp name="T428"/><temp name="T429"/></temps></instruction><instruction code="ADD T430,T428,T429"><temps name="use"><temp name="T428"/><temp name="T429"/></temps><temps name="def"><temp name="T430"/></temps><temps name="in"><temp name="T16"/><temp name="T428"/><temp name="T429"/></temps><temps name="out"><temp name="T16"/><temp name="T430"/></temps></instruction><instruction code="SETL T431,8"><temps name="use"/><temps name="def"><temp name="T431"/></temps><temps name="in"><temp name="T16"/><temp name="T430"/></temps><temps name="out"><temp name="T16"/><temp name="T431"/><temp name="T430"/></temps></instruction><instruction code="STO T431,T430,0"><temps name="use"><temp name="T431"/><temp name="T430"/></temps><temps name="def"/><temps name="in"><temp name="T16"/><temp name="T431"/><temp name="T430"/></temps><temps name="out"><temp name="T16"/></temps></instruction><instruction code="SET T432,T16"><temps name="use"><temp name="T16"/></temps><temps name="def"><temp name="T432"/></temps><temps name="in"><temp name="T16"/></temps><temps name="out"><temp name="T16"/><temp name="T432"/></temps></instruction><instruction code="SETL T433,8"><temps name="use"/><temps name="def"><temp name="T433"/></temps><temps name="in"><temp name="T16"/><temp name="T432"/></temps><temps name="out"><temp name="T16"/><temp name="T433"/><temp name="T432"/></temps></instruction><instruction code="NEG  T433,T433"><temps name="use"><temp name="T433"/></temps><temps name="def"><temp name="T433"/></temps><temps name="in"><temp name="T16"/><temp name="T433"/><temp name="T432"/></temps><temps name="out"><temp name="T16"/><temp name="T433"/><temp name="T432"/></temps></instruction><instruction code="ADD T434,T432,T433"><temps name="use"><temp name="T432"/><temp name="T433"/></temps><temps name="def"><temp name="T434"/></temps><temps name="in"><temp name="T16"/><temp name="T433"/><temp name="T432"/></temps><temps name="out"><temp name="T16"/><temp name="T434"/></temps></instruction><instruction code="SET T435,T16"><temps name="use"><temp name="T16"/></temps><temps name="def"><temp name="T435"/></temps><temps name="in"><temp name="T16"/><temp name="T434"/></temps><temps name="out"><temp name="T16"/><temp name="T435"/><temp name="T434"/></temps></instruction><instruction code="SETL T436,0"><temps name="use"/><temps name="def"><temp name="T436"/></temps><temps name="in"><temp name="T16"/><temp name="T435"/><temp name="T434"/></temps><temps name="out"><temp name="T436"/><temp name="T16"/><temp name="T435"/><temp name="T434"/></temps></instruction><instruction code="STO T436,$254,8"><temps name="use"><temp name="T436"/></temps><temps name="def"/><temps name="in"><temp name="T436"/><temp name="T16"/><temp name="T435"/><temp name="T434"/></temps><temps name="out"><temp name="T16"/><temp name="T435"/><temp name="T434"/></temps></instruction><instruction code="STO T435,$254,0"><temps name="use"><temp name="T435"/></temps><temps name="def"/><temps name="in"><temp name="T16"/><temp name="T435"/><temp name="T434"/></temps><temps name="out"><temp name="T16"/><temp name="T434"/></temps></instruction><instruction code="PUSHJ $100,L3"><temps name="use"/><temps name="def"/><temps name="in"><temp name="T16"/><temp name="T434"/></temps><temps name="out"><temp name="T16"/><temp name="T434"/></temps></instruction><instruction code="LDO T437,$254,0"><temps name="use"/><temps name="def"><temp name="T437"/></temps><temps name="in"><temp name="T16"/><temp name="T434"/></temps><temps name="out"><temp name="T16"/><temp name="T437"/><temp name="T434"/></temps></instruction><instruction code="SET T438,T437"><temps name="use"><temp name="T437"/></temps><temps name="def"><temp name="T438"/></temps><temps name="in"><temp name="T16"/><temp name="T437"/><temp name="T434"/></temps><temps name="out"><temp name="T16"/><temp name="T438"/><temp name="T434"/></temps></instruction><instruction code="STO T438,T434,0"><temps name="use"><temp name="T438"/><temp name="T434"/></temps><temps name="def"/><temps name="in"><temp name="T16"/><temp name="T438"/><temp name="T434"/></temps><temps name="out"><temp name="T16"/></temps></instruction><instruction code="LDA T1219,L1"><temps name="use"/><temps name="def"><temp name="T1219"/></temps><temps name="in"><temp name="T16"/></temps><temps name="out"><temp name="T16"/><temp name="T1219"/></temps></instruction><instruction code="STO T1219,$254,8"><temps name="use"><temp name="T1219"/></temps><temps name="def"/><temps name="in"><temp name="T16"/><temp name="T1219"/></temps><temps name="out"><temp name="T16"/></temps></instruction><instruction code="LDO T1219,T16,0"><temps name="use"><temp name="T16"/></temps><temps name="def"><temp name="T1219"/></temps><temps name="in"><temp name="T16"/></temps><temps name="out"><temp name="T16"/><temp name="T1219"/></temps></instruction><instruction code="STO T1219,$254,0"><temps name="use"><temp name="T1219"/></temps><temps name="def"/><temps name="in"><temp name="T16"/><temp name="T1219"/></temps><temps name="out"><temp name="T16"/></temps></instruction><instruction code="PUSHJ $100,_putString"><temps name="use"/><temps name="def"/><temps name="in"><temp name="T16"/></temps><temps name="out"><temp name="T16"/></temps></instruction><instruction code="LDO T1219,$254,0"><temps name="use"/><temps name="def"><temp name="T1219"/></temps><temps name="in"><temp name="T16"/></temps><temps name="out"><temp name="T16"/></temps></instruction><instruction code="SET T439,T16"><temps name="use"><temp name="T16"/></temps><temps name="def"><temp name="T439"/></temps><temps name="in"><temp name="T16"/></temps><temps name="out"><temp name="T16"/><temp name="T439"/></temps></instruction><instruction code="SETL T440,8"><temps name="use"/><temps name="def"><temp name="T440"/></temps><temps name="in"><temp name="T16"/><temp name="T439"/></temps><temps name="out"><temp name="T16"/><temp name="T440"/><temp name="T439"/></temps></instruction><instruction code="NEG  T440,T440"><temps name="use"><temp name="T440"/></temps><temps name="def"><temp name="T440"/></temps><temps name="in"><temp name="T16"/><temp name="T440"/><temp name="T439"/></temps><temps name="out"><temp name="T16"/><temp name="T440"/><temp name="T439"/></temps></instruction><instruction code="ADD T1223,T439,T440"><temps name="use"><temp name="T439"/><temp name="T440"/></temps><temps name="def"><temp name="T1223"/></temps><temps name="in"><temp name="T16"/><temp name="T440"/><temp name="T439"/></temps><temps name="out"><temp name="T16"/><temp name="T1223"/></temps></instruction><instruction code="LDO T1223,T1223,0"><temps name="use"><temp name="T1223"/></temps><temps name="def"><temp name="T1223"/></temps><temps name="in"><temp name="T16"/><temp name="T1223"/></temps><temps name="out"><temp name="T16"/><temp name="T1223"/></temps></instruction><instruction code="STO T1223,$254,8"><temps name="use"><temp name="T1223"/></temps><temps name="def"/><temps name="in"><temp name="T16"/><temp name="T1223"/></temps><temps name="out"><temp name="T16"/></temps></instruction><instruction code="LDO T1223,T16,0"><temps name="use"><temp name="T16"/></temps><temps name="def"><temp name="T1223"/></temps><temps name="in"><temp name="T16"/></temps><temps name="out"><temp name="T16"/><temp name="T1223"/></temps></instruction><instruction code="STO T1223,$254,0"><temps name="use"><temp name="T1223"/></temps><temps name="def"/><temps name="in"><temp name="T16"/><temp name="T1223"/></temps><temps name="out"><temp name="T16"/></temps></instruction><instruction code="PUSHJ $100,_putInteger"><temps name="use"/><temps name="def"/><temps name="in"><temp name="T16"/></temps><temps name="out"><temp name="T16"/></temps></instruction><instruction code="LDO T1223,$254,0"><temps name="use"/><temps name="def"><temp name="T1223"/></temps><temps name="in"><temp name="T16"/></temps><temps name="out"><temp name="T16"/></temps></instruction><instruction code="SETL T441,10"><temps name="use"/><temps name="def"><temp name="T441"/></temps><temps name="in"><temp name="T16"/></temps><temps name="out"><temp name="T16"/><temp name="T441"/></temps></instruction><instruction code="SETL T442,256"><temps name="use"/><temps name="def"><temp name="T442"/></temps><temps name="in"><temp name="T16"/><temp name="T441"/></temps><temps name="out"><temp name="T442"/><temp name="T16"/><temp name="T441"/></temps></instruction><instruction code="DIV T1226,T441,T442"><temps name="use"><temp name="T441"/><temp name="T442"/></temps><temps name="def"><temp name="T1226"/></temps><temps name="in"><temp name="T442"/><temp name="T16"/><temp name="T441"/></temps><temps name="out"><temp name="T16"/></temps></instruction><instruction code="GET T1226,rR"><temps name="use"/><temps name="def"><temp name="T1226"/></temps><temps name="in"><temp name="T16"/></temps><temps name="out"><temp name="T16"/><temp name="T1226"/></temps></instruction><instruction code="STO T1226,$254,8"><temps name="use"><temp name="T1226"/></temps><temps name="def"/><temps name="in"><temp name="T16"/><temp name="T1226"/></temps><temps name="out"><temp name="T16"/></temps></instruction><instruction code="LDO T1226,T16,0"><temps name="use"><temp name="T16"/></temps><temps name="def"><temp name="T1226"/></temps><temps name="in"><temp name="T16"/></temps><temps name="out"><temp name="T16"/><temp name="T1226"/></temps></instruction><instruction code="STO T1226,$254,0"><temps name="use"><temp name="T1226"/></temps><temps name="def"/><temps name="in"><temp name="T16"/><temp name="T1226"/></temps><temps name="out"><temp name="T16"/></temps></instruction><instruction code="PUSHJ $100,_putChar"><temps name="use"/><temps name="def"/><temps name="in"><temp name="T16"/></temps><temps name="out"><temp name="T16"/></temps></instruction><instruction code="LDO T1226,$254,0"><temps name="use"/><temps name="def"><temp name="T1226"/></temps><temps name="in"><temp name="T16"/></temps><temps name="out"><temp name="T16"/></temps></instruction><instruction code="SETL T443,10"><temps name="use"/><temps name="def"><temp name="T443"/></temps><temps name="in"><temp name="T16"/></temps><temps name="out"><temp name="T16"/><temp name="T443"/></temps></instruction><instruction code="SETL T444,256"><temps name="use"/><temps name="def"><temp name="T444"/></temps><temps name="in"><temp name="T16"/><temp name="T443"/></temps><temps name="out"><temp name="T16"/><temp name="T444"/><temp name="T443"/></temps></instruction><instruction code="DIV T1229,T443,T444"><temps name="use"><temp name="T443"/><temp name="T444"/></temps><temps name="def"><temp name="T1229"/></temps><temps name="in"><temp name="T16"/><temp name="T444"/><temp name="T443"/></temps><temps name="out"><temp name="T16"/></temps></instruction><instruction code="GET T1229,rR"><temps name="use"/><temps name="def"><temp name="T1229"/></temps><temps name="in"><temp name="T16"/></temps><temps name="out"><temp name="T16"/><temp name="T1229"/></temps></instruction><instruction code="STO T1229,$254,8"><temps name="use"><temp name="T1229"/></temps><temps name="def"/><temps name="in"><temp name="T16"/><temp name="T1229"/></temps><temps name="out"><temp name="T16"/></temps></instruction><instruction code="LDO T1229,T16,0"><temps name="use"><temp name="T16"/></temps><temps name="def"><temp name="T1229"/></temps><temps name="in"><temp name="T16"/></temps><temps name="out"><temp name="T1229"/></temps></instruction><instruction code="STO T1229,$254,0"><temps name="use"><temp name="T1229"/></temps><temps name="def"/><temps name="in"><temp name="T1229"/></temps><temps name="out"/></instruction><instruction code="PUSHJ $100,_putChar"><temps name="use"/><temps name="def"/><temps name="in"/><temps name="out"/></instruction><instruction code="LDO T1229,$254,0"><temps name="use"/><temps name="def"><temp name="T1229"/></temps><temps name="in"/><temps name="out"/></instruction><instruction code="SETL T445,0"><temps name="use"/><temps name="def"><temp name="T445"/></temps><temps name="in"/><temps name="out"><temp name="T445"/></temps></instruction><instruction code="SET T17,T445"><temps name="use"><temp name="T445"/></temps><temps name="def"><temp name="T17"/></temps><temps name="in"><temp name="T445"/></temps><temps name="out"><temp name="T17"/></temps></instruction><instruction code="JMP L85"><temps name="use"/><temps name="def"/><temps name="in"><temp name="T17"/></temps><temps name="out"><temp name="T17"/></temps></instruction></instructions></code></livean>