<?xml version="1.0" encoding="UTF-8" standalone="no"?><?xml-stylesheet type="text/xsl" href="../lib/xsl/imclin.xsl"?><imclin><codechunk entrylabel="L1" exitlabel="L2"><frame FP="T0" RV="T1" argssize="16" depth="1" label="L0" locssize="0" size="32"/><stmt><imc instruction="LABEL(L1)"/></stmt><stmt><imc instruction="MOVE"><imc instruction="TEMP(4)"/><imc instruction="MEM"><imc instruction="TEMP(0)"/></imc></imc></stmt><stmt><imc instruction="MOVE"><imc instruction="TEMP(5)"/><imc instruction="CONST(8)"/></imc></stmt><stmt><imc instruction="MOVE"><imc instruction="TEMP(6)"/><imc instruction="MEM"><imc instruction="BINOP(ADD)"><imc instruction="TEMP(4)"/><imc instruction="TEMP(5)"/></imc></imc></imc></stmt><stmt><imc instruction="MOVE"><imc instruction="TEMP(7)"/><imc instruction="TEMP(0)"/></imc></stmt><stmt><imc instruction="MOVE"><imc instruction="TEMP(8)"/><imc instruction="CONST(8)"/></imc></stmt><stmt><imc instruction="MOVE"><imc instruction="TEMP(9)"/><imc instruction="MEM"><imc instruction="BINOP(ADD)"><imc instruction="TEMP(7)"/><imc instruction="TEMP(8)"/></imc></imc></imc></stmt><stmt><imc instruction="MOVE"><imc instruction="TEMP(10)"/><imc instruction="BINOP(ADD)"><imc instruction="TEMP(6)"/><imc instruction="TEMP(9)"/></imc></imc></stmt><stmt><imc instruction="MOVE"><imc instruction="TEMP(11)"/><imc instruction="MEM"><imc instruction="MEM"><imc instruction="TEMP(0)"/></imc></imc></imc></stmt><stmt><imc instruction="MOVE"><imc instruction="TEMP(12)"/><imc instruction="MEM"><imc instruction="TEMP(0)"/></imc></imc></stmt><stmt><imc instruction="MOVE"><imc instruction="TEMP(13)"/><imc instruction="CONST(8)"/></imc></stmt><stmt><imc instruction="MOVE"><imc instruction="TEMP(14)"/><imc instruction="MEM"><imc instruction="BINOP(ADD)"><imc instruction="TEMP(12)"/><imc instruction="TEMP(13)"/></imc></imc></imc></stmt><stmt><imc instruction="MOVE"><imc instruction="TEMP(15)"/><imc instruction="CALL(_f1)"><imc instruction="TEMP(11)"/><imc instruction="TEMP(14)"/></imc></imc></stmt><stmt><imc instruction="MOVE"><imc instruction="TEMP(16)"/><imc instruction="TEMP(15)"/></imc></stmt><stmt><imc instruction="MOVE"><imc instruction="TEMP(17)"/><imc instruction="BINOP(ADD)"><imc instruction="TEMP(10)"/><imc instruction="TEMP(16)"/></imc></imc></stmt><stmt><imc instruction="MOVE"><imc instruction="TEMP(18)"/><imc instruction="MEM"><imc instruction="TEMP(0)"/></imc></imc></stmt><stmt><imc instruction="MOVE"><imc instruction="TEMP(19)"/><imc instruction="TEMP(0)"/></imc></stmt><stmt><imc instruction="MOVE"><imc instruction="TEMP(20)"/><imc instruction="CONST(8)"/></imc></stmt><stmt><imc instruction="MOVE"><imc instruction="TEMP(21)"/><imc instruction="MEM"><imc instruction="BINOP(ADD)"><imc instruction="TEMP(19)"/><imc instruction="TEMP(20)"/></imc></imc></imc></stmt><stmt><imc instruction="MOVE"><imc instruction="TEMP(22)"/><imc instruction="CALL(L0)"><imc instruction="TEMP(18)"/><imc instruction="TEMP(21)"/></imc></imc></stmt><stmt><imc instruction="MOVE"><imc instruction="TEMP(23)"/><imc instruction="TEMP(22)"/></imc></stmt><stmt><imc instruction="MOVE"><imc instruction="TEMP(24)"/><imc instruction="BINOP(ADD)"><imc instruction="TEMP(17)"/><imc instruction="TEMP(23)"/></imc></imc></stmt><stmt><imc instruction="MOVE"><imc instruction="TEMP(1)"/><imc instruction="TEMP(24)"/></imc></stmt><stmt><imc instruction="JUMP(L2)"/></stmt></codechunk><codechunk entrylabel="L3" exitlabel="L4"><frame FP="T2" RV="T3" argssize="16" depth="0" label="_f1" locssize="8" size="40"/><stmt><imc instruction="LABEL(L3)"/></stmt><stmt><imc instruction="MOVE"><imc instruction="TEMP(25)"/><imc instruction="TEMP(2)"/></imc></stmt><stmt><imc instruction="MOVE"><imc instruction="TEMP(26)"/><imc instruction="CONST(8)"/></imc></stmt><stmt><imc instruction="MOVE"><imc instruction="TEMP(27)"/><imc instruction="MEM"><imc instruction="BINOP(ADD)"><imc instruction="TEMP(25)"/><imc instruction="TEMP(26)"/></imc></imc></imc></stmt><stmt><imc instruction="MOVE"><imc instruction="TEMP(28)"/><imc instruction="MEM"><imc instruction="TEMP(2)"/></imc></imc></stmt><stmt><imc instruction="MOVE"><imc instruction="TEMP(29)"/><imc instruction="TEMP(2)"/></imc></stmt><stmt><imc instruction="MOVE"><imc instruction="TEMP(30)"/><imc instruction="CONST(8)"/></imc></stmt><stmt><imc instruction="MOVE"><imc instruction="TEMP(31)"/><imc instruction="MEM"><imc instruction="BINOP(ADD)"><imc instruction="TEMP(29)"/><imc instruction="TEMP(30)"/></imc></imc></imc></stmt><stmt><imc instruction="MOVE"><imc instruction="TEMP(32)"/><imc instruction="CALL(_f1)"><imc instruction="TEMP(28)"/><imc instruction="TEMP(31)"/></imc></imc></stmt><stmt><imc instruction="MOVE"><imc instruction="TEMP(33)"/><imc instruction="TEMP(32)"/></imc></stmt><stmt><imc instruction="MOVE"><imc instruction="TEMP(34)"/><imc instruction="BINOP(ADD)"><imc instruction="TEMP(27)"/><imc instruction="TEMP(33)"/></imc></imc></stmt><stmt><imc instruction="MOVE"><imc instruction="TEMP(35)"/><imc instruction="TEMP(2)"/></imc></stmt><stmt><imc instruction="MOVE"><imc instruction="TEMP(36)"/><imc instruction="TEMP(2)"/></imc></stmt><stmt><imc instruction="MOVE"><imc instruction="TEMP(37)"/><imc instruction="CONST(-8)"/></imc></stmt><stmt><imc instruction="MOVE"><imc instruction="TEMP(38)"/><imc instruction="MEM"><imc instruction="BINOP(ADD)"><imc instruction="TEMP(36)"/><imc instruction="TEMP(37)"/></imc></imc></imc></stmt><stmt><imc instruction="MOVE"><imc instruction="TEMP(39)"/><imc instruction="CALL(L0)"><imc instruction="TEMP(35)"/><imc instruction="TEMP(38)"/></imc></imc></stmt><stmt><imc instruction="MOVE"><imc instruction="TEMP(40)"/><imc instruction="TEMP(39)"/></imc></stmt><stmt><imc instruction="MOVE"><imc instruction="TEMP(41)"/><imc instruction="BINOP(ADD)"><imc instruction="TEMP(34)"/><imc instruction="TEMP(40)"/></imc></imc></stmt><stmt><imc instruction="MOVE"><imc instruction="TEMP(3)"/><imc instruction="TEMP(41)"/></imc></stmt><stmt><imc instruction="JUMP(L4)"/></stmt></codechunk></imclin>