<?xml version="1.0" encoding="UTF-8" standalone="no"?><?xml-stylesheet type="text/xsl" href="../lib/xsl/synan.xsl"?><synan><nont label="source"><nont label="decl"><nont label="functionDeclaration"><term lexeme="fun" token="KEYWORD_FUN"><location begcolumn="1" begline="1" endcolumn="3" endline="1" loc="1.1 - 1.3"/></term><term lexeme="main" token="IDENTIFIER"><location begcolumn="5" begline="1" endcolumn="8" endline="1" loc="1.5 - 1.8"/></term><term lexeme="(" token="SYMBOL_LBR"><location begcolumn="9" begline="1" endcolumn="9" endline="1" loc="1.9 - 1.9"/></term><nont label="funcArgRepeat"><term lexeme="i1" token="IDENTIFIER"><location begcolumn="10" begline="1" endcolumn="11" endline="1" loc="1.10 - 1.11"/></term><term lexeme=":" token="SYMBOL_COLON"><location begcolumn="12" begline="1" endcolumn="12" endline="1" loc="1.12 - 1.12"/></term><nont label="type"><nont label="atomicType"><term lexeme="integer" token="KEYWORD_INT"><location begcolumn="13" begline="1" endcolumn="19" endline="1" loc="1.13 - 1.19"/></term></nont></nont></nont><term lexeme=")" token="SYMBOL_RBR"><location begcolumn="20" begline="1" endcolumn="20" endline="1" loc="1.20 - 1.20"/></term><term lexeme=":" token="SYMBOL_COLON"><location begcolumn="21" begline="1" endcolumn="21" endline="1" loc="1.21 - 1.21"/></term><nont label="type"><nont label="atomicType"><term lexeme="integer" token="KEYWORD_INT"><location begcolumn="22" begline="1" endcolumn="28" endline="1" loc="1.22 - 1.28"/></term></nont></nont><term lexeme="=" token="SYMBOL_EQUALS"><location begcolumn="30" begline="1" endcolumn="30" endline="1" loc="1.30 - 1.30"/></term><nont label="expr"><nont label="expr"><nont label="disjunctionExpression"><nont label="conjunctionExpression"><nont label="relationalExpression"><nont label="additiveExpression"><nont label="multiplicativeExpression"><nont label="prefixExpression"><nont label="postfixExpression"><nont label="atomicExpression"><nont label="variableAccess"><term lexeme="i1" token="IDENTIFIER"><location begcolumn="32" begline="1" endcolumn="33" endline="1" loc="1.32 - 1.33"/></term><nont label="functionCall"/></nont></nont></nont></nont></nont><nont label="addOps"><term lexeme="+" token="SYMBOL_PLUS"><location begcolumn="34" begline="1" endcolumn="34" endline="1" loc="1.34 - 1.34"/></term></nont><nont label="multiplicativeExpression"><nont label="prefixExpression"><nont label="postfixExpression"><nont label="atomicExpression"><nont label="variableAccess"><term lexeme="main" token="IDENTIFIER"><location begcolumn="35" begline="1" endcolumn="38" endline="1" loc="1.35 - 1.38"/></term><nont label="functionCall"><term lexeme="(" token="SYMBOL_LBR"><location begcolumn="39" begline="1" endcolumn="39" endline="1" loc="1.39 - 1.39"/></term><nont label="expr"><nont label="disjunctionExpression"><nont label="conjunctionExpression"><nont label="relationalExpression"><nont label="additiveExpression"><nont label="multiplicativeExpression"><nont label="prefixExpression"><nont label="postfixExpression"><nont label="atomicExpression"><nont label="variableAccess"><term lexeme="i1" token="IDENTIFIER"><location begcolumn="40" begline="1" endcolumn="41" endline="1" loc="1.40 - 1.41"/></term><nont label="functionCall"/></nont></nont></nont></nont></nont></nont></nont></nont></nont></nont><term lexeme=")" token="SYMBOL_RBR"><location begcolumn="42" begline="1" endcolumn="42" endline="1" loc="1.42 - 1.42"/></term></nont></nont></nont></nont></nont></nont><nont label="addOps"><term lexeme="+" token="SYMBOL_PLUS"><location begcolumn="43" begline="1" endcolumn="43" endline="1" loc="1.43 - 1.43"/></term></nont><nont label="multiplicativeExpression"><nont label="prefixExpression"><nont label="postfixExpression"><nont label="atomicExpression"><nont label="variableAccess"><term lexeme="f2" token="IDENTIFIER"><location begcolumn="44" begline="1" endcolumn="45" endline="1" loc="1.44 - 1.45"/></term><nont label="functionCall"><term lexeme="(" token="SYMBOL_LBR"><location begcolumn="46" begline="1" endcolumn="46" endline="1" loc="1.46 - 1.46"/></term><nont label="expr"><nont label="disjunctionExpression"><nont label="conjunctionExpression"><nont label="relationalExpression"><nont label="additiveExpression"><nont label="multiplicativeExpression"><nont label="prefixExpression"><nont label="postfixExpression"><nont label="atomicExpression"><nont label="variableAccess"><term lexeme="i2" token="IDENTIFIER"><location begcolumn="47" begline="1" endcolumn="48" endline="1" loc="1.47 - 1.48"/></term><nont label="functionCall"/></nont></nont></nont></nont></nont></nont></nont></nont></nont></nont><term lexeme=")" token="SYMBOL_RBR"><location begcolumn="49" begline="1" endcolumn="49" endline="1" loc="1.49 - 1.49"/></term></nont></nont></nont></nont></nont></nont></nont></nont></nont></nont></nont><term lexeme="where" token="KEYWORD_WHERE"><location begcolumn="5" begline="2" endcolumn="9" endline="2" loc="2.5 - 2.9"/></term><term lexeme="{" token="SYMBOL_LCBR"><location begcolumn="11" begline="2" endcolumn="11" endline="2" loc="2.11 - 2.11"/></term><nont label="decl"><nont label="variableDeclaration"><term lexeme="var" token="KEYWORD_VAR"><location begcolumn="8" begline="3" endcolumn="10" endline="3" loc="3.8 - 3.10"/></term><term lexeme="i2" token="IDENTIFIER"><location begcolumn="12" begline="3" endcolumn="13" endline="3" loc="3.12 - 3.13"/></term><term lexeme=":" token="SYMBOL_COLON"><location begcolumn="14" begline="3" endcolumn="14" endline="3" loc="3.14 - 3.14"/></term><nont label="type"><nont label="atomicType"><term lexeme="integer" token="KEYWORD_INT"><location begcolumn="15" begline="3" endcolumn="21" endline="3" loc="3.15 - 3.21"/></term></nont></nont></nont></nont><nont label="decl"><nont label="functionDeclaration"><term lexeme="fun" token="KEYWORD_FUN"><location begcolumn="4" begline="4" endcolumn="6" endline="4" loc="4.4 - 4.6"/></term><term lexeme="f2" token="IDENTIFIER"><location begcolumn="8" begline="4" endcolumn="9" endline="4" loc="4.8 - 4.9"/></term><term lexeme="(" token="SYMBOL_LBR"><location begcolumn="10" begline="4" endcolumn="10" endline="4" loc="4.10 - 4.10"/></term><nont label="funcArgRepeat"><term lexeme="i2" token="IDENTIFIER"><location begcolumn="11" begline="4" endcolumn="12" endline="4" loc="4.11 - 4.12"/></term><term lexeme=":" token="SYMBOL_COLON"><location begcolumn="13" begline="4" endcolumn="13" endline="4" loc="4.13 - 4.13"/></term><nont label="type"><nont label="atomicType"><term lexeme="integer" token="KEYWORD_INT"><location begcolumn="14" begline="4" endcolumn="20" endline="4" loc="4.14 - 4.20"/></term></nont></nont></nont><term lexeme=")" token="SYMBOL_RBR"><location begcolumn="21" begline="4" endcolumn="21" endline="4" loc="4.21 - 4.21"/></term><term lexeme=":" token="SYMBOL_COLON"><location begcolumn="22" begline="4" endcolumn="22" endline="4" loc="4.22 - 4.22"/></term><nont label="type"><nont label="atomicType"><term lexeme="integer" token="KEYWORD_INT"><location begcolumn="23" begline="4" endcolumn="29" endline="4" loc="4.23 - 4.29"/></term></nont></nont><term lexeme="=" token="SYMBOL_EQUALS"><location begcolumn="31" begline="4" endcolumn="31" endline="4" loc="4.31 - 4.31"/></term><nont label="expr"><nont label="expr"><nont label="disjunctionExpression"><nont label="conjunctionExpression"><nont label="relationalExpression"><nont label="additiveExpression"><nont label="multiplicativeExpression"><nont label="prefixExpression"><nont label="postfixExpression"><nont label="atomicExpression"><nont label="variableAccess"><term lexeme="i1" token="IDENTIFIER"><location begcolumn="33" begline="4" endcolumn="34" endline="4" loc="4.33 - 4.34"/></term><nont label="functionCall"/></nont></nont></nont></nont></nont><nont label="addOps"><term lexeme="+" token="SYMBOL_PLUS"><location begcolumn="35" begline="4" endcolumn="35" endline="4" loc="4.35 - 4.35"/></term></nont><nont label="multiplicativeExpression"><nont label="prefixExpression"><nont label="postfixExpression"><nont label="atomicExpression"><nont label="variableAccess"><term lexeme="i2" token="IDENTIFIER"><location begcolumn="36" begline="4" endcolumn="37" endline="4" loc="4.36 - 4.37"/></term><nont label="functionCall"/></nont></nont></nont></nont></nont><nont label="addOps"><term lexeme="+" token="SYMBOL_PLUS"><location begcolumn="38" begline="4" endcolumn="38" endline="4" loc="4.38 - 4.38"/></term></nont><nont label="multiplicativeExpression"><nont label="prefixExpression"><nont label="postfixExpression"><nont label="atomicExpression"><nont label="variableAccess"><term lexeme="main" token="IDENTIFIER"><location begcolumn="39" begline="4" endcolumn="42" endline="4" loc="4.39 - 4.42"/></term><nont label="functionCall"><term lexeme="(" token="SYMBOL_LBR"><location begcolumn="43" begline="4" endcolumn="43" endline="4" loc="4.43 - 4.43"/></term><nont label="expr"><nont label="disjunctionExpression"><nont label="conjunctionExpression"><nont label="relationalExpression"><nont label="additiveExpression"><nont label="multiplicativeExpression"><nont label="prefixExpression"><nont label="postfixExpression"><nont label="atomicExpression"><nont label="variableAccess"><term lexeme="i1" token="IDENTIFIER"><location begcolumn="44" begline="4" endcolumn="45" endline="4" loc="4.44 - 4.45"/></term><nont label="functionCall"/></nont></nont></nont></nont></nont></nont></nont></nont></nont></nont><term lexeme=")" token="SYMBOL_RBR"><location begcolumn="46" begline="4" endcolumn="46" endline="4" loc="4.46 - 4.46"/></term></nont></nont></nont></nont></nont></nont><nont label="addOps"><term lexeme="+" token="SYMBOL_PLUS"><location begcolumn="47" begline="4" endcolumn="47" endline="4" loc="4.47 - 4.47"/></term></nont><nont label="multiplicativeExpression"><nont label="prefixExpression"><nont label="postfixExpression"><nont label="atomicExpression"><nont label="variableAccess"><term lexeme="f2" token="IDENTIFIER"><location begcolumn="48" begline="4" endcolumn="49" endline="4" loc="4.48 - 4.49"/></term><nont label="functionCall"><term lexeme="(" token="SYMBOL_LBR"><location begcolumn="50" begline="4" endcolumn="50" endline="4" loc="4.50 - 4.50"/></term><nont label="expr"><nont label="disjunctionExpression"><nont label="conjunctionExpression"><nont label="relationalExpression"><nont label="additiveExpression"><nont label="multiplicativeExpression"><nont label="prefixExpression"><nont label="postfixExpression"><nont label="atomicExpression"><nont label="variableAccess"><term lexeme="i2" token="IDENTIFIER"><location begcolumn="51" begline="4" endcolumn="52" endline="4" loc="4.51 - 4.52"/></term><nont label="functionCall"/></nont></nont></nont></nont></nont></nont></nont></nont></nont></nont><term lexeme=")" token="SYMBOL_RBR"><location begcolumn="53" begline="4" endcolumn="53" endline="4" loc="4.53 - 4.53"/></term></nont></nont></nont></nont></nont></nont><nont label="addOps"><term lexeme="+" token="SYMBOL_PLUS"><location begcolumn="54" begline="4" endcolumn="54" endline="4" loc="4.54 - 4.54"/></term></nont><nont label="multiplicativeExpression"><nont label="prefixExpression"><nont label="postfixExpression"><nont label="atomicExpression"><nont label="variableAccess"><term lexeme="f3" token="IDENTIFIER"><location begcolumn="55" begline="4" endcolumn="56" endline="4" loc="4.55 - 4.56"/></term><nont label="functionCall"><term lexeme="(" token="SYMBOL_LBR"><location begcolumn="57" begline="4" endcolumn="57" endline="4" loc="4.57 - 4.57"/></term><nont label="expr"><nont label="disjunctionExpression"><nont label="conjunctionExpression"><nont label="relationalExpression"><nont label="additiveExpression"><nont label="multiplicativeExpression"><nont label="prefixExpression"><nont label="postfixExpression"><nont label="atomicExpression"><nont label="variableAccess"><term lexeme="i2" token="IDENTIFIER"><location begcolumn="58" begline="4" endcolumn="59" endline="4" loc="4.58 - 4.59"/></term><nont label="functionCall"/></nont></nont></nont></nont></nont></nont></nont></nont></nont></nont><term lexeme=")" token="SYMBOL_RBR"><location begcolumn="60" begline="4" endcolumn="60" endline="4" loc="4.60 - 4.60"/></term></nont></nont></nont></nont></nont></nont></nont></nont></nont></nont></nont><term lexeme="where" token="KEYWORD_WHERE"><location begcolumn="4" begline="5" endcolumn="8" endline="5" loc="5.4 - 5.8"/></term><term lexeme="{" token="SYMBOL_LCBR"><location begcolumn="10" begline="5" endcolumn="10" endline="5" loc="5.10 - 5.10"/></term><nont label="decl"><nont label="variableDeclaration"><term lexeme="var" token="KEYWORD_VAR"><location begcolumn="5" begline="6" endcolumn="7" endline="6" loc="6.5 - 6.7"/></term><term lexeme="i3" token="IDENTIFIER"><location begcolumn="9" begline="6" endcolumn="10" endline="6" loc="6.9 - 6.10"/></term><term lexeme=":" token="SYMBOL_COLON"><location begcolumn="11" begline="6" endcolumn="11" endline="6" loc="6.11 - 6.11"/></term><nont label="type"><nont label="atomicType"><term lexeme="integer" token="KEYWORD_INT"><location begcolumn="12" begline="6" endcolumn="18" endline="6" loc="6.12 - 6.18"/></term></nont></nont></nont></nont><nont label="decl"><nont label="functionDeclaration"><term lexeme="fun" token="KEYWORD_FUN"><location begcolumn="3" begline="7" endcolumn="5" endline="7" loc="7.3 - 7.5"/></term><term lexeme="f3" token="IDENTIFIER"><location begcolumn="7" begline="7" endcolumn="8" endline="7" loc="7.7 - 7.8"/></term><term lexeme="(" token="SYMBOL_LBR"><location begcolumn="9" begline="7" endcolumn="9" endline="7" loc="7.9 - 7.9"/></term><nont label="funcArgRepeat"><term lexeme="i3" token="IDENTIFIER"><location begcolumn="10" begline="7" endcolumn="11" endline="7" loc="7.10 - 7.11"/></term><term lexeme=":" token="SYMBOL_COLON"><location begcolumn="12" begline="7" endcolumn="12" endline="7" loc="7.12 - 7.12"/></term><nont label="type"><nont label="atomicType"><term lexeme="integer" token="KEYWORD_INT"><location begcolumn="13" begline="7" endcolumn="19" endline="7" loc="7.13 - 7.19"/></term></nont></nont></nont><term lexeme=")" token="SYMBOL_RBR"><location begcolumn="20" begline="7" endcolumn="20" endline="7" loc="7.20 - 7.20"/></term><term lexeme=":" token="SYMBOL_COLON"><location begcolumn="21" begline="7" endcolumn="21" endline="7" loc="7.21 - 7.21"/></term><nont label="type"><nont label="atomicType"><term lexeme="integer" token="KEYWORD_INT"><location begcolumn="22" begline="7" endcolumn="28" endline="7" loc="7.22 - 7.28"/></term></nont></nont><term lexeme="=" token="SYMBOL_EQUALS"><location begcolumn="30" begline="7" endcolumn="30" endline="7" loc="7.30 - 7.30"/></term><nont label="expr"><nont label="disjunctionExpression"><nont label="conjunctionExpression"><nont label="relationalExpression"><nont label="additiveExpression"><nont label="multiplicativeExpression"><nont label="prefixExpression"><nont label="postfixExpression"><nont label="atomicExpression"><nont label="variableAccess"><term lexeme="i1" token="IDENTIFIER"><location begcolumn="32" begline="7" endcolumn="33" endline="7" loc="7.32 - 7.33"/></term><nont label="functionCall"/></nont></nont></nont></nont></nont><nont label="addOps"><term lexeme="+" token="SYMBOL_PLUS"><location begcolumn="34" begline="7" endcolumn="34" endline="7" loc="7.34 - 7.34"/></term></nont><nont label="multiplicativeExpression"><nont label="prefixExpression"><nont label="postfixExpression"><nont label="atomicExpression"><nont label="variableAccess"><term lexeme="i2" token="IDENTIFIER"><location begcolumn="35" begline="7" endcolumn="36" endline="7" loc="7.35 - 7.36"/></term><nont label="functionCall"/></nont></nont></nont></nont></nont><nont label="addOps"><term lexeme="+" token="SYMBOL_PLUS"><location begcolumn="37" begline="7" endcolumn="37" endline="7" loc="7.37 - 7.37"/></term></nont><nont label="multiplicativeExpression"><nont label="prefixExpression"><nont label="postfixExpression"><nont label="atomicExpression"><nont label="variableAccess"><term lexeme="i3" token="IDENTIFIER"><location begcolumn="38" begline="7" endcolumn="39" endline="7" loc="7.38 - 7.39"/></term><nont label="functionCall"/></nont></nont></nont></nont></nont><nont label="addOps"><term lexeme="+" token="SYMBOL_PLUS"><location begcolumn="40" begline="7" endcolumn="40" endline="7" loc="7.40 - 7.40"/></term></nont><nont label="multiplicativeExpression"><nont label="prefixExpression"><nont label="postfixExpression"><nont label="atomicExpression"><nont label="variableAccess"><term lexeme="main" token="IDENTIFIER"><location begcolumn="41" begline="7" endcolumn="44" endline="7" loc="7.41 - 7.44"/></term><nont label="functionCall"><term lexeme="(" token="SYMBOL_LBR"><location begcolumn="45" begline="7" endcolumn="45" endline="7" loc="7.45 - 7.45"/></term><nont label="expr"><nont label="disjunctionExpression"><nont label="conjunctionExpression"><nont label="relationalExpression"><nont label="additiveExpression"><nont label="multiplicativeExpression"><nont label="prefixExpression"><nont label="postfixExpression"><nont label="atomicExpression"><nont label="variableAccess"><term lexeme="i1" token="IDENTIFIER"><location begcolumn="46" begline="7" endcolumn="47" endline="7" loc="7.46 - 7.47"/></term><nont label="functionCall"/></nont></nont></nont></nont></nont></nont></nont></nont></nont></nont><term lexeme=")" token="SYMBOL_RBR"><location begcolumn="48" begline="7" endcolumn="48" endline="7" loc="7.48 - 7.48"/></term></nont></nont></nont></nont></nont></nont><nont label="addOps"><term lexeme="+" token="SYMBOL_PLUS"><location begcolumn="49" begline="7" endcolumn="49" endline="7" loc="7.49 - 7.49"/></term></nont><nont label="multiplicativeExpression"><nont label="prefixExpression"><nont label="postfixExpression"><nont label="atomicExpression"><nont label="variableAccess"><term lexeme="f2" token="IDENTIFIER"><location begcolumn="50" begline="7" endcolumn="51" endline="7" loc="7.50 - 7.51"/></term><nont label="functionCall"><term lexeme="(" token="SYMBOL_LBR"><location begcolumn="52" begline="7" endcolumn="52" endline="7" loc="7.52 - 7.52"/></term><nont label="expr"><nont label="disjunctionExpression"><nont label="conjunctionExpression"><nont label="relationalExpression"><nont label="additiveExpression"><nont label="multiplicativeExpression"><nont label="prefixExpression"><nont label="postfixExpression"><nont label="atomicExpression"><nont label="variableAccess"><term lexeme="i2" token="IDENTIFIER"><location begcolumn="53" begline="7" endcolumn="54" endline="7" loc="7.53 - 7.54"/></term><nont label="functionCall"/></nont></nont></nont></nont></nont></nont></nont></nont></nont></nont><term lexeme=")" token="SYMBOL_RBR"><location begcolumn="55" begline="7" endcolumn="55" endline="7" loc="7.55 - 7.55"/></term></nont></nont></nont></nont></nont></nont><nont label="addOps"><term lexeme="+" token="SYMBOL_PLUS"><location begcolumn="56" begline="7" endcolumn="56" endline="7" loc="7.56 - 7.56"/></term></nont><nont label="multiplicativeExpression"><nont label="prefixExpression"><nont label="postfixExpression"><nont label="atomicExpression"><nont label="variableAccess"><term lexeme="f3" token="IDENTIFIER"><location begcolumn="57" begline="7" endcolumn="58" endline="7" loc="7.57 - 7.58"/></term><nont label="functionCall"><term lexeme="(" token="SYMBOL_LBR"><location begcolumn="59" begline="7" endcolumn="59" endline="7" loc="7.59 - 7.59"/></term><nont label="expr"><nont label="disjunctionExpression"><nont label="conjunctionExpression"><nont label="relationalExpression"><nont label="additiveExpression"><nont label="multiplicativeExpression"><nont label="prefixExpression"><nont label="postfixExpression"><nont label="atomicExpression"><nont label="variableAccess"><term lexeme="i3" token="IDENTIFIER"><location begcolumn="60" begline="7" endcolumn="61" endline="7" loc="7.60 - 7.61"/></term><nont label="functionCall"/></nont></nont></nont></nont></nont></nont></nont></nont></nont></nont><term lexeme=")" token="SYMBOL_RBR"><location begcolumn="62" begline="7" endcolumn="62" endline="7" loc="7.62 - 7.62"/></term></nont></nont></nont></nont></nont></nont></nont></nont></nont></nont></nont></nont></nont><term lexeme="}" token="SYMBOL_RCBR"><location begcolumn="4" begline="8" endcolumn="4" endline="8" loc="8.4 - 8.4"/></term></nont></nont></nont><term lexeme="}" token="SYMBOL_RCBR"><location begcolumn="5" begline="9" endcolumn="5" endline="9" loc="9.5 - 9.5"/></term></nont></nont></nont></nont></synan>