<?xml version="1.0" encoding="UTF-8" standalone="no"?><?xml-stylesheet type="text/xsl" href="../lib/xsl/imclin.xsl"?><imclin><codechunk entrylabel="L2" exitlabel="L3"><frame FP="T0" RV="T1" argssize="16" depth="2" label="L0" locssize="0" size="32"/><stmt><imc instruction="LABEL(L2)"/></stmt><stmt><imc instruction="MOVE"><imc instruction="TEMP(6)"/><imc instruction="MEM"><imc instruction="MEM"><imc instruction="TEMP(0)"/></imc></imc></imc></stmt><stmt><imc instruction="MOVE"><imc instruction="TEMP(7)"/><imc instruction="CONST(8)"/></imc></stmt><stmt><imc instruction="MOVE"><imc instruction="TEMP(8)"/><imc instruction="MEM"><imc instruction="BINOP(ADD)"><imc instruction="TEMP(6)"/><imc instruction="TEMP(7)"/></imc></imc></imc></stmt><stmt><imc instruction="MOVE"><imc instruction="TEMP(9)"/><imc instruction="MEM"><imc instruction="TEMP(0)"/></imc></imc></stmt><stmt><imc instruction="MOVE"><imc instruction="TEMP(10)"/><imc instruction="CONST(8)"/></imc></stmt><stmt><imc instruction="MOVE"><imc instruction="TEMP(11)"/><imc instruction="MEM"><imc instruction="BINOP(ADD)"><imc instruction="TEMP(9)"/><imc instruction="TEMP(10)"/></imc></imc></imc></stmt><stmt><imc instruction="MOVE"><imc instruction="TEMP(12)"/><imc instruction="BINOP(ADD)"><imc instruction="TEMP(8)"/><imc instruction="TEMP(11)"/></imc></imc></stmt><stmt><imc instruction="MOVE"><imc instruction="TEMP(13)"/><imc instruction="TEMP(0)"/></imc></stmt><stmt><imc instruction="MOVE"><imc instruction="TEMP(14)"/><imc instruction="CONST(8)"/></imc></stmt><stmt><imc instruction="MOVE"><imc instruction="TEMP(15)"/><imc instruction="MEM"><imc instruction="BINOP(ADD)"><imc instruction="TEMP(13)"/><imc instruction="TEMP(14)"/></imc></imc></imc></stmt><stmt><imc instruction="MOVE"><imc instruction="TEMP(16)"/><imc instruction="BINOP(ADD)"><imc instruction="TEMP(12)"/><imc instruction="TEMP(15)"/></imc></imc></stmt><stmt><imc instruction="MOVE"><imc instruction="TEMP(17)"/><imc instruction="MEM"><imc instruction="MEM"><imc instruction="MEM"><imc instruction="TEMP(0)"/></imc></imc></imc></imc></stmt><stmt><imc instruction="MOVE"><imc instruction="TEMP(18)"/><imc instruction="MEM"><imc instruction="MEM"><imc instruction="TEMP(0)"/></imc></imc></imc></stmt><stmt><imc instruction="MOVE"><imc instruction="TEMP(19)"/><imc instruction="CONST(8)"/></imc></stmt><stmt><imc instruction="MOVE"><imc instruction="TEMP(20)"/><imc instruction="MEM"><imc instruction="BINOP(ADD)"><imc instruction="TEMP(18)"/><imc instruction="TEMP(19)"/></imc></imc></imc></stmt><stmt><imc instruction="MOVE"><imc instruction="TEMP(21)"/><imc instruction="CALL(_main)"><imc instruction="TEMP(17)"/><imc instruction="TEMP(20)"/></imc></imc></stmt><stmt><imc instruction="MOVE"><imc instruction="TEMP(22)"/><imc instruction="TEMP(21)"/></imc></stmt><stmt><imc instruction="MOVE"><imc instruction="TEMP(23)"/><imc instruction="BINOP(ADD)"><imc instruction="TEMP(16)"/><imc instruction="TEMP(22)"/></imc></imc></stmt><stmt><imc instruction="MOVE"><imc instruction="TEMP(24)"/><imc instruction="MEM"><imc instruction="MEM"><imc instruction="TEMP(0)"/></imc></imc></imc></stmt><stmt><imc instruction="MOVE"><imc instruction="TEMP(25)"/><imc instruction="MEM"><imc instruction="TEMP(0)"/></imc></imc></stmt><stmt><imc instruction="MOVE"><imc instruction="TEMP(26)"/><imc instruction="CONST(8)"/></imc></stmt><stmt><imc instruction="MOVE"><imc instruction="TEMP(27)"/><imc instruction="MEM"><imc instruction="BINOP(ADD)"><imc instruction="TEMP(25)"/><imc instruction="TEMP(26)"/></imc></imc></imc></stmt><stmt><imc instruction="MOVE"><imc instruction="TEMP(28)"/><imc instruction="CALL(L1)"><imc instruction="TEMP(24)"/><imc instruction="TEMP(27)"/></imc></imc></stmt><stmt><imc instruction="MOVE"><imc instruction="TEMP(29)"/><imc instruction="TEMP(28)"/></imc></stmt><stmt><imc instruction="MOVE"><imc instruction="TEMP(30)"/><imc instruction="BINOP(ADD)"><imc instruction="TEMP(23)"/><imc instruction="TEMP(29)"/></imc></imc></stmt><stmt><imc instruction="MOVE"><imc instruction="TEMP(31)"/><imc instruction="MEM"><imc instruction="TEMP(0)"/></imc></imc></stmt><stmt><imc instruction="MOVE"><imc instruction="TEMP(32)"/><imc instruction="TEMP(0)"/></imc></stmt><stmt><imc instruction="MOVE"><imc instruction="TEMP(33)"/><imc instruction="CONST(8)"/></imc></stmt><stmt><imc instruction="MOVE"><imc instruction="TEMP(34)"/><imc instruction="MEM"><imc instruction="BINOP(ADD)"><imc instruction="TEMP(32)"/><imc instruction="TEMP(33)"/></imc></imc></imc></stmt><stmt><imc instruction="MOVE"><imc instruction="TEMP(35)"/><imc instruction="CALL(L0)"><imc instruction="TEMP(31)"/><imc instruction="TEMP(34)"/></imc></imc></stmt><stmt><imc instruction="MOVE"><imc instruction="TEMP(36)"/><imc instruction="TEMP(35)"/></imc></stmt><stmt><imc instruction="MOVE"><imc instruction="TEMP(37)"/><imc instruction="BINOP(ADD)"><imc instruction="TEMP(30)"/><imc instruction="TEMP(36)"/></imc></imc></stmt><stmt><imc instruction="MOVE"><imc instruction="TEMP(1)"/><imc instruction="TEMP(37)"/></imc></stmt><stmt><imc instruction="JUMP(L3)"/></stmt></codechunk><codechunk entrylabel="L4" exitlabel="L5"><frame FP="T2" RV="T3" argssize="16" depth="1" label="L1" locssize="8" size="40"/><stmt><imc instruction="LABEL(L4)"/></stmt><stmt><imc instruction="MOVE"><imc instruction="TEMP(38)"/><imc instruction="MEM"><imc instruction="TEMP(2)"/></imc></imc></stmt><stmt><imc instruction="MOVE"><imc instruction="TEMP(39)"/><imc instruction="CONST(8)"/></imc></stmt><stmt><imc instruction="MOVE"><imc instruction="TEMP(40)"/><imc instruction="MEM"><imc instruction="BINOP(ADD)"><imc instruction="TEMP(38)"/><imc instruction="TEMP(39)"/></imc></imc></imc></stmt><stmt><imc instruction="MOVE"><imc instruction="TEMP(41)"/><imc instruction="TEMP(2)"/></imc></stmt><stmt><imc instruction="MOVE"><imc instruction="TEMP(42)"/><imc instruction="CONST(8)"/></imc></stmt><stmt><imc instruction="MOVE"><imc instruction="TEMP(43)"/><imc instruction="MEM"><imc instruction="BINOP(ADD)"><imc instruction="TEMP(41)"/><imc instruction="TEMP(42)"/></imc></imc></imc></stmt><stmt><imc instruction="MOVE"><imc instruction="TEMP(44)"/><imc instruction="BINOP(ADD)"><imc instruction="TEMP(40)"/><imc instruction="TEMP(43)"/></imc></imc></stmt><stmt><imc instruction="MOVE"><imc instruction="TEMP(45)"/><imc instruction="MEM"><imc instruction="MEM"><imc instruction="TEMP(2)"/></imc></imc></imc></stmt><stmt><imc instruction="MOVE"><imc instruction="TEMP(46)"/><imc instruction="MEM"><imc instruction="TEMP(2)"/></imc></imc></stmt><stmt><imc instruction="MOVE"><imc instruction="TEMP(47)"/><imc instruction="CONST(8)"/></imc></stmt><stmt><imc instruction="MOVE"><imc instruction="TEMP(48)"/><imc instruction="MEM"><imc instruction="BINOP(ADD)"><imc instruction="TEMP(46)"/><imc instruction="TEMP(47)"/></imc></imc></imc></stmt><stmt><imc instruction="MOVE"><imc instruction="TEMP(49)"/><imc instruction="CALL(_main)"><imc instruction="TEMP(45)"/><imc instruction="TEMP(48)"/></imc></imc></stmt><stmt><imc instruction="MOVE"><imc instruction="TEMP(50)"/><imc instruction="TEMP(49)"/></imc></stmt><stmt><imc instruction="MOVE"><imc instruction="TEMP(51)"/><imc instruction="BINOP(ADD)"><imc instruction="TEMP(44)"/><imc instruction="TEMP(50)"/></imc></imc></stmt><stmt><imc instruction="MOVE"><imc instruction="TEMP(52)"/><imc instruction="MEM"><imc instruction="TEMP(2)"/></imc></imc></stmt><stmt><imc instruction="MOVE"><imc instruction="TEMP(53)"/><imc instruction="TEMP(2)"/></imc></stmt><stmt><imc instruction="MOVE"><imc instruction="TEMP(54)"/><imc instruction="CONST(8)"/></imc></stmt><stmt><imc instruction="MOVE"><imc instruction="TEMP(55)"/><imc instruction="MEM"><imc instruction="BINOP(ADD)"><imc instruction="TEMP(53)"/><imc instruction="TEMP(54)"/></imc></imc></imc></stmt><stmt><imc instruction="MOVE"><imc instruction="TEMP(56)"/><imc instruction="CALL(L1)"><imc instruction="TEMP(52)"/><imc instruction="TEMP(55)"/></imc></imc></stmt><stmt><imc instruction="MOVE"><imc instruction="TEMP(57)"/><imc instruction="TEMP(56)"/></imc></stmt><stmt><imc instruction="MOVE"><imc instruction="TEMP(58)"/><imc instruction="BINOP(ADD)"><imc instruction="TEMP(51)"/><imc instruction="TEMP(57)"/></imc></imc></stmt><stmt><imc instruction="MOVE"><imc instruction="TEMP(59)"/><imc instruction="TEMP(2)"/></imc></stmt><stmt><imc instruction="MOVE"><imc instruction="TEMP(60)"/><imc instruction="TEMP(2)"/></imc></stmt><stmt><imc instruction="MOVE"><imc instruction="TEMP(61)"/><imc instruction="CONST(8)"/></imc></stmt><stmt><imc instruction="MOVE"><imc instruction="TEMP(62)"/><imc instruction="MEM"><imc instruction="BINOP(ADD)"><imc instruction="TEMP(60)"/><imc instruction="TEMP(61)"/></imc></imc></imc></stmt><stmt><imc instruction="MOVE"><imc instruction="TEMP(63)"/><imc instruction="CALL(L0)"><imc instruction="TEMP(59)"/><imc instruction="TEMP(62)"/></imc></imc></stmt><stmt><imc instruction="MOVE"><imc instruction="TEMP(64)"/><imc instruction="TEMP(63)"/></imc></stmt><stmt><imc instruction="MOVE"><imc instruction="TEMP(65)"/><imc instruction="BINOP(ADD)"><imc instruction="TEMP(58)"/><imc instruction="TEMP(64)"/></imc></imc></stmt><stmt><imc instruction="MOVE"><imc instruction="TEMP(3)"/><imc instruction="TEMP(65)"/></imc></stmt><stmt><imc instruction="JUMP(L5)"/></stmt></codechunk><codechunk entrylabel="L6" exitlabel="L7"><frame FP="T4" RV="T5" argssize="16" depth="0" label="_main" locssize="8" size="40"/><stmt><imc instruction="LABEL(L6)"/></stmt><stmt><imc instruction="MOVE"><imc instruction="TEMP(66)"/><imc instruction="TEMP(4)"/></imc></stmt><stmt><imc instruction="MOVE"><imc instruction="TEMP(67)"/><imc instruction="CONST(8)"/></imc></stmt><stmt><imc instruction="MOVE"><imc instruction="TEMP(68)"/><imc instruction="MEM"><imc instruction="BINOP(ADD)"><imc instruction="TEMP(66)"/><imc instruction="TEMP(67)"/></imc></imc></imc></stmt><stmt><imc instruction="MOVE"><imc instruction="TEMP(69)"/><imc instruction="MEM"><imc instruction="TEMP(4)"/></imc></imc></stmt><stmt><imc instruction="MOVE"><imc instruction="TEMP(70)"/><imc instruction="TEMP(4)"/></imc></stmt><stmt><imc instruction="MOVE"><imc instruction="TEMP(71)"/><imc instruction="CONST(8)"/></imc></stmt><stmt><imc instruction="MOVE"><imc instruction="TEMP(72)"/><imc instruction="MEM"><imc instruction="BINOP(ADD)"><imc instruction="TEMP(70)"/><imc instruction="TEMP(71)"/></imc></imc></imc></stmt><stmt><imc instruction="MOVE"><imc instruction="TEMP(73)"/><imc instruction="CALL(_main)"><imc instruction="TEMP(69)"/><imc instruction="TEMP(72)"/></imc></imc></stmt><stmt><imc instruction="MOVE"><imc instruction="TEMP(74)"/><imc instruction="TEMP(73)"/></imc></stmt><stmt><imc instruction="MOVE"><imc instruction="TEMP(75)"/><imc instruction="BINOP(ADD)"><imc instruction="TEMP(68)"/><imc instruction="TEMP(74)"/></imc></imc></stmt><stmt><imc instruction="MOVE"><imc instruction="TEMP(76)"/><imc instruction="TEMP(4)"/></imc></stmt><stmt><imc instruction="MOVE"><imc instruction="TEMP(77)"/><imc instruction="TEMP(4)"/></imc></stmt><stmt><imc instruction="MOVE"><imc instruction="TEMP(78)"/><imc instruction="CONST(-8)"/></imc></stmt><stmt><imc instruction="MOVE"><imc instruction="TEMP(79)"/><imc instruction="MEM"><imc instruction="BINOP(ADD)"><imc instruction="TEMP(77)"/><imc instruction="TEMP(78)"/></imc></imc></imc></stmt><stmt><imc instruction="MOVE"><imc instruction="TEMP(80)"/><imc instruction="CALL(L1)"><imc instruction="TEMP(76)"/><imc instruction="TEMP(79)"/></imc></imc></stmt><stmt><imc instruction="MOVE"><imc instruction="TEMP(81)"/><imc instruction="TEMP(80)"/></imc></stmt><stmt><imc instruction="MOVE"><imc instruction="TEMP(82)"/><imc instruction="BINOP(ADD)"><imc instruction="TEMP(75)"/><imc instruction="TEMP(81)"/></imc></imc></stmt><stmt><imc instruction="MOVE"><imc instruction="TEMP(5)"/><imc instruction="TEMP(82)"/></imc></stmt><stmt><imc instruction="JUMP(L7)"/></stmt></codechunk></imclin>