<?xml version="1.0" encoding="UTF-8" standalone="no"?><?xml-stylesheet type="text/xsl" href="../lib/xsl/abstr.xsl"?><abstr><node id="30" label="{Decls}"><node id="1" label="VarDecl" lexeme="i"><node id="0" label="AtomType" spec="INTEGER"><location begcolumn="7" begline="1" endcolumn="13" endline="1" loc="1.7 - 1.13"/></node><location begcolumn="1" begline="1" endcolumn="13" endline="1" loc="1.1 - 1.13"/></node><node id="29" label="FunDecl" lexeme="f"><node id="6" label="{Pars}"><node id="3" label="ParDecl" lexeme="i"><node id="2" label="AtomType" spec="INTEGER"><location begcolumn="9" begline="2" endcolumn="15" endline="2" loc="2.9 - 2.15"/></node><location begcolumn="7" begline="2" endcolumn="15" endline="2" loc="2.7 - 2.15"/></node><node id="5" label="ParDecl" lexeme="j"><node id="4" label="AtomType" spec="INTEGER"><location begcolumn="19" begline="2" endcolumn="25" endline="2" loc="2.19 - 2.25"/></node><location begcolumn="16" begline="2" endcolumn="25" endline="2" loc="2.16 - 2.25"/></node><location begcolumn="7" begline="2" endcolumn="25" endline="2" loc="2.7 - 2.25"/></node><node id="7" label="AtomType" spec="INTEGER"><location begcolumn="28" begline="2" endcolumn="34" endline="2" loc="2.28 - 2.34"/></node><node id="28" label="WhereExpr"><node id="18" label="BinExpr" spec="ADD"><node id="16" label="BinExpr" spec="ADD"><node id="12" label="BinExpr" spec="ADD"><node id="10" label="BinExpr" spec="ADD"><node id="8" label="NameExpr" lexeme="i"><location begcolumn="36" begline="2" endcolumn="36" endline="2" loc="2.36 - 2.36"/></node><node id="9" label="NameExpr" lexeme="j"><location begcolumn="38" begline="2" endcolumn="38" endline="2" loc="2.38 - 2.38"/></node><location begcolumn="36" begline="2" endcolumn="38" endline="2" loc="2.36 - 2.38"/></node><node id="11" label="NameExpr" lexeme="k1"><location begcolumn="40" begline="2" endcolumn="41" endline="2" loc="2.40 - 2.41"/></node><location begcolumn="36" begline="2" endcolumn="41" endline="2" loc="2.36 - 2.41"/></node><node id="15" label="ArrExpr"><node id="13" label="NameExpr" lexeme="a"><location begcolumn="43" begline="2" endcolumn="43" endline="2" loc="2.43 - 2.43"/></node><node id="14" label="AtomExpr" lexeme="0" spec="INTEGER"><location begcolumn="45" begline="2" endcolumn="45" endline="2" loc="2.45 - 2.45"/></node><location begcolumn="43" begline="2" endcolumn="46" endline="2" loc="2.43 - 2.46"/></node><location begcolumn="36" begline="2" endcolumn="46" endline="2" loc="2.36 - 2.46"/></node><node id="17" label="NameExpr" lexeme="k2"><location begcolumn="48" begline="2" endcolumn="49" endline="2" loc="2.48 - 2.49"/></node><location begcolumn="36" begline="2" endcolumn="49" endline="2" loc="2.36 - 2.49"/></node><node id="27" label="{Decls}"><node id="20" label="VarDecl" lexeme="k1"><node id="19" label="AtomType" spec="INTEGER"><location begcolumn="18" begline="4" endcolumn="24" endline="4" loc="4.18 - 4.24"/></node><location begcolumn="11" begline="4" endcolumn="24" endline="4" loc="4.11 - 4.24"/></node><node id="24" label="VarDecl" lexeme="a"><node id="23" label="ArrType"><node id="21" label="AtomType" spec="INTEGER"><location begcolumn="10" begline="5" endcolumn="16" endline="5" loc="5.10 - 5.16"/></node><node id="22" label="AtomExpr" lexeme="10" spec="INTEGER"><location begcolumn="18" begline="5" endcolumn="19" endline="5" loc="5.18 - 5.19"/></node><location begcolumn="10" begline="5" endcolumn="20" endline="5" loc="5.10 - 5.20"/></node><location begcolumn="4" begline="5" endcolumn="20" endline="5" loc="5.4 - 5.20"/></node><node id="26" label="VarDecl" lexeme="k2"><node id="25" label="AtomType" spec="INTEGER"><location begcolumn="11" begline="6" endcolumn="17" endline="6" loc="6.11 - 6.17"/></node><location begcolumn="4" begline="6" endcolumn="17" endline="6" loc="6.4 - 6.17"/></node><location begcolumn="11" begline="4" endcolumn="17" endline="6" loc="4.11 - 6.17"/></node><location begcolumn="36" begline="2" endcolumn="5" endline="7" loc="2.36 - 7.5"/></node><location begcolumn="1" begline="2" endcolumn="5" endline="7" loc="2.1 - 7.5"/></node><location begcolumn="1" begline="1" endcolumn="5" endline="7" loc="1.1 - 7.5"/></node></abstr>