<?xml version="1.0" encoding="UTF-8" standalone="no"?><?xml-stylesheet type="text/xsl" href="../lib/xsl/seman.xsl"?><seman><node id="64" label="{Decls}"><node id="63" label="FunDecl" lexeme="f1"><node id="2" label="{Pars}"><node id="1" label="ParDecl" lexeme="i1"><node id="0" label="AtomType" spec="INTEGER"><location begcolumn="11" begline="1" endcolumn="17" endline="1" loc="1.11 - 1.17"/><isType><semtype type="INTEGER"/></isType></node><location begcolumn="8" begline="1" endcolumn="17" endline="1" loc="1.8 - 1.17"/></node><location begcolumn="8" begline="1" endcolumn="17" endline="1" loc="1.8 - 1.17"/></node><node id="3" label="AtomType" spec="INTEGER"><location begcolumn="20" begline="1" endcolumn="26" endline="1" loc="1.20 - 1.26"/><isType><semtype type="INTEGER"/></isType></node><node id="62" label="WhereExpr"><node id="12" label="BinExpr" spec="ADD"><node id="8" label="BinExpr" spec="ADD"><node id="4" label="NameExpr" lexeme="i1"><location begcolumn="30" begline="1" endcolumn="31" endline="1" loc="1.30 - 1.31"/><declaredAt idx="1" location="1.8 - 1.17"/><ofType><semtype type="INTEGER"/></ofType><lvalue/></node><node id="7" label="CallExpr" lexeme="f1"><node id="6" label="{CallArgs}"><node id="5" label="NameExpr" lexeme="i1"><location begcolumn="36" begline="1" endcolumn="37" endline="1" loc="1.36 - 1.37"/><declaredAt idx="1" location="1.8 - 1.17"/><ofType><semtype type="INTEGER"/></ofType><lvalue/></node><location begcolumn="36" begline="1" endcolumn="37" endline="1" loc="1.36 - 1.37"/></node><location begcolumn="33" begline="1" endcolumn="38" endline="1" loc="1.33 - 1.38"/><declaredAt idx="63" location="1.1 - 9.5"/><ofType><semtype type="INTEGER"/></ofType></node><location begcolumn="30" begline="1" endcolumn="38" endline="1" loc="1.30 - 1.38"/><ofType><semtype type="INTEGER"/></ofType></node><node id="11" label="CallExpr" lexeme="f2"><node id="10" label="{CallArgs}"><node id="9" label="NameExpr" lexeme="i2"><location begcolumn="43" begline="1" endcolumn="44" endline="1" loc="1.43 - 1.44"/><declaredAt idx="14" location="3.8 - 3.21"/><ofType><semtype type="INTEGER"/></ofType><lvalue/></node><location begcolumn="43" begline="1" endcolumn="44" endline="1" loc="1.43 - 1.44"/></node><location begcolumn="40" begline="1" endcolumn="45" endline="1" loc="1.40 - 1.45"/><declaredAt idx="60" location="4.4 - 8.4"/><ofType><semtype type="INTEGER"/></ofType></node><location begcolumn="30" begline="1" endcolumn="45" endline="1" loc="1.30 - 1.45"/><ofType><semtype type="INTEGER"/></ofType></node><node id="61" label="{Decls}"><node id="14" label="VarDecl" lexeme="i2"><node id="13" label="AtomType" spec="INTEGER"><location begcolumn="15" begline="3" endcolumn="21" endline="3" loc="3.15 - 3.21"/><isType><semtype type="INTEGER"/></isType></node><location begcolumn="8" begline="3" endcolumn="21" endline="3" loc="3.8 - 3.21"/></node><node id="60" label="FunDecl" lexeme="f2"><node id="17" label="{Pars}"><node id="16" label="ParDecl" lexeme="i2"><node id="15" label="AtomType" spec="INTEGER"><location begcolumn="14" begline="4" endcolumn="20" endline="4" loc="4.14 - 4.20"/><isType><semtype type="INTEGER"/></isType></node><location begcolumn="11" begline="4" endcolumn="20" endline="4" loc="4.11 - 4.20"/></node><location begcolumn="11" begline="4" endcolumn="20" endline="4" loc="4.11 - 4.20"/></node><node id="18" label="AtomType" spec="INTEGER"><location begcolumn="23" begline="4" endcolumn="29" endline="4" loc="4.23 - 4.29"/><isType><semtype type="INTEGER"/></isType></node><node id="59" label="WhereExpr"><node id="33" label="BinExpr" spec="ADD"><node id="29" label="BinExpr" spec="ADD"><node id="25" label="BinExpr" spec="ADD"><node id="21" label="BinExpr" spec="ADD"><node id="19" label="NameExpr" lexeme="i1"><location begcolumn="33" begline="4" endcolumn="34" endline="4" loc="4.33 - 4.34"/><declaredAt idx="1" location="1.8 - 1.17"/><ofType><semtype type="INTEGER"/></ofType><lvalue/></node><node id="20" label="NameExpr" lexeme="i2"><location begcolumn="36" begline="4" endcolumn="37" endline="4" loc="4.36 - 4.37"/><declaredAt idx="16" location="4.11 - 4.20"/><ofType><semtype type="INTEGER"/></ofType><lvalue/></node><location begcolumn="33" begline="4" endcolumn="37" endline="4" loc="4.33 - 4.37"/><ofType><semtype type="INTEGER"/></ofType></node><node id="24" label="CallExpr" lexeme="f1"><node id="23" label="{CallArgs}"><node id="22" label="NameExpr" lexeme="i1"><location begcolumn="42" begline="4" endcolumn="43" endline="4" loc="4.42 - 4.43"/><declaredAt idx="1" location="1.8 - 1.17"/><ofType><semtype type="INTEGER"/></ofType><lvalue/></node><location begcolumn="42" begline="4" endcolumn="43" endline="4" loc="4.42 - 4.43"/></node><location begcolumn="39" begline="4" endcolumn="44" endline="4" loc="4.39 - 4.44"/><declaredAt idx="63" location="1.1 - 9.5"/><ofType><semtype type="INTEGER"/></ofType></node><location begcolumn="33" begline="4" endcolumn="44" endline="4" loc="4.33 - 4.44"/><ofType><semtype type="INTEGER"/></ofType></node><node id="28" label="CallExpr" lexeme="f2"><node id="27" label="{CallArgs}"><node id="26" label="NameExpr" lexeme="i2"><location begcolumn="49" begline="4" endcolumn="50" endline="4" loc="4.49 - 4.50"/><declaredAt idx="16" location="4.11 - 4.20"/><ofType><semtype type="INTEGER"/></ofType><lvalue/></node><location begcolumn="49" begline="4" endcolumn="50" endline="4" loc="4.49 - 4.50"/></node><location begcolumn="46" begline="4" endcolumn="51" endline="4" loc="4.46 - 4.51"/><declaredAt idx="60" location="4.4 - 8.4"/><ofType><semtype type="INTEGER"/></ofType></node><location begcolumn="33" begline="4" endcolumn="51" endline="4" loc="4.33 - 4.51"/><ofType><semtype type="INTEGER"/></ofType></node><node id="32" label="CallExpr" lexeme="f3"><node id="31" label="{CallArgs}"><node id="30" label="NameExpr" lexeme="i2"><location begcolumn="56" begline="4" endcolumn="57" endline="4" loc="4.56 - 4.57"/><declaredAt idx="16" location="4.11 - 4.20"/><ofType><semtype type="INTEGER"/></ofType><lvalue/></node><location begcolumn="56" begline="4" endcolumn="57" endline="4" loc="4.56 - 4.57"/></node><location begcolumn="53" begline="4" endcolumn="58" endline="4" loc="4.53 - 4.58"/><declaredAt idx="57" location="7.3 - 7.60"/><ofType><semtype type="INTEGER"/></ofType></node><location begcolumn="33" begline="4" endcolumn="58" endline="4" loc="4.33 - 4.58"/><ofType><semtype type="INTEGER"/></ofType></node><node id="58" label="{Decls}"><node id="35" label="VarDecl" lexeme="i3"><node id="34" label="AtomType" spec="INTEGER"><location begcolumn="12" begline="6" endcolumn="18" endline="6" loc="6.12 - 6.18"/><isType><semtype type="INTEGER"/></isType></node><location begcolumn="5" begline="6" endcolumn="18" endline="6" loc="6.5 - 6.18"/></node><node id="57" label="FunDecl" lexeme="f3"><node id="38" label="{Pars}"><node id="37" label="ParDecl" lexeme="i3"><node id="36" label="AtomType" spec="INTEGER"><location begcolumn="13" begline="7" endcolumn="19" endline="7" loc="7.13 - 7.19"/><isType><semtype type="INTEGER"/></isType></node><location begcolumn="10" begline="7" endcolumn="19" endline="7" loc="7.10 - 7.19"/></node><location begcolumn="10" begline="7" endcolumn="19" endline="7" loc="7.10 - 7.19"/></node><node id="39" label="AtomType" spec="INTEGER"><location begcolumn="22" begline="7" endcolumn="28" endline="7" loc="7.22 - 7.28"/><isType><semtype type="INTEGER"/></isType></node><node id="56" label="BinExpr" spec="ADD"><node id="52" label="BinExpr" spec="ADD"><node id="48" label="BinExpr" spec="ADD"><node id="44" label="BinExpr" spec="ADD"><node id="42" label="BinExpr" spec="ADD"><node id="40" label="NameExpr" lexeme="i1"><location begcolumn="32" begline="7" endcolumn="33" endline="7" loc="7.32 - 7.33"/><declaredAt idx="1" location="1.8 - 1.17"/><ofType><semtype type="INTEGER"/></ofType><lvalue/></node><node id="41" label="NameExpr" lexeme="i2"><location begcolumn="35" begline="7" endcolumn="36" endline="7" loc="7.35 - 7.36"/><declaredAt idx="16" location="4.11 - 4.20"/><ofType><semtype type="INTEGER"/></ofType><lvalue/></node><location begcolumn="32" begline="7" endcolumn="36" endline="7" loc="7.32 - 7.36"/><ofType><semtype type="INTEGER"/></ofType></node><node id="43" label="NameExpr" lexeme="i3"><location begcolumn="38" begline="7" endcolumn="39" endline="7" loc="7.38 - 7.39"/><declaredAt idx="37" location="7.10 - 7.19"/><ofType><semtype type="INTEGER"/></ofType><lvalue/></node><location begcolumn="32" begline="7" endcolumn="39" endline="7" loc="7.32 - 7.39"/><ofType><semtype type="INTEGER"/></ofType></node><node id="47" label="CallExpr" lexeme="f1"><node id="46" label="{CallArgs}"><node id="45" label="NameExpr" lexeme="i1"><location begcolumn="44" begline="7" endcolumn="45" endline="7" loc="7.44 - 7.45"/><declaredAt idx="1" location="1.8 - 1.17"/><ofType><semtype type="INTEGER"/></ofType><lvalue/></node><location begcolumn="44" begline="7" endcolumn="45" endline="7" loc="7.44 - 7.45"/></node><location begcolumn="41" begline="7" endcolumn="46" endline="7" loc="7.41 - 7.46"/><declaredAt idx="63" location="1.1 - 9.5"/><ofType><semtype type="INTEGER"/></ofType></node><location begcolumn="32" begline="7" endcolumn="46" endline="7" loc="7.32 - 7.46"/><ofType><semtype type="INTEGER"/></ofType></node><node id="51" label="CallExpr" lexeme="f2"><node id="50" label="{CallArgs}"><node id="49" label="NameExpr" lexeme="i2"><location begcolumn="51" begline="7" endcolumn="52" endline="7" loc="7.51 - 7.52"/><declaredAt idx="16" location="4.11 - 4.20"/><ofType><semtype type="INTEGER"/></ofType><lvalue/></node><location begcolumn="51" begline="7" endcolumn="52" endline="7" loc="7.51 - 7.52"/></node><location begcolumn="48" begline="7" endcolumn="53" endline="7" loc="7.48 - 7.53"/><declaredAt idx="60" location="4.4 - 8.4"/><ofType><semtype type="INTEGER"/></ofType></node><location begcolumn="32" begline="7" endcolumn="53" endline="7" loc="7.32 - 7.53"/><ofType><semtype type="INTEGER"/></ofType></node><node id="55" label="CallExpr" lexeme="f3"><node id="54" label="{CallArgs}"><node id="53" label="NameExpr" lexeme="i3"><location begcolumn="58" begline="7" endcolumn="59" endline="7" loc="7.58 - 7.59"/><declaredAt idx="37" location="7.10 - 7.19"/><ofType><semtype type="INTEGER"/></ofType><lvalue/></node><location begcolumn="58" begline="7" endcolumn="59" endline="7" loc="7.58 - 7.59"/></node><location begcolumn="55" begline="7" endcolumn="60" endline="7" loc="7.55 - 7.60"/><declaredAt idx="57" location="7.3 - 7.60"/><ofType><semtype type="INTEGER"/></ofType></node><location begcolumn="32" begline="7" endcolumn="60" endline="7" loc="7.32 - 7.60"/><ofType><semtype type="INTEGER"/></ofType></node><location begcolumn="3" begline="7" endcolumn="60" endline="7" loc="7.3 - 7.60"/></node><location begcolumn="5" begline="6" endcolumn="60" endline="7" loc="6.5 - 7.60"/></node><location begcolumn="33" begline="4" endcolumn="4" endline="8" loc="4.33 - 8.4"/><ofType><semtype type="INTEGER"/></ofType></node><location begcolumn="4" begline="4" endcolumn="4" endline="8" loc="4.4 - 8.4"/></node><location begcolumn="8" begline="3" endcolumn="4" endline="8" loc="3.8 - 8.4"/></node><location begcolumn="30" begline="1" endcolumn="5" endline="9" loc="1.30 - 9.5"/><ofType><semtype type="INTEGER"/></ofType></node><location begcolumn="1" begline="1" endcolumn="5" endline="9" loc="1.1 - 9.5"/></node><location begcolumn="1" begline="1" endcolumn="5" endline="9" loc="1.1 - 9.5"/></node></seman>