<?xml version="1.0" encoding="UTF-8" standalone="no"?><?xml-stylesheet type="text/xsl" href="../lib/xsl/synan.xsl"?><synan><nont label="source"><nont label="decl"><nont label="functionDeclaration"><term lexeme="fun" token="KEYWORD_FUN"><location begcolumn="1" begline="1" endcolumn="3" endline="1" loc="1.1 - 1.3"/></term><term lexeme="f1" token="IDENTIFIER"><location begcolumn="5" begline="1" endcolumn="6" endline="1" loc="1.5 - 1.6"/></term><term lexeme="(" token="SYMBOL_LBR"><location begcolumn="7" begline="1" endcolumn="7" endline="1" loc="1.7 - 1.7"/></term><nont label="funcArgRepeat"><term lexeme="i1" token="IDENTIFIER"><location begcolumn="8" begline="1" endcolumn="9" endline="1" loc="1.8 - 1.9"/></term><term lexeme=":" token="SYMBOL_COLON"><location begcolumn="10" begline="1" endcolumn="10" endline="1" loc="1.10 - 1.10"/></term><nont label="type"><nont label="atomicType"><term lexeme="integer" token="KEYWORD_INT"><location begcolumn="11" begline="1" endcolumn="17" endline="1" loc="1.11 - 1.17"/></term></nont></nont></nont><term lexeme=")" token="SYMBOL_RBR"><location begcolumn="18" begline="1" endcolumn="18" endline="1" loc="1.18 - 1.18"/></term><term lexeme=":" token="SYMBOL_COLON"><location begcolumn="19" begline="1" endcolumn="19" endline="1" loc="1.19 - 1.19"/></term><nont label="type"><nont label="atomicType"><term lexeme="integer" token="KEYWORD_INT"><location begcolumn="20" begline="1" endcolumn="26" endline="1" loc="1.20 - 1.26"/></term></nont></nont><term lexeme="=" token="SYMBOL_EQUALS"><location begcolumn="28" begline="1" endcolumn="28" endline="1" loc="1.28 - 1.28"/></term><nont label="expr"><nont label="expr"><nont label="disjunctionExpression"><nont label="conjunctionExpression"><nont label="relationalExpression"><nont label="additiveExpression"><nont label="multiplicativeExpression"><nont label="prefixExpression"><nont label="postfixExpression"><nont label="atomicExpression"><nont label="variableAccess"><term lexeme="i1" token="IDENTIFIER"><location begcolumn="30" begline="1" endcolumn="31" endline="1" loc="1.30 - 1.31"/></term><nont label="functionCall"/></nont></nont></nont></nont></nont><nont label="addOps"><term lexeme="+" token="SYMBOL_PLUS"><location begcolumn="32" begline="1" endcolumn="32" endline="1" loc="1.32 - 1.32"/></term></nont><nont label="multiplicativeExpression"><nont label="prefixExpression"><nont label="postfixExpression"><nont label="atomicExpression"><nont label="variableAccess"><term lexeme="f1" token="IDENTIFIER"><location begcolumn="33" begline="1" endcolumn="34" endline="1" loc="1.33 - 1.34"/></term><nont label="functionCall"><term lexeme="(" token="SYMBOL_LBR"><location begcolumn="35" begline="1" endcolumn="35" endline="1" loc="1.35 - 1.35"/></term><nont label="expr"><nont label="disjunctionExpression"><nont label="conjunctionExpression"><nont label="relationalExpression"><nont label="additiveExpression"><nont label="multiplicativeExpression"><nont label="prefixExpression"><nont label="postfixExpression"><nont label="atomicExpression"><nont label="variableAccess"><term lexeme="i1" token="IDENTIFIER"><location begcolumn="36" begline="1" endcolumn="37" endline="1" loc="1.36 - 1.37"/></term><nont label="functionCall"/></nont></nont></nont></nont></nont></nont></nont></nont></nont></nont><term lexeme=")" token="SYMBOL_RBR"><location begcolumn="38" begline="1" endcolumn="38" endline="1" loc="1.38 - 1.38"/></term></nont></nont></nont></nont></nont></nont><nont label="addOps"><term lexeme="+" token="SYMBOL_PLUS"><location begcolumn="39" begline="1" endcolumn="39" endline="1" loc="1.39 - 1.39"/></term></nont><nont label="multiplicativeExpression"><nont label="prefixExpression"><nont label="postfixExpression"><nont label="atomicExpression"><nont label="variableAccess"><term lexeme="f2" token="IDENTIFIER"><location begcolumn="40" begline="1" endcolumn="41" endline="1" loc="1.40 - 1.41"/></term><nont label="functionCall"><term lexeme="(" token="SYMBOL_LBR"><location begcolumn="42" begline="1" endcolumn="42" endline="1" loc="1.42 - 1.42"/></term><nont label="expr"><nont label="disjunctionExpression"><nont label="conjunctionExpression"><nont label="relationalExpression"><nont label="additiveExpression"><nont label="multiplicativeExpression"><nont label="prefixExpression"><nont label="postfixExpression"><nont label="atomicExpression"><nont label="variableAccess"><term lexeme="i2" token="IDENTIFIER"><location begcolumn="43" begline="1" endcolumn="44" endline="1" loc="1.43 - 1.44"/></term><nont label="functionCall"/></nont></nont></nont></nont></nont></nont></nont></nont></nont></nont><term lexeme=")" token="SYMBOL_RBR"><location begcolumn="45" begline="1" endcolumn="45" endline="1" loc="1.45 - 1.45"/></term></nont></nont></nont></nont></nont></nont></nont></nont></nont></nont></nont><term lexeme="where" token="KEYWORD_WHERE"><location begcolumn="5" begline="2" endcolumn="9" endline="2" loc="2.5 - 2.9"/></term><term lexeme="{" token="SYMBOL_LCBR"><location begcolumn="11" begline="2" endcolumn="11" endline="2" loc="2.11 - 2.11"/></term><nont label="decl"><nont label="variableDeclaration"><term lexeme="var" token="KEYWORD_VAR"><location begcolumn="8" begline="3" endcolumn="10" endline="3" loc="3.8 - 3.10"/></term><term lexeme="i2" token="IDENTIFIER"><location begcolumn="12" begline="3" endcolumn="13" endline="3" loc="3.12 - 3.13"/></term><term lexeme=":" token="SYMBOL_COLON"><location begcolumn="14" begline="3" endcolumn="14" endline="3" loc="3.14 - 3.14"/></term><nont label="type"><nont label="atomicType"><term lexeme="integer" token="KEYWORD_INT"><location begcolumn="15" begline="3" endcolumn="21" endline="3" loc="3.15 - 3.21"/></term></nont></nont></nont></nont><nont label="decl"><nont label="functionDeclaration"><term lexeme="fun" token="KEYWORD_FUN"><location begcolumn="4" begline="4" endcolumn="6" endline="4" loc="4.4 - 4.6"/></term><term lexeme="f2" token="IDENTIFIER"><location begcolumn="8" begline="4" endcolumn="9" endline="4" loc="4.8 - 4.9"/></term><term lexeme="(" token="SYMBOL_LBR"><location begcolumn="10" begline="4" endcolumn="10" endline="4" loc="4.10 - 4.10"/></term><nont label="funcArgRepeat"><term lexeme="i2" token="IDENTIFIER"><location begcolumn="11" begline="4" endcolumn="12" endline="4" loc="4.11 - 4.12"/></term><term lexeme=":" token="SYMBOL_COLON"><location begcolumn="13" begline="4" endcolumn="13" endline="4" loc="4.13 - 4.13"/></term><nont label="type"><nont label="atomicType"><term lexeme="integer" token="KEYWORD_INT"><location begcolumn="14" begline="4" endcolumn="20" endline="4" loc="4.14 - 4.20"/></term></nont></nont></nont><term lexeme=")" token="SYMBOL_RBR"><location begcolumn="21" begline="4" endcolumn="21" endline="4" loc="4.21 - 4.21"/></term><term lexeme=":" token="SYMBOL_COLON"><location begcolumn="22" begline="4" endcolumn="22" endline="4" loc="4.22 - 4.22"/></term><nont label="type"><nont label="atomicType"><term lexeme="integer" token="KEYWORD_INT"><location begcolumn="23" begline="4" endcolumn="29" endline="4" loc="4.23 - 4.29"/></term></nont></nont><term lexeme="=" token="SYMBOL_EQUALS"><location begcolumn="31" begline="4" endcolumn="31" endline="4" loc="4.31 - 4.31"/></term><nont label="expr"><nont label="disjunctionExpression"><nont label="conjunctionExpression"><nont label="relationalExpression"><nont label="additiveExpression"><nont label="multiplicativeExpression"><nont label="prefixExpression"><nont label="postfixExpression"><nont label="atomicExpression"><nont label="variableAccess"><term lexeme="i1" token="IDENTIFIER"><location begcolumn="33" begline="4" endcolumn="34" endline="4" loc="4.33 - 4.34"/></term><nont label="functionCall"/></nont></nont></nont></nont></nont><nont label="addOps"><term lexeme="+" token="SYMBOL_PLUS"><location begcolumn="35" begline="4" endcolumn="35" endline="4" loc="4.35 - 4.35"/></term></nont><nont label="multiplicativeExpression"><nont label="prefixExpression"><nont label="postfixExpression"><nont label="atomicExpression"><nont label="variableAccess"><term lexeme="i2" token="IDENTIFIER"><location begcolumn="36" begline="4" endcolumn="37" endline="4" loc="4.36 - 4.37"/></term><nont label="functionCall"/></nont></nont></nont></nont></nont><nont label="addOps"><term lexeme="+" token="SYMBOL_PLUS"><location begcolumn="38" begline="4" endcolumn="38" endline="4" loc="4.38 - 4.38"/></term></nont><nont label="multiplicativeExpression"><nont label="prefixExpression"><nont label="postfixExpression"><nont label="atomicExpression"><nont label="variableAccess"><term lexeme="f1" token="IDENTIFIER"><location begcolumn="39" begline="4" endcolumn="40" endline="4" loc="4.39 - 4.40"/></term><nont label="functionCall"><term lexeme="(" token="SYMBOL_LBR"><location begcolumn="41" begline="4" endcolumn="41" endline="4" loc="4.41 - 4.41"/></term><nont label="expr"><nont label="disjunctionExpression"><nont label="conjunctionExpression"><nont label="relationalExpression"><nont label="additiveExpression"><nont label="multiplicativeExpression"><nont label="prefixExpression"><nont label="postfixExpression"><nont label="atomicExpression"><nont label="variableAccess"><term lexeme="i1" token="IDENTIFIER"><location begcolumn="42" begline="4" endcolumn="43" endline="4" loc="4.42 - 4.43"/></term><nont label="functionCall"/></nont></nont></nont></nont></nont></nont></nont></nont></nont></nont><term lexeme=")" token="SYMBOL_RBR"><location begcolumn="44" begline="4" endcolumn="44" endline="4" loc="4.44 - 4.44"/></term></nont></nont></nont></nont></nont></nont><nont label="addOps"><term lexeme="+" token="SYMBOL_PLUS"><location begcolumn="45" begline="4" endcolumn="45" endline="4" loc="4.45 - 4.45"/></term></nont><nont label="multiplicativeExpression"><nont label="prefixExpression"><nont label="postfixExpression"><nont label="atomicExpression"><nont label="variableAccess"><term lexeme="f2" token="IDENTIFIER"><location begcolumn="46" begline="4" endcolumn="47" endline="4" loc="4.46 - 4.47"/></term><nont label="functionCall"><term lexeme="(" token="SYMBOL_LBR"><location begcolumn="48" begline="4" endcolumn="48" endline="4" loc="4.48 - 4.48"/></term><nont label="expr"><nont label="disjunctionExpression"><nont label="conjunctionExpression"><nont label="relationalExpression"><nont label="additiveExpression"><nont label="multiplicativeExpression"><nont label="prefixExpression"><nont label="postfixExpression"><nont label="atomicExpression"><nont label="variableAccess"><term lexeme="i2" token="IDENTIFIER"><location begcolumn="49" begline="4" endcolumn="50" endline="4" loc="4.49 - 4.50"/></term><nont label="functionCall"/></nont></nont></nont></nont></nont></nont></nont></nont></nont></nont><term lexeme=")" token="SYMBOL_RBR"><location begcolumn="51" begline="4" endcolumn="51" endline="4" loc="4.51 - 4.51"/></term></nont></nont></nont></nont></nont></nont></nont></nont></nont></nont></nont></nont></nont><term lexeme="}" token="SYMBOL_RCBR"><location begcolumn="5" begline="5" endcolumn="5" endline="5" loc="5.5 - 5.5"/></term></nont></nont></nont></nont></synan>