<?xml version="1.0" encoding="UTF-8" standalone="no"?><?xml-stylesheet type="text/xsl" href="../lib/xsl/imcgen.xsl"?><imcgen><node id="34" label="{Decls}"><node id="33" label="FunDecl" lexeme="f1"><node id="2" label="{Pars}"><node id="1" label="ParDecl" lexeme="i1"><node id="0" label="AtomType" spec="INTEGER"><location begcolumn="11" begline="1" endcolumn="17" endline="1" loc="1.11 - 1.17"/><isType><semtype type="INTEGER"/></isType></node><location begcolumn="8" begline="1" endcolumn="17" endline="1" loc="1.8 - 1.17"/><access offset="8" size="8"/></node><location begcolumn="8" begline="1" endcolumn="17" endline="1" loc="1.8 - 1.17"/></node><node id="3" label="AtomType" spec="INTEGER"><location begcolumn="20" begline="1" endcolumn="26" endline="1" loc="1.20 - 1.26"/><isType><semtype type="INTEGER"/></isType></node><node id="32" label="WhereExpr"><node id="12" label="BinExpr" spec="ADD"><node id="8" label="BinExpr" spec="ADD"><node id="4" label="NameExpr" lexeme="i1"><location begcolumn="30" begline="1" endcolumn="31" endline="1" loc="1.30 - 1.31"/><declaredAt idx="1" location="1.8 - 1.17"/><ofType><semtype type="INTEGER"/></ofType><lvalue/><imcs><imc instruction="MEM"><imc instruction="BINOP(ADD)"><imc instruction="TEMP(2)"/><imc instruction="CONST(8)"/></imc></imc></imcs></node><node id="7" label="CallExpr" lexeme="f1"><node id="6" label="{CallArgs}"><node id="5" label="NameExpr" lexeme="i1"><location begcolumn="36" begline="1" endcolumn="37" endline="1" loc="1.36 - 1.37"/><declaredAt idx="1" location="1.8 - 1.17"/><ofType><semtype type="INTEGER"/></ofType><lvalue/><imcs><imc instruction="MEM"><imc instruction="BINOP(ADD)"><imc instruction="TEMP(2)"/><imc instruction="CONST(8)"/></imc></imc></imcs></node><location begcolumn="36" begline="1" endcolumn="37" endline="1" loc="1.36 - 1.37"/></node><location begcolumn="33" begline="1" endcolumn="38" endline="1" loc="1.33 - 1.38"/><declaredAt idx="33" location="1.1 - 5.5"/><ofType><semtype type="INTEGER"/></ofType><imcs><imc instruction="CALL(_f1)"><imc instruction="MEM"><imc instruction="TEMP(2)"/></imc><imc instruction="MEM"><imc instruction="BINOP(ADD)"><imc instruction="TEMP(2)"/><imc instruction="CONST(8)"/></imc></imc></imc></imcs></node><location begcolumn="30" begline="1" endcolumn="38" endline="1" loc="1.30 - 1.38"/><ofType><semtype type="INTEGER"/></ofType><imcs><imc instruction="BINOP(ADD)"><imc instruction="MEM"><imc instruction="BINOP(ADD)"><imc instruction="TEMP(2)"/><imc instruction="CONST(8)"/></imc></imc><imc instruction="CALL(_f1)"><imc instruction="MEM"><imc instruction="TEMP(2)"/></imc><imc instruction="MEM"><imc instruction="BINOP(ADD)"><imc instruction="TEMP(2)"/><imc instruction="CONST(8)"/></imc></imc></imc></imc></imcs></node><node id="11" label="CallExpr" lexeme="f2"><node id="10" label="{CallArgs}"><node id="9" label="NameExpr" lexeme="i2"><location begcolumn="43" begline="1" endcolumn="44" endline="1" loc="1.43 - 1.44"/><declaredAt idx="14" location="3.8 - 3.21"/><ofType><semtype type="INTEGER"/></ofType><lvalue/><imcs><imc instruction="MEM"><imc instruction="BINOP(ADD)"><imc instruction="TEMP(2)"/><imc instruction="CONST(-8)"/></imc></imc></imcs></node><location begcolumn="43" begline="1" endcolumn="44" endline="1" loc="1.43 - 1.44"/></node><location begcolumn="40" begline="1" endcolumn="45" endline="1" loc="1.40 - 1.45"/><declaredAt idx="30" location="4.4 - 4.51"/><ofType><semtype type="INTEGER"/></ofType><imcs><imc instruction="CALL(L0)"><imc instruction="TEMP(2)"/><imc instruction="MEM"><imc instruction="BINOP(ADD)"><imc instruction="TEMP(2)"/><imc instruction="CONST(-8)"/></imc></imc></imc></imcs></node><location begcolumn="30" begline="1" endcolumn="45" endline="1" loc="1.30 - 1.45"/><ofType><semtype type="INTEGER"/></ofType><imcs><imc instruction="BINOP(ADD)"><imc instruction="BINOP(ADD)"><imc instruction="MEM"><imc instruction="BINOP(ADD)"><imc instruction="TEMP(2)"/><imc instruction="CONST(8)"/></imc></imc><imc instruction="CALL(_f1)"><imc instruction="MEM"><imc instruction="TEMP(2)"/></imc><imc instruction="MEM"><imc instruction="BINOP(ADD)"><imc instruction="TEMP(2)"/><imc instruction="CONST(8)"/></imc></imc></imc></imc><imc instruction="CALL(L0)"><imc instruction="TEMP(2)"/><imc instruction="MEM"><imc instruction="BINOP(ADD)"><imc instruction="TEMP(2)"/><imc instruction="CONST(-8)"/></imc></imc></imc></imc></imcs></node><node id="31" label="{Decls}"><node id="14" label="VarDecl" lexeme="i2"><node id="13" label="AtomType" spec="INTEGER"><location begcolumn="15" begline="3" endcolumn="21" endline="3" loc="3.15 - 3.21"/><isType><semtype type="INTEGER"/></isType></node><location begcolumn="8" begline="3" endcolumn="21" endline="3" loc="3.8 - 3.21"/><access offset="-8" size="8"/></node><node id="30" label="FunDecl" lexeme="f2"><node id="17" label="{Pars}"><node id="16" label="ParDecl" lexeme="i2"><node id="15" label="AtomType" spec="INTEGER"><location begcolumn="14" begline="4" endcolumn="20" endline="4" loc="4.14 - 4.20"/><isType><semtype type="INTEGER"/></isType></node><location begcolumn="11" begline="4" endcolumn="20" endline="4" loc="4.11 - 4.20"/><access depth="1" offset="8" size="8"/></node><location begcolumn="11" begline="4" endcolumn="20" endline="4" loc="4.11 - 4.20"/></node><node id="18" label="AtomType" spec="INTEGER"><location begcolumn="23" begline="4" endcolumn="29" endline="4" loc="4.23 - 4.29"/><isType><semtype type="INTEGER"/></isType></node><node id="29" label="BinExpr" spec="ADD"><node id="25" label="BinExpr" spec="ADD"><node id="21" label="BinExpr" spec="ADD"><node id="19" label="NameExpr" lexeme="i1"><location begcolumn="33" begline="4" endcolumn="34" endline="4" loc="4.33 - 4.34"/><declaredAt idx="1" location="1.8 - 1.17"/><ofType><semtype type="INTEGER"/></ofType><lvalue/></node><node id="20" label="NameExpr" lexeme="i2"><location begcolumn="36" begline="4" endcolumn="37" endline="4" loc="4.36 - 4.37"/><declaredAt idx="16" location="4.11 - 4.20"/><ofType><semtype type="INTEGER"/></ofType><lvalue/></node><location begcolumn="33" begline="4" endcolumn="37" endline="4" loc="4.33 - 4.37"/><ofType><semtype type="INTEGER"/></ofType></node><node id="24" label="CallExpr" lexeme="f1"><node id="23" label="{CallArgs}"><node id="22" label="NameExpr" lexeme="i1"><location begcolumn="42" begline="4" endcolumn="43" endline="4" loc="4.42 - 4.43"/><declaredAt idx="1" location="1.8 - 1.17"/><ofType><semtype type="INTEGER"/></ofType><lvalue/></node><location begcolumn="42" begline="4" endcolumn="43" endline="4" loc="4.42 - 4.43"/></node><location begcolumn="39" begline="4" endcolumn="44" endline="4" loc="4.39 - 4.44"/><declaredAt idx="33" location="1.1 - 5.5"/><ofType><semtype type="INTEGER"/></ofType></node><location begcolumn="33" begline="4" endcolumn="44" endline="4" loc="4.33 - 4.44"/><ofType><semtype type="INTEGER"/></ofType></node><node id="28" label="CallExpr" lexeme="f2"><node id="27" label="{CallArgs}"><node id="26" label="NameExpr" lexeme="i2"><location begcolumn="49" begline="4" endcolumn="50" endline="4" loc="4.49 - 4.50"/><declaredAt idx="16" location="4.11 - 4.20"/><ofType><semtype type="INTEGER"/></ofType><lvalue/></node><location begcolumn="49" begline="4" endcolumn="50" endline="4" loc="4.49 - 4.50"/></node><location begcolumn="46" begline="4" endcolumn="51" endline="4" loc="4.46 - 4.51"/><declaredAt idx="30" location="4.4 - 4.51"/><ofType><semtype type="INTEGER"/></ofType></node><location begcolumn="33" begline="4" endcolumn="51" endline="4" loc="4.33 - 4.51"/><ofType><semtype type="INTEGER"/></ofType></node><location begcolumn="4" begline="4" endcolumn="51" endline="4" loc="4.4 - 4.51"/><frame FP="T0" RV="T1" argssize="16" depth="1" label="L0" locssize="0" size="32"/></node><location begcolumn="8" begline="3" endcolumn="51" endline="4" loc="3.8 - 4.51"/></node><location begcolumn="30" begline="1" endcolumn="5" endline="5" loc="1.30 - 5.5"/><ofType><semtype type="INTEGER"/></ofType><imcs><imc instruction="BINOP(ADD)"><imc instruction="BINOP(ADD)"><imc instruction="MEM"><imc instruction="BINOP(ADD)"><imc instruction="TEMP(2)"/><imc instruction="CONST(8)"/></imc></imc><imc instruction="CALL(_f1)"><imc instruction="MEM"><imc instruction="TEMP(2)"/></imc><imc instruction="MEM"><imc instruction="BINOP(ADD)"><imc instruction="TEMP(2)"/><imc instruction="CONST(8)"/></imc></imc></imc></imc><imc instruction="CALL(L0)"><imc instruction="TEMP(2)"/><imc instruction="MEM"><imc instruction="BINOP(ADD)"><imc instruction="TEMP(2)"/><imc instruction="CONST(-8)"/></imc></imc></imc></imc></imcs></node><location begcolumn="1" begline="1" endcolumn="5" endline="5" loc="1.1 - 5.5"/><frame FP="T2" RV="T3" argssize="16" depth="0" label="_f1" locssize="8" size="40"/></node><location begcolumn="1" begline="1" endcolumn="5" endline="5" loc="1.1 - 5.5"/></node></imcgen>